<?xml version="1.0" encoding="UTF-8"?>
<testsuites name="suite-chrome" time="1789" tests="9" failures="26" errors="2">
   <testsuite name="suite-chrome" tests="9" failures="26" errors="2" time="1789" timestamp="2019-08-13 10:51:37" hostname="sumankompelly - 10.0.126.233" id="Test Suites/suite-chrome">
      <properties>
         <property name="deviceName" value=""/>
         <property name="devicePlatform" value=""/>
         <property name="logFolder" value="/Users/sumankompelly/git/CR-Desktop/Reports/suite-chrome/20190813_105135"/>
         <property name="logFiles" value="/Users/sumankompelly/git/CR-Desktop/Reports/suite-chrome/20190813_105135/execution0.log"/>
         <property name="attachments" value="/Users/sumankompelly/git/CR-Desktop/Reports/suite-chrome/20190813_105135/1565707976644.png, /Users/sumankompelly/git/CR-Desktop/Reports/suite-chrome/20190813_105135/1565708050752.png, /Users/sumankompelly/git/CR-Desktop/Reports/suite-chrome/20190813_105135/1565708103402.png, /Users/sumankompelly/git/CR-Desktop/Reports/suite-chrome/20190813_105135/1565708136225.png, /Users/sumankompelly/git/CR-Desktop/Reports/suite-chrome/20190813_105135/1565708169037.png, /Users/sumankompelly/git/CR-Desktop/Reports/suite-chrome/20190813_105135/1565708201532.png, /Users/sumankompelly/git/CR-Desktop/Reports/suite-chrome/20190813_105135/1565708277701.png, /Users/sumankompelly/git/CR-Desktop/Reports/suite-chrome/20190813_105135/1565708320805.png, /Users/sumankompelly/git/CR-Desktop/Reports/suite-chrome/20190813_105135/1565708409934.png, /Users/sumankompelly/git/CR-Desktop/Reports/suite-chrome/20190813_105135/1565708571006.png, /Users/sumankompelly/git/CR-Desktop/Reports/suite-chrome/20190813_105135/1565708643672.png, /Users/sumankompelly/git/CR-Desktop/Reports/suite-chrome/20190813_105135/1565708692404.png, /Users/sumankompelly/git/CR-Desktop/Reports/suite-chrome/20190813_105135/1565708962919.png, /Users/sumankompelly/git/CR-Desktop/Reports/suite-chrome/20190813_105135/1565708973759.png, /Users/sumankompelly/git/CR-Desktop/Reports/suite-chrome/20190813_105135/1565709008874.png, /Users/sumankompelly/git/CR-Desktop/Reports/suite-chrome/20190813_105135/1565709016674.png, /Users/sumankompelly/git/CR-Desktop/Reports/suite-chrome/20190813_105135/1565709234711.png, /Users/sumankompelly/git/CR-Desktop/Reports/suite-chrome/20190813_105135/1565709286004.png, /Users/sumankompelly/git/CR-Desktop/Reports/suite-chrome/20190813_105135/1565709394766.png, /Users/sumankompelly/git/CR-Desktop/Reports/suite-chrome/20190813_105135/1565709445252.png, /Users/sumankompelly/git/CR-Desktop/Reports/suite-chrome/20190813_105135/1565709464937.png, /Users/sumankompelly/git/CR-Desktop/Reports/suite-chrome/20190813_105135/1565709511163.png, /Users/sumankompelly/git/CR-Desktop/Reports/suite-chrome/20190813_105135/1565709562757.png, /Users/sumankompelly/git/CR-Desktop/Reports/suite-chrome/20190813_105135/1565709641492.png, /Users/sumankompelly/git/CR-Desktop/Reports/suite-chrome/20190813_105135/1565709662495.png, /Users/sumankompelly/git/CR-Desktop/Reports/suite-chrome/20190813_105135/1565709675045.png, /Users/sumankompelly/git/CR-Desktop/Reports/suite-chrome/20190813_105135/1565709686290.png"/>
         <property name="hostName" value="sumankompelly - 10.0.126.233"/>
         <property name="os" value="Mac OS X 64bit"/>
         <property name="katalonVersion" value="5.10.1.1"/>
         <property name="browser" value="Chrome 76.0.3809.100"/>
         <property name="hostAddress" value="10.0.126.233"/>
         <property name="sessionId" value="fd468b01e52a2e20936941ed228f5e35"/>
         <property name="seleniumVersion" value="3.7.1"/>
         <property name="proxyInformation" value="ProxyInformation{proxyOption=NO_PROXY, proxyServerType=HTTP, password=, proxyServerAddress=, proxyServerPort=0}"/>
         <property name="platform" value="Mac OS X"/>
      </properties>
      <testcase name="Test Cases/CRITICAL PATH - SPANISH/Increase quantity - cart page" classname="Test Cases/CRITICAL PATH - SPANISH/Increase quantity - cart page" status="FAILED">
         <failure type="FAILED" message="Test Cases/CRITICAL PATH - SPANISH/Increase quantity - cart page FAILED.
Reason:
com.kms.katalon.core.exception.StepFailedException: Unable to verify text 'payment' is present  (Root cause: com.kms.katalon.core.exception.StepFailedException: Text 'payment' is not present on page )
	at com.kms.katalon.core.keyword.internal.KeywordMain.stepFailed(KeywordMain.groovy:36)
	at com.kms.katalon.core.webui.keyword.internal.WebUIKeywordMain.stepFailed(WebUIKeywordMain.groovy:65)
	at com.kms.katalon.core.webui.keyword.internal.WebUIKeywordMain.runKeyword(WebUIKeywordMain.groovy:27)
	at com.kms.katalon.core.webui.keyword.builtin.VerifyTextPresentKeyword.verifyTextPresent(VerifyTextPresentKeyword.groovy:83)
	at com.kms.katalon.core.webui.keyword.builtin.VerifyTextPresentKeyword.execute(VerifyTextPresentKeyword.groovy:68)
	at com.kms.katalon.core.keyword.internal.KeywordExecutor.executeKeywordForPlatform(KeywordExecutor.groovy:53)
	at com.kms.katalon.core.webui.keyword.WebUiBuiltInKeywords.verifyTextPresent(WebUiBuiltInKeywords.groovy:1693)
	at com.kms.katalon.core.webui.keyword.WebUiBuiltInKeywords$verifyTextPresent$7.call(Unknown Source)
	at CALL- SHIPPING TO PAYMENT.run(CALL- SHIPPING TO PAYMENT:24)
	at com.kms.katalon.core.main.ScriptEngine.run(ScriptEngine.java:194)
	at com.kms.katalon.core.main.ScriptEngine.runScriptAsRawText(ScriptEngine.java:119)
	at com.kms.katalon.core.main.TestCaseExecutor.runScript(TestCaseExecutor.java:328)
	at com.kms.katalon.core.main.TestCaseExecutor.doExecute(TestCaseExecutor.java:319)
	at com.kms.katalon.core.main.TestCaseExecutor.processExecutionPhase(TestCaseExecutor.java:298)
	at com.kms.katalon.core.main.TestCaseExecutor.accessMainPhase(TestCaseExecutor.java:290)
	at com.kms.katalon.core.main.TestCaseExecutor.execute(TestCaseExecutor.java:224)
	at com.kms.katalon.core.main.TestCaseMain.runTestCase(TestCaseMain.java:106)
	at com.kms.katalon.core.keyword.builtin.CallTestCaseKeyword$_callTestCase_closure1.doCall(CallTestCaseKeyword.groovy:59)
	at com.kms.katalon.core.keyword.builtin.CallTestCaseKeyword$_callTestCase_closure1.call(CallTestCaseKeyword.groovy)
	at com.kms.katalon.core.keyword.internal.KeywordMain.runKeyword(KeywordMain.groovy:54)
	at com.kms.katalon.core.keyword.builtin.CallTestCaseKeyword.callTestCase(CallTestCaseKeyword.groovy:80)
	at com.kms.katalon.core.keyword.builtin.CallTestCaseKeyword.execute(CallTestCaseKeyword.groovy:44)
	at com.kms.katalon.core.keyword.internal.KeywordExecutor.executeKeywordForPlatform(KeywordExecutor.groovy:53)
	at com.kms.katalon.core.keyword.BuiltinKeywords.callTestCase(BuiltinKeywords.groovy:334)
	at Increase quantity - cart page.run(Increase quantity - cart page:139)
	at com.kms.katalon.core.main.ScriptEngine.run(ScriptEngine.java:194)
	at com.kms.katalon.core.main.ScriptEngine.runScriptAsRawText(ScriptEngine.java:119)
	at com.kms.katalon.core.main.TestCaseExecutor.runScript(TestCaseExecutor.java:328)
	at com.kms.katalon.core.main.TestCaseExecutor.doExecute(TestCaseExecutor.java:319)
	at com.kms.katalon.core.main.TestCaseExecutor.processExecutionPhase(TestCaseExecutor.java:298)
	at com.kms.katalon.core.main.TestCaseExecutor.accessMainPhase(TestCaseExecutor.java:290)
	at com.kms.katalon.core.main.TestCaseExecutor.execute(TestCaseExecutor.java:224)
	at com.kms.katalon.core.main.TestSuiteExecutor.accessTestCaseMainPhase(TestSuiteExecutor.java:129)
	at com.kms.katalon.core.main.TestSuiteExecutor.accessTestSuiteMainPhase(TestSuiteExecutor.java:112)
	at com.kms.katalon.core.main.TestSuiteExecutor.execute(TestSuiteExecutor.java:81)
	at com.kms.katalon.core.main.TestCaseMain.startTestSuite(TestCaseMain.java:149)
	at com.kms.katalon.core.main.TestCaseMain$startTestSuite$0.call(Unknown Source)
	at TempTestSuite1565707895630.run(TempTestSuite1565707895630.groovy:36)
"/>
         <system-out><![CDATA[2019-08-13 10:51:37 - [TEST_CASE][FAILED] - Test Cases/CRITICAL PATH - SPANISH/Increase quantity - cart page: Test Cases/CRITICAL PATH - SPANISH/Increase quantity - cart page FAILED.
Reason:
com.kms.katalon.core.exception.StepFailedException: Unable to verify text 'payment' is present  (Root cause: com.kms.katalon.core.exception.StepFailedException: Text 'payment' is not present on page )
	at com.kms.katalon.core.keyword.internal.KeywordMain.stepFailed(KeywordMain.groovy:36)
	at com.kms.katalon.core.webui.keyword.internal.WebUIKeywordMain.stepFailed(WebUIKeywordMain.groovy:65)
	at com.kms.katalon.core.webui.keyword.internal.WebUIKeywordMain.runKeyword(WebUIKeywordMain.groovy:27)
	at com.kms.katalon.core.webui.keyword.builtin.VerifyTextPresentKeyword.verifyTextPresent(VerifyTextPresentKeyword.groovy:83)
	at com.kms.katalon.core.webui.keyword.builtin.VerifyTextPresentKeyword.execute(VerifyTextPresentKeyword.groovy:68)
	at com.kms.katalon.core.keyword.internal.KeywordExecutor.executeKeywordForPlatform(KeywordExecutor.groovy:53)
	at com.kms.katalon.core.webui.keyword.WebUiBuiltInKeywords.verifyTextPresent(WebUiBuiltInKeywords.groovy:1693)
	at com.kms.katalon.core.webui.keyword.WebUiBuiltInKeywords$verifyTextPresent$7.call(Unknown Source)
	at CALL- SHIPPING TO PAYMENT.run(CALL- SHIPPING TO PAYMENT:24)
	at com.kms.katalon.core.main.ScriptEngine.run(ScriptEngine.java:194)
	at com.kms.katalon.core.main.ScriptEngine.runScriptAsRawText(ScriptEngine.java:119)
	at com.kms.katalon.core.main.TestCaseExecutor.runScript(TestCaseExecutor.java:328)
	at com.kms.katalon.core.main.TestCaseExecutor.doExecute(TestCaseExecutor.java:319)
	at com.kms.katalon.core.main.TestCaseExecutor.processExecutionPhase(TestCaseExecutor.java:298)
	at com.kms.katalon.core.main.TestCaseExecutor.accessMainPhase(TestCaseExecutor.java:290)
	at com.kms.katalon.core.main.TestCaseExecutor.execute(TestCaseExecutor.java:224)
	at com.kms.katalon.core.main.TestCaseMain.runTestCase(TestCaseMain.java:106)
	at com.kms.katalon.core.keyword.builtin.CallTestCaseKeyword$_callTestCase_closure1.doCall(CallTestCaseKeyword.groovy:59)
	at com.kms.katalon.core.keyword.builtin.CallTestCaseKeyword$_callTestCase_closure1.call(CallTestCaseKeyword.groovy)
	at com.kms.katalon.core.keyword.internal.KeywordMain.runKeyword(KeywordMain.groovy:54)
	at com.kms.katalon.core.keyword.builtin.CallTestCaseKeyword.callTestCase(CallTestCaseKeyword.groovy:80)
	at com.kms.katalon.core.keyword.builtin.CallTestCaseKeyword.execute(CallTestCaseKeyword.groovy:44)
	at com.kms.katalon.core.keyword.internal.KeywordExecutor.executeKeywordForPlatform(KeywordExecutor.groovy:53)
	at com.kms.katalon.core.keyword.BuiltinKeywords.callTestCase(BuiltinKeywords.groovy:334)
	at Increase quantity - cart page.run(Increase quantity - cart page:139)
	at com.kms.katalon.core.main.ScriptEngine.run(ScriptEngine.java:194)
	at com.kms.katalon.core.main.ScriptEngine.runScriptAsRawText(ScriptEngine.java:119)
	at com.kms.katalon.core.main.TestCaseExecutor.runScript(TestCaseExecutor.java:328)
	at com.kms.katalon.core.main.TestCaseExecutor.doExecute(TestCaseExecutor.java:319)
	at com.kms.katalon.core.main.TestCaseExecutor.processExecutionPhase(TestCaseExecutor.java:298)
	at com.kms.katalon.core.main.TestCaseExecutor.accessMainPhase(TestCaseExecutor.java:290)
	at com.kms.katalon.core.main.TestCaseExecutor.execute(TestCaseExecutor.java:224)
	at com.kms.katalon.core.main.TestSuiteExecutor.accessTestCaseMainPhase(TestSuiteExecutor.java:129)
	at com.kms.katalon.core.main.TestSuiteExecutor.accessTestSuiteMainPhase(TestSuiteExecutor.java:112)
	at com.kms.katalon.core.main.TestSuiteExecutor.execute(TestSuiteExecutor.java:81)
	at com.kms.katalon.core.main.TestCaseMain.startTestSuite(TestCaseMain.java:149)
	at com.kms.katalon.core.main.TestCaseMain$startTestSuite$0.call(Unknown Source)
	at TempTestSuite1565707895630.run(TempTestSuite1565707895630.groovy:36)


2019-08-13 10:51:37 - [TEST_STEP][PASSED] - callTestCase(findTestCase("CALL - LANGUAGE TOGGLER"), [:], STOP_ON_FAILURE): Call Test Case 'Test Cases/CALL - LANGUAGE TOGGLER' successfully

2019-08-13 10:51:38 - [TEST_CASE][PASSED] - Test Cases/CALL - LANGUAGE TOGGLER: Test Cases/CALL - LANGUAGE TOGGLER

2019-08-13 10:51:38 - [TEST_STEP][PASSED] - callTestCase(findTestCase("CALL-URL"), [:], STOP_ON_FAILURE): Call Test Case 'Test Cases/CALL-URL' successfully

2019-08-13 10:51:38 - [TEST_CASE][PASSED] - Test Cases/CALL-URL: Test Cases/CALL-URL

2019-08-13 10:51:38 - [TEST_STEP][PASSED] - openBrowser(""): Browser is opened with url: ''

2019-08-13 10:51:38 - [MESSAGE][INFO] - Starting 'Chrome' driver

2019-08-13 10:51:38 - [MESSAGE][INFO] - Action delay is set to 0 seconds

2019-08-13 10:51:40 - [MESSAGE][PASSED] - Browser is opened with url: ''

2019-08-13 10:51:40 - [TEST_STEP][PASSED] - navigateToUrl("https://charlotterusse.com/"): Navigate to 'https://charlotterusse.com/' successfully

2019-08-13 10:51:42 - [MESSAGE][PASSED] - Navigate to 'https://charlotterusse.com/' successfully

2019-08-13 10:51:42 - [TEST_STEP][PASSED] - click(findTestObject("CR-DESKTOP/Window pop up/language- english")): Object: 'Object Repository/CR-DESKTOP/Window pop up/language- english' is clicked on

2019-08-13 10:51:43 - [MESSAGE][PASSED] - Object: 'Object Repository/CR-DESKTOP/Window pop up/language- english' is clicked on

2019-08-13 10:51:43 - [TEST_STEP][PASSED] - click(findTestObject("CR-DESKTOP/Window pop up/Pop up - close")): Object: 'Object Repository/CR-DESKTOP/Window pop up/Pop up - close' is clicked on

2019-08-13 10:51:43 - [MESSAGE][PASSED] - Object: 'Object Repository/CR-DESKTOP/Window pop up/Pop up - close' is clicked on

2019-08-13 10:51:43 - [TEST_STEP][PASSED] - maximizeWindow(): Current window maximized

2019-08-13 10:51:43 - [MESSAGE][PASSED] - Current window maximized

2019-08-13 10:51:43 - [MESSAGE][PASSED] - Call Test Case 'Test Cases/CALL-URL' successfully

2019-08-13 10:51:43 - [TEST_STEP][PASSED] - delay(2): Delayed 2 second(s)

2019-08-13 10:51:45 - [MESSAGE][PASSED] - Delayed 2 second(s)

2019-08-13 10:51:45 - [TEST_STEP][PASSED] - click(findTestObject("CR-DESKTOP/Home page/Spanish")): Object: 'Object Repository/CR-DESKTOP/Home page/Spanish' is clicked on

2019-08-13 10:51:45 - [MESSAGE][PASSED] - Object: 'Object Repository/CR-DESKTOP/Home page/Spanish' is clicked on

2019-08-13 10:51:45 - [MESSAGE][PASSED] - Call Test Case 'Test Cases/CALL - LANGUAGE TOGGLER' successfully

2019-08-13 10:51:45 - [TEST_STEP][PASSED] - delay(2): Delayed 2 second(s)

2019-08-13 10:51:47 - [MESSAGE][PASSED] - Delayed 2 second(s)

2019-08-13 10:51:47 - [TEST_STEP][PASSED] - mouseOver(findTestObject("CR-DESKTOP - SPANISH/Mega menu/SHOES")): Object: 'Object Repository/CR-DESKTOP - SPANISH/Mega menu/SHOES' is hovered

2019-08-13 10:51:47 - [MESSAGE][PASSED] - Object: 'Object Repository/CR-DESKTOP - SPANISH/Mega menu/SHOES' is hovered

2019-08-13 10:51:47 - [TEST_STEP][PASSED] - delay(2): Delayed 2 second(s)

2019-08-13 10:51:49 - [MESSAGE][PASSED] - Delayed 2 second(s)

2019-08-13 10:51:49 - [TEST_STEP][PASSED] - click(findTestObject("CR-DESKTOP - SPANISH/Mega menu/shoes - tenis")): Object: 'Object Repository/CR-DESKTOP - SPANISH/Mega menu/shoes - tenis' is clicked on

2019-08-13 10:51:51 - [MESSAGE][PASSED] - Object: 'Object Repository/CR-DESKTOP - SPANISH/Mega menu/shoes - tenis' is clicked on

2019-08-13 10:51:51 - [TEST_STEP][PASSED] - delay(2): Delayed 2 second(s)

2019-08-13 10:51:53 - [MESSAGE][PASSED] - Delayed 2 second(s)

2019-08-13 10:51:53 - [TEST_STEP][PASSED] - click(findTestObject("CR-DESKTOP/Collection page/product 3")): Object: 'Object Repository/CR-DESKTOP/Collection page/product 3' is clicked on

2019-08-13 10:51:55 - [MESSAGE][PASSED] - Object: 'Object Repository/CR-DESKTOP/Collection page/product 3' is clicked on

2019-08-13 10:51:55 - [TEST_STEP][PASSED] - delay(2): Delayed 2 second(s)

2019-08-13 10:51:57 - [MESSAGE][PASSED] - Delayed 2 second(s)

2019-08-13 10:51:57 - [TEST_STEP][PASSED] - click(findTestObject("CR-DESKTOP - SPANISH/product page/verde neon")): Object: 'Object Repository/CR-DESKTOP - SPANISH/product page/verde neon' is clicked on

2019-08-13 10:51:57 - [MESSAGE][PASSED] - Object: 'Object Repository/CR-DESKTOP - SPANISH/product page/verde neon' is clicked on

2019-08-13 10:51:57 - [TEST_STEP][PASSED] - delay(2): Delayed 2 second(s)

2019-08-13 10:51:59 - [MESSAGE][PASSED] - Delayed 2 second(s)

2019-08-13 10:51:59 - [TEST_STEP][PASSED] - click(findTestObject("CR-DESKTOP/product page/Size -6")): Object: 'Object Repository/CR-DESKTOP/product page/Size -6' is clicked on

2019-08-13 10:51:59 - [MESSAGE][PASSED] - Object: 'Object Repository/CR-DESKTOP/product page/Size -6' is clicked on

2019-08-13 10:51:59 - [TEST_STEP][PASSED] - delay(2): Delayed 2 second(s)

2019-08-13 10:52:01 - [MESSAGE][PASSED] - Delayed 2 second(s)

2019-08-13 10:52:01 - [TEST_STEP][PASSED] - click(findTestObject("CR-DESKTOP - SPANISH/product page/Add to bag")): Object: 'Object Repository/CR-DESKTOP - SPANISH/product page/Add to bag' is clicked on

2019-08-13 10:52:01 - [MESSAGE][PASSED] - Object: 'Object Repository/CR-DESKTOP - SPANISH/product page/Add to bag' is clicked on

2019-08-13 10:52:01 - [TEST_STEP][PASSED] - delay(2): Delayed 2 second(s)

2019-08-13 10:52:03 - [MESSAGE][PASSED] - Delayed 2 second(s)

2019-08-13 10:52:03 - [TEST_STEP][PASSED] - click(findTestObject("CR-DESKTOP/Cart flyout/Checkout")): Object: 'Object Repository/CR-DESKTOP/Cart flyout/Checkout' is clicked on

2019-08-13 10:52:06 - [MESSAGE][PASSED] - Object: 'Object Repository/CR-DESKTOP/Cart flyout/Checkout' is clicked on

2019-08-13 10:52:06 - [TEST_STEP][PASSED] - delay(3): Delayed 3 second(s)

2019-08-13 10:52:09 - [MESSAGE][PASSED] - Delayed 3 second(s)

2019-08-13 10:52:09 - [TEST_STEP][PASSED] - click(findTestObject("CR-DESKTOP - SPANISH/Customer info page/cart page link")): Object: 'Object Repository/CR-DESKTOP - SPANISH/Customer info page/cart page link' is clicked on

2019-08-13 10:52:11 - [MESSAGE][PASSED] - Object: 'Object Repository/CR-DESKTOP - SPANISH/Customer info page/cart page link' is clicked on

2019-08-13 10:52:11 - [TEST_STEP][PASSED] - delay(2): Delayed 2 second(s)

2019-08-13 10:52:13 - [MESSAGE][PASSED] - Delayed 2 second(s)

2019-08-13 10:52:13 - [TEST_STEP][PASSED] - a = getText(findTestObject("CR-DESKTOP/Cart page/Get price - subtotal- cart page")): Text of object 'Object Repository/CR-DESKTOP/Cart page/Get price - subtotal- cart page' is: '$20.00'

2019-08-13 10:52:13 - [MESSAGE][PASSED] - Text of object 'Object Repository/CR-DESKTOP/Cart page/Get price - subtotal- cart page' is: '$20.00'

2019-08-13 10:52:13 - [TEST_STEP][PASSED] - delay(2): Delayed 2 second(s)

2019-08-13 10:52:15 - [MESSAGE][PASSED] - Delayed 2 second(s)

2019-08-13 10:52:15 - [TEST_STEP][PASSED] - comment("a=" + a): a=$20.00

2019-08-13 10:52:15 - [MESSAGE][INFO] - a=$20.00

2019-08-13 10:52:15 - [TEST_STEP][PASSED] - a1 = a.substring(1): null

2019-08-13 10:52:15 - [TEST_STEP][PASSED] - comment("a1=" + a1): a1=20.00

2019-08-13 10:52:15 - [MESSAGE][INFO] - a1=20.00

2019-08-13 10:52:15 - [TEST_STEP][PASSED] - delay(2): Delayed 2 second(s)

2019-08-13 10:52:17 - [MESSAGE][PASSED] - Delayed 2 second(s)

2019-08-13 10:52:17 - [TEST_STEP][PASSED] - setText(findTestObject("CR-DESKTOP - SPANISH/Cart page/input update qunatity"), "4"): Text '4' is set on object 'Object Repository/CR-DESKTOP - SPANISH/Cart page/input update qunatity'

2019-08-13 10:52:17 - [MESSAGE][PASSED] - Text '4' is set on object 'Object Repository/CR-DESKTOP - SPANISH/Cart page/input update qunatity'

2019-08-13 10:52:17 - [TEST_STEP][PASSED] - delay(2): Delayed 2 second(s)

2019-08-13 10:52:19 - [MESSAGE][PASSED] - Delayed 2 second(s)

2019-08-13 10:52:19 - [TEST_STEP][PASSED] - click(findTestObject("CR-DESKTOP/Cart page/td_Quantity")): Object: 'Object Repository/CR-DESKTOP/Cart page/td_Quantity' is clicked on

2019-08-13 10:52:19 - [MESSAGE][PASSED] - Object: 'Object Repository/CR-DESKTOP/Cart page/td_Quantity' is clicked on

2019-08-13 10:52:19 - [TEST_STEP][PASSED] - delay(2): Delayed 2 second(s)

2019-08-13 10:52:21 - [MESSAGE][PASSED] - Delayed 2 second(s)

2019-08-13 10:52:21 - [TEST_STEP][PASSED] - setText(findTestObject("CR-DESKTOP - SPANISH/Cart page/input update qunatity"), "6"): Text '6' is set on object 'Object Repository/CR-DESKTOP - SPANISH/Cart page/input update qunatity'

2019-08-13 10:52:21 - [MESSAGE][PASSED] - Text '6' is set on object 'Object Repository/CR-DESKTOP - SPANISH/Cart page/input update qunatity'

2019-08-13 10:52:21 - [TEST_STEP][PASSED] - delay(2): Delayed 2 second(s)

2019-08-13 10:52:23 - [MESSAGE][PASSED] - Delayed 2 second(s)

2019-08-13 10:52:23 - [TEST_STEP][PASSED] - click(findTestObject("CR-DESKTOP/Cart page/td_Quantity")): Object: 'Object Repository/CR-DESKTOP/Cart page/td_Quantity' is clicked on

2019-08-13 10:52:23 - [MESSAGE][PASSED] - Object: 'Object Repository/CR-DESKTOP/Cart page/td_Quantity' is clicked on

2019-08-13 10:52:23 - [TEST_STEP][PASSED] - delay(2): Delayed 2 second(s)

2019-08-13 10:52:25 - [MESSAGE][PASSED] - Delayed 2 second(s)

2019-08-13 10:52:25 - [TEST_STEP][PASSED] - click(findTestObject("CR-DESKTOP/Cart page/Update cart")): Object: 'Object Repository/CR-DESKTOP/Cart page/Update cart' is clicked on

2019-08-13 10:52:27 - [MESSAGE][PASSED] - Object: 'Object Repository/CR-DESKTOP/Cart page/Update cart' is clicked on

2019-08-13 10:52:27 - [TEST_STEP][PASSED] - delay(2): Delayed 2 second(s)

2019-08-13 10:52:29 - [MESSAGE][PASSED] - Delayed 2 second(s)

2019-08-13 10:52:29 - [TEST_STEP][PASSED] - b = getText(findTestObject("CR-DESKTOP - SPANISH/Cart page/Get price - subtotal- cart page")): Text of object 'Object Repository/CR-DESKTOP - SPANISH/Cart page/Get price - subtotal- cart page' is: '$219.95'

2019-08-13 10:52:29 - [MESSAGE][PASSED] - Text of object 'Object Repository/CR-DESKTOP - SPANISH/Cart page/Get price - subtotal- cart page' is: '$219.95'

2019-08-13 10:52:29 - [TEST_STEP][PASSED] - delay(2): Delayed 2 second(s)

2019-08-13 10:52:31 - [MESSAGE][PASSED] - Delayed 2 second(s)

2019-08-13 10:52:31 - [TEST_STEP][PASSED] - comment("b=" + b): b=$219.95

2019-08-13 10:52:31 - [MESSAGE][INFO] - b=$219.95

2019-08-13 10:52:31 - [TEST_STEP][PASSED] - b1 = b.substring(1): null

2019-08-13 10:52:31 - [TEST_STEP][PASSED] - comment("b1=" + b1): b1=219.95

2019-08-13 10:52:31 - [MESSAGE][INFO] - b1=219.95

2019-08-13 10:52:31 - [TEST_STEP][PASSED] - delay(2): Delayed 2 second(s)

2019-08-13 10:52:33 - [MESSAGE][PASSED] - Delayed 2 second(s)

2019-08-13 10:52:33 - [TEST_STEP][PASSED] - delay(2): Delayed 2 second(s)

2019-08-13 10:52:35 - [MESSAGE][PASSED] - Delayed 2 second(s)

2019-08-13 10:52:35 - [TEST_STEP][PASSED] - p1 = <not implemented yet for class: org.codehaus.groovy.ast.expr.EmptyExpression>: null

2019-08-13 10:52:35 - [TEST_STEP][PASSED] - p2 = <not implemented yet for class: org.codehaus.groovy.ast.expr.EmptyExpression>: null

2019-08-13 10:52:35 - [TEST_STEP][PASSED] - try: p1=20.0

2019-08-13 10:52:35 - [TEST_STEP][PASSED] - str = a1: null

2019-08-13 10:52:35 - [TEST_STEP][PASSED] - comment("str=" + str): str=20.00

2019-08-13 10:52:35 - [MESSAGE][INFO] - str=20.00

2019-08-13 10:52:35 - [TEST_STEP][PASSED] - p1 = Double.valueOf(str): null

2019-08-13 10:52:35 - [TEST_STEP][PASSED] - comment("p1=" + p1): p1=20.0

2019-08-13 10:52:35 - [MESSAGE][INFO] - p1=20.0

2019-08-13 10:52:35 - [TEST_STEP][PASSED] - try: p2=219.95

2019-08-13 10:52:35 - [TEST_STEP][PASSED] - str5 = b1: null

2019-08-13 10:52:35 - [TEST_STEP][PASSED] - comment("str5=" + str5): str5=219.95

2019-08-13 10:52:35 - [MESSAGE][INFO] - str5=219.95

2019-08-13 10:52:35 - [TEST_STEP][PASSED] - p2 = Double.valueOf(str5): null

2019-08-13 10:52:35 - [TEST_STEP][PASSED] - comment("p2=" + p2): p2=219.95

2019-08-13 10:52:35 - [MESSAGE][INFO] - p2=219.95

2019-08-13 10:52:35 - [TEST_STEP][PASSED] - flag = verifyNotEqual(p1, p2): Actual object '20' and expected object '219.95' are not equal

2019-08-13 10:52:35 - [MESSAGE][PASSED] - Actual object '20' and expected object '219.95' are not equal

2019-08-13 10:52:35 - [TEST_STEP][PASSED] - if (flag == true): Quantity selector working

2019-08-13 10:52:35 - [TEST_STEP][PASSED] - comment("Quantity selector working"): Quantity selector working

2019-08-13 10:52:35 - [MESSAGE][INFO] - Quantity selector working

2019-08-13 10:52:35 - [TEST_STEP][PASSED] - click(findTestObject("CR-DESKTOP/Cart page/Check out - cart page")): Object: 'Object Repository/CR-DESKTOP/Cart page/Check out - cart page' is clicked on

2019-08-13 10:52:38 - [MESSAGE][PASSED] - Object: 'Object Repository/CR-DESKTOP/Cart page/Check out - cart page' is clicked on

2019-08-13 10:52:38 - [TEST_STEP][PASSED] - callTestCase(findTestCase("CALL - CUTOMER INFO PAGE"), [:], STOP_ON_FAILURE): Call Test Case 'Test Cases/CALL - CUTOMER INFO PAGE' successfully

2019-08-13 10:52:38 - [TEST_CASE][PASSED] - Test Cases/CALL - CUTOMER INFO PAGE: Test Cases/CALL - CUTOMER INFO PAGE

2019-08-13 10:52:38 - [TEST_STEP][PASSED] - setText(findTestObject("CR-DESKTOP/Customer info page/Email"), "suman@gmail.com"): Text 'suman@gmail.com' is set on object 'Object Repository/CR-DESKTOP/Customer info page/Email'

2019-08-13 10:52:39 - [MESSAGE][PASSED] - Text 'suman@gmail.com' is set on object 'Object Repository/CR-DESKTOP/Customer info page/Email'

2019-08-13 10:52:39 - [TEST_STEP][PASSED] - delay(1): Delayed 1 second(s)

2019-08-13 10:52:40 - [MESSAGE][PASSED] - Delayed 1 second(s)

2019-08-13 10:52:40 - [TEST_STEP][PASSED] - setText(findTestObject("CR-DESKTOP/Customer info page/First name"), "suman"): Text 'suman' is set on object 'Object Repository/CR-DESKTOP/Customer info page/First name'

2019-08-13 10:52:40 - [MESSAGE][PASSED] - Text 'suman' is set on object 'Object Repository/CR-DESKTOP/Customer info page/First name'

2019-08-13 10:52:40 - [TEST_STEP][PASSED] - delay(1): Delayed 1 second(s)

2019-08-13 10:52:41 - [MESSAGE][PASSED] - Delayed 1 second(s)

2019-08-13 10:52:41 - [TEST_STEP][PASSED] - setText(findTestObject("CR-DESKTOP/Customer info page/Last name"), "kompelly"): Text 'kompelly' is set on object 'Object Repository/CR-DESKTOP/Customer info page/Last name'

2019-08-13 10:52:41 - [MESSAGE][PASSED] - Text 'kompelly' is set on object 'Object Repository/CR-DESKTOP/Customer info page/Last name'

2019-08-13 10:52:41 - [TEST_STEP][PASSED] - delay(1): Delayed 1 second(s)

2019-08-13 10:52:42 - [MESSAGE][PASSED] - Delayed 1 second(s)

2019-08-13 10:52:42 - [TEST_STEP][PASSED] - setText(findTestObject("CR-DESKTOP/Customer info page/Address"), "123 saint alxendre"): Text '123 saint alxendre' is set on object 'Object Repository/CR-DESKTOP/Customer info page/Address'

2019-08-13 10:52:42 - [MESSAGE][PASSED] - Text '123 saint alxendre' is set on object 'Object Repository/CR-DESKTOP/Customer info page/Address'

2019-08-13 10:52:42 - [TEST_STEP][PASSED] - delay(1): Delayed 1 second(s)

2019-08-13 10:52:43 - [MESSAGE][PASSED] - Delayed 1 second(s)

2019-08-13 10:52:43 - [TEST_STEP][PASSED] - setText(findTestObject("CR-DESKTOP/Customer info page/apt suite"), "199"): Text '199' is set on object 'Object Repository/CR-DESKTOP/Customer info page/apt suite'

2019-08-13 10:52:43 - [MESSAGE][PASSED] - Text '199' is set on object 'Object Repository/CR-DESKTOP/Customer info page/apt suite'

2019-08-13 10:52:43 - [TEST_STEP][PASSED] - delay(1): Delayed 1 second(s)

2019-08-13 10:52:44 - [MESSAGE][PASSED] - Delayed 1 second(s)

2019-08-13 10:52:44 - [TEST_STEP][PASSED] - setText(findTestObject("CR-DESKTOP/Customer info page/City"), "montreal"): Text 'montreal' is set on object 'Object Repository/CR-DESKTOP/Customer info page/City'

2019-08-13 10:52:44 - [MESSAGE][PASSED] - Text 'montreal' is set on object 'Object Repository/CR-DESKTOP/Customer info page/City'

2019-08-13 10:52:44 - [TEST_STEP][PASSED] - delay(1): Delayed 1 second(s)

2019-08-13 10:52:45 - [MESSAGE][PASSED] - Delayed 1 second(s)

2019-08-13 10:52:45 - [TEST_STEP][PASSED] - selectOptionByValue(findTestObject("CR-DESKTOP/Customer info page/state dropdown"), "NJ", true): All options with value 'NJ' are selected in object 'Object Repository/CR-DESKTOP/Customer info page/state dropdown'  using regular expression

2019-08-13 10:52:46 - [MESSAGE][PASSED] - All options with value 'NJ' are selected in object 'Object Repository/CR-DESKTOP/Customer info page/state dropdown'  using regular expression

2019-08-13 10:52:46 - [TEST_STEP][PASSED] - delay(1): Delayed 1 second(s)

2019-08-13 10:52:47 - [MESSAGE][PASSED] - Delayed 1 second(s)

2019-08-13 10:52:47 - [TEST_STEP][PASSED] - setText(findTestObject("CR-DESKTOP/Customer info page/Zip code"), "07057"): Text '07057' is set on object 'Object Repository/CR-DESKTOP/Customer info page/Zip code'

2019-08-13 10:52:47 - [MESSAGE][PASSED] - Text '07057' is set on object 'Object Repository/CR-DESKTOP/Customer info page/Zip code'

2019-08-13 10:52:47 - [MESSAGE][PASSED] - Call Test Case 'Test Cases/CALL - CUTOMER INFO PAGE' successfully

2019-08-13 10:52:47 - [TEST_STEP][FAILED] - callTestCase(findTestCase("CALL- SHIPPING TO PAYMENT"), [:], STOP_ON_FAILURE): callTestCase(findTestCase("CALL- SHIPPING TO PAYMENT"), [:], STOP_ON_FAILURE) FAILED.
Reason:
com.kms.katalon.core.exception.StepFailedException: Unable to verify text 'payment' is present  (Root cause: com.kms.katalon.core.exception.StepFailedException: Text 'payment' is not present on page )
	at com.kms.katalon.core.keyword.internal.KeywordMain.stepFailed(KeywordMain.groovy:36)
	at com.kms.katalon.core.webui.keyword.internal.WebUIKeywordMain.stepFailed(WebUIKeywordMain.groovy:65)
	at com.kms.katalon.core.webui.keyword.internal.WebUIKeywordMain.runKeyword(WebUIKeywordMain.groovy:27)
	at com.kms.katalon.core.webui.keyword.builtin.VerifyTextPresentKeyword.verifyTextPresent(VerifyTextPresentKeyword.groovy:83)
	at com.kms.katalon.core.webui.keyword.builtin.VerifyTextPresentKeyword.execute(VerifyTextPresentKeyword.groovy:68)
	at com.kms.katalon.core.keyword.internal.KeywordExecutor.executeKeywordForPlatform(KeywordExecutor.groovy:53)
	at com.kms.katalon.core.webui.keyword.WebUiBuiltInKeywords.verifyTextPresent(WebUiBuiltInKeywords.groovy:1693)
	at com.kms.katalon.core.webui.keyword.WebUiBuiltInKeywords$verifyTextPresent$7.call(Unknown Source)
	at CALL- SHIPPING TO PAYMENT.run(CALL- SHIPPING TO PAYMENT:24)
	at com.kms.katalon.core.main.ScriptEngine.run(ScriptEngine.java:194)
	at com.kms.katalon.core.main.ScriptEngine.runScriptAsRawText(ScriptEngine.java:119)
	at com.kms.katalon.core.main.TestCaseExecutor.runScript(TestCaseExecutor.java:328)
	at com.kms.katalon.core.main.TestCaseExecutor.doExecute(TestCaseExecutor.java:319)
	at com.kms.katalon.core.main.TestCaseExecutor.processExecutionPhase(TestCaseExecutor.java:298)
	at com.kms.katalon.core.main.TestCaseExecutor.accessMainPhase(TestCaseExecutor.java:290)
	at com.kms.katalon.core.main.TestCaseExecutor.execute(TestCaseExecutor.java:224)
	at com.kms.katalon.core.main.TestCaseMain.runTestCase(TestCaseMain.java:106)
	at com.kms.katalon.core.keyword.builtin.CallTestCaseKeyword$_callTestCase_closure1.doCall(CallTestCaseKeyword.groovy:59)
	at com.kms.katalon.core.keyword.builtin.CallTestCaseKeyword$_callTestCase_closure1.call(CallTestCaseKeyword.groovy)
	at com.kms.katalon.core.keyword.internal.KeywordMain.runKeyword(KeywordMain.groovy:54)
	at com.kms.katalon.core.keyword.builtin.CallTestCaseKeyword.callTestCase(CallTestCaseKeyword.groovy:80)
	at com.kms.katalon.core.keyword.builtin.CallTestCaseKeyword.execute(CallTestCaseKeyword.groovy:44)
	at com.kms.katalon.core.keyword.internal.KeywordExecutor.executeKeywordForPlatform(KeywordExecutor.groovy:53)
	at com.kms.katalon.core.keyword.BuiltinKeywords.callTestCase(BuiltinKeywords.groovy:334)
	at Increase quantity - cart page.run(Increase quantity - cart page:139)
	at com.kms.katalon.core.main.ScriptEngine.run(ScriptEngine.java:194)
	at com.kms.katalon.core.main.ScriptEngine.runScriptAsRawText(ScriptEngine.java:119)
	at com.kms.katalon.core.main.TestCaseExecutor.runScript(TestCaseExecutor.java:328)
	at com.kms.katalon.core.main.TestCaseExecutor.doExecute(TestCaseExecutor.java:319)
	at com.kms.katalon.core.main.TestCaseExecutor.processExecutionPhase(TestCaseExecutor.java:298)
	at com.kms.katalon.core.main.TestCaseExecutor.accessMainPhase(TestCaseExecutor.java:290)
	at com.kms.katalon.core.main.TestCaseExecutor.execute(TestCaseExecutor.java:224)
	at com.kms.katalon.core.main.TestSuiteExecutor.accessTestCaseMainPhase(TestSuiteExecutor.java:129)
	at com.kms.katalon.core.main.TestSuiteExecutor.accessTestSuiteMainPhase(TestSuiteExecutor.java:112)
	at com.kms.katalon.core.main.TestSuiteExecutor.execute(TestSuiteExecutor.java:81)
	at com.kms.katalon.core.main.TestCaseMain.startTestSuite(TestCaseMain.java:149)
	at com.kms.katalon.core.main.TestCaseMain$startTestSuite$0.call(Unknown Source)
	at TempTestSuite1565707895630.run(TempTestSuite1565707895630.groovy:36)


2019-08-13 10:52:47 - [TEST_CASE][FAILED] - Test Cases/CALL- SHIPPING TO PAYMENT: Test Cases/CALL- SHIPPING TO PAYMENT FAILED.
Reason:
com.kms.katalon.core.exception.StepFailedException: Unable to verify text 'payment' is present  (Root cause: com.kms.katalon.core.exception.StepFailedException: Text 'payment' is not present on page )
	at com.kms.katalon.core.keyword.internal.KeywordMain.stepFailed(KeywordMain.groovy:36)
	at com.kms.katalon.core.webui.keyword.internal.WebUIKeywordMain.stepFailed(WebUIKeywordMain.groovy:65)
	at com.kms.katalon.core.webui.keyword.internal.WebUIKeywordMain.runKeyword(WebUIKeywordMain.groovy:27)
	at com.kms.katalon.core.webui.keyword.builtin.VerifyTextPresentKeyword.verifyTextPresent(VerifyTextPresentKeyword.groovy:83)
	at com.kms.katalon.core.webui.keyword.builtin.VerifyTextPresentKeyword.execute(VerifyTextPresentKeyword.groovy:68)
	at com.kms.katalon.core.keyword.internal.KeywordExecutor.executeKeywordForPlatform(KeywordExecutor.groovy:53)
	at com.kms.katalon.core.webui.keyword.WebUiBuiltInKeywords.verifyTextPresent(WebUiBuiltInKeywords.groovy:1693)
	at com.kms.katalon.core.webui.keyword.WebUiBuiltInKeywords$verifyTextPresent$7.call(Unknown Source)
	at CALL- SHIPPING TO PAYMENT.run(CALL- SHIPPING TO PAYMENT:24)
	at com.kms.katalon.core.main.ScriptEngine.run(ScriptEngine.java:194)
	at com.kms.katalon.core.main.ScriptEngine.runScriptAsRawText(ScriptEngine.java:119)
	at com.kms.katalon.core.main.TestCaseExecutor.runScript(TestCaseExecutor.java:328)
	at com.kms.katalon.core.main.TestCaseExecutor.doExecute(TestCaseExecutor.java:319)
	at com.kms.katalon.core.main.TestCaseExecutor.processExecutionPhase(TestCaseExecutor.java:298)
	at com.kms.katalon.core.main.TestCaseExecutor.accessMainPhase(TestCaseExecutor.java:290)
	at com.kms.katalon.core.main.TestCaseExecutor.execute(TestCaseExecutor.java:224)
	at com.kms.katalon.core.main.TestCaseMain.runTestCase(TestCaseMain.java:106)
	at com.kms.katalon.core.keyword.builtin.CallTestCaseKeyword$_callTestCase_closure1.doCall(CallTestCaseKeyword.groovy:59)
	at com.kms.katalon.core.keyword.builtin.CallTestCaseKeyword$_callTestCase_closure1.call(CallTestCaseKeyword.groovy)
	at com.kms.katalon.core.keyword.internal.KeywordMain.runKeyword(KeywordMain.groovy:54)
	at com.kms.katalon.core.keyword.builtin.CallTestCaseKeyword.callTestCase(CallTestCaseKeyword.groovy:80)
	at com.kms.katalon.core.keyword.builtin.CallTestCaseKeyword.execute(CallTestCaseKeyword.groovy:44)
	at com.kms.katalon.core.keyword.internal.KeywordExecutor.executeKeywordForPlatform(KeywordExecutor.groovy:53)
	at com.kms.katalon.core.keyword.BuiltinKeywords.callTestCase(BuiltinKeywords.groovy:334)
	at Increase quantity - cart page.run(Increase quantity - cart page:139)
	at com.kms.katalon.core.main.ScriptEngine.run(ScriptEngine.java:194)
	at com.kms.katalon.core.main.ScriptEngine.runScriptAsRawText(ScriptEngine.java:119)
	at com.kms.katalon.core.main.TestCaseExecutor.runScript(TestCaseExecutor.java:328)
	at com.kms.katalon.core.main.TestCaseExecutor.doExecute(TestCaseExecutor.java:319)
	at com.kms.katalon.core.main.TestCaseExecutor.processExecutionPhase(TestCaseExecutor.java:298)
	at com.kms.katalon.core.main.TestCaseExecutor.accessMainPhase(TestCaseExecutor.java:290)
	at com.kms.katalon.core.main.TestCaseExecutor.execute(TestCaseExecutor.java:224)
	at com.kms.katalon.core.main.TestSuiteExecutor.accessTestCaseMainPhase(TestSuiteExecutor.java:129)
	at com.kms.katalon.core.main.TestSuiteExecutor.accessTestSuiteMainPhase(TestSuiteExecutor.java:112)
	at com.kms.katalon.core.main.TestSuiteExecutor.execute(TestSuiteExecutor.java:81)
	at com.kms.katalon.core.main.TestCaseMain.startTestSuite(TestCaseMain.java:149)
	at com.kms.katalon.core.main.TestCaseMain$startTestSuite$0.call(Unknown Source)
	at TempTestSuite1565707895630.run(TempTestSuite1565707895630.groovy:36)


2019-08-13 10:52:48 - [TEST_STEP][PASSED] - click(findTestObject("CR-DESKTOP/Customer info page/Continue to shipping")): Object: 'Object Repository/CR-DESKTOP/Customer info page/Continue to shipping' is clicked on

2019-08-13 10:52:48 - [MESSAGE][PASSED] - Object: 'Object Repository/CR-DESKTOP/Customer info page/Continue to shipping' is clicked on

2019-08-13 10:52:48 - [TEST_STEP][PASSED] - delay(2): Delayed 2 second(s)

2019-08-13 10:52:50 - [MESSAGE][PASSED] - Delayed 2 second(s)

2019-08-13 10:52:50 - [TEST_STEP][PASSED] - click(findTestObject("CR-DESKTOP/Payment page/Continue to payment")): Object: 'Object Repository/CR-DESKTOP/Payment page/Continue to payment' is clicked on

2019-08-13 10:52:54 - [MESSAGE][PASSED] - Object: 'Object Repository/CR-DESKTOP/Payment page/Continue to payment' is clicked on

2019-08-13 10:52:54 - [TEST_STEP][PASSED] - delay(2): Delayed 2 second(s)

2019-08-13 10:52:56 - [MESSAGE][PASSED] - Delayed 2 second(s)

2019-08-13 10:52:56 - [TEST_STEP][FAILED] - verifyTextPresent("payment", false): verifyTextPresent("payment", false) FAILED.
Reason:
com.kms.katalon.core.exception.StepFailedException: Unable to verify text 'payment' is present  (Root cause: com.kms.katalon.core.exception.StepFailedException: Text 'payment' is not present on page )
	at com.kms.katalon.core.keyword.internal.KeywordMain.stepFailed(KeywordMain.groovy:36)
	at com.kms.katalon.core.webui.keyword.internal.WebUIKeywordMain.stepFailed(WebUIKeywordMain.groovy:65)
	at com.kms.katalon.core.webui.keyword.internal.WebUIKeywordMain.runKeyword(WebUIKeywordMain.groovy:27)
	at com.kms.katalon.core.webui.keyword.builtin.VerifyTextPresentKeyword.verifyTextPresent(VerifyTextPresentKeyword.groovy:83)
	at com.kms.katalon.core.webui.keyword.builtin.VerifyTextPresentKeyword.execute(VerifyTextPresentKeyword.groovy:68)
	at com.kms.katalon.core.keyword.internal.KeywordExecutor.executeKeywordForPlatform(KeywordExecutor.groovy:53)
	at com.kms.katalon.core.webui.keyword.WebUiBuiltInKeywords.verifyTextPresent(WebUiBuiltInKeywords.groovy:1693)
	at com.kms.katalon.core.webui.keyword.WebUiBuiltInKeywords$verifyTextPresent$7.call(Unknown Source)
	at CALL- SHIPPING TO PAYMENT.run(CALL- SHIPPING TO PAYMENT:24)
	at com.kms.katalon.core.main.ScriptEngine.run(ScriptEngine.java:194)
	at com.kms.katalon.core.main.ScriptEngine.runScriptAsRawText(ScriptEngine.java:119)
	at com.kms.katalon.core.main.TestCaseExecutor.runScript(TestCaseExecutor.java:328)
	at com.kms.katalon.core.main.TestCaseExecutor.doExecute(TestCaseExecutor.java:319)
	at com.kms.katalon.core.main.TestCaseExecutor.processExecutionPhase(TestCaseExecutor.java:298)
	at com.kms.katalon.core.main.TestCaseExecutor.accessMainPhase(TestCaseExecutor.java:290)
	at com.kms.katalon.core.main.TestCaseExecutor.execute(TestCaseExecutor.java:224)
	at com.kms.katalon.core.main.TestCaseMain.runTestCase(TestCaseMain.java:106)
	at com.kms.katalon.core.keyword.builtin.CallTestCaseKeyword$_callTestCase_closure1.doCall(CallTestCaseKeyword.groovy:59)
	at com.kms.katalon.core.keyword.builtin.CallTestCaseKeyword$_callTestCase_closure1.call(CallTestCaseKeyword.groovy)
	at com.kms.katalon.core.keyword.internal.KeywordMain.runKeyword(KeywordMain.groovy:54)
	at com.kms.katalon.core.keyword.builtin.CallTestCaseKeyword.callTestCase(CallTestCaseKeyword.groovy:80)
	at com.kms.katalon.core.keyword.builtin.CallTestCaseKeyword.execute(CallTestCaseKeyword.groovy:44)
	at com.kms.katalon.core.keyword.internal.KeywordExecutor.executeKeywordForPlatform(KeywordExecutor.groovy:53)
	at com.kms.katalon.core.keyword.BuiltinKeywords.callTestCase(BuiltinKeywords.groovy:334)
	at Increase quantity - cart page.run(Increase quantity - cart page:139)
	at com.kms.katalon.core.main.ScriptEngine.run(ScriptEngine.java:194)
	at com.kms.katalon.core.main.ScriptEngine.runScriptAsRawText(ScriptEngine.java:119)
	at com.kms.katalon.core.main.TestCaseExecutor.runScript(TestCaseExecutor.java:328)
	at com.kms.katalon.core.main.TestCaseExecutor.doExecute(TestCaseExecutor.java:319)
	at com.kms.katalon.core.main.TestCaseExecutor.processExecutionPhase(TestCaseExecutor.java:298)
	at com.kms.katalon.core.main.TestCaseExecutor.accessMainPhase(TestCaseExecutor.java:290)
	at com.kms.katalon.core.main.TestCaseExecutor.execute(TestCaseExecutor.java:224)
	at com.kms.katalon.core.main.TestSuiteExecutor.accessTestCaseMainPhase(TestSuiteExecutor.java:129)
	at com.kms.katalon.core.main.TestSuiteExecutor.accessTestSuiteMainPhase(TestSuiteExecutor.java:112)
	at com.kms.katalon.core.main.TestSuiteExecutor.execute(TestSuiteExecutor.java:81)
	at com.kms.katalon.core.main.TestCaseMain.startTestSuite(TestCaseMain.java:149)
	at com.kms.katalon.core.main.TestCaseMain$startTestSuite$0.call(Unknown Source)
	at TempTestSuite1565707895630.run(TempTestSuite1565707895630.groovy:36)


2019-08-13 10:52:56 - [MESSAGE][FAILED] - Text 'payment' is not present on page 

2019-08-13 10:52:57 - [MESSAGE][FAILED] - Unable to verify text 'payment' is present  (Root cause: com.kms.katalon.core.exception.StepFailedException: Text 'payment' is not present on page )
[[ATTACHMENT|/Users/sumankompelly/git/CR-Desktop/Reports/suite-chrome/20190813_105135/1565707976644.png]]

2019-08-13 10:52:57 - [MESSAGE][FAILED] - verifyTextPresent("payment", false) FAILED.
Reason:
com.kms.katalon.core.exception.StepFailedException: Unable to verify text 'payment' is present  (Root cause: com.kms.katalon.core.exception.StepFailedException: Text 'payment' is not present on page )
	at com.kms.katalon.core.keyword.internal.KeywordMain.stepFailed(KeywordMain.groovy:36)
	at com.kms.katalon.core.webui.keyword.internal.WebUIKeywordMain.stepFailed(WebUIKeywordMain.groovy:65)
	at com.kms.katalon.core.webui.keyword.internal.WebUIKeywordMain.runKeyword(WebUIKeywordMain.groovy:27)
	at com.kms.katalon.core.webui.keyword.builtin.VerifyTextPresentKeyword.verifyTextPresent(VerifyTextPresentKeyword.groovy:83)
	at com.kms.katalon.core.webui.keyword.builtin.VerifyTextPresentKeyword.execute(VerifyTextPresentKeyword.groovy:68)
	at com.kms.katalon.core.keyword.internal.KeywordExecutor.executeKeywordForPlatform(KeywordExecutor.groovy:53)
	at com.kms.katalon.core.webui.keyword.WebUiBuiltInKeywords.verifyTextPresent(WebUiBuiltInKeywords.groovy:1693)
	at com.kms.katalon.core.webui.keyword.WebUiBuiltInKeywords$verifyTextPresent$7.call(Unknown Source)
	at CALL- SHIPPING TO PAYMENT.run(CALL- SHIPPING TO PAYMENT:24)
	at com.kms.katalon.core.main.ScriptEngine.run(ScriptEngine.java:194)
	at com.kms.katalon.core.main.ScriptEngine.runScriptAsRawText(ScriptEngine.java:119)
	at com.kms.katalon.core.main.TestCaseExecutor.runScript(TestCaseExecutor.java:328)
	at com.kms.katalon.core.main.TestCaseExecutor.doExecute(TestCaseExecutor.java:319)
	at com.kms.katalon.core.main.TestCaseExecutor.processExecutionPhase(TestCaseExecutor.java:298)
	at com.kms.katalon.core.main.TestCaseExecutor.accessMainPhase(TestCaseExecutor.java:290)
	at com.kms.katalon.core.main.TestCaseExecutor.execute(TestCaseExecutor.java:224)
	at com.kms.katalon.core.main.TestCaseMain.runTestCase(TestCaseMain.java:106)
	at com.kms.katalon.core.keyword.builtin.CallTestCaseKeyword$_callTestCase_closure1.doCall(CallTestCaseKeyword.groovy:59)
	at com.kms.katalon.core.keyword.builtin.CallTestCaseKeyword$_callTestCase_closure1.call(CallTestCaseKeyword.groovy)
	at com.kms.katalon.core.keyword.internal.KeywordMain.runKeyword(KeywordMain.groovy:54)
	at com.kms.katalon.core.keyword.builtin.CallTestCaseKeyword.callTestCase(CallTestCaseKeyword.groovy:80)
	at com.kms.katalon.core.keyword.builtin.CallTestCaseKeyword.execute(CallTestCaseKeyword.groovy:44)
	at com.kms.katalon.core.keyword.internal.KeywordExecutor.executeKeywordForPlatform(KeywordExecutor.groovy:53)
	at com.kms.katalon.core.keyword.BuiltinKeywords.callTestCase(BuiltinKeywords.groovy:334)
	at Increase quantity - cart page.run(Increase quantity - cart page:139)
	at com.kms.katalon.core.main.ScriptEngine.run(ScriptEngine.java:194)
	at com.kms.katalon.core.main.ScriptEngine.runScriptAsRawText(ScriptEngine.java:119)
	at com.kms.katalon.core.main.TestCaseExecutor.runScript(TestCaseExecutor.java:328)
	at com.kms.katalon.core.main.TestCaseExecutor.doExecute(TestCaseExecutor.java:319)
	at com.kms.katalon.core.main.TestCaseExecutor.processExecutionPhase(TestCaseExecutor.java:298)
	at com.kms.katalon.core.main.TestCaseExecutor.accessMainPhase(TestCaseExecutor.java:290)
	at com.kms.katalon.core.main.TestCaseExecutor.execute(TestCaseExecutor.java:224)
	at com.kms.katalon.core.main.TestSuiteExecutor.accessTestCaseMainPhase(TestSuiteExecutor.java:129)
	at com.kms.katalon.core.main.TestSuiteExecutor.accessTestSuiteMainPhase(TestSuiteExecutor.java:112)
	at com.kms.katalon.core.main.TestSuiteExecutor.execute(TestSuiteExecutor.java:81)
	at com.kms.katalon.core.main.TestCaseMain.startTestSuite(TestCaseMain.java:149)
	at com.kms.katalon.core.main.TestCaseMain$startTestSuite$0.call(Unknown Source)
	at TempTestSuite1565707895630.run(TempTestSuite1565707895630.groovy:36)


2019-08-13 10:52:57 - [MESSAGE][FAILED] - Unable to call Test Case 'Test Cases/CALL- SHIPPING TO PAYMENT' (Root cause: com.kms.katalon.core.exception.StepFailedException: Call Test Case 'Test Cases/CALL- SHIPPING TO PAYMENT' failed)

2019-08-13 10:52:57 - [MESSAGE][FAILED] - callTestCase(findTestCase("CALL- SHIPPING TO PAYMENT"), [:], STOP_ON_FAILURE) FAILED.
Reason:
com.kms.katalon.core.exception.StepFailedException: Unable to verify text 'payment' is present  (Root cause: com.kms.katalon.core.exception.StepFailedException: Text 'payment' is not present on page )
	at com.kms.katalon.core.keyword.internal.KeywordMain.stepFailed(KeywordMain.groovy:36)
	at com.kms.katalon.core.webui.keyword.internal.WebUIKeywordMain.stepFailed(WebUIKeywordMain.groovy:65)
	at com.kms.katalon.core.webui.keyword.internal.WebUIKeywordMain.runKeyword(WebUIKeywordMain.groovy:27)
	at com.kms.katalon.core.webui.keyword.builtin.VerifyTextPresentKeyword.verifyTextPresent(VerifyTextPresentKeyword.groovy:83)
	at com.kms.katalon.core.webui.keyword.builtin.VerifyTextPresentKeyword.execute(VerifyTextPresentKeyword.groovy:68)
	at com.kms.katalon.core.keyword.internal.KeywordExecutor.executeKeywordForPlatform(KeywordExecutor.groovy:53)
	at com.kms.katalon.core.webui.keyword.WebUiBuiltInKeywords.verifyTextPresent(WebUiBuiltInKeywords.groovy:1693)
	at com.kms.katalon.core.webui.keyword.WebUiBuiltInKeywords$verifyTextPresent$7.call(Unknown Source)
	at CALL- SHIPPING TO PAYMENT.run(CALL- SHIPPING TO PAYMENT:24)
	at com.kms.katalon.core.main.ScriptEngine.run(ScriptEngine.java:194)
	at com.kms.katalon.core.main.ScriptEngine.runScriptAsRawText(ScriptEngine.java:119)
	at com.kms.katalon.core.main.TestCaseExecutor.runScript(TestCaseExecutor.java:328)
	at com.kms.katalon.core.main.TestCaseExecutor.doExecute(TestCaseExecutor.java:319)
	at com.kms.katalon.core.main.TestCaseExecutor.processExecutionPhase(TestCaseExecutor.java:298)
	at com.kms.katalon.core.main.TestCaseExecutor.accessMainPhase(TestCaseExecutor.java:290)
	at com.kms.katalon.core.main.TestCaseExecutor.execute(TestCaseExecutor.java:224)
	at com.kms.katalon.core.main.TestCaseMain.runTestCase(TestCaseMain.java:106)
	at com.kms.katalon.core.keyword.builtin.CallTestCaseKeyword$_callTestCase_closure1.doCall(CallTestCaseKeyword.groovy:59)
	at com.kms.katalon.core.keyword.builtin.CallTestCaseKeyword$_callTestCase_closure1.call(CallTestCaseKeyword.groovy)
	at com.kms.katalon.core.keyword.internal.KeywordMain.runKeyword(KeywordMain.groovy:54)
	at com.kms.katalon.core.keyword.builtin.CallTestCaseKeyword.callTestCase(CallTestCaseKeyword.groovy:80)
	at com.kms.katalon.core.keyword.builtin.CallTestCaseKeyword.execute(CallTestCaseKeyword.groovy:44)
	at com.kms.katalon.core.keyword.internal.KeywordExecutor.executeKeywordForPlatform(KeywordExecutor.groovy:53)
	at com.kms.katalon.core.keyword.BuiltinKeywords.callTestCase(BuiltinKeywords.groovy:334)
	at Increase quantity - cart page.run(Increase quantity - cart page:139)
	at com.kms.katalon.core.main.ScriptEngine.run(ScriptEngine.java:194)
	at com.kms.katalon.core.main.ScriptEngine.runScriptAsRawText(ScriptEngine.java:119)
	at com.kms.katalon.core.main.TestCaseExecutor.runScript(TestCaseExecutor.java:328)
	at com.kms.katalon.core.main.TestCaseExecutor.doExecute(TestCaseExecutor.java:319)
	at com.kms.katalon.core.main.TestCaseExecutor.processExecutionPhase(TestCaseExecutor.java:298)
	at com.kms.katalon.core.main.TestCaseExecutor.accessMainPhase(TestCaseExecutor.java:290)
	at com.kms.katalon.core.main.TestCaseExecutor.execute(TestCaseExecutor.java:224)
	at com.kms.katalon.core.main.TestSuiteExecutor.accessTestCaseMainPhase(TestSuiteExecutor.java:129)
	at com.kms.katalon.core.main.TestSuiteExecutor.accessTestSuiteMainPhase(TestSuiteExecutor.java:112)
	at com.kms.katalon.core.main.TestSuiteExecutor.execute(TestSuiteExecutor.java:81)
	at com.kms.katalon.core.main.TestCaseMain.startTestSuite(TestCaseMain.java:149)
	at com.kms.katalon.core.main.TestCaseMain$startTestSuite$0.call(Unknown Source)
	at TempTestSuite1565707895630.run(TempTestSuite1565707895630.groovy:36)]]></system-out>
         <system-err><![CDATA[2019-08-13 10:51:37 - [TEST_CASE][FAILED] - Test Cases/CRITICAL PATH - SPANISH/Increase quantity - cart page: Test Cases/CRITICAL PATH - SPANISH/Increase quantity - cart page FAILED.
Reason:
com.kms.katalon.core.exception.StepFailedException: Unable to verify text 'payment' is present  (Root cause: com.kms.katalon.core.exception.StepFailedException: Text 'payment' is not present on page )
	at com.kms.katalon.core.keyword.internal.KeywordMain.stepFailed(KeywordMain.groovy:36)
	at com.kms.katalon.core.webui.keyword.internal.WebUIKeywordMain.stepFailed(WebUIKeywordMain.groovy:65)
	at com.kms.katalon.core.webui.keyword.internal.WebUIKeywordMain.runKeyword(WebUIKeywordMain.groovy:27)
	at com.kms.katalon.core.webui.keyword.builtin.VerifyTextPresentKeyword.verifyTextPresent(VerifyTextPresentKeyword.groovy:83)
	at com.kms.katalon.core.webui.keyword.builtin.VerifyTextPresentKeyword.execute(VerifyTextPresentKeyword.groovy:68)
	at com.kms.katalon.core.keyword.internal.KeywordExecutor.executeKeywordForPlatform(KeywordExecutor.groovy:53)
	at com.kms.katalon.core.webui.keyword.WebUiBuiltInKeywords.verifyTextPresent(WebUiBuiltInKeywords.groovy:1693)
	at com.kms.katalon.core.webui.keyword.WebUiBuiltInKeywords$verifyTextPresent$7.call(Unknown Source)
	at CALL- SHIPPING TO PAYMENT.run(CALL- SHIPPING TO PAYMENT:24)
	at com.kms.katalon.core.main.ScriptEngine.run(ScriptEngine.java:194)
	at com.kms.katalon.core.main.ScriptEngine.runScriptAsRawText(ScriptEngine.java:119)
	at com.kms.katalon.core.main.TestCaseExecutor.runScript(TestCaseExecutor.java:328)
	at com.kms.katalon.core.main.TestCaseExecutor.doExecute(TestCaseExecutor.java:319)
	at com.kms.katalon.core.main.TestCaseExecutor.processExecutionPhase(TestCaseExecutor.java:298)
	at com.kms.katalon.core.main.TestCaseExecutor.accessMainPhase(TestCaseExecutor.java:290)
	at com.kms.katalon.core.main.TestCaseExecutor.execute(TestCaseExecutor.java:224)
	at com.kms.katalon.core.main.TestCaseMain.runTestCase(TestCaseMain.java:106)
	at com.kms.katalon.core.keyword.builtin.CallTestCaseKeyword$_callTestCase_closure1.doCall(CallTestCaseKeyword.groovy:59)
	at com.kms.katalon.core.keyword.builtin.CallTestCaseKeyword$_callTestCase_closure1.call(CallTestCaseKeyword.groovy)
	at com.kms.katalon.core.keyword.internal.KeywordMain.runKeyword(KeywordMain.groovy:54)
	at com.kms.katalon.core.keyword.builtin.CallTestCaseKeyword.callTestCase(CallTestCaseKeyword.groovy:80)
	at com.kms.katalon.core.keyword.builtin.CallTestCaseKeyword.execute(CallTestCaseKeyword.groovy:44)
	at com.kms.katalon.core.keyword.internal.KeywordExecutor.executeKeywordForPlatform(KeywordExecutor.groovy:53)
	at com.kms.katalon.core.keyword.BuiltinKeywords.callTestCase(BuiltinKeywords.groovy:334)
	at Increase quantity - cart page.run(Increase quantity - cart page:139)
	at com.kms.katalon.core.main.ScriptEngine.run(ScriptEngine.java:194)
	at com.kms.katalon.core.main.ScriptEngine.runScriptAsRawText(ScriptEngine.java:119)
	at com.kms.katalon.core.main.TestCaseExecutor.runScript(TestCaseExecutor.java:328)
	at com.kms.katalon.core.main.TestCaseExecutor.doExecute(TestCaseExecutor.java:319)
	at com.kms.katalon.core.main.TestCaseExecutor.processExecutionPhase(TestCaseExecutor.java:298)
	at com.kms.katalon.core.main.TestCaseExecutor.accessMainPhase(TestCaseExecutor.java:290)
	at com.kms.katalon.core.main.TestCaseExecutor.execute(TestCaseExecutor.java:224)
	at com.kms.katalon.core.main.TestSuiteExecutor.accessTestCaseMainPhase(TestSuiteExecutor.java:129)
	at com.kms.katalon.core.main.TestSuiteExecutor.accessTestSuiteMainPhase(TestSuiteExecutor.java:112)
	at com.kms.katalon.core.main.TestSuiteExecutor.execute(TestSuiteExecutor.java:81)
	at com.kms.katalon.core.main.TestCaseMain.startTestSuite(TestCaseMain.java:149)
	at com.kms.katalon.core.main.TestCaseMain$startTestSuite$0.call(Unknown Source)
	at TempTestSuite1565707895630.run(TempTestSuite1565707895630.groovy:36)]]></system-err>
      </testcase>
      <testcase name="Test Cases/CRITICAL PATH - SPANISH/Increase quantity - cart flyout" classname="Test Cases/CRITICAL PATH - SPANISH/Increase quantity - cart flyout" status="FAILED">
         <failure type="FAILED" message="Test Cases/CRITICAL PATH - SPANISH/Increase quantity - cart flyout FAILED.
Reason:
com.kms.katalon.core.exception.StepFailedException: Unable to verify text 'payment' is present  (Root cause: com.kms.katalon.core.exception.StepFailedException: Text 'payment' is not present on page )
	at com.kms.katalon.core.keyword.internal.KeywordMain.stepFailed(KeywordMain.groovy:36)
	at com.kms.katalon.core.webui.keyword.internal.WebUIKeywordMain.stepFailed(WebUIKeywordMain.groovy:65)
	at com.kms.katalon.core.webui.keyword.internal.WebUIKeywordMain.runKeyword(WebUIKeywordMain.groovy:27)
	at com.kms.katalon.core.webui.keyword.builtin.VerifyTextPresentKeyword.verifyTextPresent(VerifyTextPresentKeyword.groovy:83)
	at com.kms.katalon.core.webui.keyword.builtin.VerifyTextPresentKeyword.execute(VerifyTextPresentKeyword.groovy:68)
	at com.kms.katalon.core.keyword.internal.KeywordExecutor.executeKeywordForPlatform(KeywordExecutor.groovy:53)
	at com.kms.katalon.core.webui.keyword.WebUiBuiltInKeywords.verifyTextPresent(WebUiBuiltInKeywords.groovy:1693)
	at com.kms.katalon.core.webui.keyword.WebUiBuiltInKeywords$verifyTextPresent$7.call(Unknown Source)
	at CALL- SHIPPING TO PAYMENT.run(CALL- SHIPPING TO PAYMENT:24)
	at com.kms.katalon.core.main.ScriptEngine.run(ScriptEngine.java:194)
	at com.kms.katalon.core.main.ScriptEngine.runScriptAsRawText(ScriptEngine.java:119)
	at com.kms.katalon.core.main.TestCaseExecutor.runScript(TestCaseExecutor.java:328)
	at com.kms.katalon.core.main.TestCaseExecutor.doExecute(TestCaseExecutor.java:319)
	at com.kms.katalon.core.main.TestCaseExecutor.processExecutionPhase(TestCaseExecutor.java:298)
	at com.kms.katalon.core.main.TestCaseExecutor.accessMainPhase(TestCaseExecutor.java:290)
	at com.kms.katalon.core.main.TestCaseExecutor.execute(TestCaseExecutor.java:224)
	at com.kms.katalon.core.main.TestCaseMain.runTestCase(TestCaseMain.java:106)
	at com.kms.katalon.core.keyword.builtin.CallTestCaseKeyword$_callTestCase_closure1.doCall(CallTestCaseKeyword.groovy:59)
	at com.kms.katalon.core.keyword.builtin.CallTestCaseKeyword$_callTestCase_closure1.call(CallTestCaseKeyword.groovy)
	at com.kms.katalon.core.keyword.internal.KeywordMain.runKeyword(KeywordMain.groovy:54)
	at com.kms.katalon.core.keyword.builtin.CallTestCaseKeyword.callTestCase(CallTestCaseKeyword.groovy:80)
	at com.kms.katalon.core.keyword.builtin.CallTestCaseKeyword.execute(CallTestCaseKeyword.groovy:44)
	at com.kms.katalon.core.keyword.internal.KeywordExecutor.executeKeywordForPlatform(KeywordExecutor.groovy:53)
	at com.kms.katalon.core.keyword.BuiltinKeywords.callTestCase(BuiltinKeywords.groovy:334)
	at Increase quantity - cart flyout.run(Increase quantity - cart flyout:127)
	at com.kms.katalon.core.main.ScriptEngine.run(ScriptEngine.java:194)
	at com.kms.katalon.core.main.ScriptEngine.runScriptAsRawText(ScriptEngine.java:119)
	at com.kms.katalon.core.main.TestCaseExecutor.runScript(TestCaseExecutor.java:328)
	at com.kms.katalon.core.main.TestCaseExecutor.doExecute(TestCaseExecutor.java:319)
	at com.kms.katalon.core.main.TestCaseExecutor.processExecutionPhase(TestCaseExecutor.java:298)
	at com.kms.katalon.core.main.TestCaseExecutor.accessMainPhase(TestCaseExecutor.java:290)
	at com.kms.katalon.core.main.TestCaseExecutor.execute(TestCaseExecutor.java:224)
	at com.kms.katalon.core.main.TestSuiteExecutor.accessTestCaseMainPhase(TestSuiteExecutor.java:129)
	at com.kms.katalon.core.main.TestSuiteExecutor.accessTestSuiteMainPhase(TestSuiteExecutor.java:112)
	at com.kms.katalon.core.main.TestSuiteExecutor.execute(TestSuiteExecutor.java:81)
	at com.kms.katalon.core.main.TestCaseMain.startTestSuite(TestCaseMain.java:149)
	at com.kms.katalon.core.main.TestCaseMain$startTestSuite$0.call(Unknown Source)
	at TempTestSuite1565707895630.run(TempTestSuite1565707895630.groovy:36)
"/>
         <system-out><![CDATA[2019-08-13 10:52:57 - [TEST_CASE][FAILED] - Test Cases/CRITICAL PATH - SPANISH/Increase quantity - cart flyout: Test Cases/CRITICAL PATH - SPANISH/Increase quantity - cart flyout FAILED.
Reason:
com.kms.katalon.core.exception.StepFailedException: Unable to verify text 'payment' is present  (Root cause: com.kms.katalon.core.exception.StepFailedException: Text 'payment' is not present on page )
	at com.kms.katalon.core.keyword.internal.KeywordMain.stepFailed(KeywordMain.groovy:36)
	at com.kms.katalon.core.webui.keyword.internal.WebUIKeywordMain.stepFailed(WebUIKeywordMain.groovy:65)
	at com.kms.katalon.core.webui.keyword.internal.WebUIKeywordMain.runKeyword(WebUIKeywordMain.groovy:27)
	at com.kms.katalon.core.webui.keyword.builtin.VerifyTextPresentKeyword.verifyTextPresent(VerifyTextPresentKeyword.groovy:83)
	at com.kms.katalon.core.webui.keyword.builtin.VerifyTextPresentKeyword.execute(VerifyTextPresentKeyword.groovy:68)
	at com.kms.katalon.core.keyword.internal.KeywordExecutor.executeKeywordForPlatform(KeywordExecutor.groovy:53)
	at com.kms.katalon.core.webui.keyword.WebUiBuiltInKeywords.verifyTextPresent(WebUiBuiltInKeywords.groovy:1693)
	at com.kms.katalon.core.webui.keyword.WebUiBuiltInKeywords$verifyTextPresent$7.call(Unknown Source)
	at CALL- SHIPPING TO PAYMENT.run(CALL- SHIPPING TO PAYMENT:24)
	at com.kms.katalon.core.main.ScriptEngine.run(ScriptEngine.java:194)
	at com.kms.katalon.core.main.ScriptEngine.runScriptAsRawText(ScriptEngine.java:119)
	at com.kms.katalon.core.main.TestCaseExecutor.runScript(TestCaseExecutor.java:328)
	at com.kms.katalon.core.main.TestCaseExecutor.doExecute(TestCaseExecutor.java:319)
	at com.kms.katalon.core.main.TestCaseExecutor.processExecutionPhase(TestCaseExecutor.java:298)
	at com.kms.katalon.core.main.TestCaseExecutor.accessMainPhase(TestCaseExecutor.java:290)
	at com.kms.katalon.core.main.TestCaseExecutor.execute(TestCaseExecutor.java:224)
	at com.kms.katalon.core.main.TestCaseMain.runTestCase(TestCaseMain.java:106)
	at com.kms.katalon.core.keyword.builtin.CallTestCaseKeyword$_callTestCase_closure1.doCall(CallTestCaseKeyword.groovy:59)
	at com.kms.katalon.core.keyword.builtin.CallTestCaseKeyword$_callTestCase_closure1.call(CallTestCaseKeyword.groovy)
	at com.kms.katalon.core.keyword.internal.KeywordMain.runKeyword(KeywordMain.groovy:54)
	at com.kms.katalon.core.keyword.builtin.CallTestCaseKeyword.callTestCase(CallTestCaseKeyword.groovy:80)
	at com.kms.katalon.core.keyword.builtin.CallTestCaseKeyword.execute(CallTestCaseKeyword.groovy:44)
	at com.kms.katalon.core.keyword.internal.KeywordExecutor.executeKeywordForPlatform(KeywordExecutor.groovy:53)
	at com.kms.katalon.core.keyword.BuiltinKeywords.callTestCase(BuiltinKeywords.groovy:334)
	at Increase quantity - cart flyout.run(Increase quantity - cart flyout:127)
	at com.kms.katalon.core.main.ScriptEngine.run(ScriptEngine.java:194)
	at com.kms.katalon.core.main.ScriptEngine.runScriptAsRawText(ScriptEngine.java:119)
	at com.kms.katalon.core.main.TestCaseExecutor.runScript(TestCaseExecutor.java:328)
	at com.kms.katalon.core.main.TestCaseExecutor.doExecute(TestCaseExecutor.java:319)
	at com.kms.katalon.core.main.TestCaseExecutor.processExecutionPhase(TestCaseExecutor.java:298)
	at com.kms.katalon.core.main.TestCaseExecutor.accessMainPhase(TestCaseExecutor.java:290)
	at com.kms.katalon.core.main.TestCaseExecutor.execute(TestCaseExecutor.java:224)
	at com.kms.katalon.core.main.TestSuiteExecutor.accessTestCaseMainPhase(TestSuiteExecutor.java:129)
	at com.kms.katalon.core.main.TestSuiteExecutor.accessTestSuiteMainPhase(TestSuiteExecutor.java:112)
	at com.kms.katalon.core.main.TestSuiteExecutor.execute(TestSuiteExecutor.java:81)
	at com.kms.katalon.core.main.TestCaseMain.startTestSuite(TestCaseMain.java:149)
	at com.kms.katalon.core.main.TestCaseMain$startTestSuite$0.call(Unknown Source)
	at TempTestSuite1565707895630.run(TempTestSuite1565707895630.groovy:36)


2019-08-13 10:52:57 - [TEST_STEP][PASSED] - callTestCase(findTestCase("CALL - LANGUAGE TOGGLER"), [:], STOP_ON_FAILURE): Call Test Case 'Test Cases/CALL - LANGUAGE TOGGLER' successfully

2019-08-13 10:52:57 - [TEST_CASE][PASSED] - Test Cases/CALL - LANGUAGE TOGGLER: Test Cases/CALL - LANGUAGE TOGGLER

2019-08-13 10:52:57 - [TEST_STEP][PASSED] - callTestCase(findTestCase("CALL-URL"), [:], STOP_ON_FAILURE): Call Test Case 'Test Cases/CALL-URL' successfully

2019-08-13 10:52:57 - [TEST_CASE][PASSED] - Test Cases/CALL-URL: Test Cases/CALL-URL

2019-08-13 10:52:57 - [TEST_STEP][PASSED] - openBrowser(""): Browser is opened with url: ''

2019-08-13 10:52:57 - [MESSAGE][WARNING] - A browser is already opened. Closing browser and opening a new one

2019-08-13 10:52:57 - [MESSAGE][INFO] - Starting 'Chrome' driver

2019-08-13 10:52:58 - [MESSAGE][PASSED] - Browser is opened with url: ''

2019-08-13 10:52:58 - [TEST_STEP][PASSED] - navigateToUrl("https://charlotterusse.com/"): Navigate to 'https://charlotterusse.com/' successfully

2019-08-13 10:53:03 - [MESSAGE][PASSED] - Navigate to 'https://charlotterusse.com/' successfully

2019-08-13 10:53:03 - [TEST_STEP][PASSED] - click(findTestObject("CR-DESKTOP/Window pop up/language- english")): Object: 'Object Repository/CR-DESKTOP/Window pop up/language- english' is clicked on

2019-08-13 10:53:03 - [MESSAGE][PASSED] - Object: 'Object Repository/CR-DESKTOP/Window pop up/language- english' is clicked on

2019-08-13 10:53:03 - [TEST_STEP][PASSED] - click(findTestObject("CR-DESKTOP/Window pop up/Pop up - close")): Object: 'Object Repository/CR-DESKTOP/Window pop up/Pop up - close' is clicked on

2019-08-13 10:53:03 - [MESSAGE][PASSED] - Object: 'Object Repository/CR-DESKTOP/Window pop up/Pop up - close' is clicked on

2019-08-13 10:53:03 - [TEST_STEP][PASSED] - maximizeWindow(): Current window maximized

2019-08-13 10:53:04 - [MESSAGE][PASSED] - Current window maximized

2019-08-13 10:53:04 - [MESSAGE][PASSED] - Call Test Case 'Test Cases/CALL-URL' successfully

2019-08-13 10:53:04 - [TEST_STEP][PASSED] - delay(2): Delayed 2 second(s)

2019-08-13 10:53:06 - [MESSAGE][PASSED] - Delayed 2 second(s)

2019-08-13 10:53:06 - [TEST_STEP][PASSED] - click(findTestObject("CR-DESKTOP/Home page/Spanish")): Object: 'Object Repository/CR-DESKTOP/Home page/Spanish' is clicked on

2019-08-13 10:53:06 - [MESSAGE][PASSED] - Object: 'Object Repository/CR-DESKTOP/Home page/Spanish' is clicked on

2019-08-13 10:53:06 - [MESSAGE][PASSED] - Call Test Case 'Test Cases/CALL - LANGUAGE TOGGLER' successfully

2019-08-13 10:53:06 - [TEST_STEP][PASSED] - delay(2): Delayed 2 second(s)

2019-08-13 10:53:08 - [MESSAGE][PASSED] - Delayed 2 second(s)

2019-08-13 10:53:08 - [TEST_STEP][PASSED] - mouseOver(findTestObject("CR-DESKTOP - SPANISH/Mega menu/SHOES")): Object: 'Object Repository/CR-DESKTOP - SPANISH/Mega menu/SHOES' is hovered

2019-08-13 10:53:09 - [MESSAGE][PASSED] - Object: 'Object Repository/CR-DESKTOP - SPANISH/Mega menu/SHOES' is hovered

2019-08-13 10:53:09 - [TEST_STEP][PASSED] - delay(2): Delayed 2 second(s)

2019-08-13 10:53:11 - [MESSAGE][PASSED] - Delayed 2 second(s)

2019-08-13 10:53:11 - [TEST_STEP][PASSED] - click(findTestObject("CR-DESKTOP - SPANISH/Mega menu/shoes - tenis")): Object: 'Object Repository/CR-DESKTOP - SPANISH/Mega menu/shoes - tenis' is clicked on

2019-08-13 10:53:13 - [MESSAGE][PASSED] - Object: 'Object Repository/CR-DESKTOP - SPANISH/Mega menu/shoes - tenis' is clicked on

2019-08-13 10:53:13 - [TEST_STEP][PASSED] - delay(2): Delayed 2 second(s)

2019-08-13 10:53:15 - [MESSAGE][PASSED] - Delayed 2 second(s)

2019-08-13 10:53:15 - [TEST_STEP][PASSED] - click(findTestObject("CR-DESKTOP/Collection page/product 3")): Object: 'Object Repository/CR-DESKTOP/Collection page/product 3' is clicked on

2019-08-13 10:53:19 - [MESSAGE][PASSED] - Object: 'Object Repository/CR-DESKTOP/Collection page/product 3' is clicked on

2019-08-13 10:53:19 - [TEST_STEP][PASSED] - delay(2): Delayed 2 second(s)

2019-08-13 10:53:21 - [MESSAGE][PASSED] - Delayed 2 second(s)

2019-08-13 10:53:21 - [TEST_STEP][PASSED] - click(findTestObject("CR-DESKTOP - SPANISH/product page/verde neon")): Object: 'Object Repository/CR-DESKTOP - SPANISH/product page/verde neon' is clicked on

2019-08-13 10:53:21 - [MESSAGE][PASSED] - Object: 'Object Repository/CR-DESKTOP - SPANISH/product page/verde neon' is clicked on

2019-08-13 10:53:21 - [TEST_STEP][PASSED] - delay(2): Delayed 2 second(s)

2019-08-13 10:53:23 - [MESSAGE][PASSED] - Delayed 2 second(s)

2019-08-13 10:53:23 - [TEST_STEP][PASSED] - click(findTestObject("CR-DESKTOP/product page/Size -6")): Object: 'Object Repository/CR-DESKTOP/product page/Size -6' is clicked on

2019-08-13 10:53:23 - [MESSAGE][PASSED] - Object: 'Object Repository/CR-DESKTOP/product page/Size -6' is clicked on

2019-08-13 10:53:23 - [TEST_STEP][PASSED] - delay(2): Delayed 2 second(s)

2019-08-13 10:53:25 - [MESSAGE][PASSED] - Delayed 2 second(s)

2019-08-13 10:53:25 - [TEST_STEP][PASSED] - click(findTestObject("CR-DESKTOP - SPANISH/product page/Add to bag")): Object: 'Object Repository/CR-DESKTOP - SPANISH/product page/Add to bag' is clicked on

2019-08-13 10:53:25 - [MESSAGE][PASSED] - Object: 'Object Repository/CR-DESKTOP - SPANISH/product page/Add to bag' is clicked on

2019-08-13 10:53:25 - [TEST_STEP][PASSED] - delay(2): Delayed 2 second(s)

2019-08-13 10:53:27 - [MESSAGE][PASSED] - Delayed 2 second(s)

2019-08-13 10:53:27 - [TEST_STEP][PASSED] - a = getText(findTestObject("CR-DESKTOP/Cart flyout/Get price - subtotal")): Text of object 'Object Repository/CR-DESKTOP/Cart flyout/Get price - subtotal' is: '$26.95'

2019-08-13 10:53:27 - [MESSAGE][PASSED] - Text of object 'Object Repository/CR-DESKTOP/Cart flyout/Get price - subtotal' is: '$26.95'

2019-08-13 10:53:27 - [TEST_STEP][PASSED] - delay(2): Delayed 2 second(s)

2019-08-13 10:53:29 - [MESSAGE][PASSED] - Delayed 2 second(s)

2019-08-13 10:53:29 - [TEST_STEP][PASSED] - comment("a=" + a): a=$26.95

2019-08-13 10:53:29 - [MESSAGE][INFO] - a=$26.95

2019-08-13 10:53:29 - [TEST_STEP][PASSED] - a1 = a.substring(1): null

2019-08-13 10:53:29 - [TEST_STEP][PASSED] - comment("a1=" + a1): a1=26.95

2019-08-13 10:53:29 - [MESSAGE][INFO] - a1=26.95

2019-08-13 10:53:29 - [TEST_STEP][PASSED] - delay(2): Delayed 2 second(s)

2019-08-13 10:53:31 - [MESSAGE][PASSED] - Delayed 2 second(s)

2019-08-13 10:53:31 - [TEST_STEP][PASSED] - click(findTestObject("CR-DESKTOP/Cart flyout/cart quantity increase - cart flyout")): Object: 'Object Repository/CR-DESKTOP/Cart flyout/cart quantity increase - cart flyout' is clicked on

2019-08-13 10:53:31 - [MESSAGE][PASSED] - Object: 'Object Repository/CR-DESKTOP/Cart flyout/cart quantity increase - cart flyout' is clicked on

2019-08-13 10:53:31 - [TEST_STEP][PASSED] - delay(2): Delayed 2 second(s)

2019-08-13 10:53:33 - [MESSAGE][PASSED] - Delayed 2 second(s)

2019-08-13 10:53:33 - [TEST_STEP][PASSED] - click(findTestObject("CR-DESKTOP/Cart flyout/cart quantity increase - cart flyout")): Object: 'Object Repository/CR-DESKTOP/Cart flyout/cart quantity increase - cart flyout' is clicked on

2019-08-13 10:53:33 - [MESSAGE][PASSED] - Object: 'Object Repository/CR-DESKTOP/Cart flyout/cart quantity increase - cart flyout' is clicked on

2019-08-13 10:53:33 - [TEST_STEP][PASSED] - delay(2): Delayed 2 second(s)

2019-08-13 10:53:35 - [MESSAGE][PASSED] - Delayed 2 second(s)

2019-08-13 10:53:35 - [TEST_STEP][PASSED] - setText(findTestObject("CR-DESKTOP/Cart flyout/Input update - cart flyout"), "4"): Text '4' is set on object 'Object Repository/CR-DESKTOP/Cart flyout/Input update - cart flyout'

2019-08-13 10:53:36 - [MESSAGE][PASSED] - Text '4' is set on object 'Object Repository/CR-DESKTOP/Cart flyout/Input update - cart flyout'

2019-08-13 10:53:36 - [TEST_STEP][PASSED] - delay(2): Delayed 2 second(s)

2019-08-13 10:53:38 - [MESSAGE][PASSED] - Delayed 2 second(s)

2019-08-13 10:53:38 - [TEST_STEP][PASSED] - click(findTestObject("CR-DESKTOP/Cart flyout/click outside")): Object: 'Object Repository/CR-DESKTOP/Cart flyout/click outside' is clicked on

2019-08-13 10:53:38 - [MESSAGE][PASSED] - Object: 'Object Repository/CR-DESKTOP/Cart flyout/click outside' is clicked on

2019-08-13 10:53:38 - [TEST_STEP][PASSED] - delay(2): Delayed 2 second(s)

2019-08-13 10:53:40 - [MESSAGE][PASSED] - Delayed 2 second(s)

2019-08-13 10:53:40 - [TEST_STEP][PASSED] - b = getText(findTestObject("CR-DESKTOP/Cart flyout/Get price - subtotal")): Text of object 'Object Repository/CR-DESKTOP/Cart flyout/Get price - subtotal' is: '$86.93'

2019-08-13 10:53:40 - [MESSAGE][PASSED] - Text of object 'Object Repository/CR-DESKTOP/Cart flyout/Get price - subtotal' is: '$86.93'

2019-08-13 10:53:40 - [TEST_STEP][PASSED] - delay(2): Delayed 2 second(s)

2019-08-13 10:53:42 - [MESSAGE][PASSED] - Delayed 2 second(s)

2019-08-13 10:53:42 - [TEST_STEP][PASSED] - comment("b=" + b): b=$86.93

2019-08-13 10:53:42 - [MESSAGE][INFO] - b=$86.93

2019-08-13 10:53:42 - [TEST_STEP][PASSED] - b1 = b.substring(1): null

2019-08-13 10:53:42 - [TEST_STEP][PASSED] - comment("b1=" + b1): b1=86.93

2019-08-13 10:53:42 - [MESSAGE][INFO] - b1=86.93

2019-08-13 10:53:42 - [TEST_STEP][PASSED] - delay(2): Delayed 2 second(s)

2019-08-13 10:53:44 - [MESSAGE][PASSED] - Delayed 2 second(s)

2019-08-13 10:53:44 - [TEST_STEP][PASSED] - p1 = <not implemented yet for class: org.codehaus.groovy.ast.expr.EmptyExpression>: null

2019-08-13 10:53:44 - [TEST_STEP][PASSED] - p2 = <not implemented yet for class: org.codehaus.groovy.ast.expr.EmptyExpression>: null

2019-08-13 10:53:44 - [TEST_STEP][PASSED] - try: p1=26.95

2019-08-13 10:53:44 - [TEST_STEP][PASSED] - str = a1: null

2019-08-13 10:53:44 - [TEST_STEP][PASSED] - comment("str=" + str): str=26.95

2019-08-13 10:53:44 - [MESSAGE][INFO] - str=26.95

2019-08-13 10:53:44 - [TEST_STEP][PASSED] - p1 = Double.valueOf(str): null

2019-08-13 10:53:44 - [TEST_STEP][PASSED] - comment("p1=" + p1): p1=26.95

2019-08-13 10:53:44 - [MESSAGE][INFO] - p1=26.95

2019-08-13 10:53:44 - [TEST_STEP][PASSED] - try: p2=86.93

2019-08-13 10:53:44 - [TEST_STEP][PASSED] - str5 = b1: null

2019-08-13 10:53:44 - [TEST_STEP][PASSED] - comment("str5=" + str5): str5=86.93

2019-08-13 10:53:44 - [MESSAGE][INFO] - str5=86.93

2019-08-13 10:53:44 - [TEST_STEP][PASSED] - p2 = Double.valueOf(str5): null

2019-08-13 10:53:44 - [TEST_STEP][PASSED] - comment("p2=" + p2): p2=86.93

2019-08-13 10:53:44 - [MESSAGE][INFO] - p2=86.93

2019-08-13 10:53:44 - [TEST_STEP][PASSED] - flag = verifyNotEqual(p1, p2): Actual object '26.95' and expected object '86.93' are not equal

2019-08-13 10:53:44 - [MESSAGE][PASSED] - Actual object '26.95' and expected object '86.93' are not equal

2019-08-13 10:53:44 - [TEST_STEP][PASSED] - if (flag == true): Quantity selector working

2019-08-13 10:53:44 - [TEST_STEP][PASSED] - comment("Quantity selector working"): Quantity selector working

2019-08-13 10:53:44 - [MESSAGE][INFO] - Quantity selector working

2019-08-13 10:53:44 - [TEST_STEP][PASSED] - delay(2): Delayed 2 second(s)

2019-08-13 10:53:46 - [MESSAGE][PASSED] - Delayed 2 second(s)

2019-08-13 10:53:46 - [TEST_STEP][PASSED] - click(findTestObject("CR-DESKTOP/Cart flyout/Checkout")): Object: 'Object Repository/CR-DESKTOP/Cart flyout/Checkout' is clicked on

2019-08-13 10:53:50 - [MESSAGE][PASSED] - Object: 'Object Repository/CR-DESKTOP/Cart flyout/Checkout' is clicked on

2019-08-13 10:53:50 - [TEST_STEP][PASSED] - callTestCase(findTestCase("CALL - CUTOMER INFO PAGE"), [:], STOP_ON_FAILURE): Call Test Case 'Test Cases/CALL - CUTOMER INFO PAGE' successfully

2019-08-13 10:53:50 - [TEST_CASE][PASSED] - Test Cases/CALL - CUTOMER INFO PAGE: Test Cases/CALL - CUTOMER INFO PAGE

2019-08-13 10:53:50 - [TEST_STEP][PASSED] - setText(findTestObject("CR-DESKTOP/Customer info page/Email"), "suman@gmail.com"): Text 'suman@gmail.com' is set on object 'Object Repository/CR-DESKTOP/Customer info page/Email'

2019-08-13 10:53:51 - [MESSAGE][PASSED] - Text 'suman@gmail.com' is set on object 'Object Repository/CR-DESKTOP/Customer info page/Email'

2019-08-13 10:53:51 - [TEST_STEP][PASSED] - delay(1): Delayed 1 second(s)

2019-08-13 10:53:52 - [MESSAGE][PASSED] - Delayed 1 second(s)

2019-08-13 10:53:52 - [TEST_STEP][PASSED] - setText(findTestObject("CR-DESKTOP/Customer info page/First name"), "suman"): Text 'suman' is set on object 'Object Repository/CR-DESKTOP/Customer info page/First name'

2019-08-13 10:53:52 - [MESSAGE][PASSED] - Text 'suman' is set on object 'Object Repository/CR-DESKTOP/Customer info page/First name'

2019-08-13 10:53:52 - [TEST_STEP][PASSED] - delay(1): Delayed 1 second(s)

2019-08-13 10:53:53 - [MESSAGE][PASSED] - Delayed 1 second(s)

2019-08-13 10:53:53 - [TEST_STEP][PASSED] - setText(findTestObject("CR-DESKTOP/Customer info page/Last name"), "kompelly"): Text 'kompelly' is set on object 'Object Repository/CR-DESKTOP/Customer info page/Last name'

2019-08-13 10:53:53 - [MESSAGE][PASSED] - Text 'kompelly' is set on object 'Object Repository/CR-DESKTOP/Customer info page/Last name'

2019-08-13 10:53:53 - [TEST_STEP][PASSED] - delay(1): Delayed 1 second(s)

2019-08-13 10:53:54 - [MESSAGE][PASSED] - Delayed 1 second(s)

2019-08-13 10:53:54 - [TEST_STEP][PASSED] - setText(findTestObject("CR-DESKTOP/Customer info page/Address"), "123 saint alxendre"): Text '123 saint alxendre' is set on object 'Object Repository/CR-DESKTOP/Customer info page/Address'

2019-08-13 10:53:55 - [MESSAGE][PASSED] - Text '123 saint alxendre' is set on object 'Object Repository/CR-DESKTOP/Customer info page/Address'

2019-08-13 10:53:55 - [TEST_STEP][PASSED] - delay(1): Delayed 1 second(s)

2019-08-13 10:53:56 - [MESSAGE][PASSED] - Delayed 1 second(s)

2019-08-13 10:53:56 - [TEST_STEP][PASSED] - setText(findTestObject("CR-DESKTOP/Customer info page/apt suite"), "199"): Text '199' is set on object 'Object Repository/CR-DESKTOP/Customer info page/apt suite'

2019-08-13 10:53:56 - [MESSAGE][PASSED] - Text '199' is set on object 'Object Repository/CR-DESKTOP/Customer info page/apt suite'

2019-08-13 10:53:56 - [TEST_STEP][PASSED] - delay(1): Delayed 1 second(s)

2019-08-13 10:53:57 - [MESSAGE][PASSED] - Delayed 1 second(s)

2019-08-13 10:53:57 - [TEST_STEP][PASSED] - setText(findTestObject("CR-DESKTOP/Customer info page/City"), "montreal"): Text 'montreal' is set on object 'Object Repository/CR-DESKTOP/Customer info page/City'

2019-08-13 10:53:57 - [MESSAGE][PASSED] - Text 'montreal' is set on object 'Object Repository/CR-DESKTOP/Customer info page/City'

2019-08-13 10:53:57 - [TEST_STEP][PASSED] - delay(1): Delayed 1 second(s)

2019-08-13 10:53:58 - [MESSAGE][PASSED] - Delayed 1 second(s)

2019-08-13 10:53:58 - [TEST_STEP][PASSED] - selectOptionByValue(findTestObject("CR-DESKTOP/Customer info page/state dropdown"), "NJ", true): All options with value 'NJ' are selected in object 'Object Repository/CR-DESKTOP/Customer info page/state dropdown'  using regular expression

2019-08-13 10:53:59 - [MESSAGE][PASSED] - All options with value 'NJ' are selected in object 'Object Repository/CR-DESKTOP/Customer info page/state dropdown'  using regular expression

2019-08-13 10:53:59 - [TEST_STEP][PASSED] - delay(1): Delayed 1 second(s)

2019-08-13 10:54:00 - [MESSAGE][PASSED] - Delayed 1 second(s)

2019-08-13 10:54:00 - [TEST_STEP][PASSED] - setText(findTestObject("CR-DESKTOP/Customer info page/Zip code"), "07057"): Text '07057' is set on object 'Object Repository/CR-DESKTOP/Customer info page/Zip code'

2019-08-13 10:54:00 - [MESSAGE][PASSED] - Text '07057' is set on object 'Object Repository/CR-DESKTOP/Customer info page/Zip code'

2019-08-13 10:54:00 - [MESSAGE][PASSED] - Call Test Case 'Test Cases/CALL - CUTOMER INFO PAGE' successfully

2019-08-13 10:54:00 - [TEST_STEP][FAILED] - callTestCase(findTestCase("CALL- SHIPPING TO PAYMENT"), [:], STOP_ON_FAILURE): callTestCase(findTestCase("CALL- SHIPPING TO PAYMENT"), [:], STOP_ON_FAILURE) FAILED.
Reason:
com.kms.katalon.core.exception.StepFailedException: Unable to verify text 'payment' is present  (Root cause: com.kms.katalon.core.exception.StepFailedException: Text 'payment' is not present on page )
	at com.kms.katalon.core.keyword.internal.KeywordMain.stepFailed(KeywordMain.groovy:36)
	at com.kms.katalon.core.webui.keyword.internal.WebUIKeywordMain.stepFailed(WebUIKeywordMain.groovy:65)
	at com.kms.katalon.core.webui.keyword.internal.WebUIKeywordMain.runKeyword(WebUIKeywordMain.groovy:27)
	at com.kms.katalon.core.webui.keyword.builtin.VerifyTextPresentKeyword.verifyTextPresent(VerifyTextPresentKeyword.groovy:83)
	at com.kms.katalon.core.webui.keyword.builtin.VerifyTextPresentKeyword.execute(VerifyTextPresentKeyword.groovy:68)
	at com.kms.katalon.core.keyword.internal.KeywordExecutor.executeKeywordForPlatform(KeywordExecutor.groovy:53)
	at com.kms.katalon.core.webui.keyword.WebUiBuiltInKeywords.verifyTextPresent(WebUiBuiltInKeywords.groovy:1693)
	at com.kms.katalon.core.webui.keyword.WebUiBuiltInKeywords$verifyTextPresent$7.call(Unknown Source)
	at CALL- SHIPPING TO PAYMENT.run(CALL- SHIPPING TO PAYMENT:24)
	at com.kms.katalon.core.main.ScriptEngine.run(ScriptEngine.java:194)
	at com.kms.katalon.core.main.ScriptEngine.runScriptAsRawText(ScriptEngine.java:119)
	at com.kms.katalon.core.main.TestCaseExecutor.runScript(TestCaseExecutor.java:328)
	at com.kms.katalon.core.main.TestCaseExecutor.doExecute(TestCaseExecutor.java:319)
	at com.kms.katalon.core.main.TestCaseExecutor.processExecutionPhase(TestCaseExecutor.java:298)
	at com.kms.katalon.core.main.TestCaseExecutor.accessMainPhase(TestCaseExecutor.java:290)
	at com.kms.katalon.core.main.TestCaseExecutor.execute(TestCaseExecutor.java:224)
	at com.kms.katalon.core.main.TestCaseMain.runTestCase(TestCaseMain.java:106)
	at com.kms.katalon.core.keyword.builtin.CallTestCaseKeyword$_callTestCase_closure1.doCall(CallTestCaseKeyword.groovy:59)
	at com.kms.katalon.core.keyword.builtin.CallTestCaseKeyword$_callTestCase_closure1.call(CallTestCaseKeyword.groovy)
	at com.kms.katalon.core.keyword.internal.KeywordMain.runKeyword(KeywordMain.groovy:54)
	at com.kms.katalon.core.keyword.builtin.CallTestCaseKeyword.callTestCase(CallTestCaseKeyword.groovy:80)
	at com.kms.katalon.core.keyword.builtin.CallTestCaseKeyword.execute(CallTestCaseKeyword.groovy:44)
	at com.kms.katalon.core.keyword.internal.KeywordExecutor.executeKeywordForPlatform(KeywordExecutor.groovy:53)
	at com.kms.katalon.core.keyword.BuiltinKeywords.callTestCase(BuiltinKeywords.groovy:334)
	at Increase quantity - cart flyout.run(Increase quantity - cart flyout:127)
	at com.kms.katalon.core.main.ScriptEngine.run(ScriptEngine.java:194)
	at com.kms.katalon.core.main.ScriptEngine.runScriptAsRawText(ScriptEngine.java:119)
	at com.kms.katalon.core.main.TestCaseExecutor.runScript(TestCaseExecutor.java:328)
	at com.kms.katalon.core.main.TestCaseExecutor.doExecute(TestCaseExecutor.java:319)
	at com.kms.katalon.core.main.TestCaseExecutor.processExecutionPhase(TestCaseExecutor.java:298)
	at com.kms.katalon.core.main.TestCaseExecutor.accessMainPhase(TestCaseExecutor.java:290)
	at com.kms.katalon.core.main.TestCaseExecutor.execute(TestCaseExecutor.java:224)
	at com.kms.katalon.core.main.TestSuiteExecutor.accessTestCaseMainPhase(TestSuiteExecutor.java:129)
	at com.kms.katalon.core.main.TestSuiteExecutor.accessTestSuiteMainPhase(TestSuiteExecutor.java:112)
	at com.kms.katalon.core.main.TestSuiteExecutor.execute(TestSuiteExecutor.java:81)
	at com.kms.katalon.core.main.TestCaseMain.startTestSuite(TestCaseMain.java:149)
	at com.kms.katalon.core.main.TestCaseMain$startTestSuite$0.call(Unknown Source)
	at TempTestSuite1565707895630.run(TempTestSuite1565707895630.groovy:36)


2019-08-13 10:54:00 - [TEST_CASE][FAILED] - Test Cases/CALL- SHIPPING TO PAYMENT: Test Cases/CALL- SHIPPING TO PAYMENT FAILED.
Reason:
com.kms.katalon.core.exception.StepFailedException: Unable to verify text 'payment' is present  (Root cause: com.kms.katalon.core.exception.StepFailedException: Text 'payment' is not present on page )
	at com.kms.katalon.core.keyword.internal.KeywordMain.stepFailed(KeywordMain.groovy:36)
	at com.kms.katalon.core.webui.keyword.internal.WebUIKeywordMain.stepFailed(WebUIKeywordMain.groovy:65)
	at com.kms.katalon.core.webui.keyword.internal.WebUIKeywordMain.runKeyword(WebUIKeywordMain.groovy:27)
	at com.kms.katalon.core.webui.keyword.builtin.VerifyTextPresentKeyword.verifyTextPresent(VerifyTextPresentKeyword.groovy:83)
	at com.kms.katalon.core.webui.keyword.builtin.VerifyTextPresentKeyword.execute(VerifyTextPresentKeyword.groovy:68)
	at com.kms.katalon.core.keyword.internal.KeywordExecutor.executeKeywordForPlatform(KeywordExecutor.groovy:53)
	at com.kms.katalon.core.webui.keyword.WebUiBuiltInKeywords.verifyTextPresent(WebUiBuiltInKeywords.groovy:1693)
	at com.kms.katalon.core.webui.keyword.WebUiBuiltInKeywords$verifyTextPresent$7.call(Unknown Source)
	at CALL- SHIPPING TO PAYMENT.run(CALL- SHIPPING TO PAYMENT:24)
	at com.kms.katalon.core.main.ScriptEngine.run(ScriptEngine.java:194)
	at com.kms.katalon.core.main.ScriptEngine.runScriptAsRawText(ScriptEngine.java:119)
	at com.kms.katalon.core.main.TestCaseExecutor.runScript(TestCaseExecutor.java:328)
	at com.kms.katalon.core.main.TestCaseExecutor.doExecute(TestCaseExecutor.java:319)
	at com.kms.katalon.core.main.TestCaseExecutor.processExecutionPhase(TestCaseExecutor.java:298)
	at com.kms.katalon.core.main.TestCaseExecutor.accessMainPhase(TestCaseExecutor.java:290)
	at com.kms.katalon.core.main.TestCaseExecutor.execute(TestCaseExecutor.java:224)
	at com.kms.katalon.core.main.TestCaseMain.runTestCase(TestCaseMain.java:106)
	at com.kms.katalon.core.keyword.builtin.CallTestCaseKeyword$_callTestCase_closure1.doCall(CallTestCaseKeyword.groovy:59)
	at com.kms.katalon.core.keyword.builtin.CallTestCaseKeyword$_callTestCase_closure1.call(CallTestCaseKeyword.groovy)
	at com.kms.katalon.core.keyword.internal.KeywordMain.runKeyword(KeywordMain.groovy:54)
	at com.kms.katalon.core.keyword.builtin.CallTestCaseKeyword.callTestCase(CallTestCaseKeyword.groovy:80)
	at com.kms.katalon.core.keyword.builtin.CallTestCaseKeyword.execute(CallTestCaseKeyword.groovy:44)
	at com.kms.katalon.core.keyword.internal.KeywordExecutor.executeKeywordForPlatform(KeywordExecutor.groovy:53)
	at com.kms.katalon.core.keyword.BuiltinKeywords.callTestCase(BuiltinKeywords.groovy:334)
	at Increase quantity - cart flyout.run(Increase quantity - cart flyout:127)
	at com.kms.katalon.core.main.ScriptEngine.run(ScriptEngine.java:194)
	at com.kms.katalon.core.main.ScriptEngine.runScriptAsRawText(ScriptEngine.java:119)
	at com.kms.katalon.core.main.TestCaseExecutor.runScript(TestCaseExecutor.java:328)
	at com.kms.katalon.core.main.TestCaseExecutor.doExecute(TestCaseExecutor.java:319)
	at com.kms.katalon.core.main.TestCaseExecutor.processExecutionPhase(TestCaseExecutor.java:298)
	at com.kms.katalon.core.main.TestCaseExecutor.accessMainPhase(TestCaseExecutor.java:290)
	at com.kms.katalon.core.main.TestCaseExecutor.execute(TestCaseExecutor.java:224)
	at com.kms.katalon.core.main.TestSuiteExecutor.accessTestCaseMainPhase(TestSuiteExecutor.java:129)
	at com.kms.katalon.core.main.TestSuiteExecutor.accessTestSuiteMainPhase(TestSuiteExecutor.java:112)
	at com.kms.katalon.core.main.TestSuiteExecutor.execute(TestSuiteExecutor.java:81)
	at com.kms.katalon.core.main.TestCaseMain.startTestSuite(TestCaseMain.java:149)
	at com.kms.katalon.core.main.TestCaseMain$startTestSuite$0.call(Unknown Source)
	at TempTestSuite1565707895630.run(TempTestSuite1565707895630.groovy:36)


2019-08-13 10:54:00 - [TEST_STEP][PASSED] - click(findTestObject("CR-DESKTOP/Customer info page/Continue to shipping")): Object: 'Object Repository/CR-DESKTOP/Customer info page/Continue to shipping' is clicked on

2019-08-13 10:54:01 - [MESSAGE][PASSED] - Object: 'Object Repository/CR-DESKTOP/Customer info page/Continue to shipping' is clicked on

2019-08-13 10:54:01 - [TEST_STEP][PASSED] - delay(2): Delayed 2 second(s)

2019-08-13 10:54:03 - [MESSAGE][PASSED] - Delayed 2 second(s)

2019-08-13 10:54:03 - [TEST_STEP][PASSED] - click(findTestObject("CR-DESKTOP/Payment page/Continue to payment")): Object: 'Object Repository/CR-DESKTOP/Payment page/Continue to payment' is clicked on

2019-08-13 10:54:08 - [MESSAGE][PASSED] - Object: 'Object Repository/CR-DESKTOP/Payment page/Continue to payment' is clicked on

2019-08-13 10:54:08 - [TEST_STEP][PASSED] - delay(2): Delayed 2 second(s)

2019-08-13 10:54:10 - [MESSAGE][PASSED] - Delayed 2 second(s)

2019-08-13 10:54:10 - [TEST_STEP][FAILED] - verifyTextPresent("payment", false): verifyTextPresent("payment", false) FAILED.
Reason:
com.kms.katalon.core.exception.StepFailedException: Unable to verify text 'payment' is present  (Root cause: com.kms.katalon.core.exception.StepFailedException: Text 'payment' is not present on page )
	at com.kms.katalon.core.keyword.internal.KeywordMain.stepFailed(KeywordMain.groovy:36)
	at com.kms.katalon.core.webui.keyword.internal.WebUIKeywordMain.stepFailed(WebUIKeywordMain.groovy:65)
	at com.kms.katalon.core.webui.keyword.internal.WebUIKeywordMain.runKeyword(WebUIKeywordMain.groovy:27)
	at com.kms.katalon.core.webui.keyword.builtin.VerifyTextPresentKeyword.verifyTextPresent(VerifyTextPresentKeyword.groovy:83)
	at com.kms.katalon.core.webui.keyword.builtin.VerifyTextPresentKeyword.execute(VerifyTextPresentKeyword.groovy:68)
	at com.kms.katalon.core.keyword.internal.KeywordExecutor.executeKeywordForPlatform(KeywordExecutor.groovy:53)
	at com.kms.katalon.core.webui.keyword.WebUiBuiltInKeywords.verifyTextPresent(WebUiBuiltInKeywords.groovy:1693)
	at com.kms.katalon.core.webui.keyword.WebUiBuiltInKeywords$verifyTextPresent$7.call(Unknown Source)
	at CALL- SHIPPING TO PAYMENT.run(CALL- SHIPPING TO PAYMENT:24)
	at com.kms.katalon.core.main.ScriptEngine.run(ScriptEngine.java:194)
	at com.kms.katalon.core.main.ScriptEngine.runScriptAsRawText(ScriptEngine.java:119)
	at com.kms.katalon.core.main.TestCaseExecutor.runScript(TestCaseExecutor.java:328)
	at com.kms.katalon.core.main.TestCaseExecutor.doExecute(TestCaseExecutor.java:319)
	at com.kms.katalon.core.main.TestCaseExecutor.processExecutionPhase(TestCaseExecutor.java:298)
	at com.kms.katalon.core.main.TestCaseExecutor.accessMainPhase(TestCaseExecutor.java:290)
	at com.kms.katalon.core.main.TestCaseExecutor.execute(TestCaseExecutor.java:224)
	at com.kms.katalon.core.main.TestCaseMain.runTestCase(TestCaseMain.java:106)
	at com.kms.katalon.core.keyword.builtin.CallTestCaseKeyword$_callTestCase_closure1.doCall(CallTestCaseKeyword.groovy:59)
	at com.kms.katalon.core.keyword.builtin.CallTestCaseKeyword$_callTestCase_closure1.call(CallTestCaseKeyword.groovy)
	at com.kms.katalon.core.keyword.internal.KeywordMain.runKeyword(KeywordMain.groovy:54)
	at com.kms.katalon.core.keyword.builtin.CallTestCaseKeyword.callTestCase(CallTestCaseKeyword.groovy:80)
	at com.kms.katalon.core.keyword.builtin.CallTestCaseKeyword.execute(CallTestCaseKeyword.groovy:44)
	at com.kms.katalon.core.keyword.internal.KeywordExecutor.executeKeywordForPlatform(KeywordExecutor.groovy:53)
	at com.kms.katalon.core.keyword.BuiltinKeywords.callTestCase(BuiltinKeywords.groovy:334)
	at Increase quantity - cart flyout.run(Increase quantity - cart flyout:127)
	at com.kms.katalon.core.main.ScriptEngine.run(ScriptEngine.java:194)
	at com.kms.katalon.core.main.ScriptEngine.runScriptAsRawText(ScriptEngine.java:119)
	at com.kms.katalon.core.main.TestCaseExecutor.runScript(TestCaseExecutor.java:328)
	at com.kms.katalon.core.main.TestCaseExecutor.doExecute(TestCaseExecutor.java:319)
	at com.kms.katalon.core.main.TestCaseExecutor.processExecutionPhase(TestCaseExecutor.java:298)
	at com.kms.katalon.core.main.TestCaseExecutor.accessMainPhase(TestCaseExecutor.java:290)
	at com.kms.katalon.core.main.TestCaseExecutor.execute(TestCaseExecutor.java:224)
	at com.kms.katalon.core.main.TestSuiteExecutor.accessTestCaseMainPhase(TestSuiteExecutor.java:129)
	at com.kms.katalon.core.main.TestSuiteExecutor.accessTestSuiteMainPhase(TestSuiteExecutor.java:112)
	at com.kms.katalon.core.main.TestSuiteExecutor.execute(TestSuiteExecutor.java:81)
	at com.kms.katalon.core.main.TestCaseMain.startTestSuite(TestCaseMain.java:149)
	at com.kms.katalon.core.main.TestCaseMain$startTestSuite$0.call(Unknown Source)
	at TempTestSuite1565707895630.run(TempTestSuite1565707895630.groovy:36)


2019-08-13 10:54:10 - [MESSAGE][FAILED] - Text 'payment' is not present on page 

2019-08-13 10:54:11 - [MESSAGE][FAILED] - Unable to verify text 'payment' is present  (Root cause: com.kms.katalon.core.exception.StepFailedException: Text 'payment' is not present on page )
[[ATTACHMENT|/Users/sumankompelly/git/CR-Desktop/Reports/suite-chrome/20190813_105135/1565708050752.png]]

2019-08-13 10:54:11 - [MESSAGE][FAILED] - verifyTextPresent("payment", false) FAILED.
Reason:
com.kms.katalon.core.exception.StepFailedException: Unable to verify text 'payment' is present  (Root cause: com.kms.katalon.core.exception.StepFailedException: Text 'payment' is not present on page )
	at com.kms.katalon.core.keyword.internal.KeywordMain.stepFailed(KeywordMain.groovy:36)
	at com.kms.katalon.core.webui.keyword.internal.WebUIKeywordMain.stepFailed(WebUIKeywordMain.groovy:65)
	at com.kms.katalon.core.webui.keyword.internal.WebUIKeywordMain.runKeyword(WebUIKeywordMain.groovy:27)
	at com.kms.katalon.core.webui.keyword.builtin.VerifyTextPresentKeyword.verifyTextPresent(VerifyTextPresentKeyword.groovy:83)
	at com.kms.katalon.core.webui.keyword.builtin.VerifyTextPresentKeyword.execute(VerifyTextPresentKeyword.groovy:68)
	at com.kms.katalon.core.keyword.internal.KeywordExecutor.executeKeywordForPlatform(KeywordExecutor.groovy:53)
	at com.kms.katalon.core.webui.keyword.WebUiBuiltInKeywords.verifyTextPresent(WebUiBuiltInKeywords.groovy:1693)
	at com.kms.katalon.core.webui.keyword.WebUiBuiltInKeywords$verifyTextPresent$7.call(Unknown Source)
	at CALL- SHIPPING TO PAYMENT.run(CALL- SHIPPING TO PAYMENT:24)
	at com.kms.katalon.core.main.ScriptEngine.run(ScriptEngine.java:194)
	at com.kms.katalon.core.main.ScriptEngine.runScriptAsRawText(ScriptEngine.java:119)
	at com.kms.katalon.core.main.TestCaseExecutor.runScript(TestCaseExecutor.java:328)
	at com.kms.katalon.core.main.TestCaseExecutor.doExecute(TestCaseExecutor.java:319)
	at com.kms.katalon.core.main.TestCaseExecutor.processExecutionPhase(TestCaseExecutor.java:298)
	at com.kms.katalon.core.main.TestCaseExecutor.accessMainPhase(TestCaseExecutor.java:290)
	at com.kms.katalon.core.main.TestCaseExecutor.execute(TestCaseExecutor.java:224)
	at com.kms.katalon.core.main.TestCaseMain.runTestCase(TestCaseMain.java:106)
	at com.kms.katalon.core.keyword.builtin.CallTestCaseKeyword$_callTestCase_closure1.doCall(CallTestCaseKeyword.groovy:59)
	at com.kms.katalon.core.keyword.builtin.CallTestCaseKeyword$_callTestCase_closure1.call(CallTestCaseKeyword.groovy)
	at com.kms.katalon.core.keyword.internal.KeywordMain.runKeyword(KeywordMain.groovy:54)
	at com.kms.katalon.core.keyword.builtin.CallTestCaseKeyword.callTestCase(CallTestCaseKeyword.groovy:80)
	at com.kms.katalon.core.keyword.builtin.CallTestCaseKeyword.execute(CallTestCaseKeyword.groovy:44)
	at com.kms.katalon.core.keyword.internal.KeywordExecutor.executeKeywordForPlatform(KeywordExecutor.groovy:53)
	at com.kms.katalon.core.keyword.BuiltinKeywords.callTestCase(BuiltinKeywords.groovy:334)
	at Increase quantity - cart flyout.run(Increase quantity - cart flyout:127)
	at com.kms.katalon.core.main.ScriptEngine.run(ScriptEngine.java:194)
	at com.kms.katalon.core.main.ScriptEngine.runScriptAsRawText(ScriptEngine.java:119)
	at com.kms.katalon.core.main.TestCaseExecutor.runScript(TestCaseExecutor.java:328)
	at com.kms.katalon.core.main.TestCaseExecutor.doExecute(TestCaseExecutor.java:319)
	at com.kms.katalon.core.main.TestCaseExecutor.processExecutionPhase(TestCaseExecutor.java:298)
	at com.kms.katalon.core.main.TestCaseExecutor.accessMainPhase(TestCaseExecutor.java:290)
	at com.kms.katalon.core.main.TestCaseExecutor.execute(TestCaseExecutor.java:224)
	at com.kms.katalon.core.main.TestSuiteExecutor.accessTestCaseMainPhase(TestSuiteExecutor.java:129)
	at com.kms.katalon.core.main.TestSuiteExecutor.accessTestSuiteMainPhase(TestSuiteExecutor.java:112)
	at com.kms.katalon.core.main.TestSuiteExecutor.execute(TestSuiteExecutor.java:81)
	at com.kms.katalon.core.main.TestCaseMain.startTestSuite(TestCaseMain.java:149)
	at com.kms.katalon.core.main.TestCaseMain$startTestSuite$0.call(Unknown Source)
	at TempTestSuite1565707895630.run(TempTestSuite1565707895630.groovy:36)


2019-08-13 10:54:11 - [MESSAGE][FAILED] - Unable to call Test Case 'Test Cases/CALL- SHIPPING TO PAYMENT' (Root cause: com.kms.katalon.core.exception.StepFailedException: Call Test Case 'Test Cases/CALL- SHIPPING TO PAYMENT' failed)

2019-08-13 10:54:11 - [MESSAGE][FAILED] - callTestCase(findTestCase("CALL- SHIPPING TO PAYMENT"), [:], STOP_ON_FAILURE) FAILED.
Reason:
com.kms.katalon.core.exception.StepFailedException: Unable to verify text 'payment' is present  (Root cause: com.kms.katalon.core.exception.StepFailedException: Text 'payment' is not present on page )
	at com.kms.katalon.core.keyword.internal.KeywordMain.stepFailed(KeywordMain.groovy:36)
	at com.kms.katalon.core.webui.keyword.internal.WebUIKeywordMain.stepFailed(WebUIKeywordMain.groovy:65)
	at com.kms.katalon.core.webui.keyword.internal.WebUIKeywordMain.runKeyword(WebUIKeywordMain.groovy:27)
	at com.kms.katalon.core.webui.keyword.builtin.VerifyTextPresentKeyword.verifyTextPresent(VerifyTextPresentKeyword.groovy:83)
	at com.kms.katalon.core.webui.keyword.builtin.VerifyTextPresentKeyword.execute(VerifyTextPresentKeyword.groovy:68)
	at com.kms.katalon.core.keyword.internal.KeywordExecutor.executeKeywordForPlatform(KeywordExecutor.groovy:53)
	at com.kms.katalon.core.webui.keyword.WebUiBuiltInKeywords.verifyTextPresent(WebUiBuiltInKeywords.groovy:1693)
	at com.kms.katalon.core.webui.keyword.WebUiBuiltInKeywords$verifyTextPresent$7.call(Unknown Source)
	at CALL- SHIPPING TO PAYMENT.run(CALL- SHIPPING TO PAYMENT:24)
	at com.kms.katalon.core.main.ScriptEngine.run(ScriptEngine.java:194)
	at com.kms.katalon.core.main.ScriptEngine.runScriptAsRawText(ScriptEngine.java:119)
	at com.kms.katalon.core.main.TestCaseExecutor.runScript(TestCaseExecutor.java:328)
	at com.kms.katalon.core.main.TestCaseExecutor.doExecute(TestCaseExecutor.java:319)
	at com.kms.katalon.core.main.TestCaseExecutor.processExecutionPhase(TestCaseExecutor.java:298)
	at com.kms.katalon.core.main.TestCaseExecutor.accessMainPhase(TestCaseExecutor.java:290)
	at com.kms.katalon.core.main.TestCaseExecutor.execute(TestCaseExecutor.java:224)
	at com.kms.katalon.core.main.TestCaseMain.runTestCase(TestCaseMain.java:106)
	at com.kms.katalon.core.keyword.builtin.CallTestCaseKeyword$_callTestCase_closure1.doCall(CallTestCaseKeyword.groovy:59)
	at com.kms.katalon.core.keyword.builtin.CallTestCaseKeyword$_callTestCase_closure1.call(CallTestCaseKeyword.groovy)
	at com.kms.katalon.core.keyword.internal.KeywordMain.runKeyword(KeywordMain.groovy:54)
	at com.kms.katalon.core.keyword.builtin.CallTestCaseKeyword.callTestCase(CallTestCaseKeyword.groovy:80)
	at com.kms.katalon.core.keyword.builtin.CallTestCaseKeyword.execute(CallTestCaseKeyword.groovy:44)
	at com.kms.katalon.core.keyword.internal.KeywordExecutor.executeKeywordForPlatform(KeywordExecutor.groovy:53)
	at com.kms.katalon.core.keyword.BuiltinKeywords.callTestCase(BuiltinKeywords.groovy:334)
	at Increase quantity - cart flyout.run(Increase quantity - cart flyout:127)
	at com.kms.katalon.core.main.ScriptEngine.run(ScriptEngine.java:194)
	at com.kms.katalon.core.main.ScriptEngine.runScriptAsRawText(ScriptEngine.java:119)
	at com.kms.katalon.core.main.TestCaseExecutor.runScript(TestCaseExecutor.java:328)
	at com.kms.katalon.core.main.TestCaseExecutor.doExecute(TestCaseExecutor.java:319)
	at com.kms.katalon.core.main.TestCaseExecutor.processExecutionPhase(TestCaseExecutor.java:298)
	at com.kms.katalon.core.main.TestCaseExecutor.accessMainPhase(TestCaseExecutor.java:290)
	at com.kms.katalon.core.main.TestCaseExecutor.execute(TestCaseExecutor.java:224)
	at com.kms.katalon.core.main.TestSuiteExecutor.accessTestCaseMainPhase(TestSuiteExecutor.java:129)
	at com.kms.katalon.core.main.TestSuiteExecutor.accessTestSuiteMainPhase(TestSuiteExecutor.java:112)
	at com.kms.katalon.core.main.TestSuiteExecutor.execute(TestSuiteExecutor.java:81)
	at com.kms.katalon.core.main.TestCaseMain.startTestSuite(TestCaseMain.java:149)
	at com.kms.katalon.core.main.TestCaseMain$startTestSuite$0.call(Unknown Source)
	at TempTestSuite1565707895630.run(TempTestSuite1565707895630.groovy:36)]]></system-out>
         <system-err><![CDATA[2019-08-13 10:52:57 - [TEST_CASE][FAILED] - Test Cases/CRITICAL PATH - SPANISH/Increase quantity - cart flyout: Test Cases/CRITICAL PATH - SPANISH/Increase quantity - cart flyout FAILED.
Reason:
com.kms.katalon.core.exception.StepFailedException: Unable to verify text 'payment' is present  (Root cause: com.kms.katalon.core.exception.StepFailedException: Text 'payment' is not present on page )
	at com.kms.katalon.core.keyword.internal.KeywordMain.stepFailed(KeywordMain.groovy:36)
	at com.kms.katalon.core.webui.keyword.internal.WebUIKeywordMain.stepFailed(WebUIKeywordMain.groovy:65)
	at com.kms.katalon.core.webui.keyword.internal.WebUIKeywordMain.runKeyword(WebUIKeywordMain.groovy:27)
	at com.kms.katalon.core.webui.keyword.builtin.VerifyTextPresentKeyword.verifyTextPresent(VerifyTextPresentKeyword.groovy:83)
	at com.kms.katalon.core.webui.keyword.builtin.VerifyTextPresentKeyword.execute(VerifyTextPresentKeyword.groovy:68)
	at com.kms.katalon.core.keyword.internal.KeywordExecutor.executeKeywordForPlatform(KeywordExecutor.groovy:53)
	at com.kms.katalon.core.webui.keyword.WebUiBuiltInKeywords.verifyTextPresent(WebUiBuiltInKeywords.groovy:1693)
	at com.kms.katalon.core.webui.keyword.WebUiBuiltInKeywords$verifyTextPresent$7.call(Unknown Source)
	at CALL- SHIPPING TO PAYMENT.run(CALL- SHIPPING TO PAYMENT:24)
	at com.kms.katalon.core.main.ScriptEngine.run(ScriptEngine.java:194)
	at com.kms.katalon.core.main.ScriptEngine.runScriptAsRawText(ScriptEngine.java:119)
	at com.kms.katalon.core.main.TestCaseExecutor.runScript(TestCaseExecutor.java:328)
	at com.kms.katalon.core.main.TestCaseExecutor.doExecute(TestCaseExecutor.java:319)
	at com.kms.katalon.core.main.TestCaseExecutor.processExecutionPhase(TestCaseExecutor.java:298)
	at com.kms.katalon.core.main.TestCaseExecutor.accessMainPhase(TestCaseExecutor.java:290)
	at com.kms.katalon.core.main.TestCaseExecutor.execute(TestCaseExecutor.java:224)
	at com.kms.katalon.core.main.TestCaseMain.runTestCase(TestCaseMain.java:106)
	at com.kms.katalon.core.keyword.builtin.CallTestCaseKeyword$_callTestCase_closure1.doCall(CallTestCaseKeyword.groovy:59)
	at com.kms.katalon.core.keyword.builtin.CallTestCaseKeyword$_callTestCase_closure1.call(CallTestCaseKeyword.groovy)
	at com.kms.katalon.core.keyword.internal.KeywordMain.runKeyword(KeywordMain.groovy:54)
	at com.kms.katalon.core.keyword.builtin.CallTestCaseKeyword.callTestCase(CallTestCaseKeyword.groovy:80)
	at com.kms.katalon.core.keyword.builtin.CallTestCaseKeyword.execute(CallTestCaseKeyword.groovy:44)
	at com.kms.katalon.core.keyword.internal.KeywordExecutor.executeKeywordForPlatform(KeywordExecutor.groovy:53)
	at com.kms.katalon.core.keyword.BuiltinKeywords.callTestCase(BuiltinKeywords.groovy:334)
	at Increase quantity - cart flyout.run(Increase quantity - cart flyout:127)
	at com.kms.katalon.core.main.ScriptEngine.run(ScriptEngine.java:194)
	at com.kms.katalon.core.main.ScriptEngine.runScriptAsRawText(ScriptEngine.java:119)
	at com.kms.katalon.core.main.TestCaseExecutor.runScript(TestCaseExecutor.java:328)
	at com.kms.katalon.core.main.TestCaseExecutor.doExecute(TestCaseExecutor.java:319)
	at com.kms.katalon.core.main.TestCaseExecutor.processExecutionPhase(TestCaseExecutor.java:298)
	at com.kms.katalon.core.main.TestCaseExecutor.accessMainPhase(TestCaseExecutor.java:290)
	at com.kms.katalon.core.main.TestCaseExecutor.execute(TestCaseExecutor.java:224)
	at com.kms.katalon.core.main.TestSuiteExecutor.accessTestCaseMainPhase(TestSuiteExecutor.java:129)
	at com.kms.katalon.core.main.TestSuiteExecutor.accessTestSuiteMainPhase(TestSuiteExecutor.java:112)
	at com.kms.katalon.core.main.TestSuiteExecutor.execute(TestSuiteExecutor.java:81)
	at com.kms.katalon.core.main.TestCaseMain.startTestSuite(TestCaseMain.java:149)
	at com.kms.katalon.core.main.TestCaseMain$startTestSuite$0.call(Unknown Source)
	at TempTestSuite1565707895630.run(TempTestSuite1565707895630.groovy:36)]]></system-err>
      </testcase>
      <testcase name="Test Cases/CRITICAL PATH - SPANISH/Quick add" classname="Test Cases/CRITICAL PATH - SPANISH/Quick add" status="FAILED">
         <failure type="FAILED" message="Test Cases/CRITICAL PATH - SPANISH/Quick add FAILED.
Reason:
com.kms.katalon.core.exception.StepFailedException: Unable to set text 'suman@gmail.com' of object 'Object Repository/CR-DESKTOP/Customer info page/Email' (Root cause: com.kms.katalon.core.webui.exception.WebElementNotFoundException: Web element with id: 'Object Repository/CR-DESKTOP/Customer info page/Email' located by 'By.xpath: //input[@id='checkout_email']' not found)
	at com.kms.katalon.core.keyword.internal.KeywordMain.stepFailed(KeywordMain.groovy:36)
	at com.kms.katalon.core.webui.keyword.internal.WebUIKeywordMain.stepFailed(WebUIKeywordMain.groovy:65)
	at com.kms.katalon.core.webui.keyword.internal.WebUIKeywordMain.runKeyword(WebUIKeywordMain.groovy:27)
	at com.kms.katalon.core.webui.keyword.builtin.SetTextKeyword.setText(SetTextKeyword.groovy:65)
	at com.kms.katalon.core.webui.keyword.builtin.SetTextKeyword.execute(SetTextKeyword.groovy:37)
	at com.kms.katalon.core.keyword.internal.KeywordExecutor.executeKeywordForPlatform(KeywordExecutor.groovy:53)
	at com.kms.katalon.core.webui.keyword.WebUiBuiltInKeywords.setText(WebUiBuiltInKeywords.groovy:950)
	at com.kms.katalon.core.webui.keyword.WebUiBuiltInKeywords$setText$5.call(Unknown Source)
	at CALL - CUTOMER INFO PAGE.run(CALL - CUTOMER INFO PAGE:16)
	at com.kms.katalon.core.main.ScriptEngine.run(ScriptEngine.java:194)
	at com.kms.katalon.core.main.ScriptEngine.runScriptAsRawText(ScriptEngine.java:119)
	at com.kms.katalon.core.main.TestCaseExecutor.runScript(TestCaseExecutor.java:328)
	at com.kms.katalon.core.main.TestCaseExecutor.doExecute(TestCaseExecutor.java:319)
	at com.kms.katalon.core.main.TestCaseExecutor.processExecutionPhase(TestCaseExecutor.java:298)
	at com.kms.katalon.core.main.TestCaseExecutor.accessMainPhase(TestCaseExecutor.java:290)
	at com.kms.katalon.core.main.TestCaseExecutor.execute(TestCaseExecutor.java:224)
	at com.kms.katalon.core.main.TestCaseMain.runTestCase(TestCaseMain.java:106)
	at com.kms.katalon.core.keyword.builtin.CallTestCaseKeyword$_callTestCase_closure1.doCall(CallTestCaseKeyword.groovy:59)
	at com.kms.katalon.core.keyword.builtin.CallTestCaseKeyword$_callTestCase_closure1.call(CallTestCaseKeyword.groovy)
	at com.kms.katalon.core.keyword.internal.KeywordMain.runKeyword(KeywordMain.groovy:54)
	at com.kms.katalon.core.keyword.builtin.CallTestCaseKeyword.callTestCase(CallTestCaseKeyword.groovy:80)
	at com.kms.katalon.core.keyword.builtin.CallTestCaseKeyword.execute(CallTestCaseKeyword.groovy:44)
	at com.kms.katalon.core.keyword.internal.KeywordExecutor.executeKeywordForPlatform(KeywordExecutor.groovy:53)
	at com.kms.katalon.core.keyword.BuiltinKeywords.callTestCase(BuiltinKeywords.groovy:334)
	at Quick add.run(Quick add:42)
	at com.kms.katalon.core.main.ScriptEngine.run(ScriptEngine.java:194)
	at com.kms.katalon.core.main.ScriptEngine.runScriptAsRawText(ScriptEngine.java:119)
	at com.kms.katalon.core.main.TestCaseExecutor.runScript(TestCaseExecutor.java:328)
	at com.kms.katalon.core.main.TestCaseExecutor.doExecute(TestCaseExecutor.java:319)
	at com.kms.katalon.core.main.TestCaseExecutor.processExecutionPhase(TestCaseExecutor.java:298)
	at com.kms.katalon.core.main.TestCaseExecutor.accessMainPhase(TestCaseExecutor.java:290)
	at com.kms.katalon.core.main.TestCaseExecutor.execute(TestCaseExecutor.java:224)
	at com.kms.katalon.core.main.TestSuiteExecutor.accessTestCaseMainPhase(TestSuiteExecutor.java:129)
	at com.kms.katalon.core.main.TestSuiteExecutor.accessTestSuiteMainPhase(TestSuiteExecutor.java:112)
	at com.kms.katalon.core.main.TestSuiteExecutor.execute(TestSuiteExecutor.java:81)
	at com.kms.katalon.core.main.TestCaseMain.startTestSuite(TestCaseMain.java:149)
	at com.kms.katalon.core.main.TestCaseMain$startTestSuite$0.call(Unknown Source)
	at TempTestSuite1565707895630.run(TempTestSuite1565707895630.groovy:36)
"/>
         <system-out><![CDATA[2019-08-13 10:54:11 - [TEST_CASE][FAILED] - Test Cases/CRITICAL PATH - SPANISH/Quick add: Test Cases/CRITICAL PATH - SPANISH/Quick add FAILED.
Reason:
com.kms.katalon.core.exception.StepFailedException: Unable to set text 'suman@gmail.com' of object 'Object Repository/CR-DESKTOP/Customer info page/Email' (Root cause: com.kms.katalon.core.webui.exception.WebElementNotFoundException: Web element with id: 'Object Repository/CR-DESKTOP/Customer info page/Email' located by 'By.xpath: //input[@id='checkout_email']' not found)
	at com.kms.katalon.core.keyword.internal.KeywordMain.stepFailed(KeywordMain.groovy:36)
	at com.kms.katalon.core.webui.keyword.internal.WebUIKeywordMain.stepFailed(WebUIKeywordMain.groovy:65)
	at com.kms.katalon.core.webui.keyword.internal.WebUIKeywordMain.runKeyword(WebUIKeywordMain.groovy:27)
	at com.kms.katalon.core.webui.keyword.builtin.SetTextKeyword.setText(SetTextKeyword.groovy:65)
	at com.kms.katalon.core.webui.keyword.builtin.SetTextKeyword.execute(SetTextKeyword.groovy:37)
	at com.kms.katalon.core.keyword.internal.KeywordExecutor.executeKeywordForPlatform(KeywordExecutor.groovy:53)
	at com.kms.katalon.core.webui.keyword.WebUiBuiltInKeywords.setText(WebUiBuiltInKeywords.groovy:950)
	at com.kms.katalon.core.webui.keyword.WebUiBuiltInKeywords$setText$5.call(Unknown Source)
	at CALL - CUTOMER INFO PAGE.run(CALL - CUTOMER INFO PAGE:16)
	at com.kms.katalon.core.main.ScriptEngine.run(ScriptEngine.java:194)
	at com.kms.katalon.core.main.ScriptEngine.runScriptAsRawText(ScriptEngine.java:119)
	at com.kms.katalon.core.main.TestCaseExecutor.runScript(TestCaseExecutor.java:328)
	at com.kms.katalon.core.main.TestCaseExecutor.doExecute(TestCaseExecutor.java:319)
	at com.kms.katalon.core.main.TestCaseExecutor.processExecutionPhase(TestCaseExecutor.java:298)
	at com.kms.katalon.core.main.TestCaseExecutor.accessMainPhase(TestCaseExecutor.java:290)
	at com.kms.katalon.core.main.TestCaseExecutor.execute(TestCaseExecutor.java:224)
	at com.kms.katalon.core.main.TestCaseMain.runTestCase(TestCaseMain.java:106)
	at com.kms.katalon.core.keyword.builtin.CallTestCaseKeyword$_callTestCase_closure1.doCall(CallTestCaseKeyword.groovy:59)
	at com.kms.katalon.core.keyword.builtin.CallTestCaseKeyword$_callTestCase_closure1.call(CallTestCaseKeyword.groovy)
	at com.kms.katalon.core.keyword.internal.KeywordMain.runKeyword(KeywordMain.groovy:54)
	at com.kms.katalon.core.keyword.builtin.CallTestCaseKeyword.callTestCase(CallTestCaseKeyword.groovy:80)
	at com.kms.katalon.core.keyword.builtin.CallTestCaseKeyword.execute(CallTestCaseKeyword.groovy:44)
	at com.kms.katalon.core.keyword.internal.KeywordExecutor.executeKeywordForPlatform(KeywordExecutor.groovy:53)
	at com.kms.katalon.core.keyword.BuiltinKeywords.callTestCase(BuiltinKeywords.groovy:334)
	at Quick add.run(Quick add:42)
	at com.kms.katalon.core.main.ScriptEngine.run(ScriptEngine.java:194)
	at com.kms.katalon.core.main.ScriptEngine.runScriptAsRawText(ScriptEngine.java:119)
	at com.kms.katalon.core.main.TestCaseExecutor.runScript(TestCaseExecutor.java:328)
	at com.kms.katalon.core.main.TestCaseExecutor.doExecute(TestCaseExecutor.java:319)
	at com.kms.katalon.core.main.TestCaseExecutor.processExecutionPhase(TestCaseExecutor.java:298)
	at com.kms.katalon.core.main.TestCaseExecutor.accessMainPhase(TestCaseExecutor.java:290)
	at com.kms.katalon.core.main.TestCaseExecutor.execute(TestCaseExecutor.java:224)
	at com.kms.katalon.core.main.TestSuiteExecutor.accessTestCaseMainPhase(TestSuiteExecutor.java:129)
	at com.kms.katalon.core.main.TestSuiteExecutor.accessTestSuiteMainPhase(TestSuiteExecutor.java:112)
	at com.kms.katalon.core.main.TestSuiteExecutor.execute(TestSuiteExecutor.java:81)
	at com.kms.katalon.core.main.TestCaseMain.startTestSuite(TestCaseMain.java:149)
	at com.kms.katalon.core.main.TestCaseMain$startTestSuite$0.call(Unknown Source)
	at TempTestSuite1565707895630.run(TempTestSuite1565707895630.groovy:36)


2019-08-13 10:54:11 - [TEST_STEP][PASSED] - callTestCase(findTestCase("CALL - LANGUAGE TOGGLER"), [:], STOP_ON_FAILURE): Call Test Case 'Test Cases/CALL - LANGUAGE TOGGLER' successfully

2019-08-13 10:54:11 - [TEST_CASE][PASSED] - Test Cases/CALL - LANGUAGE TOGGLER: Test Cases/CALL - LANGUAGE TOGGLER

2019-08-13 10:54:11 - [TEST_STEP][PASSED] - callTestCase(findTestCase("CALL-URL"), [:], STOP_ON_FAILURE): Call Test Case 'Test Cases/CALL-URL' successfully

2019-08-13 10:54:11 - [TEST_CASE][PASSED] - Test Cases/CALL-URL: Test Cases/CALL-URL

2019-08-13 10:54:11 - [TEST_STEP][PASSED] - openBrowser(""): Browser is opened with url: ''

2019-08-13 10:54:11 - [MESSAGE][WARNING] - A browser is already opened. Closing browser and opening a new one

2019-08-13 10:54:11 - [MESSAGE][INFO] - Starting 'Chrome' driver

2019-08-13 10:54:12 - [MESSAGE][PASSED] - Browser is opened with url: ''

2019-08-13 10:54:12 - [TEST_STEP][PASSED] - navigateToUrl("https://charlotterusse.com/"): Navigate to 'https://charlotterusse.com/' successfully

2019-08-13 10:54:15 - [MESSAGE][PASSED] - Navigate to 'https://charlotterusse.com/' successfully

2019-08-13 10:54:15 - [TEST_STEP][PASSED] - click(findTestObject("CR-DESKTOP/Window pop up/language- english")): Object: 'Object Repository/CR-DESKTOP/Window pop up/language- english' is clicked on

2019-08-13 10:54:15 - [MESSAGE][PASSED] - Object: 'Object Repository/CR-DESKTOP/Window pop up/language- english' is clicked on

2019-08-13 10:54:15 - [TEST_STEP][PASSED] - click(findTestObject("CR-DESKTOP/Window pop up/Pop up - close")): Object: 'Object Repository/CR-DESKTOP/Window pop up/Pop up - close' is clicked on

2019-08-13 10:54:15 - [MESSAGE][PASSED] - Object: 'Object Repository/CR-DESKTOP/Window pop up/Pop up - close' is clicked on

2019-08-13 10:54:15 - [TEST_STEP][PASSED] - maximizeWindow(): Current window maximized

2019-08-13 10:54:16 - [MESSAGE][PASSED] - Current window maximized

2019-08-13 10:54:16 - [MESSAGE][PASSED] - Call Test Case 'Test Cases/CALL-URL' successfully

2019-08-13 10:54:16 - [TEST_STEP][PASSED] - delay(2): Delayed 2 second(s)

2019-08-13 10:54:18 - [MESSAGE][PASSED] - Delayed 2 second(s)

2019-08-13 10:54:18 - [TEST_STEP][PASSED] - click(findTestObject("CR-DESKTOP/Home page/Spanish")): Object: 'Object Repository/CR-DESKTOP/Home page/Spanish' is clicked on

2019-08-13 10:54:18 - [MESSAGE][PASSED] - Object: 'Object Repository/CR-DESKTOP/Home page/Spanish' is clicked on

2019-08-13 10:54:18 - [MESSAGE][PASSED] - Call Test Case 'Test Cases/CALL - LANGUAGE TOGGLER' successfully

2019-08-13 10:54:18 - [TEST_STEP][PASSED] - delay(2): Delayed 2 second(s)

2019-08-13 10:54:20 - [MESSAGE][PASSED] - Delayed 2 second(s)

2019-08-13 10:54:20 - [TEST_STEP][PASSED] - mouseOver(findTestObject("CR-DESKTOP - SPANISH/Mega menu/SHOES")): Object: 'Object Repository/CR-DESKTOP - SPANISH/Mega menu/SHOES' is hovered

2019-08-13 10:54:20 - [MESSAGE][PASSED] - Object: 'Object Repository/CR-DESKTOP - SPANISH/Mega menu/SHOES' is hovered

2019-08-13 10:54:20 - [TEST_STEP][PASSED] - delay(2): Delayed 2 second(s)

2019-08-13 10:54:22 - [MESSAGE][PASSED] - Delayed 2 second(s)

2019-08-13 10:54:22 - [TEST_STEP][PASSED] - click(findTestObject("CR-DESKTOP - SPANISH/Mega menu/shoes - tenis")): Object: 'Object Repository/CR-DESKTOP - SPANISH/Mega menu/shoes - tenis' is clicked on

2019-08-13 10:54:24 - [MESSAGE][PASSED] - Object: 'Object Repository/CR-DESKTOP - SPANISH/Mega menu/shoes - tenis' is clicked on

2019-08-13 10:54:24 - [TEST_STEP][PASSED] - delay(2): Delayed 2 second(s)

2019-08-13 10:54:26 - [MESSAGE][PASSED] - Delayed 2 second(s)

2019-08-13 10:54:26 - [TEST_STEP][PASSED] - mouseOver(findTestObject("CR-DESKTOP/Collection page/product 3")): Object: 'Object Repository/CR-DESKTOP/Collection page/product 3' is hovered

2019-08-13 10:54:26 - [MESSAGE][PASSED] - Object: 'Object Repository/CR-DESKTOP/Collection page/product 3' is hovered

2019-08-13 10:54:26 - [TEST_STEP][PASSED] - delay(2): Delayed 2 second(s)

2019-08-13 10:54:28 - [MESSAGE][PASSED] - Delayed 2 second(s)

2019-08-13 10:54:28 - [TEST_STEP][PASSED] - click(findTestObject("CR-DESKTOP/product page/Quick add")): Object: 'Object Repository/CR-DESKTOP/product page/Quick add' is clicked on

2019-08-13 10:54:28 - [MESSAGE][PASSED] - Object: 'Object Repository/CR-DESKTOP/product page/Quick add' is clicked on

2019-08-13 10:54:28 - [TEST_STEP][PASSED] - delay(2): Delayed 2 second(s)

2019-08-13 10:54:30 - [MESSAGE][PASSED] - Delayed 2 second(s)

2019-08-13 10:54:30 - [TEST_STEP][PASSED] - click(findTestObject("CR-DESKTOP/product page/Quick add - size - 6")): Object: 'Object Repository/CR-DESKTOP/product page/Quick add - size - 6' is clicked on

2019-08-13 10:54:30 - [MESSAGE][PASSED] - Object: 'Object Repository/CR-DESKTOP/product page/Quick add - size - 6' is clicked on

2019-08-13 10:54:30 - [TEST_STEP][PASSED] - delay(2): Delayed 2 second(s)

2019-08-13 10:54:32 - [MESSAGE][PASSED] - Delayed 2 second(s)

2019-08-13 10:54:32 - [TEST_STEP][PASSED] - click(findTestObject("CR-DESKTOP/Cart flyout/Checkout")): Object: 'Object Repository/CR-DESKTOP/Cart flyout/Checkout' is clicked on

2019-08-13 10:54:32 - [MESSAGE][PASSED] - Object: 'Object Repository/CR-DESKTOP/Cart flyout/Checkout' is clicked on

2019-08-13 10:54:32 - [TEST_STEP][FAILED] - callTestCase(findTestCase("CALL - CUTOMER INFO PAGE"), [:], STOP_ON_FAILURE): callTestCase(findTestCase("CALL - CUTOMER INFO PAGE"), [:], STOP_ON_FAILURE) FAILED.
Reason:
com.kms.katalon.core.exception.StepFailedException: Unable to set text 'suman@gmail.com' of object 'Object Repository/CR-DESKTOP/Customer info page/Email' (Root cause: com.kms.katalon.core.webui.exception.WebElementNotFoundException: Web element with id: 'Object Repository/CR-DESKTOP/Customer info page/Email' located by 'By.xpath: //input[@id='checkout_email']' not found)
	at com.kms.katalon.core.keyword.internal.KeywordMain.stepFailed(KeywordMain.groovy:36)
	at com.kms.katalon.core.webui.keyword.internal.WebUIKeywordMain.stepFailed(WebUIKeywordMain.groovy:65)
	at com.kms.katalon.core.webui.keyword.internal.WebUIKeywordMain.runKeyword(WebUIKeywordMain.groovy:27)
	at com.kms.katalon.core.webui.keyword.builtin.SetTextKeyword.setText(SetTextKeyword.groovy:65)
	at com.kms.katalon.core.webui.keyword.builtin.SetTextKeyword.execute(SetTextKeyword.groovy:37)
	at com.kms.katalon.core.keyword.internal.KeywordExecutor.executeKeywordForPlatform(KeywordExecutor.groovy:53)
	at com.kms.katalon.core.webui.keyword.WebUiBuiltInKeywords.setText(WebUiBuiltInKeywords.groovy:950)
	at com.kms.katalon.core.webui.keyword.WebUiBuiltInKeywords$setText$5.call(Unknown Source)
	at CALL - CUTOMER INFO PAGE.run(CALL - CUTOMER INFO PAGE:16)
	at com.kms.katalon.core.main.ScriptEngine.run(ScriptEngine.java:194)
	at com.kms.katalon.core.main.ScriptEngine.runScriptAsRawText(ScriptEngine.java:119)
	at com.kms.katalon.core.main.TestCaseExecutor.runScript(TestCaseExecutor.java:328)
	at com.kms.katalon.core.main.TestCaseExecutor.doExecute(TestCaseExecutor.java:319)
	at com.kms.katalon.core.main.TestCaseExecutor.processExecutionPhase(TestCaseExecutor.java:298)
	at com.kms.katalon.core.main.TestCaseExecutor.accessMainPhase(TestCaseExecutor.java:290)
	at com.kms.katalon.core.main.TestCaseExecutor.execute(TestCaseExecutor.java:224)
	at com.kms.katalon.core.main.TestCaseMain.runTestCase(TestCaseMain.java:106)
	at com.kms.katalon.core.keyword.builtin.CallTestCaseKeyword$_callTestCase_closure1.doCall(CallTestCaseKeyword.groovy:59)
	at com.kms.katalon.core.keyword.builtin.CallTestCaseKeyword$_callTestCase_closure1.call(CallTestCaseKeyword.groovy)
	at com.kms.katalon.core.keyword.internal.KeywordMain.runKeyword(KeywordMain.groovy:54)
	at com.kms.katalon.core.keyword.builtin.CallTestCaseKeyword.callTestCase(CallTestCaseKeyword.groovy:80)
	at com.kms.katalon.core.keyword.builtin.CallTestCaseKeyword.execute(CallTestCaseKeyword.groovy:44)
	at com.kms.katalon.core.keyword.internal.KeywordExecutor.executeKeywordForPlatform(KeywordExecutor.groovy:53)
	at com.kms.katalon.core.keyword.BuiltinKeywords.callTestCase(BuiltinKeywords.groovy:334)
	at Quick add.run(Quick add:42)
	at com.kms.katalon.core.main.ScriptEngine.run(ScriptEngine.java:194)
	at com.kms.katalon.core.main.ScriptEngine.runScriptAsRawText(ScriptEngine.java:119)
	at com.kms.katalon.core.main.TestCaseExecutor.runScript(TestCaseExecutor.java:328)
	at com.kms.katalon.core.main.TestCaseExecutor.doExecute(TestCaseExecutor.java:319)
	at com.kms.katalon.core.main.TestCaseExecutor.processExecutionPhase(TestCaseExecutor.java:298)
	at com.kms.katalon.core.main.TestCaseExecutor.accessMainPhase(TestCaseExecutor.java:290)
	at com.kms.katalon.core.main.TestCaseExecutor.execute(TestCaseExecutor.java:224)
	at com.kms.katalon.core.main.TestSuiteExecutor.accessTestCaseMainPhase(TestSuiteExecutor.java:129)
	at com.kms.katalon.core.main.TestSuiteExecutor.accessTestSuiteMainPhase(TestSuiteExecutor.java:112)
	at com.kms.katalon.core.main.TestSuiteExecutor.execute(TestSuiteExecutor.java:81)
	at com.kms.katalon.core.main.TestCaseMain.startTestSuite(TestCaseMain.java:149)
	at com.kms.katalon.core.main.TestCaseMain$startTestSuite$0.call(Unknown Source)
	at TempTestSuite1565707895630.run(TempTestSuite1565707895630.groovy:36)


2019-08-13 10:54:32 - [TEST_CASE][FAILED] - Test Cases/CALL - CUTOMER INFO PAGE: Test Cases/CALL - CUTOMER INFO PAGE FAILED.
Reason:
com.kms.katalon.core.exception.StepFailedException: Unable to set text 'suman@gmail.com' of object 'Object Repository/CR-DESKTOP/Customer info page/Email' (Root cause: com.kms.katalon.core.webui.exception.WebElementNotFoundException: Web element with id: 'Object Repository/CR-DESKTOP/Customer info page/Email' located by 'By.xpath: //input[@id='checkout_email']' not found)
	at com.kms.katalon.core.keyword.internal.KeywordMain.stepFailed(KeywordMain.groovy:36)
	at com.kms.katalon.core.webui.keyword.internal.WebUIKeywordMain.stepFailed(WebUIKeywordMain.groovy:65)
	at com.kms.katalon.core.webui.keyword.internal.WebUIKeywordMain.runKeyword(WebUIKeywordMain.groovy:27)
	at com.kms.katalon.core.webui.keyword.builtin.SetTextKeyword.setText(SetTextKeyword.groovy:65)
	at com.kms.katalon.core.webui.keyword.builtin.SetTextKeyword.execute(SetTextKeyword.groovy:37)
	at com.kms.katalon.core.keyword.internal.KeywordExecutor.executeKeywordForPlatform(KeywordExecutor.groovy:53)
	at com.kms.katalon.core.webui.keyword.WebUiBuiltInKeywords.setText(WebUiBuiltInKeywords.groovy:950)
	at com.kms.katalon.core.webui.keyword.WebUiBuiltInKeywords$setText$5.call(Unknown Source)
	at CALL - CUTOMER INFO PAGE.run(CALL - CUTOMER INFO PAGE:16)
	at com.kms.katalon.core.main.ScriptEngine.run(ScriptEngine.java:194)
	at com.kms.katalon.core.main.ScriptEngine.runScriptAsRawText(ScriptEngine.java:119)
	at com.kms.katalon.core.main.TestCaseExecutor.runScript(TestCaseExecutor.java:328)
	at com.kms.katalon.core.main.TestCaseExecutor.doExecute(TestCaseExecutor.java:319)
	at com.kms.katalon.core.main.TestCaseExecutor.processExecutionPhase(TestCaseExecutor.java:298)
	at com.kms.katalon.core.main.TestCaseExecutor.accessMainPhase(TestCaseExecutor.java:290)
	at com.kms.katalon.core.main.TestCaseExecutor.execute(TestCaseExecutor.java:224)
	at com.kms.katalon.core.main.TestCaseMain.runTestCase(TestCaseMain.java:106)
	at com.kms.katalon.core.keyword.builtin.CallTestCaseKeyword$_callTestCase_closure1.doCall(CallTestCaseKeyword.groovy:59)
	at com.kms.katalon.core.keyword.builtin.CallTestCaseKeyword$_callTestCase_closure1.call(CallTestCaseKeyword.groovy)
	at com.kms.katalon.core.keyword.internal.KeywordMain.runKeyword(KeywordMain.groovy:54)
	at com.kms.katalon.core.keyword.builtin.CallTestCaseKeyword.callTestCase(CallTestCaseKeyword.groovy:80)
	at com.kms.katalon.core.keyword.builtin.CallTestCaseKeyword.execute(CallTestCaseKeyword.groovy:44)
	at com.kms.katalon.core.keyword.internal.KeywordExecutor.executeKeywordForPlatform(KeywordExecutor.groovy:53)
	at com.kms.katalon.core.keyword.BuiltinKeywords.callTestCase(BuiltinKeywords.groovy:334)
	at Quick add.run(Quick add:42)
	at com.kms.katalon.core.main.ScriptEngine.run(ScriptEngine.java:194)
	at com.kms.katalon.core.main.ScriptEngine.runScriptAsRawText(ScriptEngine.java:119)
	at com.kms.katalon.core.main.TestCaseExecutor.runScript(TestCaseExecutor.java:328)
	at com.kms.katalon.core.main.TestCaseExecutor.doExecute(TestCaseExecutor.java:319)
	at com.kms.katalon.core.main.TestCaseExecutor.processExecutionPhase(TestCaseExecutor.java:298)
	at com.kms.katalon.core.main.TestCaseExecutor.accessMainPhase(TestCaseExecutor.java:290)
	at com.kms.katalon.core.main.TestCaseExecutor.execute(TestCaseExecutor.java:224)
	at com.kms.katalon.core.main.TestSuiteExecutor.accessTestCaseMainPhase(TestSuiteExecutor.java:129)
	at com.kms.katalon.core.main.TestSuiteExecutor.accessTestSuiteMainPhase(TestSuiteExecutor.java:112)
	at com.kms.katalon.core.main.TestSuiteExecutor.execute(TestSuiteExecutor.java:81)
	at com.kms.katalon.core.main.TestCaseMain.startTestSuite(TestCaseMain.java:149)
	at com.kms.katalon.core.main.TestCaseMain$startTestSuite$0.call(Unknown Source)
	at TempTestSuite1565707895630.run(TempTestSuite1565707895630.groovy:36)


2019-08-13 10:54:32 - [TEST_STEP][FAILED] - setText(findTestObject("CR-DESKTOP/Customer info page/Email"), "suman@gmail.com"): setText(findTestObject("CR-DESKTOP/Customer info page/Email"), "suman@gmail.com") FAILED.
Reason:
com.kms.katalon.core.exception.StepFailedException: Unable to set text 'suman@gmail.com' of object 'Object Repository/CR-DESKTOP/Customer info page/Email' (Root cause: com.kms.katalon.core.webui.exception.WebElementNotFoundException: Web element with id: 'Object Repository/CR-DESKTOP/Customer info page/Email' located by 'By.xpath: //input[@id='checkout_email']' not found)
	at com.kms.katalon.core.keyword.internal.KeywordMain.stepFailed(KeywordMain.groovy:36)
	at com.kms.katalon.core.webui.keyword.internal.WebUIKeywordMain.stepFailed(WebUIKeywordMain.groovy:65)
	at com.kms.katalon.core.webui.keyword.internal.WebUIKeywordMain.runKeyword(WebUIKeywordMain.groovy:27)
	at com.kms.katalon.core.webui.keyword.builtin.SetTextKeyword.setText(SetTextKeyword.groovy:65)
	at com.kms.katalon.core.webui.keyword.builtin.SetTextKeyword.execute(SetTextKeyword.groovy:37)
	at com.kms.katalon.core.keyword.internal.KeywordExecutor.executeKeywordForPlatform(KeywordExecutor.groovy:53)
	at com.kms.katalon.core.webui.keyword.WebUiBuiltInKeywords.setText(WebUiBuiltInKeywords.groovy:950)
	at com.kms.katalon.core.webui.keyword.WebUiBuiltInKeywords$setText$5.call(Unknown Source)
	at CALL - CUTOMER INFO PAGE.run(CALL - CUTOMER INFO PAGE:16)
	at com.kms.katalon.core.main.ScriptEngine.run(ScriptEngine.java:194)
	at com.kms.katalon.core.main.ScriptEngine.runScriptAsRawText(ScriptEngine.java:119)
	at com.kms.katalon.core.main.TestCaseExecutor.runScript(TestCaseExecutor.java:328)
	at com.kms.katalon.core.main.TestCaseExecutor.doExecute(TestCaseExecutor.java:319)
	at com.kms.katalon.core.main.TestCaseExecutor.processExecutionPhase(TestCaseExecutor.java:298)
	at com.kms.katalon.core.main.TestCaseExecutor.accessMainPhase(TestCaseExecutor.java:290)
	at com.kms.katalon.core.main.TestCaseExecutor.execute(TestCaseExecutor.java:224)
	at com.kms.katalon.core.main.TestCaseMain.runTestCase(TestCaseMain.java:106)
	at com.kms.katalon.core.keyword.builtin.CallTestCaseKeyword$_callTestCase_closure1.doCall(CallTestCaseKeyword.groovy:59)
	at com.kms.katalon.core.keyword.builtin.CallTestCaseKeyword$_callTestCase_closure1.call(CallTestCaseKeyword.groovy)
	at com.kms.katalon.core.keyword.internal.KeywordMain.runKeyword(KeywordMain.groovy:54)
	at com.kms.katalon.core.keyword.builtin.CallTestCaseKeyword.callTestCase(CallTestCaseKeyword.groovy:80)
	at com.kms.katalon.core.keyword.builtin.CallTestCaseKeyword.execute(CallTestCaseKeyword.groovy:44)
	at com.kms.katalon.core.keyword.internal.KeywordExecutor.executeKeywordForPlatform(KeywordExecutor.groovy:53)
	at com.kms.katalon.core.keyword.BuiltinKeywords.callTestCase(BuiltinKeywords.groovy:334)
	at Quick add.run(Quick add:42)
	at com.kms.katalon.core.main.ScriptEngine.run(ScriptEngine.java:194)
	at com.kms.katalon.core.main.ScriptEngine.runScriptAsRawText(ScriptEngine.java:119)
	at com.kms.katalon.core.main.TestCaseExecutor.runScript(TestCaseExecutor.java:328)
	at com.kms.katalon.core.main.TestCaseExecutor.doExecute(TestCaseExecutor.java:319)
	at com.kms.katalon.core.main.TestCaseExecutor.processExecutionPhase(TestCaseExecutor.java:298)
	at com.kms.katalon.core.main.TestCaseExecutor.accessMainPhase(TestCaseExecutor.java:290)
	at com.kms.katalon.core.main.TestCaseExecutor.execute(TestCaseExecutor.java:224)
	at com.kms.katalon.core.main.TestSuiteExecutor.accessTestCaseMainPhase(TestSuiteExecutor.java:129)
	at com.kms.katalon.core.main.TestSuiteExecutor.accessTestSuiteMainPhase(TestSuiteExecutor.java:112)
	at com.kms.katalon.core.main.TestSuiteExecutor.execute(TestSuiteExecutor.java:81)
	at com.kms.katalon.core.main.TestCaseMain.startTestSuite(TestCaseMain.java:149)
	at com.kms.katalon.core.main.TestCaseMain$startTestSuite$0.call(Unknown Source)
	at TempTestSuite1565707895630.run(TempTestSuite1565707895630.groovy:36)


2019-08-13 10:55:03 - [MESSAGE][INFO] - Unable to find the element located by 'By.xpath: //input[@id='checkout_email']'. Please recheck the objects properties to make sure the desired element is located. 

2019-08-13 10:55:03 - [MESSAGE][FAILED] - Unable to set text 'suman@gmail.com' of object 'Object Repository/CR-DESKTOP/Customer info page/Email' (Root cause: com.kms.katalon.core.webui.exception.WebElementNotFoundException: Web element with id: 'Object Repository/CR-DESKTOP/Customer info page/Email' located by 'By.xpath: //input[@id='checkout_email']' not found)
[[ATTACHMENT|/Users/sumankompelly/git/CR-Desktop/Reports/suite-chrome/20190813_105135/1565708103402.png]]

2019-08-13 10:55:03 - [MESSAGE][FAILED] - setText(findTestObject("CR-DESKTOP/Customer info page/Email"), "suman@gmail.com") FAILED.
Reason:
com.kms.katalon.core.exception.StepFailedException: Unable to set text 'suman@gmail.com' of object 'Object Repository/CR-DESKTOP/Customer info page/Email' (Root cause: com.kms.katalon.core.webui.exception.WebElementNotFoundException: Web element with id: 'Object Repository/CR-DESKTOP/Customer info page/Email' located by 'By.xpath: //input[@id='checkout_email']' not found)
	at com.kms.katalon.core.keyword.internal.KeywordMain.stepFailed(KeywordMain.groovy:36)
	at com.kms.katalon.core.webui.keyword.internal.WebUIKeywordMain.stepFailed(WebUIKeywordMain.groovy:65)
	at com.kms.katalon.core.webui.keyword.internal.WebUIKeywordMain.runKeyword(WebUIKeywordMain.groovy:27)
	at com.kms.katalon.core.webui.keyword.builtin.SetTextKeyword.setText(SetTextKeyword.groovy:65)
	at com.kms.katalon.core.webui.keyword.builtin.SetTextKeyword.execute(SetTextKeyword.groovy:37)
	at com.kms.katalon.core.keyword.internal.KeywordExecutor.executeKeywordForPlatform(KeywordExecutor.groovy:53)
	at com.kms.katalon.core.webui.keyword.WebUiBuiltInKeywords.setText(WebUiBuiltInKeywords.groovy:950)
	at com.kms.katalon.core.webui.keyword.WebUiBuiltInKeywords$setText$5.call(Unknown Source)
	at CALL - CUTOMER INFO PAGE.run(CALL - CUTOMER INFO PAGE:16)
	at com.kms.katalon.core.main.ScriptEngine.run(ScriptEngine.java:194)
	at com.kms.katalon.core.main.ScriptEngine.runScriptAsRawText(ScriptEngine.java:119)
	at com.kms.katalon.core.main.TestCaseExecutor.runScript(TestCaseExecutor.java:328)
	at com.kms.katalon.core.main.TestCaseExecutor.doExecute(TestCaseExecutor.java:319)
	at com.kms.katalon.core.main.TestCaseExecutor.processExecutionPhase(TestCaseExecutor.java:298)
	at com.kms.katalon.core.main.TestCaseExecutor.accessMainPhase(TestCaseExecutor.java:290)
	at com.kms.katalon.core.main.TestCaseExecutor.execute(TestCaseExecutor.java:224)
	at com.kms.katalon.core.main.TestCaseMain.runTestCase(TestCaseMain.java:106)
	at com.kms.katalon.core.keyword.builtin.CallTestCaseKeyword$_callTestCase_closure1.doCall(CallTestCaseKeyword.groovy:59)
	at com.kms.katalon.core.keyword.builtin.CallTestCaseKeyword$_callTestCase_closure1.call(CallTestCaseKeyword.groovy)
	at com.kms.katalon.core.keyword.internal.KeywordMain.runKeyword(KeywordMain.groovy:54)
	at com.kms.katalon.core.keyword.builtin.CallTestCaseKeyword.callTestCase(CallTestCaseKeyword.groovy:80)
	at com.kms.katalon.core.keyword.builtin.CallTestCaseKeyword.execute(CallTestCaseKeyword.groovy:44)
	at com.kms.katalon.core.keyword.internal.KeywordExecutor.executeKeywordForPlatform(KeywordExecutor.groovy:53)
	at com.kms.katalon.core.keyword.BuiltinKeywords.callTestCase(BuiltinKeywords.groovy:334)
	at Quick add.run(Quick add:42)
	at com.kms.katalon.core.main.ScriptEngine.run(ScriptEngine.java:194)
	at com.kms.katalon.core.main.ScriptEngine.runScriptAsRawText(ScriptEngine.java:119)
	at com.kms.katalon.core.main.TestCaseExecutor.runScript(TestCaseExecutor.java:328)
	at com.kms.katalon.core.main.TestCaseExecutor.doExecute(TestCaseExecutor.java:319)
	at com.kms.katalon.core.main.TestCaseExecutor.processExecutionPhase(TestCaseExecutor.java:298)
	at com.kms.katalon.core.main.TestCaseExecutor.accessMainPhase(TestCaseExecutor.java:290)
	at com.kms.katalon.core.main.TestCaseExecutor.execute(TestCaseExecutor.java:224)
	at com.kms.katalon.core.main.TestSuiteExecutor.accessTestCaseMainPhase(TestSuiteExecutor.java:129)
	at com.kms.katalon.core.main.TestSuiteExecutor.accessTestSuiteMainPhase(TestSuiteExecutor.java:112)
	at com.kms.katalon.core.main.TestSuiteExecutor.execute(TestSuiteExecutor.java:81)
	at com.kms.katalon.core.main.TestCaseMain.startTestSuite(TestCaseMain.java:149)
	at com.kms.katalon.core.main.TestCaseMain$startTestSuite$0.call(Unknown Source)
	at TempTestSuite1565707895630.run(TempTestSuite1565707895630.groovy:36)


2019-08-13 10:55:03 - [MESSAGE][FAILED] - Unable to call Test Case 'Test Cases/CALL - CUTOMER INFO PAGE' (Root cause: com.kms.katalon.core.exception.StepFailedException: Call Test Case 'Test Cases/CALL - CUTOMER INFO PAGE' failed)

2019-08-13 10:55:03 - [MESSAGE][FAILED] - callTestCase(findTestCase("CALL - CUTOMER INFO PAGE"), [:], STOP_ON_FAILURE) FAILED.
Reason:
com.kms.katalon.core.exception.StepFailedException: Unable to set text 'suman@gmail.com' of object 'Object Repository/CR-DESKTOP/Customer info page/Email' (Root cause: com.kms.katalon.core.webui.exception.WebElementNotFoundException: Web element with id: 'Object Repository/CR-DESKTOP/Customer info page/Email' located by 'By.xpath: //input[@id='checkout_email']' not found)
	at com.kms.katalon.core.keyword.internal.KeywordMain.stepFailed(KeywordMain.groovy:36)
	at com.kms.katalon.core.webui.keyword.internal.WebUIKeywordMain.stepFailed(WebUIKeywordMain.groovy:65)
	at com.kms.katalon.core.webui.keyword.internal.WebUIKeywordMain.runKeyword(WebUIKeywordMain.groovy:27)
	at com.kms.katalon.core.webui.keyword.builtin.SetTextKeyword.setText(SetTextKeyword.groovy:65)
	at com.kms.katalon.core.webui.keyword.builtin.SetTextKeyword.execute(SetTextKeyword.groovy:37)
	at com.kms.katalon.core.keyword.internal.KeywordExecutor.executeKeywordForPlatform(KeywordExecutor.groovy:53)
	at com.kms.katalon.core.webui.keyword.WebUiBuiltInKeywords.setText(WebUiBuiltInKeywords.groovy:950)
	at com.kms.katalon.core.webui.keyword.WebUiBuiltInKeywords$setText$5.call(Unknown Source)
	at CALL - CUTOMER INFO PAGE.run(CALL - CUTOMER INFO PAGE:16)
	at com.kms.katalon.core.main.ScriptEngine.run(ScriptEngine.java:194)
	at com.kms.katalon.core.main.ScriptEngine.runScriptAsRawText(ScriptEngine.java:119)
	at com.kms.katalon.core.main.TestCaseExecutor.runScript(TestCaseExecutor.java:328)
	at com.kms.katalon.core.main.TestCaseExecutor.doExecute(TestCaseExecutor.java:319)
	at com.kms.katalon.core.main.TestCaseExecutor.processExecutionPhase(TestCaseExecutor.java:298)
	at com.kms.katalon.core.main.TestCaseExecutor.accessMainPhase(TestCaseExecutor.java:290)
	at com.kms.katalon.core.main.TestCaseExecutor.execute(TestCaseExecutor.java:224)
	at com.kms.katalon.core.main.TestCaseMain.runTestCase(TestCaseMain.java:106)
	at com.kms.katalon.core.keyword.builtin.CallTestCaseKeyword$_callTestCase_closure1.doCall(CallTestCaseKeyword.groovy:59)
	at com.kms.katalon.core.keyword.builtin.CallTestCaseKeyword$_callTestCase_closure1.call(CallTestCaseKeyword.groovy)
	at com.kms.katalon.core.keyword.internal.KeywordMain.runKeyword(KeywordMain.groovy:54)
	at com.kms.katalon.core.keyword.builtin.CallTestCaseKeyword.callTestCase(CallTestCaseKeyword.groovy:80)
	at com.kms.katalon.core.keyword.builtin.CallTestCaseKeyword.execute(CallTestCaseKeyword.groovy:44)
	at com.kms.katalon.core.keyword.internal.KeywordExecutor.executeKeywordForPlatform(KeywordExecutor.groovy:53)
	at com.kms.katalon.core.keyword.BuiltinKeywords.callTestCase(BuiltinKeywords.groovy:334)
	at Quick add.run(Quick add:42)
	at com.kms.katalon.core.main.ScriptEngine.run(ScriptEngine.java:194)
	at com.kms.katalon.core.main.ScriptEngine.runScriptAsRawText(ScriptEngine.java:119)
	at com.kms.katalon.core.main.TestCaseExecutor.runScript(TestCaseExecutor.java:328)
	at com.kms.katalon.core.main.TestCaseExecutor.doExecute(TestCaseExecutor.java:319)
	at com.kms.katalon.core.main.TestCaseExecutor.processExecutionPhase(TestCaseExecutor.java:298)
	at com.kms.katalon.core.main.TestCaseExecutor.accessMainPhase(TestCaseExecutor.java:290)
	at com.kms.katalon.core.main.TestCaseExecutor.execute(TestCaseExecutor.java:224)
	at com.kms.katalon.core.main.TestSuiteExecutor.accessTestCaseMainPhase(TestSuiteExecutor.java:129)
	at com.kms.katalon.core.main.TestSuiteExecutor.accessTestSuiteMainPhase(TestSuiteExecutor.java:112)
	at com.kms.katalon.core.main.TestSuiteExecutor.execute(TestSuiteExecutor.java:81)
	at com.kms.katalon.core.main.TestCaseMain.startTestSuite(TestCaseMain.java:149)
	at com.kms.katalon.core.main.TestCaseMain$startTestSuite$0.call(Unknown Source)
	at TempTestSuite1565707895630.run(TempTestSuite1565707895630.groovy:36)]]></system-out>
         <system-err><![CDATA[2019-08-13 10:54:11 - [TEST_CASE][FAILED] - Test Cases/CRITICAL PATH - SPANISH/Quick add: Test Cases/CRITICAL PATH - SPANISH/Quick add FAILED.
Reason:
com.kms.katalon.core.exception.StepFailedException: Unable to set text 'suman@gmail.com' of object 'Object Repository/CR-DESKTOP/Customer info page/Email' (Root cause: com.kms.katalon.core.webui.exception.WebElementNotFoundException: Web element with id: 'Object Repository/CR-DESKTOP/Customer info page/Email' located by 'By.xpath: //input[@id='checkout_email']' not found)
	at com.kms.katalon.core.keyword.internal.KeywordMain.stepFailed(KeywordMain.groovy:36)
	at com.kms.katalon.core.webui.keyword.internal.WebUIKeywordMain.stepFailed(WebUIKeywordMain.groovy:65)
	at com.kms.katalon.core.webui.keyword.internal.WebUIKeywordMain.runKeyword(WebUIKeywordMain.groovy:27)
	at com.kms.katalon.core.webui.keyword.builtin.SetTextKeyword.setText(SetTextKeyword.groovy:65)
	at com.kms.katalon.core.webui.keyword.builtin.SetTextKeyword.execute(SetTextKeyword.groovy:37)
	at com.kms.katalon.core.keyword.internal.KeywordExecutor.executeKeywordForPlatform(KeywordExecutor.groovy:53)
	at com.kms.katalon.core.webui.keyword.WebUiBuiltInKeywords.setText(WebUiBuiltInKeywords.groovy:950)
	at com.kms.katalon.core.webui.keyword.WebUiBuiltInKeywords$setText$5.call(Unknown Source)
	at CALL - CUTOMER INFO PAGE.run(CALL - CUTOMER INFO PAGE:16)
	at com.kms.katalon.core.main.ScriptEngine.run(ScriptEngine.java:194)
	at com.kms.katalon.core.main.ScriptEngine.runScriptAsRawText(ScriptEngine.java:119)
	at com.kms.katalon.core.main.TestCaseExecutor.runScript(TestCaseExecutor.java:328)
	at com.kms.katalon.core.main.TestCaseExecutor.doExecute(TestCaseExecutor.java:319)
	at com.kms.katalon.core.main.TestCaseExecutor.processExecutionPhase(TestCaseExecutor.java:298)
	at com.kms.katalon.core.main.TestCaseExecutor.accessMainPhase(TestCaseExecutor.java:290)
	at com.kms.katalon.core.main.TestCaseExecutor.execute(TestCaseExecutor.java:224)
	at com.kms.katalon.core.main.TestCaseMain.runTestCase(TestCaseMain.java:106)
	at com.kms.katalon.core.keyword.builtin.CallTestCaseKeyword$_callTestCase_closure1.doCall(CallTestCaseKeyword.groovy:59)
	at com.kms.katalon.core.keyword.builtin.CallTestCaseKeyword$_callTestCase_closure1.call(CallTestCaseKeyword.groovy)
	at com.kms.katalon.core.keyword.internal.KeywordMain.runKeyword(KeywordMain.groovy:54)
	at com.kms.katalon.core.keyword.builtin.CallTestCaseKeyword.callTestCase(CallTestCaseKeyword.groovy:80)
	at com.kms.katalon.core.keyword.builtin.CallTestCaseKeyword.execute(CallTestCaseKeyword.groovy:44)
	at com.kms.katalon.core.keyword.internal.KeywordExecutor.executeKeywordForPlatform(KeywordExecutor.groovy:53)
	at com.kms.katalon.core.keyword.BuiltinKeywords.callTestCase(BuiltinKeywords.groovy:334)
	at Quick add.run(Quick add:42)
	at com.kms.katalon.core.main.ScriptEngine.run(ScriptEngine.java:194)
	at com.kms.katalon.core.main.ScriptEngine.runScriptAsRawText(ScriptEngine.java:119)
	at com.kms.katalon.core.main.TestCaseExecutor.runScript(TestCaseExecutor.java:328)
	at com.kms.katalon.core.main.TestCaseExecutor.doExecute(TestCaseExecutor.java:319)
	at com.kms.katalon.core.main.TestCaseExecutor.processExecutionPhase(TestCaseExecutor.java:298)
	at com.kms.katalon.core.main.TestCaseExecutor.accessMainPhase(TestCaseExecutor.java:290)
	at com.kms.katalon.core.main.TestCaseExecutor.execute(TestCaseExecutor.java:224)
	at com.kms.katalon.core.main.TestSuiteExecutor.accessTestCaseMainPhase(TestSuiteExecutor.java:129)
	at com.kms.katalon.core.main.TestSuiteExecutor.accessTestSuiteMainPhase(TestSuiteExecutor.java:112)
	at com.kms.katalon.core.main.TestSuiteExecutor.execute(TestSuiteExecutor.java:81)
	at com.kms.katalon.core.main.TestCaseMain.startTestSuite(TestCaseMain.java:149)
	at com.kms.katalon.core.main.TestCaseMain$startTestSuite$0.call(Unknown Source)
	at TempTestSuite1565707895630.run(TempTestSuite1565707895630.groovy:36)]]></system-err>
      </testcase>
      <testcase name="Test Cases/CRITICAL PATH - SPANISH/Price comparison - cart page" classname="Test Cases/CRITICAL PATH - SPANISH/Price comparison - cart page" status="FAILED">
         <failure type="FAILED" message="Test Cases/CRITICAL PATH - SPANISH/Price comparison - cart page FAILED.
Reason:
com.kms.katalon.core.exception.StepFailedException: Unable to click on object 'Object Repository/CR-DESKTOP/Window pop up/language- english' (Root cause: com.kms.katalon.core.webui.exception.WebElementNotFoundException: Web element with id: 'Object Repository/CR-DESKTOP/Window pop up/language- english' located by 'By.xpath: //body[@id='charlotte-russe']/div/div[2]/form/div/label' not found)
	at com.kms.katalon.core.keyword.internal.KeywordMain.stepFailed(KeywordMain.groovy:36)
	at com.kms.katalon.core.webui.keyword.internal.WebUIKeywordMain.stepFailed(WebUIKeywordMain.groovy:65)
	at com.kms.katalon.core.webui.keyword.internal.WebUIKeywordMain.runKeyword(WebUIKeywordMain.groovy:27)
	at com.kms.katalon.core.webui.keyword.builtin.ClickKeyword.click(ClickKeyword.groovy:86)
	at com.kms.katalon.core.webui.keyword.builtin.ClickKeyword.execute(ClickKeyword.groovy:67)
	at com.kms.katalon.core.keyword.internal.KeywordExecutor.executeKeywordForPlatform(KeywordExecutor.groovy:53)
	at com.kms.katalon.core.webui.keyword.WebUiBuiltInKeywords.click(WebUiBuiltInKeywords.groovy:616)
	at com.kms.katalon.core.webui.keyword.WebUiBuiltInKeywords$click$1.call(Unknown Source)
	at CALL-URL.run(CALL-URL:20)
	at com.kms.katalon.core.main.ScriptEngine.run(ScriptEngine.java:194)
	at com.kms.katalon.core.main.ScriptEngine.runScriptAsRawText(ScriptEngine.java:119)
	at com.kms.katalon.core.main.TestCaseExecutor.runScript(TestCaseExecutor.java:328)
	at com.kms.katalon.core.main.TestCaseExecutor.doExecute(TestCaseExecutor.java:319)
	at com.kms.katalon.core.main.TestCaseExecutor.processExecutionPhase(TestCaseExecutor.java:298)
	at com.kms.katalon.core.main.TestCaseExecutor.accessMainPhase(TestCaseExecutor.java:290)
	at com.kms.katalon.core.main.TestCaseExecutor.execute(TestCaseExecutor.java:224)
	at com.kms.katalon.core.main.TestCaseMain.runTestCase(TestCaseMain.java:106)
	at com.kms.katalon.core.keyword.builtin.CallTestCaseKeyword$_callTestCase_closure1.doCall(CallTestCaseKeyword.groovy:59)
	at com.kms.katalon.core.keyword.builtin.CallTestCaseKeyword$_callTestCase_closure1.call(CallTestCaseKeyword.groovy)
	at com.kms.katalon.core.keyword.internal.KeywordMain.runKeyword(KeywordMain.groovy:54)
	at com.kms.katalon.core.keyword.builtin.CallTestCaseKeyword.callTestCase(CallTestCaseKeyword.groovy:80)
	at com.kms.katalon.core.keyword.builtin.CallTestCaseKeyword.execute(CallTestCaseKeyword.groovy:44)
	at com.kms.katalon.core.keyword.internal.KeywordExecutor.executeKeywordForPlatform(KeywordExecutor.groovy:53)
	at com.kms.katalon.core.keyword.BuiltinKeywords.callTestCase(BuiltinKeywords.groovy:334)
	at CALL - LANGUAGE TOGGLER.run(CALL - LANGUAGE TOGGLER:16)
	at com.kms.katalon.core.main.ScriptEngine.run(ScriptEngine.java:194)
	at com.kms.katalon.core.main.ScriptEngine.runScriptAsRawText(ScriptEngine.java:119)
	at com.kms.katalon.core.main.TestCaseExecutor.runScript(TestCaseExecutor.java:328)
	at com.kms.katalon.core.main.TestCaseExecutor.doExecute(TestCaseExecutor.java:319)
	at com.kms.katalon.core.main.TestCaseExecutor.processExecutionPhase(TestCaseExecutor.java:298)
	at com.kms.katalon.core.main.TestCaseExecutor.accessMainPhase(TestCaseExecutor.java:290)
	at com.kms.katalon.core.main.TestCaseExecutor.execute(TestCaseExecutor.java:224)
	at com.kms.katalon.core.main.TestCaseMain.runTestCase(TestCaseMain.java:106)
	at com.kms.katalon.core.keyword.builtin.CallTestCaseKeyword$_callTestCase_closure1.doCall(CallTestCaseKeyword.groovy:59)
	at com.kms.katalon.core.keyword.builtin.CallTestCaseKeyword$_callTestCase_closure1.call(CallTestCaseKeyword.groovy)
	at com.kms.katalon.core.keyword.internal.KeywordMain.runKeyword(KeywordMain.groovy:54)
	at com.kms.katalon.core.keyword.builtin.CallTestCaseKeyword.callTestCase(CallTestCaseKeyword.groovy:80)
	at com.kms.katalon.core.keyword.builtin.CallTestCaseKeyword.execute(CallTestCaseKeyword.groovy:44)
	at com.kms.katalon.core.keyword.internal.KeywordExecutor.executeKeywordForPlatform(KeywordExecutor.groovy:53)
	at com.kms.katalon.core.keyword.BuiltinKeywords.callTestCase(BuiltinKeywords.groovy:334)
	at Price comparison - cart page.run(Price comparison - cart page:16)
	at com.kms.katalon.core.main.ScriptEngine.run(ScriptEngine.java:194)
	at com.kms.katalon.core.main.ScriptEngine.runScriptAsRawText(ScriptEngine.java:119)
	at com.kms.katalon.core.main.TestCaseExecutor.runScript(TestCaseExecutor.java:328)
	at com.kms.katalon.core.main.TestCaseExecutor.doExecute(TestCaseExecutor.java:319)
	at com.kms.katalon.core.main.TestCaseExecutor.processExecutionPhase(TestCaseExecutor.java:298)
	at com.kms.katalon.core.main.TestCaseExecutor.accessMainPhase(TestCaseExecutor.java:290)
	at com.kms.katalon.core.main.TestCaseExecutor.execute(TestCaseExecutor.java:224)
	at com.kms.katalon.core.main.TestSuiteExecutor.accessTestCaseMainPhase(TestSuiteExecutor.java:129)
	at com.kms.katalon.core.main.TestSuiteExecutor.accessTestSuiteMainPhase(TestSuiteExecutor.java:112)
	at com.kms.katalon.core.main.TestSuiteExecutor.execute(TestSuiteExecutor.java:81)
	at com.kms.katalon.core.main.TestCaseMain.startTestSuite(TestCaseMain.java:149)
	at com.kms.katalon.core.main.TestCaseMain$startTestSuite$0.call(Unknown Source)
	at TempTestSuite1565707895630.run(TempTestSuite1565707895630.groovy:36)
"/>
         <system-out><![CDATA[2019-08-13 10:55:03 - [TEST_CASE][FAILED] - Test Cases/CRITICAL PATH - SPANISH/Price comparison - cart page: Test Cases/CRITICAL PATH - SPANISH/Price comparison - cart page FAILED.
Reason:
com.kms.katalon.core.exception.StepFailedException: Unable to click on object 'Object Repository/CR-DESKTOP/Window pop up/language- english' (Root cause: com.kms.katalon.core.webui.exception.WebElementNotFoundException: Web element with id: 'Object Repository/CR-DESKTOP/Window pop up/language- english' located by 'By.xpath: //body[@id='charlotte-russe']/div/div[2]/form/div/label' not found)
	at com.kms.katalon.core.keyword.internal.KeywordMain.stepFailed(KeywordMain.groovy:36)
	at com.kms.katalon.core.webui.keyword.internal.WebUIKeywordMain.stepFailed(WebUIKeywordMain.groovy:65)
	at com.kms.katalon.core.webui.keyword.internal.WebUIKeywordMain.runKeyword(WebUIKeywordMain.groovy:27)
	at com.kms.katalon.core.webui.keyword.builtin.ClickKeyword.click(ClickKeyword.groovy:86)
	at com.kms.katalon.core.webui.keyword.builtin.ClickKeyword.execute(ClickKeyword.groovy:67)
	at com.kms.katalon.core.keyword.internal.KeywordExecutor.executeKeywordForPlatform(KeywordExecutor.groovy:53)
	at com.kms.katalon.core.webui.keyword.WebUiBuiltInKeywords.click(WebUiBuiltInKeywords.groovy:616)
	at com.kms.katalon.core.webui.keyword.WebUiBuiltInKeywords$click$1.call(Unknown Source)
	at CALL-URL.run(CALL-URL:20)
	at com.kms.katalon.core.main.ScriptEngine.run(ScriptEngine.java:194)
	at com.kms.katalon.core.main.ScriptEngine.runScriptAsRawText(ScriptEngine.java:119)
	at com.kms.katalon.core.main.TestCaseExecutor.runScript(TestCaseExecutor.java:328)
	at com.kms.katalon.core.main.TestCaseExecutor.doExecute(TestCaseExecutor.java:319)
	at com.kms.katalon.core.main.TestCaseExecutor.processExecutionPhase(TestCaseExecutor.java:298)
	at com.kms.katalon.core.main.TestCaseExecutor.accessMainPhase(TestCaseExecutor.java:290)
	at com.kms.katalon.core.main.TestCaseExecutor.execute(TestCaseExecutor.java:224)
	at com.kms.katalon.core.main.TestCaseMain.runTestCase(TestCaseMain.java:106)
	at com.kms.katalon.core.keyword.builtin.CallTestCaseKeyword$_callTestCase_closure1.doCall(CallTestCaseKeyword.groovy:59)
	at com.kms.katalon.core.keyword.builtin.CallTestCaseKeyword$_callTestCase_closure1.call(CallTestCaseKeyword.groovy)
	at com.kms.katalon.core.keyword.internal.KeywordMain.runKeyword(KeywordMain.groovy:54)
	at com.kms.katalon.core.keyword.builtin.CallTestCaseKeyword.callTestCase(CallTestCaseKeyword.groovy:80)
	at com.kms.katalon.core.keyword.builtin.CallTestCaseKeyword.execute(CallTestCaseKeyword.groovy:44)
	at com.kms.katalon.core.keyword.internal.KeywordExecutor.executeKeywordForPlatform(KeywordExecutor.groovy:53)
	at com.kms.katalon.core.keyword.BuiltinKeywords.callTestCase(BuiltinKeywords.groovy:334)
	at CALL - LANGUAGE TOGGLER.run(CALL - LANGUAGE TOGGLER:16)
	at com.kms.katalon.core.main.ScriptEngine.run(ScriptEngine.java:194)
	at com.kms.katalon.core.main.ScriptEngine.runScriptAsRawText(ScriptEngine.java:119)
	at com.kms.katalon.core.main.TestCaseExecutor.runScript(TestCaseExecutor.java:328)
	at com.kms.katalon.core.main.TestCaseExecutor.doExecute(TestCaseExecutor.java:319)
	at com.kms.katalon.core.main.TestCaseExecutor.processExecutionPhase(TestCaseExecutor.java:298)
	at com.kms.katalon.core.main.TestCaseExecutor.accessMainPhase(TestCaseExecutor.java:290)
	at com.kms.katalon.core.main.TestCaseExecutor.execute(TestCaseExecutor.java:224)
	at com.kms.katalon.core.main.TestCaseMain.runTestCase(TestCaseMain.java:106)
	at com.kms.katalon.core.keyword.builtin.CallTestCaseKeyword$_callTestCase_closure1.doCall(CallTestCaseKeyword.groovy:59)
	at com.kms.katalon.core.keyword.builtin.CallTestCaseKeyword$_callTestCase_closure1.call(CallTestCaseKeyword.groovy)
	at com.kms.katalon.core.keyword.internal.KeywordMain.runKeyword(KeywordMain.groovy:54)
	at com.kms.katalon.core.keyword.builtin.CallTestCaseKeyword.callTestCase(CallTestCaseKeyword.groovy:80)
	at com.kms.katalon.core.keyword.builtin.CallTestCaseKeyword.execute(CallTestCaseKeyword.groovy:44)
	at com.kms.katalon.core.keyword.internal.KeywordExecutor.executeKeywordForPlatform(KeywordExecutor.groovy:53)
	at com.kms.katalon.core.keyword.BuiltinKeywords.callTestCase(BuiltinKeywords.groovy:334)
	at Price comparison - cart page.run(Price comparison - cart page:16)
	at com.kms.katalon.core.main.ScriptEngine.run(ScriptEngine.java:194)
	at com.kms.katalon.core.main.ScriptEngine.runScriptAsRawText(ScriptEngine.java:119)
	at com.kms.katalon.core.main.TestCaseExecutor.runScript(TestCaseExecutor.java:328)
	at com.kms.katalon.core.main.TestCaseExecutor.doExecute(TestCaseExecutor.java:319)
	at com.kms.katalon.core.main.TestCaseExecutor.processExecutionPhase(TestCaseExecutor.java:298)
	at com.kms.katalon.core.main.TestCaseExecutor.accessMainPhase(TestCaseExecutor.java:290)
	at com.kms.katalon.core.main.TestCaseExecutor.execute(TestCaseExecutor.java:224)
	at com.kms.katalon.core.main.TestSuiteExecutor.accessTestCaseMainPhase(TestSuiteExecutor.java:129)
	at com.kms.katalon.core.main.TestSuiteExecutor.accessTestSuiteMainPhase(TestSuiteExecutor.java:112)
	at com.kms.katalon.core.main.TestSuiteExecutor.execute(TestSuiteExecutor.java:81)
	at com.kms.katalon.core.main.TestCaseMain.startTestSuite(TestCaseMain.java:149)
	at com.kms.katalon.core.main.TestCaseMain$startTestSuite$0.call(Unknown Source)
	at TempTestSuite1565707895630.run(TempTestSuite1565707895630.groovy:36)


2019-08-13 10:55:03 - [TEST_STEP][FAILED] - callTestCase(findTestCase("CALL - LANGUAGE TOGGLER"), [:], STOP_ON_FAILURE): callTestCase(findTestCase("CALL - LANGUAGE TOGGLER"), [:], STOP_ON_FAILURE) FAILED.
Reason:
com.kms.katalon.core.exception.StepFailedException: Unable to click on object 'Object Repository/CR-DESKTOP/Window pop up/language- english' (Root cause: com.kms.katalon.core.webui.exception.WebElementNotFoundException: Web element with id: 'Object Repository/CR-DESKTOP/Window pop up/language- english' located by 'By.xpath: //body[@id='charlotte-russe']/div/div[2]/form/div/label' not found)
	at com.kms.katalon.core.keyword.internal.KeywordMain.stepFailed(KeywordMain.groovy:36)
	at com.kms.katalon.core.webui.keyword.internal.WebUIKeywordMain.stepFailed(WebUIKeywordMain.groovy:65)
	at com.kms.katalon.core.webui.keyword.internal.WebUIKeywordMain.runKeyword(WebUIKeywordMain.groovy:27)
	at com.kms.katalon.core.webui.keyword.builtin.ClickKeyword.click(ClickKeyword.groovy:86)
	at com.kms.katalon.core.webui.keyword.builtin.ClickKeyword.execute(ClickKeyword.groovy:67)
	at com.kms.katalon.core.keyword.internal.KeywordExecutor.executeKeywordForPlatform(KeywordExecutor.groovy:53)
	at com.kms.katalon.core.webui.keyword.WebUiBuiltInKeywords.click(WebUiBuiltInKeywords.groovy:616)
	at com.kms.katalon.core.webui.keyword.WebUiBuiltInKeywords$click$1.call(Unknown Source)
	at CALL-URL.run(CALL-URL:20)
	at com.kms.katalon.core.main.ScriptEngine.run(ScriptEngine.java:194)
	at com.kms.katalon.core.main.ScriptEngine.runScriptAsRawText(ScriptEngine.java:119)
	at com.kms.katalon.core.main.TestCaseExecutor.runScript(TestCaseExecutor.java:328)
	at com.kms.katalon.core.main.TestCaseExecutor.doExecute(TestCaseExecutor.java:319)
	at com.kms.katalon.core.main.TestCaseExecutor.processExecutionPhase(TestCaseExecutor.java:298)
	at com.kms.katalon.core.main.TestCaseExecutor.accessMainPhase(TestCaseExecutor.java:290)
	at com.kms.katalon.core.main.TestCaseExecutor.execute(TestCaseExecutor.java:224)
	at com.kms.katalon.core.main.TestCaseMain.runTestCase(TestCaseMain.java:106)
	at com.kms.katalon.core.keyword.builtin.CallTestCaseKeyword$_callTestCase_closure1.doCall(CallTestCaseKeyword.groovy:59)
	at com.kms.katalon.core.keyword.builtin.CallTestCaseKeyword$_callTestCase_closure1.call(CallTestCaseKeyword.groovy)
	at com.kms.katalon.core.keyword.internal.KeywordMain.runKeyword(KeywordMain.groovy:54)
	at com.kms.katalon.core.keyword.builtin.CallTestCaseKeyword.callTestCase(CallTestCaseKeyword.groovy:80)
	at com.kms.katalon.core.keyword.builtin.CallTestCaseKeyword.execute(CallTestCaseKeyword.groovy:44)
	at com.kms.katalon.core.keyword.internal.KeywordExecutor.executeKeywordForPlatform(KeywordExecutor.groovy:53)
	at com.kms.katalon.core.keyword.BuiltinKeywords.callTestCase(BuiltinKeywords.groovy:334)
	at CALL - LANGUAGE TOGGLER.run(CALL - LANGUAGE TOGGLER:16)
	at com.kms.katalon.core.main.ScriptEngine.run(ScriptEngine.java:194)
	at com.kms.katalon.core.main.ScriptEngine.runScriptAsRawText(ScriptEngine.java:119)
	at com.kms.katalon.core.main.TestCaseExecutor.runScript(TestCaseExecutor.java:328)
	at com.kms.katalon.core.main.TestCaseExecutor.doExecute(TestCaseExecutor.java:319)
	at com.kms.katalon.core.main.TestCaseExecutor.processExecutionPhase(TestCaseExecutor.java:298)
	at com.kms.katalon.core.main.TestCaseExecutor.accessMainPhase(TestCaseExecutor.java:290)
	at com.kms.katalon.core.main.TestCaseExecutor.execute(TestCaseExecutor.java:224)
	at com.kms.katalon.core.main.TestCaseMain.runTestCase(TestCaseMain.java:106)
	at com.kms.katalon.core.keyword.builtin.CallTestCaseKeyword$_callTestCase_closure1.doCall(CallTestCaseKeyword.groovy:59)
	at com.kms.katalon.core.keyword.builtin.CallTestCaseKeyword$_callTestCase_closure1.call(CallTestCaseKeyword.groovy)
	at com.kms.katalon.core.keyword.internal.KeywordMain.runKeyword(KeywordMain.groovy:54)
	at com.kms.katalon.core.keyword.builtin.CallTestCaseKeyword.callTestCase(CallTestCaseKeyword.groovy:80)
	at com.kms.katalon.core.keyword.builtin.CallTestCaseKeyword.execute(CallTestCaseKeyword.groovy:44)
	at com.kms.katalon.core.keyword.internal.KeywordExecutor.executeKeywordForPlatform(KeywordExecutor.groovy:53)
	at com.kms.katalon.core.keyword.BuiltinKeywords.callTestCase(BuiltinKeywords.groovy:334)
	at Price comparison - cart page.run(Price comparison - cart page:16)
	at com.kms.katalon.core.main.ScriptEngine.run(ScriptEngine.java:194)
	at com.kms.katalon.core.main.ScriptEngine.runScriptAsRawText(ScriptEngine.java:119)
	at com.kms.katalon.core.main.TestCaseExecutor.runScript(TestCaseExecutor.java:328)
	at com.kms.katalon.core.main.TestCaseExecutor.doExecute(TestCaseExecutor.java:319)
	at com.kms.katalon.core.main.TestCaseExecutor.processExecutionPhase(TestCaseExecutor.java:298)
	at com.kms.katalon.core.main.TestCaseExecutor.accessMainPhase(TestCaseExecutor.java:290)
	at com.kms.katalon.core.main.TestCaseExecutor.execute(TestCaseExecutor.java:224)
	at com.kms.katalon.core.main.TestSuiteExecutor.accessTestCaseMainPhase(TestSuiteExecutor.java:129)
	at com.kms.katalon.core.main.TestSuiteExecutor.accessTestSuiteMainPhase(TestSuiteExecutor.java:112)
	at com.kms.katalon.core.main.TestSuiteExecutor.execute(TestSuiteExecutor.java:81)
	at com.kms.katalon.core.main.TestCaseMain.startTestSuite(TestCaseMain.java:149)
	at com.kms.katalon.core.main.TestCaseMain$startTestSuite$0.call(Unknown Source)
	at TempTestSuite1565707895630.run(TempTestSuite1565707895630.groovy:36)


2019-08-13 10:55:04 - [TEST_CASE][FAILED] - Test Cases/CALL - LANGUAGE TOGGLER: Test Cases/CALL - LANGUAGE TOGGLER FAILED.
Reason:
com.kms.katalon.core.exception.StepFailedException: Unable to click on object 'Object Repository/CR-DESKTOP/Window pop up/language- english' (Root cause: com.kms.katalon.core.webui.exception.WebElementNotFoundException: Web element with id: 'Object Repository/CR-DESKTOP/Window pop up/language- english' located by 'By.xpath: //body[@id='charlotte-russe']/div/div[2]/form/div/label' not found)
	at com.kms.katalon.core.keyword.internal.KeywordMain.stepFailed(KeywordMain.groovy:36)
	at com.kms.katalon.core.webui.keyword.internal.WebUIKeywordMain.stepFailed(WebUIKeywordMain.groovy:65)
	at com.kms.katalon.core.webui.keyword.internal.WebUIKeywordMain.runKeyword(WebUIKeywordMain.groovy:27)
	at com.kms.katalon.core.webui.keyword.builtin.ClickKeyword.click(ClickKeyword.groovy:86)
	at com.kms.katalon.core.webui.keyword.builtin.ClickKeyword.execute(ClickKeyword.groovy:67)
	at com.kms.katalon.core.keyword.internal.KeywordExecutor.executeKeywordForPlatform(KeywordExecutor.groovy:53)
	at com.kms.katalon.core.webui.keyword.WebUiBuiltInKeywords.click(WebUiBuiltInKeywords.groovy:616)
	at com.kms.katalon.core.webui.keyword.WebUiBuiltInKeywords$click$1.call(Unknown Source)
	at CALL-URL.run(CALL-URL:20)
	at com.kms.katalon.core.main.ScriptEngine.run(ScriptEngine.java:194)
	at com.kms.katalon.core.main.ScriptEngine.runScriptAsRawText(ScriptEngine.java:119)
	at com.kms.katalon.core.main.TestCaseExecutor.runScript(TestCaseExecutor.java:328)
	at com.kms.katalon.core.main.TestCaseExecutor.doExecute(TestCaseExecutor.java:319)
	at com.kms.katalon.core.main.TestCaseExecutor.processExecutionPhase(TestCaseExecutor.java:298)
	at com.kms.katalon.core.main.TestCaseExecutor.accessMainPhase(TestCaseExecutor.java:290)
	at com.kms.katalon.core.main.TestCaseExecutor.execute(TestCaseExecutor.java:224)
	at com.kms.katalon.core.main.TestCaseMain.runTestCase(TestCaseMain.java:106)
	at com.kms.katalon.core.keyword.builtin.CallTestCaseKeyword$_callTestCase_closure1.doCall(CallTestCaseKeyword.groovy:59)
	at com.kms.katalon.core.keyword.builtin.CallTestCaseKeyword$_callTestCase_closure1.call(CallTestCaseKeyword.groovy)
	at com.kms.katalon.core.keyword.internal.KeywordMain.runKeyword(KeywordMain.groovy:54)
	at com.kms.katalon.core.keyword.builtin.CallTestCaseKeyword.callTestCase(CallTestCaseKeyword.groovy:80)
	at com.kms.katalon.core.keyword.builtin.CallTestCaseKeyword.execute(CallTestCaseKeyword.groovy:44)
	at com.kms.katalon.core.keyword.internal.KeywordExecutor.executeKeywordForPlatform(KeywordExecutor.groovy:53)
	at com.kms.katalon.core.keyword.BuiltinKeywords.callTestCase(BuiltinKeywords.groovy:334)
	at CALL - LANGUAGE TOGGLER.run(CALL - LANGUAGE TOGGLER:16)
	at com.kms.katalon.core.main.ScriptEngine.run(ScriptEngine.java:194)
	at com.kms.katalon.core.main.ScriptEngine.runScriptAsRawText(ScriptEngine.java:119)
	at com.kms.katalon.core.main.TestCaseExecutor.runScript(TestCaseExecutor.java:328)
	at com.kms.katalon.core.main.TestCaseExecutor.doExecute(TestCaseExecutor.java:319)
	at com.kms.katalon.core.main.TestCaseExecutor.processExecutionPhase(TestCaseExecutor.java:298)
	at com.kms.katalon.core.main.TestCaseExecutor.accessMainPhase(TestCaseExecutor.java:290)
	at com.kms.katalon.core.main.TestCaseExecutor.execute(TestCaseExecutor.java:224)
	at com.kms.katalon.core.main.TestCaseMain.runTestCase(TestCaseMain.java:106)
	at com.kms.katalon.core.keyword.builtin.CallTestCaseKeyword$_callTestCase_closure1.doCall(CallTestCaseKeyword.groovy:59)
	at com.kms.katalon.core.keyword.builtin.CallTestCaseKeyword$_callTestCase_closure1.call(CallTestCaseKeyword.groovy)
	at com.kms.katalon.core.keyword.internal.KeywordMain.runKeyword(KeywordMain.groovy:54)
	at com.kms.katalon.core.keyword.builtin.CallTestCaseKeyword.callTestCase(CallTestCaseKeyword.groovy:80)
	at com.kms.katalon.core.keyword.builtin.CallTestCaseKeyword.execute(CallTestCaseKeyword.groovy:44)
	at com.kms.katalon.core.keyword.internal.KeywordExecutor.executeKeywordForPlatform(KeywordExecutor.groovy:53)
	at com.kms.katalon.core.keyword.BuiltinKeywords.callTestCase(BuiltinKeywords.groovy:334)
	at Price comparison - cart page.run(Price comparison - cart page:16)
	at com.kms.katalon.core.main.ScriptEngine.run(ScriptEngine.java:194)
	at com.kms.katalon.core.main.ScriptEngine.runScriptAsRawText(ScriptEngine.java:119)
	at com.kms.katalon.core.main.TestCaseExecutor.runScript(TestCaseExecutor.java:328)
	at com.kms.katalon.core.main.TestCaseExecutor.doExecute(TestCaseExecutor.java:319)
	at com.kms.katalon.core.main.TestCaseExecutor.processExecutionPhase(TestCaseExecutor.java:298)
	at com.kms.katalon.core.main.TestCaseExecutor.accessMainPhase(TestCaseExecutor.java:290)
	at com.kms.katalon.core.main.TestCaseExecutor.execute(TestCaseExecutor.java:224)
	at com.kms.katalon.core.main.TestSuiteExecutor.accessTestCaseMainPhase(TestSuiteExecutor.java:129)
	at com.kms.katalon.core.main.TestSuiteExecutor.accessTestSuiteMainPhase(TestSuiteExecutor.java:112)
	at com.kms.katalon.core.main.TestSuiteExecutor.execute(TestSuiteExecutor.java:81)
	at com.kms.katalon.core.main.TestCaseMain.startTestSuite(TestCaseMain.java:149)
	at com.kms.katalon.core.main.TestCaseMain$startTestSuite$0.call(Unknown Source)
	at TempTestSuite1565707895630.run(TempTestSuite1565707895630.groovy:36)


2019-08-13 10:55:04 - [TEST_STEP][FAILED] - callTestCase(findTestCase("CALL-URL"), [:], STOP_ON_FAILURE): callTestCase(findTestCase("CALL-URL"), [:], STOP_ON_FAILURE) FAILED.
Reason:
com.kms.katalon.core.exception.StepFailedException: Unable to click on object 'Object Repository/CR-DESKTOP/Window pop up/language- english' (Root cause: com.kms.katalon.core.webui.exception.WebElementNotFoundException: Web element with id: 'Object Repository/CR-DESKTOP/Window pop up/language- english' located by 'By.xpath: //body[@id='charlotte-russe']/div/div[2]/form/div/label' not found)
	at com.kms.katalon.core.keyword.internal.KeywordMain.stepFailed(KeywordMain.groovy:36)
	at com.kms.katalon.core.webui.keyword.internal.WebUIKeywordMain.stepFailed(WebUIKeywordMain.groovy:65)
	at com.kms.katalon.core.webui.keyword.internal.WebUIKeywordMain.runKeyword(WebUIKeywordMain.groovy:27)
	at com.kms.katalon.core.webui.keyword.builtin.ClickKeyword.click(ClickKeyword.groovy:86)
	at com.kms.katalon.core.webui.keyword.builtin.ClickKeyword.execute(ClickKeyword.groovy:67)
	at com.kms.katalon.core.keyword.internal.KeywordExecutor.executeKeywordForPlatform(KeywordExecutor.groovy:53)
	at com.kms.katalon.core.webui.keyword.WebUiBuiltInKeywords.click(WebUiBuiltInKeywords.groovy:616)
	at com.kms.katalon.core.webui.keyword.WebUiBuiltInKeywords$click$1.call(Unknown Source)
	at CALL-URL.run(CALL-URL:20)
	at com.kms.katalon.core.main.ScriptEngine.run(ScriptEngine.java:194)
	at com.kms.katalon.core.main.ScriptEngine.runScriptAsRawText(ScriptEngine.java:119)
	at com.kms.katalon.core.main.TestCaseExecutor.runScript(TestCaseExecutor.java:328)
	at com.kms.katalon.core.main.TestCaseExecutor.doExecute(TestCaseExecutor.java:319)
	at com.kms.katalon.core.main.TestCaseExecutor.processExecutionPhase(TestCaseExecutor.java:298)
	at com.kms.katalon.core.main.TestCaseExecutor.accessMainPhase(TestCaseExecutor.java:290)
	at com.kms.katalon.core.main.TestCaseExecutor.execute(TestCaseExecutor.java:224)
	at com.kms.katalon.core.main.TestCaseMain.runTestCase(TestCaseMain.java:106)
	at com.kms.katalon.core.keyword.builtin.CallTestCaseKeyword$_callTestCase_closure1.doCall(CallTestCaseKeyword.groovy:59)
	at com.kms.katalon.core.keyword.builtin.CallTestCaseKeyword$_callTestCase_closure1.call(CallTestCaseKeyword.groovy)
	at com.kms.katalon.core.keyword.internal.KeywordMain.runKeyword(KeywordMain.groovy:54)
	at com.kms.katalon.core.keyword.builtin.CallTestCaseKeyword.callTestCase(CallTestCaseKeyword.groovy:80)
	at com.kms.katalon.core.keyword.builtin.CallTestCaseKeyword.execute(CallTestCaseKeyword.groovy:44)
	at com.kms.katalon.core.keyword.internal.KeywordExecutor.executeKeywordForPlatform(KeywordExecutor.groovy:53)
	at com.kms.katalon.core.keyword.BuiltinKeywords.callTestCase(BuiltinKeywords.groovy:334)
	at CALL - LANGUAGE TOGGLER.run(CALL - LANGUAGE TOGGLER:16)
	at com.kms.katalon.core.main.ScriptEngine.run(ScriptEngine.java:194)
	at com.kms.katalon.core.main.ScriptEngine.runScriptAsRawText(ScriptEngine.java:119)
	at com.kms.katalon.core.main.TestCaseExecutor.runScript(TestCaseExecutor.java:328)
	at com.kms.katalon.core.main.TestCaseExecutor.doExecute(TestCaseExecutor.java:319)
	at com.kms.katalon.core.main.TestCaseExecutor.processExecutionPhase(TestCaseExecutor.java:298)
	at com.kms.katalon.core.main.TestCaseExecutor.accessMainPhase(TestCaseExecutor.java:290)
	at com.kms.katalon.core.main.TestCaseExecutor.execute(TestCaseExecutor.java:224)
	at com.kms.katalon.core.main.TestCaseMain.runTestCase(TestCaseMain.java:106)
	at com.kms.katalon.core.keyword.builtin.CallTestCaseKeyword$_callTestCase_closure1.doCall(CallTestCaseKeyword.groovy:59)
	at com.kms.katalon.core.keyword.builtin.CallTestCaseKeyword$_callTestCase_closure1.call(CallTestCaseKeyword.groovy)
	at com.kms.katalon.core.keyword.internal.KeywordMain.runKeyword(KeywordMain.groovy:54)
	at com.kms.katalon.core.keyword.builtin.CallTestCaseKeyword.callTestCase(CallTestCaseKeyword.groovy:80)
	at com.kms.katalon.core.keyword.builtin.CallTestCaseKeyword.execute(CallTestCaseKeyword.groovy:44)
	at com.kms.katalon.core.keyword.internal.KeywordExecutor.executeKeywordForPlatform(KeywordExecutor.groovy:53)
	at com.kms.katalon.core.keyword.BuiltinKeywords.callTestCase(BuiltinKeywords.groovy:334)
	at Price comparison - cart page.run(Price comparison - cart page:16)
	at com.kms.katalon.core.main.ScriptEngine.run(ScriptEngine.java:194)
	at com.kms.katalon.core.main.ScriptEngine.runScriptAsRawText(ScriptEngine.java:119)
	at com.kms.katalon.core.main.TestCaseExecutor.runScript(TestCaseExecutor.java:328)
	at com.kms.katalon.core.main.TestCaseExecutor.doExecute(TestCaseExecutor.java:319)
	at com.kms.katalon.core.main.TestCaseExecutor.processExecutionPhase(TestCaseExecutor.java:298)
	at com.kms.katalon.core.main.TestCaseExecutor.accessMainPhase(TestCaseExecutor.java:290)
	at com.kms.katalon.core.main.TestCaseExecutor.execute(TestCaseExecutor.java:224)
	at com.kms.katalon.core.main.TestSuiteExecutor.accessTestCaseMainPhase(TestSuiteExecutor.java:129)
	at com.kms.katalon.core.main.TestSuiteExecutor.accessTestSuiteMainPhase(TestSuiteExecutor.java:112)
	at com.kms.katalon.core.main.TestSuiteExecutor.execute(TestSuiteExecutor.java:81)
	at com.kms.katalon.core.main.TestCaseMain.startTestSuite(TestCaseMain.java:149)
	at com.kms.katalon.core.main.TestCaseMain$startTestSuite$0.call(Unknown Source)
	at TempTestSuite1565707895630.run(TempTestSuite1565707895630.groovy:36)


2019-08-13 10:55:04 - [TEST_CASE][FAILED] - Test Cases/CALL-URL: Test Cases/CALL-URL FAILED.
Reason:
com.kms.katalon.core.exception.StepFailedException: Unable to click on object 'Object Repository/CR-DESKTOP/Window pop up/language- english' (Root cause: com.kms.katalon.core.webui.exception.WebElementNotFoundException: Web element with id: 'Object Repository/CR-DESKTOP/Window pop up/language- english' located by 'By.xpath: //body[@id='charlotte-russe']/div/div[2]/form/div/label' not found)
	at com.kms.katalon.core.keyword.internal.KeywordMain.stepFailed(KeywordMain.groovy:36)
	at com.kms.katalon.core.webui.keyword.internal.WebUIKeywordMain.stepFailed(WebUIKeywordMain.groovy:65)
	at com.kms.katalon.core.webui.keyword.internal.WebUIKeywordMain.runKeyword(WebUIKeywordMain.groovy:27)
	at com.kms.katalon.core.webui.keyword.builtin.ClickKeyword.click(ClickKeyword.groovy:86)
	at com.kms.katalon.core.webui.keyword.builtin.ClickKeyword.execute(ClickKeyword.groovy:67)
	at com.kms.katalon.core.keyword.internal.KeywordExecutor.executeKeywordForPlatform(KeywordExecutor.groovy:53)
	at com.kms.katalon.core.webui.keyword.WebUiBuiltInKeywords.click(WebUiBuiltInKeywords.groovy:616)
	at com.kms.katalon.core.webui.keyword.WebUiBuiltInKeywords$click$1.call(Unknown Source)
	at CALL-URL.run(CALL-URL:20)
	at com.kms.katalon.core.main.ScriptEngine.run(ScriptEngine.java:194)
	at com.kms.katalon.core.main.ScriptEngine.runScriptAsRawText(ScriptEngine.java:119)
	at com.kms.katalon.core.main.TestCaseExecutor.runScript(TestCaseExecutor.java:328)
	at com.kms.katalon.core.main.TestCaseExecutor.doExecute(TestCaseExecutor.java:319)
	at com.kms.katalon.core.main.TestCaseExecutor.processExecutionPhase(TestCaseExecutor.java:298)
	at com.kms.katalon.core.main.TestCaseExecutor.accessMainPhase(TestCaseExecutor.java:290)
	at com.kms.katalon.core.main.TestCaseExecutor.execute(TestCaseExecutor.java:224)
	at com.kms.katalon.core.main.TestCaseMain.runTestCase(TestCaseMain.java:106)
	at com.kms.katalon.core.keyword.builtin.CallTestCaseKeyword$_callTestCase_closure1.doCall(CallTestCaseKeyword.groovy:59)
	at com.kms.katalon.core.keyword.builtin.CallTestCaseKeyword$_callTestCase_closure1.call(CallTestCaseKeyword.groovy)
	at com.kms.katalon.core.keyword.internal.KeywordMain.runKeyword(KeywordMain.groovy:54)
	at com.kms.katalon.core.keyword.builtin.CallTestCaseKeyword.callTestCase(CallTestCaseKeyword.groovy:80)
	at com.kms.katalon.core.keyword.builtin.CallTestCaseKeyword.execute(CallTestCaseKeyword.groovy:44)
	at com.kms.katalon.core.keyword.internal.KeywordExecutor.executeKeywordForPlatform(KeywordExecutor.groovy:53)
	at com.kms.katalon.core.keyword.BuiltinKeywords.callTestCase(BuiltinKeywords.groovy:334)
	at CALL - LANGUAGE TOGGLER.run(CALL - LANGUAGE TOGGLER:16)
	at com.kms.katalon.core.main.ScriptEngine.run(ScriptEngine.java:194)
	at com.kms.katalon.core.main.ScriptEngine.runScriptAsRawText(ScriptEngine.java:119)
	at com.kms.katalon.core.main.TestCaseExecutor.runScript(TestCaseExecutor.java:328)
	at com.kms.katalon.core.main.TestCaseExecutor.doExecute(TestCaseExecutor.java:319)
	at com.kms.katalon.core.main.TestCaseExecutor.processExecutionPhase(TestCaseExecutor.java:298)
	at com.kms.katalon.core.main.TestCaseExecutor.accessMainPhase(TestCaseExecutor.java:290)
	at com.kms.katalon.core.main.TestCaseExecutor.execute(TestCaseExecutor.java:224)
	at com.kms.katalon.core.main.TestCaseMain.runTestCase(TestCaseMain.java:106)
	at com.kms.katalon.core.keyword.builtin.CallTestCaseKeyword$_callTestCase_closure1.doCall(CallTestCaseKeyword.groovy:59)
	at com.kms.katalon.core.keyword.builtin.CallTestCaseKeyword$_callTestCase_closure1.call(CallTestCaseKeyword.groovy)
	at com.kms.katalon.core.keyword.internal.KeywordMain.runKeyword(KeywordMain.groovy:54)
	at com.kms.katalon.core.keyword.builtin.CallTestCaseKeyword.callTestCase(CallTestCaseKeyword.groovy:80)
	at com.kms.katalon.core.keyword.builtin.CallTestCaseKeyword.execute(CallTestCaseKeyword.groovy:44)
	at com.kms.katalon.core.keyword.internal.KeywordExecutor.executeKeywordForPlatform(KeywordExecutor.groovy:53)
	at com.kms.katalon.core.keyword.BuiltinKeywords.callTestCase(BuiltinKeywords.groovy:334)
	at Price comparison - cart page.run(Price comparison - cart page:16)
	at com.kms.katalon.core.main.ScriptEngine.run(ScriptEngine.java:194)
	at com.kms.katalon.core.main.ScriptEngine.runScriptAsRawText(ScriptEngine.java:119)
	at com.kms.katalon.core.main.TestCaseExecutor.runScript(TestCaseExecutor.java:328)
	at com.kms.katalon.core.main.TestCaseExecutor.doExecute(TestCaseExecutor.java:319)
	at com.kms.katalon.core.main.TestCaseExecutor.processExecutionPhase(TestCaseExecutor.java:298)
	at com.kms.katalon.core.main.TestCaseExecutor.accessMainPhase(TestCaseExecutor.java:290)
	at com.kms.katalon.core.main.TestCaseExecutor.execute(TestCaseExecutor.java:224)
	at com.kms.katalon.core.main.TestSuiteExecutor.accessTestCaseMainPhase(TestSuiteExecutor.java:129)
	at com.kms.katalon.core.main.TestSuiteExecutor.accessTestSuiteMainPhase(TestSuiteExecutor.java:112)
	at com.kms.katalon.core.main.TestSuiteExecutor.execute(TestSuiteExecutor.java:81)
	at com.kms.katalon.core.main.TestCaseMain.startTestSuite(TestCaseMain.java:149)
	at com.kms.katalon.core.main.TestCaseMain$startTestSuite$0.call(Unknown Source)
	at TempTestSuite1565707895630.run(TempTestSuite1565707895630.groovy:36)


2019-08-13 10:55:04 - [TEST_STEP][PASSED] - openBrowser(""): Browser is opened with url: ''

2019-08-13 10:55:04 - [MESSAGE][WARNING] - A browser is already opened. Closing browser and opening a new one

2019-08-13 10:55:04 - [MESSAGE][INFO] - Starting 'Chrome' driver

2019-08-13 10:55:05 - [MESSAGE][PASSED] - Browser is opened with url: ''

2019-08-13 10:55:05 - [TEST_STEP][PASSED] - navigateToUrl("https://charlotterusse.com/"): Navigate to 'https://charlotterusse.com/' successfully

2019-08-13 10:55:05 - [MESSAGE][PASSED] - Navigate to 'https://charlotterusse.com/' successfully

2019-08-13 10:55:05 - [TEST_STEP][FAILED] - click(findTestObject("CR-DESKTOP/Window pop up/language- english")): click(findTestObject("CR-DESKTOP/Window pop up/language- english")) FAILED.
Reason:
com.kms.katalon.core.exception.StepFailedException: Unable to click on object 'Object Repository/CR-DESKTOP/Window pop up/language- english' (Root cause: com.kms.katalon.core.webui.exception.WebElementNotFoundException: Web element with id: 'Object Repository/CR-DESKTOP/Window pop up/language- english' located by 'By.xpath: //body[@id='charlotte-russe']/div/div[2]/form/div/label' not found)
	at com.kms.katalon.core.keyword.internal.KeywordMain.stepFailed(KeywordMain.groovy:36)
	at com.kms.katalon.core.webui.keyword.internal.WebUIKeywordMain.stepFailed(WebUIKeywordMain.groovy:65)
	at com.kms.katalon.core.webui.keyword.internal.WebUIKeywordMain.runKeyword(WebUIKeywordMain.groovy:27)
	at com.kms.katalon.core.webui.keyword.builtin.ClickKeyword.click(ClickKeyword.groovy:86)
	at com.kms.katalon.core.webui.keyword.builtin.ClickKeyword.execute(ClickKeyword.groovy:67)
	at com.kms.katalon.core.keyword.internal.KeywordExecutor.executeKeywordForPlatform(KeywordExecutor.groovy:53)
	at com.kms.katalon.core.webui.keyword.WebUiBuiltInKeywords.click(WebUiBuiltInKeywords.groovy:616)
	at com.kms.katalon.core.webui.keyword.WebUiBuiltInKeywords$click$1.call(Unknown Source)
	at CALL-URL.run(CALL-URL:20)
	at com.kms.katalon.core.main.ScriptEngine.run(ScriptEngine.java:194)
	at com.kms.katalon.core.main.ScriptEngine.runScriptAsRawText(ScriptEngine.java:119)
	at com.kms.katalon.core.main.TestCaseExecutor.runScript(TestCaseExecutor.java:328)
	at com.kms.katalon.core.main.TestCaseExecutor.doExecute(TestCaseExecutor.java:319)
	at com.kms.katalon.core.main.TestCaseExecutor.processExecutionPhase(TestCaseExecutor.java:298)
	at com.kms.katalon.core.main.TestCaseExecutor.accessMainPhase(TestCaseExecutor.java:290)
	at com.kms.katalon.core.main.TestCaseExecutor.execute(TestCaseExecutor.java:224)
	at com.kms.katalon.core.main.TestCaseMain.runTestCase(TestCaseMain.java:106)
	at com.kms.katalon.core.keyword.builtin.CallTestCaseKeyword$_callTestCase_closure1.doCall(CallTestCaseKeyword.groovy:59)
	at com.kms.katalon.core.keyword.builtin.CallTestCaseKeyword$_callTestCase_closure1.call(CallTestCaseKeyword.groovy)
	at com.kms.katalon.core.keyword.internal.KeywordMain.runKeyword(KeywordMain.groovy:54)
	at com.kms.katalon.core.keyword.builtin.CallTestCaseKeyword.callTestCase(CallTestCaseKeyword.groovy:80)
	at com.kms.katalon.core.keyword.builtin.CallTestCaseKeyword.execute(CallTestCaseKeyword.groovy:44)
	at com.kms.katalon.core.keyword.internal.KeywordExecutor.executeKeywordForPlatform(KeywordExecutor.groovy:53)
	at com.kms.katalon.core.keyword.BuiltinKeywords.callTestCase(BuiltinKeywords.groovy:334)
	at CALL - LANGUAGE TOGGLER.run(CALL - LANGUAGE TOGGLER:16)
	at com.kms.katalon.core.main.ScriptEngine.run(ScriptEngine.java:194)
	at com.kms.katalon.core.main.ScriptEngine.runScriptAsRawText(ScriptEngine.java:119)
	at com.kms.katalon.core.main.TestCaseExecutor.runScript(TestCaseExecutor.java:328)
	at com.kms.katalon.core.main.TestCaseExecutor.doExecute(TestCaseExecutor.java:319)
	at com.kms.katalon.core.main.TestCaseExecutor.processExecutionPhase(TestCaseExecutor.java:298)
	at com.kms.katalon.core.main.TestCaseExecutor.accessMainPhase(TestCaseExecutor.java:290)
	at com.kms.katalon.core.main.TestCaseExecutor.execute(TestCaseExecutor.java:224)
	at com.kms.katalon.core.main.TestCaseMain.runTestCase(TestCaseMain.java:106)
	at com.kms.katalon.core.keyword.builtin.CallTestCaseKeyword$_callTestCase_closure1.doCall(CallTestCaseKeyword.groovy:59)
	at com.kms.katalon.core.keyword.builtin.CallTestCaseKeyword$_callTestCase_closure1.call(CallTestCaseKeyword.groovy)
	at com.kms.katalon.core.keyword.internal.KeywordMain.runKeyword(KeywordMain.groovy:54)
	at com.kms.katalon.core.keyword.builtin.CallTestCaseKeyword.callTestCase(CallTestCaseKeyword.groovy:80)
	at com.kms.katalon.core.keyword.builtin.CallTestCaseKeyword.execute(CallTestCaseKeyword.groovy:44)
	at com.kms.katalon.core.keyword.internal.KeywordExecutor.executeKeywordForPlatform(KeywordExecutor.groovy:53)
	at com.kms.katalon.core.keyword.BuiltinKeywords.callTestCase(BuiltinKeywords.groovy:334)
	at Price comparison - cart page.run(Price comparison - cart page:16)
	at com.kms.katalon.core.main.ScriptEngine.run(ScriptEngine.java:194)
	at com.kms.katalon.core.main.ScriptEngine.runScriptAsRawText(ScriptEngine.java:119)
	at com.kms.katalon.core.main.TestCaseExecutor.runScript(TestCaseExecutor.java:328)
	at com.kms.katalon.core.main.TestCaseExecutor.doExecute(TestCaseExecutor.java:319)
	at com.kms.katalon.core.main.TestCaseExecutor.processExecutionPhase(TestCaseExecutor.java:298)
	at com.kms.katalon.core.main.TestCaseExecutor.accessMainPhase(TestCaseExecutor.java:290)
	at com.kms.katalon.core.main.TestCaseExecutor.execute(TestCaseExecutor.java:224)
	at com.kms.katalon.core.main.TestSuiteExecutor.accessTestCaseMainPhase(TestSuiteExecutor.java:129)
	at com.kms.katalon.core.main.TestSuiteExecutor.accessTestSuiteMainPhase(TestSuiteExecutor.java:112)
	at com.kms.katalon.core.main.TestSuiteExecutor.execute(TestSuiteExecutor.java:81)
	at com.kms.katalon.core.main.TestCaseMain.startTestSuite(TestCaseMain.java:149)
	at com.kms.katalon.core.main.TestCaseMain$startTestSuite$0.call(Unknown Source)
	at TempTestSuite1565707895630.run(TempTestSuite1565707895630.groovy:36)


2019-08-13 10:55:36 - [MESSAGE][INFO] - Unable to find the element located by 'By.xpath: //body[@id='charlotte-russe']/div/div[2]/form/div/label'. Please recheck the objects properties to make sure the desired element is located. 

2019-08-13 10:55:36 - [MESSAGE][FAILED] - Unable to click on object 'Object Repository/CR-DESKTOP/Window pop up/language- english' (Root cause: com.kms.katalon.core.webui.exception.WebElementNotFoundException: Web element with id: 'Object Repository/CR-DESKTOP/Window pop up/language- english' located by 'By.xpath: //body[@id='charlotte-russe']/div/div[2]/form/div/label' not found)
[[ATTACHMENT|/Users/sumankompelly/git/CR-Desktop/Reports/suite-chrome/20190813_105135/1565708136225.png]]

2019-08-13 10:55:36 - [MESSAGE][FAILED] - click(findTestObject("CR-DESKTOP/Window pop up/language- english")) FAILED.
Reason:
com.kms.katalon.core.exception.StepFailedException: Unable to click on object 'Object Repository/CR-DESKTOP/Window pop up/language- english' (Root cause: com.kms.katalon.core.webui.exception.WebElementNotFoundException: Web element with id: 'Object Repository/CR-DESKTOP/Window pop up/language- english' located by 'By.xpath: //body[@id='charlotte-russe']/div/div[2]/form/div/label' not found)
	at com.kms.katalon.core.keyword.internal.KeywordMain.stepFailed(KeywordMain.groovy:36)
	at com.kms.katalon.core.webui.keyword.internal.WebUIKeywordMain.stepFailed(WebUIKeywordMain.groovy:65)
	at com.kms.katalon.core.webui.keyword.internal.WebUIKeywordMain.runKeyword(WebUIKeywordMain.groovy:27)
	at com.kms.katalon.core.webui.keyword.builtin.ClickKeyword.click(ClickKeyword.groovy:86)
	at com.kms.katalon.core.webui.keyword.builtin.ClickKeyword.execute(ClickKeyword.groovy:67)
	at com.kms.katalon.core.keyword.internal.KeywordExecutor.executeKeywordForPlatform(KeywordExecutor.groovy:53)
	at com.kms.katalon.core.webui.keyword.WebUiBuiltInKeywords.click(WebUiBuiltInKeywords.groovy:616)
	at com.kms.katalon.core.webui.keyword.WebUiBuiltInKeywords$click$1.call(Unknown Source)
	at CALL-URL.run(CALL-URL:20)
	at com.kms.katalon.core.main.ScriptEngine.run(ScriptEngine.java:194)
	at com.kms.katalon.core.main.ScriptEngine.runScriptAsRawText(ScriptEngine.java:119)
	at com.kms.katalon.core.main.TestCaseExecutor.runScript(TestCaseExecutor.java:328)
	at com.kms.katalon.core.main.TestCaseExecutor.doExecute(TestCaseExecutor.java:319)
	at com.kms.katalon.core.main.TestCaseExecutor.processExecutionPhase(TestCaseExecutor.java:298)
	at com.kms.katalon.core.main.TestCaseExecutor.accessMainPhase(TestCaseExecutor.java:290)
	at com.kms.katalon.core.main.TestCaseExecutor.execute(TestCaseExecutor.java:224)
	at com.kms.katalon.core.main.TestCaseMain.runTestCase(TestCaseMain.java:106)
	at com.kms.katalon.core.keyword.builtin.CallTestCaseKeyword$_callTestCase_closure1.doCall(CallTestCaseKeyword.groovy:59)
	at com.kms.katalon.core.keyword.builtin.CallTestCaseKeyword$_callTestCase_closure1.call(CallTestCaseKeyword.groovy)
	at com.kms.katalon.core.keyword.internal.KeywordMain.runKeyword(KeywordMain.groovy:54)
	at com.kms.katalon.core.keyword.builtin.CallTestCaseKeyword.callTestCase(CallTestCaseKeyword.groovy:80)
	at com.kms.katalon.core.keyword.builtin.CallTestCaseKeyword.execute(CallTestCaseKeyword.groovy:44)
	at com.kms.katalon.core.keyword.internal.KeywordExecutor.executeKeywordForPlatform(KeywordExecutor.groovy:53)
	at com.kms.katalon.core.keyword.BuiltinKeywords.callTestCase(BuiltinKeywords.groovy:334)
	at CALL - LANGUAGE TOGGLER.run(CALL - LANGUAGE TOGGLER:16)
	at com.kms.katalon.core.main.ScriptEngine.run(ScriptEngine.java:194)
	at com.kms.katalon.core.main.ScriptEngine.runScriptAsRawText(ScriptEngine.java:119)
	at com.kms.katalon.core.main.TestCaseExecutor.runScript(TestCaseExecutor.java:328)
	at com.kms.katalon.core.main.TestCaseExecutor.doExecute(TestCaseExecutor.java:319)
	at com.kms.katalon.core.main.TestCaseExecutor.processExecutionPhase(TestCaseExecutor.java:298)
	at com.kms.katalon.core.main.TestCaseExecutor.accessMainPhase(TestCaseExecutor.java:290)
	at com.kms.katalon.core.main.TestCaseExecutor.execute(TestCaseExecutor.java:224)
	at com.kms.katalon.core.main.TestCaseMain.runTestCase(TestCaseMain.java:106)
	at com.kms.katalon.core.keyword.builtin.CallTestCaseKeyword$_callTestCase_closure1.doCall(CallTestCaseKeyword.groovy:59)
	at com.kms.katalon.core.keyword.builtin.CallTestCaseKeyword$_callTestCase_closure1.call(CallTestCaseKeyword.groovy)
	at com.kms.katalon.core.keyword.internal.KeywordMain.runKeyword(KeywordMain.groovy:54)
	at com.kms.katalon.core.keyword.builtin.CallTestCaseKeyword.callTestCase(CallTestCaseKeyword.groovy:80)
	at com.kms.katalon.core.keyword.builtin.CallTestCaseKeyword.execute(CallTestCaseKeyword.groovy:44)
	at com.kms.katalon.core.keyword.internal.KeywordExecutor.executeKeywordForPlatform(KeywordExecutor.groovy:53)
	at com.kms.katalon.core.keyword.BuiltinKeywords.callTestCase(BuiltinKeywords.groovy:334)
	at Price comparison - cart page.run(Price comparison - cart page:16)
	at com.kms.katalon.core.main.ScriptEngine.run(ScriptEngine.java:194)
	at com.kms.katalon.core.main.ScriptEngine.runScriptAsRawText(ScriptEngine.java:119)
	at com.kms.katalon.core.main.TestCaseExecutor.runScript(TestCaseExecutor.java:328)
	at com.kms.katalon.core.main.TestCaseExecutor.doExecute(TestCaseExecutor.java:319)
	at com.kms.katalon.core.main.TestCaseExecutor.processExecutionPhase(TestCaseExecutor.java:298)
	at com.kms.katalon.core.main.TestCaseExecutor.accessMainPhase(TestCaseExecutor.java:290)
	at com.kms.katalon.core.main.TestCaseExecutor.execute(TestCaseExecutor.java:224)
	at com.kms.katalon.core.main.TestSuiteExecutor.accessTestCaseMainPhase(TestSuiteExecutor.java:129)
	at com.kms.katalon.core.main.TestSuiteExecutor.accessTestSuiteMainPhase(TestSuiteExecutor.java:112)
	at com.kms.katalon.core.main.TestSuiteExecutor.execute(TestSuiteExecutor.java:81)
	at com.kms.katalon.core.main.TestCaseMain.startTestSuite(TestCaseMain.java:149)
	at com.kms.katalon.core.main.TestCaseMain$startTestSuite$0.call(Unknown Source)
	at TempTestSuite1565707895630.run(TempTestSuite1565707895630.groovy:36)


2019-08-13 10:55:36 - [MESSAGE][FAILED] - Unable to call Test Case 'Test Cases/CALL-URL' (Root cause: com.kms.katalon.core.exception.StepFailedException: Call Test Case 'Test Cases/CALL-URL' failed)

2019-08-13 10:55:36 - [MESSAGE][FAILED] - callTestCase(findTestCase("CALL-URL"), [:], STOP_ON_FAILURE) FAILED.
Reason:
com.kms.katalon.core.exception.StepFailedException: Unable to click on object 'Object Repository/CR-DESKTOP/Window pop up/language- english' (Root cause: com.kms.katalon.core.webui.exception.WebElementNotFoundException: Web element with id: 'Object Repository/CR-DESKTOP/Window pop up/language- english' located by 'By.xpath: //body[@id='charlotte-russe']/div/div[2]/form/div/label' not found)
	at com.kms.katalon.core.keyword.internal.KeywordMain.stepFailed(KeywordMain.groovy:36)
	at com.kms.katalon.core.webui.keyword.internal.WebUIKeywordMain.stepFailed(WebUIKeywordMain.groovy:65)
	at com.kms.katalon.core.webui.keyword.internal.WebUIKeywordMain.runKeyword(WebUIKeywordMain.groovy:27)
	at com.kms.katalon.core.webui.keyword.builtin.ClickKeyword.click(ClickKeyword.groovy:86)
	at com.kms.katalon.core.webui.keyword.builtin.ClickKeyword.execute(ClickKeyword.groovy:67)
	at com.kms.katalon.core.keyword.internal.KeywordExecutor.executeKeywordForPlatform(KeywordExecutor.groovy:53)
	at com.kms.katalon.core.webui.keyword.WebUiBuiltInKeywords.click(WebUiBuiltInKeywords.groovy:616)
	at com.kms.katalon.core.webui.keyword.WebUiBuiltInKeywords$click$1.call(Unknown Source)
	at CALL-URL.run(CALL-URL:20)
	at com.kms.katalon.core.main.ScriptEngine.run(ScriptEngine.java:194)
	at com.kms.katalon.core.main.ScriptEngine.runScriptAsRawText(ScriptEngine.java:119)
	at com.kms.katalon.core.main.TestCaseExecutor.runScript(TestCaseExecutor.java:328)
	at com.kms.katalon.core.main.TestCaseExecutor.doExecute(TestCaseExecutor.java:319)
	at com.kms.katalon.core.main.TestCaseExecutor.processExecutionPhase(TestCaseExecutor.java:298)
	at com.kms.katalon.core.main.TestCaseExecutor.accessMainPhase(TestCaseExecutor.java:290)
	at com.kms.katalon.core.main.TestCaseExecutor.execute(TestCaseExecutor.java:224)
	at com.kms.katalon.core.main.TestCaseMain.runTestCase(TestCaseMain.java:106)
	at com.kms.katalon.core.keyword.builtin.CallTestCaseKeyword$_callTestCase_closure1.doCall(CallTestCaseKeyword.groovy:59)
	at com.kms.katalon.core.keyword.builtin.CallTestCaseKeyword$_callTestCase_closure1.call(CallTestCaseKeyword.groovy)
	at com.kms.katalon.core.keyword.internal.KeywordMain.runKeyword(KeywordMain.groovy:54)
	at com.kms.katalon.core.keyword.builtin.CallTestCaseKeyword.callTestCase(CallTestCaseKeyword.groovy:80)
	at com.kms.katalon.core.keyword.builtin.CallTestCaseKeyword.execute(CallTestCaseKeyword.groovy:44)
	at com.kms.katalon.core.keyword.internal.KeywordExecutor.executeKeywordForPlatform(KeywordExecutor.groovy:53)
	at com.kms.katalon.core.keyword.BuiltinKeywords.callTestCase(BuiltinKeywords.groovy:334)
	at CALL - LANGUAGE TOGGLER.run(CALL - LANGUAGE TOGGLER:16)
	at com.kms.katalon.core.main.ScriptEngine.run(ScriptEngine.java:194)
	at com.kms.katalon.core.main.ScriptEngine.runScriptAsRawText(ScriptEngine.java:119)
	at com.kms.katalon.core.main.TestCaseExecutor.runScript(TestCaseExecutor.java:328)
	at com.kms.katalon.core.main.TestCaseExecutor.doExecute(TestCaseExecutor.java:319)
	at com.kms.katalon.core.main.TestCaseExecutor.processExecutionPhase(TestCaseExecutor.java:298)
	at com.kms.katalon.core.main.TestCaseExecutor.accessMainPhase(TestCaseExecutor.java:290)
	at com.kms.katalon.core.main.TestCaseExecutor.execute(TestCaseExecutor.java:224)
	at com.kms.katalon.core.main.TestCaseMain.runTestCase(TestCaseMain.java:106)
	at com.kms.katalon.core.keyword.builtin.CallTestCaseKeyword$_callTestCase_closure1.doCall(CallTestCaseKeyword.groovy:59)
	at com.kms.katalon.core.keyword.builtin.CallTestCaseKeyword$_callTestCase_closure1.call(CallTestCaseKeyword.groovy)
	at com.kms.katalon.core.keyword.internal.KeywordMain.runKeyword(KeywordMain.groovy:54)
	at com.kms.katalon.core.keyword.builtin.CallTestCaseKeyword.callTestCase(CallTestCaseKeyword.groovy:80)
	at com.kms.katalon.core.keyword.builtin.CallTestCaseKeyword.execute(CallTestCaseKeyword.groovy:44)
	at com.kms.katalon.core.keyword.internal.KeywordExecutor.executeKeywordForPlatform(KeywordExecutor.groovy:53)
	at com.kms.katalon.core.keyword.BuiltinKeywords.callTestCase(BuiltinKeywords.groovy:334)
	at Price comparison - cart page.run(Price comparison - cart page:16)
	at com.kms.katalon.core.main.ScriptEngine.run(ScriptEngine.java:194)
	at com.kms.katalon.core.main.ScriptEngine.runScriptAsRawText(ScriptEngine.java:119)
	at com.kms.katalon.core.main.TestCaseExecutor.runScript(TestCaseExecutor.java:328)
	at com.kms.katalon.core.main.TestCaseExecutor.doExecute(TestCaseExecutor.java:319)
	at com.kms.katalon.core.main.TestCaseExecutor.processExecutionPhase(TestCaseExecutor.java:298)
	at com.kms.katalon.core.main.TestCaseExecutor.accessMainPhase(TestCaseExecutor.java:290)
	at com.kms.katalon.core.main.TestCaseExecutor.execute(TestCaseExecutor.java:224)
	at com.kms.katalon.core.main.TestSuiteExecutor.accessTestCaseMainPhase(TestSuiteExecutor.java:129)
	at com.kms.katalon.core.main.TestSuiteExecutor.accessTestSuiteMainPhase(TestSuiteExecutor.java:112)
	at com.kms.katalon.core.main.TestSuiteExecutor.execute(TestSuiteExecutor.java:81)
	at com.kms.katalon.core.main.TestCaseMain.startTestSuite(TestCaseMain.java:149)
	at com.kms.katalon.core.main.TestCaseMain$startTestSuite$0.call(Unknown Source)
	at TempTestSuite1565707895630.run(TempTestSuite1565707895630.groovy:36)


2019-08-13 10:55:36 - [MESSAGE][FAILED] - Unable to call Test Case 'Test Cases/CALL - LANGUAGE TOGGLER' (Root cause: com.kms.katalon.core.exception.StepFailedException: Call Test Case 'Test Cases/CALL - LANGUAGE TOGGLER' failed)

2019-08-13 10:55:36 - [MESSAGE][FAILED] - callTestCase(findTestCase("CALL - LANGUAGE TOGGLER"), [:], STOP_ON_FAILURE) FAILED.
Reason:
com.kms.katalon.core.exception.StepFailedException: Unable to click on object 'Object Repository/CR-DESKTOP/Window pop up/language- english' (Root cause: com.kms.katalon.core.webui.exception.WebElementNotFoundException: Web element with id: 'Object Repository/CR-DESKTOP/Window pop up/language- english' located by 'By.xpath: //body[@id='charlotte-russe']/div/div[2]/form/div/label' not found)
	at com.kms.katalon.core.keyword.internal.KeywordMain.stepFailed(KeywordMain.groovy:36)
	at com.kms.katalon.core.webui.keyword.internal.WebUIKeywordMain.stepFailed(WebUIKeywordMain.groovy:65)
	at com.kms.katalon.core.webui.keyword.internal.WebUIKeywordMain.runKeyword(WebUIKeywordMain.groovy:27)
	at com.kms.katalon.core.webui.keyword.builtin.ClickKeyword.click(ClickKeyword.groovy:86)
	at com.kms.katalon.core.webui.keyword.builtin.ClickKeyword.execute(ClickKeyword.groovy:67)
	at com.kms.katalon.core.keyword.internal.KeywordExecutor.executeKeywordForPlatform(KeywordExecutor.groovy:53)
	at com.kms.katalon.core.webui.keyword.WebUiBuiltInKeywords.click(WebUiBuiltInKeywords.groovy:616)
	at com.kms.katalon.core.webui.keyword.WebUiBuiltInKeywords$click$1.call(Unknown Source)
	at CALL-URL.run(CALL-URL:20)
	at com.kms.katalon.core.main.ScriptEngine.run(ScriptEngine.java:194)
	at com.kms.katalon.core.main.ScriptEngine.runScriptAsRawText(ScriptEngine.java:119)
	at com.kms.katalon.core.main.TestCaseExecutor.runScript(TestCaseExecutor.java:328)
	at com.kms.katalon.core.main.TestCaseExecutor.doExecute(TestCaseExecutor.java:319)
	at com.kms.katalon.core.main.TestCaseExecutor.processExecutionPhase(TestCaseExecutor.java:298)
	at com.kms.katalon.core.main.TestCaseExecutor.accessMainPhase(TestCaseExecutor.java:290)
	at com.kms.katalon.core.main.TestCaseExecutor.execute(TestCaseExecutor.java:224)
	at com.kms.katalon.core.main.TestCaseMain.runTestCase(TestCaseMain.java:106)
	at com.kms.katalon.core.keyword.builtin.CallTestCaseKeyword$_callTestCase_closure1.doCall(CallTestCaseKeyword.groovy:59)
	at com.kms.katalon.core.keyword.builtin.CallTestCaseKeyword$_callTestCase_closure1.call(CallTestCaseKeyword.groovy)
	at com.kms.katalon.core.keyword.internal.KeywordMain.runKeyword(KeywordMain.groovy:54)
	at com.kms.katalon.core.keyword.builtin.CallTestCaseKeyword.callTestCase(CallTestCaseKeyword.groovy:80)
	at com.kms.katalon.core.keyword.builtin.CallTestCaseKeyword.execute(CallTestCaseKeyword.groovy:44)
	at com.kms.katalon.core.keyword.internal.KeywordExecutor.executeKeywordForPlatform(KeywordExecutor.groovy:53)
	at com.kms.katalon.core.keyword.BuiltinKeywords.callTestCase(BuiltinKeywords.groovy:334)
	at CALL - LANGUAGE TOGGLER.run(CALL - LANGUAGE TOGGLER:16)
	at com.kms.katalon.core.main.ScriptEngine.run(ScriptEngine.java:194)
	at com.kms.katalon.core.main.ScriptEngine.runScriptAsRawText(ScriptEngine.java:119)
	at com.kms.katalon.core.main.TestCaseExecutor.runScript(TestCaseExecutor.java:328)
	at com.kms.katalon.core.main.TestCaseExecutor.doExecute(TestCaseExecutor.java:319)
	at com.kms.katalon.core.main.TestCaseExecutor.processExecutionPhase(TestCaseExecutor.java:298)
	at com.kms.katalon.core.main.TestCaseExecutor.accessMainPhase(TestCaseExecutor.java:290)
	at com.kms.katalon.core.main.TestCaseExecutor.execute(TestCaseExecutor.java:224)
	at com.kms.katalon.core.main.TestCaseMain.runTestCase(TestCaseMain.java:106)
	at com.kms.katalon.core.keyword.builtin.CallTestCaseKeyword$_callTestCase_closure1.doCall(CallTestCaseKeyword.groovy:59)
	at com.kms.katalon.core.keyword.builtin.CallTestCaseKeyword$_callTestCase_closure1.call(CallTestCaseKeyword.groovy)
	at com.kms.katalon.core.keyword.internal.KeywordMain.runKeyword(KeywordMain.groovy:54)
	at com.kms.katalon.core.keyword.builtin.CallTestCaseKeyword.callTestCase(CallTestCaseKeyword.groovy:80)
	at com.kms.katalon.core.keyword.builtin.CallTestCaseKeyword.execute(CallTestCaseKeyword.groovy:44)
	at com.kms.katalon.core.keyword.internal.KeywordExecutor.executeKeywordForPlatform(KeywordExecutor.groovy:53)
	at com.kms.katalon.core.keyword.BuiltinKeywords.callTestCase(BuiltinKeywords.groovy:334)
	at Price comparison - cart page.run(Price comparison - cart page:16)
	at com.kms.katalon.core.main.ScriptEngine.run(ScriptEngine.java:194)
	at com.kms.katalon.core.main.ScriptEngine.runScriptAsRawText(ScriptEngine.java:119)
	at com.kms.katalon.core.main.TestCaseExecutor.runScript(TestCaseExecutor.java:328)
	at com.kms.katalon.core.main.TestCaseExecutor.doExecute(TestCaseExecutor.java:319)
	at com.kms.katalon.core.main.TestCaseExecutor.processExecutionPhase(TestCaseExecutor.java:298)
	at com.kms.katalon.core.main.TestCaseExecutor.accessMainPhase(TestCaseExecutor.java:290)
	at com.kms.katalon.core.main.TestCaseExecutor.execute(TestCaseExecutor.java:224)
	at com.kms.katalon.core.main.TestSuiteExecutor.accessTestCaseMainPhase(TestSuiteExecutor.java:129)
	at com.kms.katalon.core.main.TestSuiteExecutor.accessTestSuiteMainPhase(TestSuiteExecutor.java:112)
	at com.kms.katalon.core.main.TestSuiteExecutor.execute(TestSuiteExecutor.java:81)
	at com.kms.katalon.core.main.TestCaseMain.startTestSuite(TestCaseMain.java:149)
	at com.kms.katalon.core.main.TestCaseMain$startTestSuite$0.call(Unknown Source)
	at TempTestSuite1565707895630.run(TempTestSuite1565707895630.groovy:36)]]></system-out>
         <system-err><![CDATA[2019-08-13 10:55:03 - [TEST_CASE][FAILED] - Test Cases/CRITICAL PATH - SPANISH/Price comparison - cart page: Test Cases/CRITICAL PATH - SPANISH/Price comparison - cart page FAILED.
Reason:
com.kms.katalon.core.exception.StepFailedException: Unable to click on object 'Object Repository/CR-DESKTOP/Window pop up/language- english' (Root cause: com.kms.katalon.core.webui.exception.WebElementNotFoundException: Web element with id: 'Object Repository/CR-DESKTOP/Window pop up/language- english' located by 'By.xpath: //body[@id='charlotte-russe']/div/div[2]/form/div/label' not found)
	at com.kms.katalon.core.keyword.internal.KeywordMain.stepFailed(KeywordMain.groovy:36)
	at com.kms.katalon.core.webui.keyword.internal.WebUIKeywordMain.stepFailed(WebUIKeywordMain.groovy:65)
	at com.kms.katalon.core.webui.keyword.internal.WebUIKeywordMain.runKeyword(WebUIKeywordMain.groovy:27)
	at com.kms.katalon.core.webui.keyword.builtin.ClickKeyword.click(ClickKeyword.groovy:86)
	at com.kms.katalon.core.webui.keyword.builtin.ClickKeyword.execute(ClickKeyword.groovy:67)
	at com.kms.katalon.core.keyword.internal.KeywordExecutor.executeKeywordForPlatform(KeywordExecutor.groovy:53)
	at com.kms.katalon.core.webui.keyword.WebUiBuiltInKeywords.click(WebUiBuiltInKeywords.groovy:616)
	at com.kms.katalon.core.webui.keyword.WebUiBuiltInKeywords$click$1.call(Unknown Source)
	at CALL-URL.run(CALL-URL:20)
	at com.kms.katalon.core.main.ScriptEngine.run(ScriptEngine.java:194)
	at com.kms.katalon.core.main.ScriptEngine.runScriptAsRawText(ScriptEngine.java:119)
	at com.kms.katalon.core.main.TestCaseExecutor.runScript(TestCaseExecutor.java:328)
	at com.kms.katalon.core.main.TestCaseExecutor.doExecute(TestCaseExecutor.java:319)
	at com.kms.katalon.core.main.TestCaseExecutor.processExecutionPhase(TestCaseExecutor.java:298)
	at com.kms.katalon.core.main.TestCaseExecutor.accessMainPhase(TestCaseExecutor.java:290)
	at com.kms.katalon.core.main.TestCaseExecutor.execute(TestCaseExecutor.java:224)
	at com.kms.katalon.core.main.TestCaseMain.runTestCase(TestCaseMain.java:106)
	at com.kms.katalon.core.keyword.builtin.CallTestCaseKeyword$_callTestCase_closure1.doCall(CallTestCaseKeyword.groovy:59)
	at com.kms.katalon.core.keyword.builtin.CallTestCaseKeyword$_callTestCase_closure1.call(CallTestCaseKeyword.groovy)
	at com.kms.katalon.core.keyword.internal.KeywordMain.runKeyword(KeywordMain.groovy:54)
	at com.kms.katalon.core.keyword.builtin.CallTestCaseKeyword.callTestCase(CallTestCaseKeyword.groovy:80)
	at com.kms.katalon.core.keyword.builtin.CallTestCaseKeyword.execute(CallTestCaseKeyword.groovy:44)
	at com.kms.katalon.core.keyword.internal.KeywordExecutor.executeKeywordForPlatform(KeywordExecutor.groovy:53)
	at com.kms.katalon.core.keyword.BuiltinKeywords.callTestCase(BuiltinKeywords.groovy:334)
	at CALL - LANGUAGE TOGGLER.run(CALL - LANGUAGE TOGGLER:16)
	at com.kms.katalon.core.main.ScriptEngine.run(ScriptEngine.java:194)
	at com.kms.katalon.core.main.ScriptEngine.runScriptAsRawText(ScriptEngine.java:119)
	at com.kms.katalon.core.main.TestCaseExecutor.runScript(TestCaseExecutor.java:328)
	at com.kms.katalon.core.main.TestCaseExecutor.doExecute(TestCaseExecutor.java:319)
	at com.kms.katalon.core.main.TestCaseExecutor.processExecutionPhase(TestCaseExecutor.java:298)
	at com.kms.katalon.core.main.TestCaseExecutor.accessMainPhase(TestCaseExecutor.java:290)
	at com.kms.katalon.core.main.TestCaseExecutor.execute(TestCaseExecutor.java:224)
	at com.kms.katalon.core.main.TestCaseMain.runTestCase(TestCaseMain.java:106)
	at com.kms.katalon.core.keyword.builtin.CallTestCaseKeyword$_callTestCase_closure1.doCall(CallTestCaseKeyword.groovy:59)
	at com.kms.katalon.core.keyword.builtin.CallTestCaseKeyword$_callTestCase_closure1.call(CallTestCaseKeyword.groovy)
	at com.kms.katalon.core.keyword.internal.KeywordMain.runKeyword(KeywordMain.groovy:54)
	at com.kms.katalon.core.keyword.builtin.CallTestCaseKeyword.callTestCase(CallTestCaseKeyword.groovy:80)
	at com.kms.katalon.core.keyword.builtin.CallTestCaseKeyword.execute(CallTestCaseKeyword.groovy:44)
	at com.kms.katalon.core.keyword.internal.KeywordExecutor.executeKeywordForPlatform(KeywordExecutor.groovy:53)
	at com.kms.katalon.core.keyword.BuiltinKeywords.callTestCase(BuiltinKeywords.groovy:334)
	at Price comparison - cart page.run(Price comparison - cart page:16)
	at com.kms.katalon.core.main.ScriptEngine.run(ScriptEngine.java:194)
	at com.kms.katalon.core.main.ScriptEngine.runScriptAsRawText(ScriptEngine.java:119)
	at com.kms.katalon.core.main.TestCaseExecutor.runScript(TestCaseExecutor.java:328)
	at com.kms.katalon.core.main.TestCaseExecutor.doExecute(TestCaseExecutor.java:319)
	at com.kms.katalon.core.main.TestCaseExecutor.processExecutionPhase(TestCaseExecutor.java:298)
	at com.kms.katalon.core.main.TestCaseExecutor.accessMainPhase(TestCaseExecutor.java:290)
	at com.kms.katalon.core.main.TestCaseExecutor.execute(TestCaseExecutor.java:224)
	at com.kms.katalon.core.main.TestSuiteExecutor.accessTestCaseMainPhase(TestSuiteExecutor.java:129)
	at com.kms.katalon.core.main.TestSuiteExecutor.accessTestSuiteMainPhase(TestSuiteExecutor.java:112)
	at com.kms.katalon.core.main.TestSuiteExecutor.execute(TestSuiteExecutor.java:81)
	at com.kms.katalon.core.main.TestCaseMain.startTestSuite(TestCaseMain.java:149)
	at com.kms.katalon.core.main.TestCaseMain$startTestSuite$0.call(Unknown Source)
	at TempTestSuite1565707895630.run(TempTestSuite1565707895630.groovy:36)]]></system-err>
      </testcase>
      <testcase name="Test Cases/CRITICAL PATH - SPANISH/Decrease quantity - cart page" classname="Test Cases/CRITICAL PATH - SPANISH/Decrease quantity - cart page" status="FAILED">
         <failure type="FAILED" message="Test Cases/CRITICAL PATH - SPANISH/Decrease quantity - cart page FAILED.
Reason:
com.kms.katalon.core.exception.StepFailedException: Unable to click on object 'Object Repository/CR-DESKTOP/Window pop up/language- english' (Root cause: com.kms.katalon.core.webui.exception.WebElementNotFoundException: Web element with id: 'Object Repository/CR-DESKTOP/Window pop up/language- english' located by 'By.xpath: //body[@id='charlotte-russe']/div/div[2]/form/div/label' not found)
	at com.kms.katalon.core.keyword.internal.KeywordMain.stepFailed(KeywordMain.groovy:36)
	at com.kms.katalon.core.webui.keyword.internal.WebUIKeywordMain.stepFailed(WebUIKeywordMain.groovy:65)
	at com.kms.katalon.core.webui.keyword.internal.WebUIKeywordMain.runKeyword(WebUIKeywordMain.groovy:27)
	at com.kms.katalon.core.webui.keyword.builtin.ClickKeyword.click(ClickKeyword.groovy:86)
	at com.kms.katalon.core.webui.keyword.builtin.ClickKeyword.execute(ClickKeyword.groovy:67)
	at com.kms.katalon.core.keyword.internal.KeywordExecutor.executeKeywordForPlatform(KeywordExecutor.groovy:53)
	at com.kms.katalon.core.webui.keyword.WebUiBuiltInKeywords.click(WebUiBuiltInKeywords.groovy:616)
	at com.kms.katalon.core.webui.keyword.WebUiBuiltInKeywords$click$1.call(Unknown Source)
	at CALL-URL.run(CALL-URL:20)
	at com.kms.katalon.core.main.ScriptEngine.run(ScriptEngine.java:194)
	at com.kms.katalon.core.main.ScriptEngine.runScriptAsRawText(ScriptEngine.java:119)
	at com.kms.katalon.core.main.TestCaseExecutor.runScript(TestCaseExecutor.java:328)
	at com.kms.katalon.core.main.TestCaseExecutor.doExecute(TestCaseExecutor.java:319)
	at com.kms.katalon.core.main.TestCaseExecutor.processExecutionPhase(TestCaseExecutor.java:298)
	at com.kms.katalon.core.main.TestCaseExecutor.accessMainPhase(TestCaseExecutor.java:290)
	at com.kms.katalon.core.main.TestCaseExecutor.execute(TestCaseExecutor.java:224)
	at com.kms.katalon.core.main.TestCaseMain.runTestCase(TestCaseMain.java:106)
	at com.kms.katalon.core.keyword.builtin.CallTestCaseKeyword$_callTestCase_closure1.doCall(CallTestCaseKeyword.groovy:59)
	at com.kms.katalon.core.keyword.builtin.CallTestCaseKeyword$_callTestCase_closure1.call(CallTestCaseKeyword.groovy)
	at com.kms.katalon.core.keyword.internal.KeywordMain.runKeyword(KeywordMain.groovy:54)
	at com.kms.katalon.core.keyword.builtin.CallTestCaseKeyword.callTestCase(CallTestCaseKeyword.groovy:80)
	at com.kms.katalon.core.keyword.builtin.CallTestCaseKeyword.execute(CallTestCaseKeyword.groovy:44)
	at com.kms.katalon.core.keyword.internal.KeywordExecutor.executeKeywordForPlatform(KeywordExecutor.groovy:53)
	at com.kms.katalon.core.keyword.BuiltinKeywords.callTestCase(BuiltinKeywords.groovy:334)
	at CALL - LANGUAGE TOGGLER.run(CALL - LANGUAGE TOGGLER:16)
	at com.kms.katalon.core.main.ScriptEngine.run(ScriptEngine.java:194)
	at com.kms.katalon.core.main.ScriptEngine.runScriptAsRawText(ScriptEngine.java:119)
	at com.kms.katalon.core.main.TestCaseExecutor.runScript(TestCaseExecutor.java:328)
	at com.kms.katalon.core.main.TestCaseExecutor.doExecute(TestCaseExecutor.java:319)
	at com.kms.katalon.core.main.TestCaseExecutor.processExecutionPhase(TestCaseExecutor.java:298)
	at com.kms.katalon.core.main.TestCaseExecutor.accessMainPhase(TestCaseExecutor.java:290)
	at com.kms.katalon.core.main.TestCaseExecutor.execute(TestCaseExecutor.java:224)
	at com.kms.katalon.core.main.TestCaseMain.runTestCase(TestCaseMain.java:106)
	at com.kms.katalon.core.keyword.builtin.CallTestCaseKeyword$_callTestCase_closure1.doCall(CallTestCaseKeyword.groovy:59)
	at com.kms.katalon.core.keyword.builtin.CallTestCaseKeyword$_callTestCase_closure1.call(CallTestCaseKeyword.groovy)
	at com.kms.katalon.core.keyword.internal.KeywordMain.runKeyword(KeywordMain.groovy:54)
	at com.kms.katalon.core.keyword.builtin.CallTestCaseKeyword.callTestCase(CallTestCaseKeyword.groovy:80)
	at com.kms.katalon.core.keyword.builtin.CallTestCaseKeyword.execute(CallTestCaseKeyword.groovy:44)
	at com.kms.katalon.core.keyword.internal.KeywordExecutor.executeKeywordForPlatform(KeywordExecutor.groovy:53)
	at com.kms.katalon.core.keyword.BuiltinKeywords.callTestCase(BuiltinKeywords.groovy:334)
	at Decrease quantity - cart page.run(Decrease quantity - cart page:16)
	at com.kms.katalon.core.main.ScriptEngine.run(ScriptEngine.java:194)
	at com.kms.katalon.core.main.ScriptEngine.runScriptAsRawText(ScriptEngine.java:119)
	at com.kms.katalon.core.main.TestCaseExecutor.runScript(TestCaseExecutor.java:328)
	at com.kms.katalon.core.main.TestCaseExecutor.doExecute(TestCaseExecutor.java:319)
	at com.kms.katalon.core.main.TestCaseExecutor.processExecutionPhase(TestCaseExecutor.java:298)
	at com.kms.katalon.core.main.TestCaseExecutor.accessMainPhase(TestCaseExecutor.java:290)
	at com.kms.katalon.core.main.TestCaseExecutor.execute(TestCaseExecutor.java:224)
	at com.kms.katalon.core.main.TestSuiteExecutor.accessTestCaseMainPhase(TestSuiteExecutor.java:129)
	at com.kms.katalon.core.main.TestSuiteExecutor.accessTestSuiteMainPhase(TestSuiteExecutor.java:112)
	at com.kms.katalon.core.main.TestSuiteExecutor.execute(TestSuiteExecutor.java:81)
	at com.kms.katalon.core.main.TestCaseMain.startTestSuite(TestCaseMain.java:149)
	at com.kms.katalon.core.main.TestCaseMain$startTestSuite$0.call(Unknown Source)
	at TempTestSuite1565707895630.run(TempTestSuite1565707895630.groovy:36)
"/>
         <system-out><![CDATA[2019-08-13 10:55:36 - [TEST_CASE][FAILED] - Test Cases/CRITICAL PATH - SPANISH/Decrease quantity - cart page: Test Cases/CRITICAL PATH - SPANISH/Decrease quantity - cart page FAILED.
Reason:
com.kms.katalon.core.exception.StepFailedException: Unable to click on object 'Object Repository/CR-DESKTOP/Window pop up/language- english' (Root cause: com.kms.katalon.core.webui.exception.WebElementNotFoundException: Web element with id: 'Object Repository/CR-DESKTOP/Window pop up/language- english' located by 'By.xpath: //body[@id='charlotte-russe']/div/div[2]/form/div/label' not found)
	at com.kms.katalon.core.keyword.internal.KeywordMain.stepFailed(KeywordMain.groovy:36)
	at com.kms.katalon.core.webui.keyword.internal.WebUIKeywordMain.stepFailed(WebUIKeywordMain.groovy:65)
	at com.kms.katalon.core.webui.keyword.internal.WebUIKeywordMain.runKeyword(WebUIKeywordMain.groovy:27)
	at com.kms.katalon.core.webui.keyword.builtin.ClickKeyword.click(ClickKeyword.groovy:86)
	at com.kms.katalon.core.webui.keyword.builtin.ClickKeyword.execute(ClickKeyword.groovy:67)
	at com.kms.katalon.core.keyword.internal.KeywordExecutor.executeKeywordForPlatform(KeywordExecutor.groovy:53)
	at com.kms.katalon.core.webui.keyword.WebUiBuiltInKeywords.click(WebUiBuiltInKeywords.groovy:616)
	at com.kms.katalon.core.webui.keyword.WebUiBuiltInKeywords$click$1.call(Unknown Source)
	at CALL-URL.run(CALL-URL:20)
	at com.kms.katalon.core.main.ScriptEngine.run(ScriptEngine.java:194)
	at com.kms.katalon.core.main.ScriptEngine.runScriptAsRawText(ScriptEngine.java:119)
	at com.kms.katalon.core.main.TestCaseExecutor.runScript(TestCaseExecutor.java:328)
	at com.kms.katalon.core.main.TestCaseExecutor.doExecute(TestCaseExecutor.java:319)
	at com.kms.katalon.core.main.TestCaseExecutor.processExecutionPhase(TestCaseExecutor.java:298)
	at com.kms.katalon.core.main.TestCaseExecutor.accessMainPhase(TestCaseExecutor.java:290)
	at com.kms.katalon.core.main.TestCaseExecutor.execute(TestCaseExecutor.java:224)
	at com.kms.katalon.core.main.TestCaseMain.runTestCase(TestCaseMain.java:106)
	at com.kms.katalon.core.keyword.builtin.CallTestCaseKeyword$_callTestCase_closure1.doCall(CallTestCaseKeyword.groovy:59)
	at com.kms.katalon.core.keyword.builtin.CallTestCaseKeyword$_callTestCase_closure1.call(CallTestCaseKeyword.groovy)
	at com.kms.katalon.core.keyword.internal.KeywordMain.runKeyword(KeywordMain.groovy:54)
	at com.kms.katalon.core.keyword.builtin.CallTestCaseKeyword.callTestCase(CallTestCaseKeyword.groovy:80)
	at com.kms.katalon.core.keyword.builtin.CallTestCaseKeyword.execute(CallTestCaseKeyword.groovy:44)
	at com.kms.katalon.core.keyword.internal.KeywordExecutor.executeKeywordForPlatform(KeywordExecutor.groovy:53)
	at com.kms.katalon.core.keyword.BuiltinKeywords.callTestCase(BuiltinKeywords.groovy:334)
	at CALL - LANGUAGE TOGGLER.run(CALL - LANGUAGE TOGGLER:16)
	at com.kms.katalon.core.main.ScriptEngine.run(ScriptEngine.java:194)
	at com.kms.katalon.core.main.ScriptEngine.runScriptAsRawText(ScriptEngine.java:119)
	at com.kms.katalon.core.main.TestCaseExecutor.runScript(TestCaseExecutor.java:328)
	at com.kms.katalon.core.main.TestCaseExecutor.doExecute(TestCaseExecutor.java:319)
	at com.kms.katalon.core.main.TestCaseExecutor.processExecutionPhase(TestCaseExecutor.java:298)
	at com.kms.katalon.core.main.TestCaseExecutor.accessMainPhase(TestCaseExecutor.java:290)
	at com.kms.katalon.core.main.TestCaseExecutor.execute(TestCaseExecutor.java:224)
	at com.kms.katalon.core.main.TestCaseMain.runTestCase(TestCaseMain.java:106)
	at com.kms.katalon.core.keyword.builtin.CallTestCaseKeyword$_callTestCase_closure1.doCall(CallTestCaseKeyword.groovy:59)
	at com.kms.katalon.core.keyword.builtin.CallTestCaseKeyword$_callTestCase_closure1.call(CallTestCaseKeyword.groovy)
	at com.kms.katalon.core.keyword.internal.KeywordMain.runKeyword(KeywordMain.groovy:54)
	at com.kms.katalon.core.keyword.builtin.CallTestCaseKeyword.callTestCase(CallTestCaseKeyword.groovy:80)
	at com.kms.katalon.core.keyword.builtin.CallTestCaseKeyword.execute(CallTestCaseKeyword.groovy:44)
	at com.kms.katalon.core.keyword.internal.KeywordExecutor.executeKeywordForPlatform(KeywordExecutor.groovy:53)
	at com.kms.katalon.core.keyword.BuiltinKeywords.callTestCase(BuiltinKeywords.groovy:334)
	at Decrease quantity - cart page.run(Decrease quantity - cart page:16)
	at com.kms.katalon.core.main.ScriptEngine.run(ScriptEngine.java:194)
	at com.kms.katalon.core.main.ScriptEngine.runScriptAsRawText(ScriptEngine.java:119)
	at com.kms.katalon.core.main.TestCaseExecutor.runScript(TestCaseExecutor.java:328)
	at com.kms.katalon.core.main.TestCaseExecutor.doExecute(TestCaseExecutor.java:319)
	at com.kms.katalon.core.main.TestCaseExecutor.processExecutionPhase(TestCaseExecutor.java:298)
	at com.kms.katalon.core.main.TestCaseExecutor.accessMainPhase(TestCaseExecutor.java:290)
	at com.kms.katalon.core.main.TestCaseExecutor.execute(TestCaseExecutor.java:224)
	at com.kms.katalon.core.main.TestSuiteExecutor.accessTestCaseMainPhase(TestSuiteExecutor.java:129)
	at com.kms.katalon.core.main.TestSuiteExecutor.accessTestSuiteMainPhase(TestSuiteExecutor.java:112)
	at com.kms.katalon.core.main.TestSuiteExecutor.execute(TestSuiteExecutor.java:81)
	at com.kms.katalon.core.main.TestCaseMain.startTestSuite(TestCaseMain.java:149)
	at com.kms.katalon.core.main.TestCaseMain$startTestSuite$0.call(Unknown Source)
	at TempTestSuite1565707895630.run(TempTestSuite1565707895630.groovy:36)


2019-08-13 10:55:36 - [TEST_STEP][FAILED] - callTestCase(findTestCase("CALL - LANGUAGE TOGGLER"), [:], STOP_ON_FAILURE): callTestCase(findTestCase("CALL - LANGUAGE TOGGLER"), [:], STOP_ON_FAILURE) FAILED.
Reason:
com.kms.katalon.core.exception.StepFailedException: Unable to click on object 'Object Repository/CR-DESKTOP/Window pop up/language- english' (Root cause: com.kms.katalon.core.webui.exception.WebElementNotFoundException: Web element with id: 'Object Repository/CR-DESKTOP/Window pop up/language- english' located by 'By.xpath: //body[@id='charlotte-russe']/div/div[2]/form/div/label' not found)
	at com.kms.katalon.core.keyword.internal.KeywordMain.stepFailed(KeywordMain.groovy:36)
	at com.kms.katalon.core.webui.keyword.internal.WebUIKeywordMain.stepFailed(WebUIKeywordMain.groovy:65)
	at com.kms.katalon.core.webui.keyword.internal.WebUIKeywordMain.runKeyword(WebUIKeywordMain.groovy:27)
	at com.kms.katalon.core.webui.keyword.builtin.ClickKeyword.click(ClickKeyword.groovy:86)
	at com.kms.katalon.core.webui.keyword.builtin.ClickKeyword.execute(ClickKeyword.groovy:67)
	at com.kms.katalon.core.keyword.internal.KeywordExecutor.executeKeywordForPlatform(KeywordExecutor.groovy:53)
	at com.kms.katalon.core.webui.keyword.WebUiBuiltInKeywords.click(WebUiBuiltInKeywords.groovy:616)
	at com.kms.katalon.core.webui.keyword.WebUiBuiltInKeywords$click$1.call(Unknown Source)
	at CALL-URL.run(CALL-URL:20)
	at com.kms.katalon.core.main.ScriptEngine.run(ScriptEngine.java:194)
	at com.kms.katalon.core.main.ScriptEngine.runScriptAsRawText(ScriptEngine.java:119)
	at com.kms.katalon.core.main.TestCaseExecutor.runScript(TestCaseExecutor.java:328)
	at com.kms.katalon.core.main.TestCaseExecutor.doExecute(TestCaseExecutor.java:319)
	at com.kms.katalon.core.main.TestCaseExecutor.processExecutionPhase(TestCaseExecutor.java:298)
	at com.kms.katalon.core.main.TestCaseExecutor.accessMainPhase(TestCaseExecutor.java:290)
	at com.kms.katalon.core.main.TestCaseExecutor.execute(TestCaseExecutor.java:224)
	at com.kms.katalon.core.main.TestCaseMain.runTestCase(TestCaseMain.java:106)
	at com.kms.katalon.core.keyword.builtin.CallTestCaseKeyword$_callTestCase_closure1.doCall(CallTestCaseKeyword.groovy:59)
	at com.kms.katalon.core.keyword.builtin.CallTestCaseKeyword$_callTestCase_closure1.call(CallTestCaseKeyword.groovy)
	at com.kms.katalon.core.keyword.internal.KeywordMain.runKeyword(KeywordMain.groovy:54)
	at com.kms.katalon.core.keyword.builtin.CallTestCaseKeyword.callTestCase(CallTestCaseKeyword.groovy:80)
	at com.kms.katalon.core.keyword.builtin.CallTestCaseKeyword.execute(CallTestCaseKeyword.groovy:44)
	at com.kms.katalon.core.keyword.internal.KeywordExecutor.executeKeywordForPlatform(KeywordExecutor.groovy:53)
	at com.kms.katalon.core.keyword.BuiltinKeywords.callTestCase(BuiltinKeywords.groovy:334)
	at CALL - LANGUAGE TOGGLER.run(CALL - LANGUAGE TOGGLER:16)
	at com.kms.katalon.core.main.ScriptEngine.run(ScriptEngine.java:194)
	at com.kms.katalon.core.main.ScriptEngine.runScriptAsRawText(ScriptEngine.java:119)
	at com.kms.katalon.core.main.TestCaseExecutor.runScript(TestCaseExecutor.java:328)
	at com.kms.katalon.core.main.TestCaseExecutor.doExecute(TestCaseExecutor.java:319)
	at com.kms.katalon.core.main.TestCaseExecutor.processExecutionPhase(TestCaseExecutor.java:298)
	at com.kms.katalon.core.main.TestCaseExecutor.accessMainPhase(TestCaseExecutor.java:290)
	at com.kms.katalon.core.main.TestCaseExecutor.execute(TestCaseExecutor.java:224)
	at com.kms.katalon.core.main.TestCaseMain.runTestCase(TestCaseMain.java:106)
	at com.kms.katalon.core.keyword.builtin.CallTestCaseKeyword$_callTestCase_closure1.doCall(CallTestCaseKeyword.groovy:59)
	at com.kms.katalon.core.keyword.builtin.CallTestCaseKeyword$_callTestCase_closure1.call(CallTestCaseKeyword.groovy)
	at com.kms.katalon.core.keyword.internal.KeywordMain.runKeyword(KeywordMain.groovy:54)
	at com.kms.katalon.core.keyword.builtin.CallTestCaseKeyword.callTestCase(CallTestCaseKeyword.groovy:80)
	at com.kms.katalon.core.keyword.builtin.CallTestCaseKeyword.execute(CallTestCaseKeyword.groovy:44)
	at com.kms.katalon.core.keyword.internal.KeywordExecutor.executeKeywordForPlatform(KeywordExecutor.groovy:53)
	at com.kms.katalon.core.keyword.BuiltinKeywords.callTestCase(BuiltinKeywords.groovy:334)
	at Decrease quantity - cart page.run(Decrease quantity - cart page:16)
	at com.kms.katalon.core.main.ScriptEngine.run(ScriptEngine.java:194)
	at com.kms.katalon.core.main.ScriptEngine.runScriptAsRawText(ScriptEngine.java:119)
	at com.kms.katalon.core.main.TestCaseExecutor.runScript(TestCaseExecutor.java:328)
	at com.kms.katalon.core.main.TestCaseExecutor.doExecute(TestCaseExecutor.java:319)
	at com.kms.katalon.core.main.TestCaseExecutor.processExecutionPhase(TestCaseExecutor.java:298)
	at com.kms.katalon.core.main.TestCaseExecutor.accessMainPhase(TestCaseExecutor.java:290)
	at com.kms.katalon.core.main.TestCaseExecutor.execute(TestCaseExecutor.java:224)
	at com.kms.katalon.core.main.TestSuiteExecutor.accessTestCaseMainPhase(TestSuiteExecutor.java:129)
	at com.kms.katalon.core.main.TestSuiteExecutor.accessTestSuiteMainPhase(TestSuiteExecutor.java:112)
	at com.kms.katalon.core.main.TestSuiteExecutor.execute(TestSuiteExecutor.java:81)
	at com.kms.katalon.core.main.TestCaseMain.startTestSuite(TestCaseMain.java:149)
	at com.kms.katalon.core.main.TestCaseMain$startTestSuite$0.call(Unknown Source)
	at TempTestSuite1565707895630.run(TempTestSuite1565707895630.groovy:36)


2019-08-13 10:55:36 - [TEST_CASE][FAILED] - Test Cases/CALL - LANGUAGE TOGGLER: Test Cases/CALL - LANGUAGE TOGGLER FAILED.
Reason:
com.kms.katalon.core.exception.StepFailedException: Unable to click on object 'Object Repository/CR-DESKTOP/Window pop up/language- english' (Root cause: com.kms.katalon.core.webui.exception.WebElementNotFoundException: Web element with id: 'Object Repository/CR-DESKTOP/Window pop up/language- english' located by 'By.xpath: //body[@id='charlotte-russe']/div/div[2]/form/div/label' not found)
	at com.kms.katalon.core.keyword.internal.KeywordMain.stepFailed(KeywordMain.groovy:36)
	at com.kms.katalon.core.webui.keyword.internal.WebUIKeywordMain.stepFailed(WebUIKeywordMain.groovy:65)
	at com.kms.katalon.core.webui.keyword.internal.WebUIKeywordMain.runKeyword(WebUIKeywordMain.groovy:27)
	at com.kms.katalon.core.webui.keyword.builtin.ClickKeyword.click(ClickKeyword.groovy:86)
	at com.kms.katalon.core.webui.keyword.builtin.ClickKeyword.execute(ClickKeyword.groovy:67)
	at com.kms.katalon.core.keyword.internal.KeywordExecutor.executeKeywordForPlatform(KeywordExecutor.groovy:53)
	at com.kms.katalon.core.webui.keyword.WebUiBuiltInKeywords.click(WebUiBuiltInKeywords.groovy:616)
	at com.kms.katalon.core.webui.keyword.WebUiBuiltInKeywords$click$1.call(Unknown Source)
	at CALL-URL.run(CALL-URL:20)
	at com.kms.katalon.core.main.ScriptEngine.run(ScriptEngine.java:194)
	at com.kms.katalon.core.main.ScriptEngine.runScriptAsRawText(ScriptEngine.java:119)
	at com.kms.katalon.core.main.TestCaseExecutor.runScript(TestCaseExecutor.java:328)
	at com.kms.katalon.core.main.TestCaseExecutor.doExecute(TestCaseExecutor.java:319)
	at com.kms.katalon.core.main.TestCaseExecutor.processExecutionPhase(TestCaseExecutor.java:298)
	at com.kms.katalon.core.main.TestCaseExecutor.accessMainPhase(TestCaseExecutor.java:290)
	at com.kms.katalon.core.main.TestCaseExecutor.execute(TestCaseExecutor.java:224)
	at com.kms.katalon.core.main.TestCaseMain.runTestCase(TestCaseMain.java:106)
	at com.kms.katalon.core.keyword.builtin.CallTestCaseKeyword$_callTestCase_closure1.doCall(CallTestCaseKeyword.groovy:59)
	at com.kms.katalon.core.keyword.builtin.CallTestCaseKeyword$_callTestCase_closure1.call(CallTestCaseKeyword.groovy)
	at com.kms.katalon.core.keyword.internal.KeywordMain.runKeyword(KeywordMain.groovy:54)
	at com.kms.katalon.core.keyword.builtin.CallTestCaseKeyword.callTestCase(CallTestCaseKeyword.groovy:80)
	at com.kms.katalon.core.keyword.builtin.CallTestCaseKeyword.execute(CallTestCaseKeyword.groovy:44)
	at com.kms.katalon.core.keyword.internal.KeywordExecutor.executeKeywordForPlatform(KeywordExecutor.groovy:53)
	at com.kms.katalon.core.keyword.BuiltinKeywords.callTestCase(BuiltinKeywords.groovy:334)
	at CALL - LANGUAGE TOGGLER.run(CALL - LANGUAGE TOGGLER:16)
	at com.kms.katalon.core.main.ScriptEngine.run(ScriptEngine.java:194)
	at com.kms.katalon.core.main.ScriptEngine.runScriptAsRawText(ScriptEngine.java:119)
	at com.kms.katalon.core.main.TestCaseExecutor.runScript(TestCaseExecutor.java:328)
	at com.kms.katalon.core.main.TestCaseExecutor.doExecute(TestCaseExecutor.java:319)
	at com.kms.katalon.core.main.TestCaseExecutor.processExecutionPhase(TestCaseExecutor.java:298)
	at com.kms.katalon.core.main.TestCaseExecutor.accessMainPhase(TestCaseExecutor.java:290)
	at com.kms.katalon.core.main.TestCaseExecutor.execute(TestCaseExecutor.java:224)
	at com.kms.katalon.core.main.TestCaseMain.runTestCase(TestCaseMain.java:106)
	at com.kms.katalon.core.keyword.builtin.CallTestCaseKeyword$_callTestCase_closure1.doCall(CallTestCaseKeyword.groovy:59)
	at com.kms.katalon.core.keyword.builtin.CallTestCaseKeyword$_callTestCase_closure1.call(CallTestCaseKeyword.groovy)
	at com.kms.katalon.core.keyword.internal.KeywordMain.runKeyword(KeywordMain.groovy:54)
	at com.kms.katalon.core.keyword.builtin.CallTestCaseKeyword.callTestCase(CallTestCaseKeyword.groovy:80)
	at com.kms.katalon.core.keyword.builtin.CallTestCaseKeyword.execute(CallTestCaseKeyword.groovy:44)
	at com.kms.katalon.core.keyword.internal.KeywordExecutor.executeKeywordForPlatform(KeywordExecutor.groovy:53)
	at com.kms.katalon.core.keyword.BuiltinKeywords.callTestCase(BuiltinKeywords.groovy:334)
	at Decrease quantity - cart page.run(Decrease quantity - cart page:16)
	at com.kms.katalon.core.main.ScriptEngine.run(ScriptEngine.java:194)
	at com.kms.katalon.core.main.ScriptEngine.runScriptAsRawText(ScriptEngine.java:119)
	at com.kms.katalon.core.main.TestCaseExecutor.runScript(TestCaseExecutor.java:328)
	at com.kms.katalon.core.main.TestCaseExecutor.doExecute(TestCaseExecutor.java:319)
	at com.kms.katalon.core.main.TestCaseExecutor.processExecutionPhase(TestCaseExecutor.java:298)
	at com.kms.katalon.core.main.TestCaseExecutor.accessMainPhase(TestCaseExecutor.java:290)
	at com.kms.katalon.core.main.TestCaseExecutor.execute(TestCaseExecutor.java:224)
	at com.kms.katalon.core.main.TestSuiteExecutor.accessTestCaseMainPhase(TestSuiteExecutor.java:129)
	at com.kms.katalon.core.main.TestSuiteExecutor.accessTestSuiteMainPhase(TestSuiteExecutor.java:112)
	at com.kms.katalon.core.main.TestSuiteExecutor.execute(TestSuiteExecutor.java:81)
	at com.kms.katalon.core.main.TestCaseMain.startTestSuite(TestCaseMain.java:149)
	at com.kms.katalon.core.main.TestCaseMain$startTestSuite$0.call(Unknown Source)
	at TempTestSuite1565707895630.run(TempTestSuite1565707895630.groovy:36)


2019-08-13 10:55:36 - [TEST_STEP][FAILED] - callTestCase(findTestCase("CALL-URL"), [:], STOP_ON_FAILURE): callTestCase(findTestCase("CALL-URL"), [:], STOP_ON_FAILURE) FAILED.
Reason:
com.kms.katalon.core.exception.StepFailedException: Unable to click on object 'Object Repository/CR-DESKTOP/Window pop up/language- english' (Root cause: com.kms.katalon.core.webui.exception.WebElementNotFoundException: Web element with id: 'Object Repository/CR-DESKTOP/Window pop up/language- english' located by 'By.xpath: //body[@id='charlotte-russe']/div/div[2]/form/div/label' not found)
	at com.kms.katalon.core.keyword.internal.KeywordMain.stepFailed(KeywordMain.groovy:36)
	at com.kms.katalon.core.webui.keyword.internal.WebUIKeywordMain.stepFailed(WebUIKeywordMain.groovy:65)
	at com.kms.katalon.core.webui.keyword.internal.WebUIKeywordMain.runKeyword(WebUIKeywordMain.groovy:27)
	at com.kms.katalon.core.webui.keyword.builtin.ClickKeyword.click(ClickKeyword.groovy:86)
	at com.kms.katalon.core.webui.keyword.builtin.ClickKeyword.execute(ClickKeyword.groovy:67)
	at com.kms.katalon.core.keyword.internal.KeywordExecutor.executeKeywordForPlatform(KeywordExecutor.groovy:53)
	at com.kms.katalon.core.webui.keyword.WebUiBuiltInKeywords.click(WebUiBuiltInKeywords.groovy:616)
	at com.kms.katalon.core.webui.keyword.WebUiBuiltInKeywords$click$1.call(Unknown Source)
	at CALL-URL.run(CALL-URL:20)
	at com.kms.katalon.core.main.ScriptEngine.run(ScriptEngine.java:194)
	at com.kms.katalon.core.main.ScriptEngine.runScriptAsRawText(ScriptEngine.java:119)
	at com.kms.katalon.core.main.TestCaseExecutor.runScript(TestCaseExecutor.java:328)
	at com.kms.katalon.core.main.TestCaseExecutor.doExecute(TestCaseExecutor.java:319)
	at com.kms.katalon.core.main.TestCaseExecutor.processExecutionPhase(TestCaseExecutor.java:298)
	at com.kms.katalon.core.main.TestCaseExecutor.accessMainPhase(TestCaseExecutor.java:290)
	at com.kms.katalon.core.main.TestCaseExecutor.execute(TestCaseExecutor.java:224)
	at com.kms.katalon.core.main.TestCaseMain.runTestCase(TestCaseMain.java:106)
	at com.kms.katalon.core.keyword.builtin.CallTestCaseKeyword$_callTestCase_closure1.doCall(CallTestCaseKeyword.groovy:59)
	at com.kms.katalon.core.keyword.builtin.CallTestCaseKeyword$_callTestCase_closure1.call(CallTestCaseKeyword.groovy)
	at com.kms.katalon.core.keyword.internal.KeywordMain.runKeyword(KeywordMain.groovy:54)
	at com.kms.katalon.core.keyword.builtin.CallTestCaseKeyword.callTestCase(CallTestCaseKeyword.groovy:80)
	at com.kms.katalon.core.keyword.builtin.CallTestCaseKeyword.execute(CallTestCaseKeyword.groovy:44)
	at com.kms.katalon.core.keyword.internal.KeywordExecutor.executeKeywordForPlatform(KeywordExecutor.groovy:53)
	at com.kms.katalon.core.keyword.BuiltinKeywords.callTestCase(BuiltinKeywords.groovy:334)
	at CALL - LANGUAGE TOGGLER.run(CALL - LANGUAGE TOGGLER:16)
	at com.kms.katalon.core.main.ScriptEngine.run(ScriptEngine.java:194)
	at com.kms.katalon.core.main.ScriptEngine.runScriptAsRawText(ScriptEngine.java:119)
	at com.kms.katalon.core.main.TestCaseExecutor.runScript(TestCaseExecutor.java:328)
	at com.kms.katalon.core.main.TestCaseExecutor.doExecute(TestCaseExecutor.java:319)
	at com.kms.katalon.core.main.TestCaseExecutor.processExecutionPhase(TestCaseExecutor.java:298)
	at com.kms.katalon.core.main.TestCaseExecutor.accessMainPhase(TestCaseExecutor.java:290)
	at com.kms.katalon.core.main.TestCaseExecutor.execute(TestCaseExecutor.java:224)
	at com.kms.katalon.core.main.TestCaseMain.runTestCase(TestCaseMain.java:106)
	at com.kms.katalon.core.keyword.builtin.CallTestCaseKeyword$_callTestCase_closure1.doCall(CallTestCaseKeyword.groovy:59)
	at com.kms.katalon.core.keyword.builtin.CallTestCaseKeyword$_callTestCase_closure1.call(CallTestCaseKeyword.groovy)
	at com.kms.katalon.core.keyword.internal.KeywordMain.runKeyword(KeywordMain.groovy:54)
	at com.kms.katalon.core.keyword.builtin.CallTestCaseKeyword.callTestCase(CallTestCaseKeyword.groovy:80)
	at com.kms.katalon.core.keyword.builtin.CallTestCaseKeyword.execute(CallTestCaseKeyword.groovy:44)
	at com.kms.katalon.core.keyword.internal.KeywordExecutor.executeKeywordForPlatform(KeywordExecutor.groovy:53)
	at com.kms.katalon.core.keyword.BuiltinKeywords.callTestCase(BuiltinKeywords.groovy:334)
	at Decrease quantity - cart page.run(Decrease quantity - cart page:16)
	at com.kms.katalon.core.main.ScriptEngine.run(ScriptEngine.java:194)
	at com.kms.katalon.core.main.ScriptEngine.runScriptAsRawText(ScriptEngine.java:119)
	at com.kms.katalon.core.main.TestCaseExecutor.runScript(TestCaseExecutor.java:328)
	at com.kms.katalon.core.main.TestCaseExecutor.doExecute(TestCaseExecutor.java:319)
	at com.kms.katalon.core.main.TestCaseExecutor.processExecutionPhase(TestCaseExecutor.java:298)
	at com.kms.katalon.core.main.TestCaseExecutor.accessMainPhase(TestCaseExecutor.java:290)
	at com.kms.katalon.core.main.TestCaseExecutor.execute(TestCaseExecutor.java:224)
	at com.kms.katalon.core.main.TestSuiteExecutor.accessTestCaseMainPhase(TestSuiteExecutor.java:129)
	at com.kms.katalon.core.main.TestSuiteExecutor.accessTestSuiteMainPhase(TestSuiteExecutor.java:112)
	at com.kms.katalon.core.main.TestSuiteExecutor.execute(TestSuiteExecutor.java:81)
	at com.kms.katalon.core.main.TestCaseMain.startTestSuite(TestCaseMain.java:149)
	at com.kms.katalon.core.main.TestCaseMain$startTestSuite$0.call(Unknown Source)
	at TempTestSuite1565707895630.run(TempTestSuite1565707895630.groovy:36)


2019-08-13 10:55:36 - [TEST_CASE][FAILED] - Test Cases/CALL-URL: Test Cases/CALL-URL FAILED.
Reason:
com.kms.katalon.core.exception.StepFailedException: Unable to click on object 'Object Repository/CR-DESKTOP/Window pop up/language- english' (Root cause: com.kms.katalon.core.webui.exception.WebElementNotFoundException: Web element with id: 'Object Repository/CR-DESKTOP/Window pop up/language- english' located by 'By.xpath: //body[@id='charlotte-russe']/div/div[2]/form/div/label' not found)
	at com.kms.katalon.core.keyword.internal.KeywordMain.stepFailed(KeywordMain.groovy:36)
	at com.kms.katalon.core.webui.keyword.internal.WebUIKeywordMain.stepFailed(WebUIKeywordMain.groovy:65)
	at com.kms.katalon.core.webui.keyword.internal.WebUIKeywordMain.runKeyword(WebUIKeywordMain.groovy:27)
	at com.kms.katalon.core.webui.keyword.builtin.ClickKeyword.click(ClickKeyword.groovy:86)
	at com.kms.katalon.core.webui.keyword.builtin.ClickKeyword.execute(ClickKeyword.groovy:67)
	at com.kms.katalon.core.keyword.internal.KeywordExecutor.executeKeywordForPlatform(KeywordExecutor.groovy:53)
	at com.kms.katalon.core.webui.keyword.WebUiBuiltInKeywords.click(WebUiBuiltInKeywords.groovy:616)
	at com.kms.katalon.core.webui.keyword.WebUiBuiltInKeywords$click$1.call(Unknown Source)
	at CALL-URL.run(CALL-URL:20)
	at com.kms.katalon.core.main.ScriptEngine.run(ScriptEngine.java:194)
	at com.kms.katalon.core.main.ScriptEngine.runScriptAsRawText(ScriptEngine.java:119)
	at com.kms.katalon.core.main.TestCaseExecutor.runScript(TestCaseExecutor.java:328)
	at com.kms.katalon.core.main.TestCaseExecutor.doExecute(TestCaseExecutor.java:319)
	at com.kms.katalon.core.main.TestCaseExecutor.processExecutionPhase(TestCaseExecutor.java:298)
	at com.kms.katalon.core.main.TestCaseExecutor.accessMainPhase(TestCaseExecutor.java:290)
	at com.kms.katalon.core.main.TestCaseExecutor.execute(TestCaseExecutor.java:224)
	at com.kms.katalon.core.main.TestCaseMain.runTestCase(TestCaseMain.java:106)
	at com.kms.katalon.core.keyword.builtin.CallTestCaseKeyword$_callTestCase_closure1.doCall(CallTestCaseKeyword.groovy:59)
	at com.kms.katalon.core.keyword.builtin.CallTestCaseKeyword$_callTestCase_closure1.call(CallTestCaseKeyword.groovy)
	at com.kms.katalon.core.keyword.internal.KeywordMain.runKeyword(KeywordMain.groovy:54)
	at com.kms.katalon.core.keyword.builtin.CallTestCaseKeyword.callTestCase(CallTestCaseKeyword.groovy:80)
	at com.kms.katalon.core.keyword.builtin.CallTestCaseKeyword.execute(CallTestCaseKeyword.groovy:44)
	at com.kms.katalon.core.keyword.internal.KeywordExecutor.executeKeywordForPlatform(KeywordExecutor.groovy:53)
	at com.kms.katalon.core.keyword.BuiltinKeywords.callTestCase(BuiltinKeywords.groovy:334)
	at CALL - LANGUAGE TOGGLER.run(CALL - LANGUAGE TOGGLER:16)
	at com.kms.katalon.core.main.ScriptEngine.run(ScriptEngine.java:194)
	at com.kms.katalon.core.main.ScriptEngine.runScriptAsRawText(ScriptEngine.java:119)
	at com.kms.katalon.core.main.TestCaseExecutor.runScript(TestCaseExecutor.java:328)
	at com.kms.katalon.core.main.TestCaseExecutor.doExecute(TestCaseExecutor.java:319)
	at com.kms.katalon.core.main.TestCaseExecutor.processExecutionPhase(TestCaseExecutor.java:298)
	at com.kms.katalon.core.main.TestCaseExecutor.accessMainPhase(TestCaseExecutor.java:290)
	at com.kms.katalon.core.main.TestCaseExecutor.execute(TestCaseExecutor.java:224)
	at com.kms.katalon.core.main.TestCaseMain.runTestCase(TestCaseMain.java:106)
	at com.kms.katalon.core.keyword.builtin.CallTestCaseKeyword$_callTestCase_closure1.doCall(CallTestCaseKeyword.groovy:59)
	at com.kms.katalon.core.keyword.builtin.CallTestCaseKeyword$_callTestCase_closure1.call(CallTestCaseKeyword.groovy)
	at com.kms.katalon.core.keyword.internal.KeywordMain.runKeyword(KeywordMain.groovy:54)
	at com.kms.katalon.core.keyword.builtin.CallTestCaseKeyword.callTestCase(CallTestCaseKeyword.groovy:80)
	at com.kms.katalon.core.keyword.builtin.CallTestCaseKeyword.execute(CallTestCaseKeyword.groovy:44)
	at com.kms.katalon.core.keyword.internal.KeywordExecutor.executeKeywordForPlatform(KeywordExecutor.groovy:53)
	at com.kms.katalon.core.keyword.BuiltinKeywords.callTestCase(BuiltinKeywords.groovy:334)
	at Decrease quantity - cart page.run(Decrease quantity - cart page:16)
	at com.kms.katalon.core.main.ScriptEngine.run(ScriptEngine.java:194)
	at com.kms.katalon.core.main.ScriptEngine.runScriptAsRawText(ScriptEngine.java:119)
	at com.kms.katalon.core.main.TestCaseExecutor.runScript(TestCaseExecutor.java:328)
	at com.kms.katalon.core.main.TestCaseExecutor.doExecute(TestCaseExecutor.java:319)
	at com.kms.katalon.core.main.TestCaseExecutor.processExecutionPhase(TestCaseExecutor.java:298)
	at com.kms.katalon.core.main.TestCaseExecutor.accessMainPhase(TestCaseExecutor.java:290)
	at com.kms.katalon.core.main.TestCaseExecutor.execute(TestCaseExecutor.java:224)
	at com.kms.katalon.core.main.TestSuiteExecutor.accessTestCaseMainPhase(TestSuiteExecutor.java:129)
	at com.kms.katalon.core.main.TestSuiteExecutor.accessTestSuiteMainPhase(TestSuiteExecutor.java:112)
	at com.kms.katalon.core.main.TestSuiteExecutor.execute(TestSuiteExecutor.java:81)
	at com.kms.katalon.core.main.TestCaseMain.startTestSuite(TestCaseMain.java:149)
	at com.kms.katalon.core.main.TestCaseMain$startTestSuite$0.call(Unknown Source)
	at TempTestSuite1565707895630.run(TempTestSuite1565707895630.groovy:36)


2019-08-13 10:55:36 - [TEST_STEP][PASSED] - openBrowser(""): Browser is opened with url: ''

2019-08-13 10:55:36 - [MESSAGE][WARNING] - A browser is already opened. Closing browser and opening a new one

2019-08-13 10:55:37 - [MESSAGE][INFO] - Starting 'Chrome' driver

2019-08-13 10:55:38 - [MESSAGE][PASSED] - Browser is opened with url: ''

2019-08-13 10:55:38 - [TEST_STEP][PASSED] - navigateToUrl("https://charlotterusse.com/"): Navigate to 'https://charlotterusse.com/' successfully

2019-08-13 10:55:38 - [MESSAGE][PASSED] - Navigate to 'https://charlotterusse.com/' successfully

2019-08-13 10:55:38 - [TEST_STEP][FAILED] - click(findTestObject("CR-DESKTOP/Window pop up/language- english")): click(findTestObject("CR-DESKTOP/Window pop up/language- english")) FAILED.
Reason:
com.kms.katalon.core.exception.StepFailedException: Unable to click on object 'Object Repository/CR-DESKTOP/Window pop up/language- english' (Root cause: com.kms.katalon.core.webui.exception.WebElementNotFoundException: Web element with id: 'Object Repository/CR-DESKTOP/Window pop up/language- english' located by 'By.xpath: //body[@id='charlotte-russe']/div/div[2]/form/div/label' not found)
	at com.kms.katalon.core.keyword.internal.KeywordMain.stepFailed(KeywordMain.groovy:36)
	at com.kms.katalon.core.webui.keyword.internal.WebUIKeywordMain.stepFailed(WebUIKeywordMain.groovy:65)
	at com.kms.katalon.core.webui.keyword.internal.WebUIKeywordMain.runKeyword(WebUIKeywordMain.groovy:27)
	at com.kms.katalon.core.webui.keyword.builtin.ClickKeyword.click(ClickKeyword.groovy:86)
	at com.kms.katalon.core.webui.keyword.builtin.ClickKeyword.execute(ClickKeyword.groovy:67)
	at com.kms.katalon.core.keyword.internal.KeywordExecutor.executeKeywordForPlatform(KeywordExecutor.groovy:53)
	at com.kms.katalon.core.webui.keyword.WebUiBuiltInKeywords.click(WebUiBuiltInKeywords.groovy:616)
	at com.kms.katalon.core.webui.keyword.WebUiBuiltInKeywords$click$1.call(Unknown Source)
	at CALL-URL.run(CALL-URL:20)
	at com.kms.katalon.core.main.ScriptEngine.run(ScriptEngine.java:194)
	at com.kms.katalon.core.main.ScriptEngine.runScriptAsRawText(ScriptEngine.java:119)
	at com.kms.katalon.core.main.TestCaseExecutor.runScript(TestCaseExecutor.java:328)
	at com.kms.katalon.core.main.TestCaseExecutor.doExecute(TestCaseExecutor.java:319)
	at com.kms.katalon.core.main.TestCaseExecutor.processExecutionPhase(TestCaseExecutor.java:298)
	at com.kms.katalon.core.main.TestCaseExecutor.accessMainPhase(TestCaseExecutor.java:290)
	at com.kms.katalon.core.main.TestCaseExecutor.execute(TestCaseExecutor.java:224)
	at com.kms.katalon.core.main.TestCaseMain.runTestCase(TestCaseMain.java:106)
	at com.kms.katalon.core.keyword.builtin.CallTestCaseKeyword$_callTestCase_closure1.doCall(CallTestCaseKeyword.groovy:59)
	at com.kms.katalon.core.keyword.builtin.CallTestCaseKeyword$_callTestCase_closure1.call(CallTestCaseKeyword.groovy)
	at com.kms.katalon.core.keyword.internal.KeywordMain.runKeyword(KeywordMain.groovy:54)
	at com.kms.katalon.core.keyword.builtin.CallTestCaseKeyword.callTestCase(CallTestCaseKeyword.groovy:80)
	at com.kms.katalon.core.keyword.builtin.CallTestCaseKeyword.execute(CallTestCaseKeyword.groovy:44)
	at com.kms.katalon.core.keyword.internal.KeywordExecutor.executeKeywordForPlatform(KeywordExecutor.groovy:53)
	at com.kms.katalon.core.keyword.BuiltinKeywords.callTestCase(BuiltinKeywords.groovy:334)
	at CALL - LANGUAGE TOGGLER.run(CALL - LANGUAGE TOGGLER:16)
	at com.kms.katalon.core.main.ScriptEngine.run(ScriptEngine.java:194)
	at com.kms.katalon.core.main.ScriptEngine.runScriptAsRawText(ScriptEngine.java:119)
	at com.kms.katalon.core.main.TestCaseExecutor.runScript(TestCaseExecutor.java:328)
	at com.kms.katalon.core.main.TestCaseExecutor.doExecute(TestCaseExecutor.java:319)
	at com.kms.katalon.core.main.TestCaseExecutor.processExecutionPhase(TestCaseExecutor.java:298)
	at com.kms.katalon.core.main.TestCaseExecutor.accessMainPhase(TestCaseExecutor.java:290)
	at com.kms.katalon.core.main.TestCaseExecutor.execute(TestCaseExecutor.java:224)
	at com.kms.katalon.core.main.TestCaseMain.runTestCase(TestCaseMain.java:106)
	at com.kms.katalon.core.keyword.builtin.CallTestCaseKeyword$_callTestCase_closure1.doCall(CallTestCaseKeyword.groovy:59)
	at com.kms.katalon.core.keyword.builtin.CallTestCaseKeyword$_callTestCase_closure1.call(CallTestCaseKeyword.groovy)
	at com.kms.katalon.core.keyword.internal.KeywordMain.runKeyword(KeywordMain.groovy:54)
	at com.kms.katalon.core.keyword.builtin.CallTestCaseKeyword.callTestCase(CallTestCaseKeyword.groovy:80)
	at com.kms.katalon.core.keyword.builtin.CallTestCaseKeyword.execute(CallTestCaseKeyword.groovy:44)
	at com.kms.katalon.core.keyword.internal.KeywordExecutor.executeKeywordForPlatform(KeywordExecutor.groovy:53)
	at com.kms.katalon.core.keyword.BuiltinKeywords.callTestCase(BuiltinKeywords.groovy:334)
	at Decrease quantity - cart page.run(Decrease quantity - cart page:16)
	at com.kms.katalon.core.main.ScriptEngine.run(ScriptEngine.java:194)
	at com.kms.katalon.core.main.ScriptEngine.runScriptAsRawText(ScriptEngine.java:119)
	at com.kms.katalon.core.main.TestCaseExecutor.runScript(TestCaseExecutor.java:328)
	at com.kms.katalon.core.main.TestCaseExecutor.doExecute(TestCaseExecutor.java:319)
	at com.kms.katalon.core.main.TestCaseExecutor.processExecutionPhase(TestCaseExecutor.java:298)
	at com.kms.katalon.core.main.TestCaseExecutor.accessMainPhase(TestCaseExecutor.java:290)
	at com.kms.katalon.core.main.TestCaseExecutor.execute(TestCaseExecutor.java:224)
	at com.kms.katalon.core.main.TestSuiteExecutor.accessTestCaseMainPhase(TestSuiteExecutor.java:129)
	at com.kms.katalon.core.main.TestSuiteExecutor.accessTestSuiteMainPhase(TestSuiteExecutor.java:112)
	at com.kms.katalon.core.main.TestSuiteExecutor.execute(TestSuiteExecutor.java:81)
	at com.kms.katalon.core.main.TestCaseMain.startTestSuite(TestCaseMain.java:149)
	at com.kms.katalon.core.main.TestCaseMain$startTestSuite$0.call(Unknown Source)
	at TempTestSuite1565707895630.run(TempTestSuite1565707895630.groovy:36)


2019-08-13 10:56:09 - [MESSAGE][INFO] - Unable to find the element located by 'By.xpath: //body[@id='charlotte-russe']/div/div[2]/form/div/label'. Please recheck the objects properties to make sure the desired element is located. 

2019-08-13 10:56:09 - [MESSAGE][FAILED] - Unable to click on object 'Object Repository/CR-DESKTOP/Window pop up/language- english' (Root cause: com.kms.katalon.core.webui.exception.WebElementNotFoundException: Web element with id: 'Object Repository/CR-DESKTOP/Window pop up/language- english' located by 'By.xpath: //body[@id='charlotte-russe']/div/div[2]/form/div/label' not found)
[[ATTACHMENT|/Users/sumankompelly/git/CR-Desktop/Reports/suite-chrome/20190813_105135/1565708169037.png]]

2019-08-13 10:56:09 - [MESSAGE][FAILED] - click(findTestObject("CR-DESKTOP/Window pop up/language- english")) FAILED.
Reason:
com.kms.katalon.core.exception.StepFailedException: Unable to click on object 'Object Repository/CR-DESKTOP/Window pop up/language- english' (Root cause: com.kms.katalon.core.webui.exception.WebElementNotFoundException: Web element with id: 'Object Repository/CR-DESKTOP/Window pop up/language- english' located by 'By.xpath: //body[@id='charlotte-russe']/div/div[2]/form/div/label' not found)
	at com.kms.katalon.core.keyword.internal.KeywordMain.stepFailed(KeywordMain.groovy:36)
	at com.kms.katalon.core.webui.keyword.internal.WebUIKeywordMain.stepFailed(WebUIKeywordMain.groovy:65)
	at com.kms.katalon.core.webui.keyword.internal.WebUIKeywordMain.runKeyword(WebUIKeywordMain.groovy:27)
	at com.kms.katalon.core.webui.keyword.builtin.ClickKeyword.click(ClickKeyword.groovy:86)
	at com.kms.katalon.core.webui.keyword.builtin.ClickKeyword.execute(ClickKeyword.groovy:67)
	at com.kms.katalon.core.keyword.internal.KeywordExecutor.executeKeywordForPlatform(KeywordExecutor.groovy:53)
	at com.kms.katalon.core.webui.keyword.WebUiBuiltInKeywords.click(WebUiBuiltInKeywords.groovy:616)
	at com.kms.katalon.core.webui.keyword.WebUiBuiltInKeywords$click$1.call(Unknown Source)
	at CALL-URL.run(CALL-URL:20)
	at com.kms.katalon.core.main.ScriptEngine.run(ScriptEngine.java:194)
	at com.kms.katalon.core.main.ScriptEngine.runScriptAsRawText(ScriptEngine.java:119)
	at com.kms.katalon.core.main.TestCaseExecutor.runScript(TestCaseExecutor.java:328)
	at com.kms.katalon.core.main.TestCaseExecutor.doExecute(TestCaseExecutor.java:319)
	at com.kms.katalon.core.main.TestCaseExecutor.processExecutionPhase(TestCaseExecutor.java:298)
	at com.kms.katalon.core.main.TestCaseExecutor.accessMainPhase(TestCaseExecutor.java:290)
	at com.kms.katalon.core.main.TestCaseExecutor.execute(TestCaseExecutor.java:224)
	at com.kms.katalon.core.main.TestCaseMain.runTestCase(TestCaseMain.java:106)
	at com.kms.katalon.core.keyword.builtin.CallTestCaseKeyword$_callTestCase_closure1.doCall(CallTestCaseKeyword.groovy:59)
	at com.kms.katalon.core.keyword.builtin.CallTestCaseKeyword$_callTestCase_closure1.call(CallTestCaseKeyword.groovy)
	at com.kms.katalon.core.keyword.internal.KeywordMain.runKeyword(KeywordMain.groovy:54)
	at com.kms.katalon.core.keyword.builtin.CallTestCaseKeyword.callTestCase(CallTestCaseKeyword.groovy:80)
	at com.kms.katalon.core.keyword.builtin.CallTestCaseKeyword.execute(CallTestCaseKeyword.groovy:44)
	at com.kms.katalon.core.keyword.internal.KeywordExecutor.executeKeywordForPlatform(KeywordExecutor.groovy:53)
	at com.kms.katalon.core.keyword.BuiltinKeywords.callTestCase(BuiltinKeywords.groovy:334)
	at CALL - LANGUAGE TOGGLER.run(CALL - LANGUAGE TOGGLER:16)
	at com.kms.katalon.core.main.ScriptEngine.run(ScriptEngine.java:194)
	at com.kms.katalon.core.main.ScriptEngine.runScriptAsRawText(ScriptEngine.java:119)
	at com.kms.katalon.core.main.TestCaseExecutor.runScript(TestCaseExecutor.java:328)
	at com.kms.katalon.core.main.TestCaseExecutor.doExecute(TestCaseExecutor.java:319)
	at com.kms.katalon.core.main.TestCaseExecutor.processExecutionPhase(TestCaseExecutor.java:298)
	at com.kms.katalon.core.main.TestCaseExecutor.accessMainPhase(TestCaseExecutor.java:290)
	at com.kms.katalon.core.main.TestCaseExecutor.execute(TestCaseExecutor.java:224)
	at com.kms.katalon.core.main.TestCaseMain.runTestCase(TestCaseMain.java:106)
	at com.kms.katalon.core.keyword.builtin.CallTestCaseKeyword$_callTestCase_closure1.doCall(CallTestCaseKeyword.groovy:59)
	at com.kms.katalon.core.keyword.builtin.CallTestCaseKeyword$_callTestCase_closure1.call(CallTestCaseKeyword.groovy)
	at com.kms.katalon.core.keyword.internal.KeywordMain.runKeyword(KeywordMain.groovy:54)
	at com.kms.katalon.core.keyword.builtin.CallTestCaseKeyword.callTestCase(CallTestCaseKeyword.groovy:80)
	at com.kms.katalon.core.keyword.builtin.CallTestCaseKeyword.execute(CallTestCaseKeyword.groovy:44)
	at com.kms.katalon.core.keyword.internal.KeywordExecutor.executeKeywordForPlatform(KeywordExecutor.groovy:53)
	at com.kms.katalon.core.keyword.BuiltinKeywords.callTestCase(BuiltinKeywords.groovy:334)
	at Decrease quantity - cart page.run(Decrease quantity - cart page:16)
	at com.kms.katalon.core.main.ScriptEngine.run(ScriptEngine.java:194)
	at com.kms.katalon.core.main.ScriptEngine.runScriptAsRawText(ScriptEngine.java:119)
	at com.kms.katalon.core.main.TestCaseExecutor.runScript(TestCaseExecutor.java:328)
	at com.kms.katalon.core.main.TestCaseExecutor.doExecute(TestCaseExecutor.java:319)
	at com.kms.katalon.core.main.TestCaseExecutor.processExecutionPhase(TestCaseExecutor.java:298)
	at com.kms.katalon.core.main.TestCaseExecutor.accessMainPhase(TestCaseExecutor.java:290)
	at com.kms.katalon.core.main.TestCaseExecutor.execute(TestCaseExecutor.java:224)
	at com.kms.katalon.core.main.TestSuiteExecutor.accessTestCaseMainPhase(TestSuiteExecutor.java:129)
	at com.kms.katalon.core.main.TestSuiteExecutor.accessTestSuiteMainPhase(TestSuiteExecutor.java:112)
	at com.kms.katalon.core.main.TestSuiteExecutor.execute(TestSuiteExecutor.java:81)
	at com.kms.katalon.core.main.TestCaseMain.startTestSuite(TestCaseMain.java:149)
	at com.kms.katalon.core.main.TestCaseMain$startTestSuite$0.call(Unknown Source)
	at TempTestSuite1565707895630.run(TempTestSuite1565707895630.groovy:36)


2019-08-13 10:56:09 - [MESSAGE][FAILED] - Unable to call Test Case 'Test Cases/CALL-URL' (Root cause: com.kms.katalon.core.exception.StepFailedException: Call Test Case 'Test Cases/CALL-URL' failed)

2019-08-13 10:56:09 - [MESSAGE][FAILED] - callTestCase(findTestCase("CALL-URL"), [:], STOP_ON_FAILURE) FAILED.
Reason:
com.kms.katalon.core.exception.StepFailedException: Unable to click on object 'Object Repository/CR-DESKTOP/Window pop up/language- english' (Root cause: com.kms.katalon.core.webui.exception.WebElementNotFoundException: Web element with id: 'Object Repository/CR-DESKTOP/Window pop up/language- english' located by 'By.xpath: //body[@id='charlotte-russe']/div/div[2]/form/div/label' not found)
	at com.kms.katalon.core.keyword.internal.KeywordMain.stepFailed(KeywordMain.groovy:36)
	at com.kms.katalon.core.webui.keyword.internal.WebUIKeywordMain.stepFailed(WebUIKeywordMain.groovy:65)
	at com.kms.katalon.core.webui.keyword.internal.WebUIKeywordMain.runKeyword(WebUIKeywordMain.groovy:27)
	at com.kms.katalon.core.webui.keyword.builtin.ClickKeyword.click(ClickKeyword.groovy:86)
	at com.kms.katalon.core.webui.keyword.builtin.ClickKeyword.execute(ClickKeyword.groovy:67)
	at com.kms.katalon.core.keyword.internal.KeywordExecutor.executeKeywordForPlatform(KeywordExecutor.groovy:53)
	at com.kms.katalon.core.webui.keyword.WebUiBuiltInKeywords.click(WebUiBuiltInKeywords.groovy:616)
	at com.kms.katalon.core.webui.keyword.WebUiBuiltInKeywords$click$1.call(Unknown Source)
	at CALL-URL.run(CALL-URL:20)
	at com.kms.katalon.core.main.ScriptEngine.run(ScriptEngine.java:194)
	at com.kms.katalon.core.main.ScriptEngine.runScriptAsRawText(ScriptEngine.java:119)
	at com.kms.katalon.core.main.TestCaseExecutor.runScript(TestCaseExecutor.java:328)
	at com.kms.katalon.core.main.TestCaseExecutor.doExecute(TestCaseExecutor.java:319)
	at com.kms.katalon.core.main.TestCaseExecutor.processExecutionPhase(TestCaseExecutor.java:298)
	at com.kms.katalon.core.main.TestCaseExecutor.accessMainPhase(TestCaseExecutor.java:290)
	at com.kms.katalon.core.main.TestCaseExecutor.execute(TestCaseExecutor.java:224)
	at com.kms.katalon.core.main.TestCaseMain.runTestCase(TestCaseMain.java:106)
	at com.kms.katalon.core.keyword.builtin.CallTestCaseKeyword$_callTestCase_closure1.doCall(CallTestCaseKeyword.groovy:59)
	at com.kms.katalon.core.keyword.builtin.CallTestCaseKeyword$_callTestCase_closure1.call(CallTestCaseKeyword.groovy)
	at com.kms.katalon.core.keyword.internal.KeywordMain.runKeyword(KeywordMain.groovy:54)
	at com.kms.katalon.core.keyword.builtin.CallTestCaseKeyword.callTestCase(CallTestCaseKeyword.groovy:80)
	at com.kms.katalon.core.keyword.builtin.CallTestCaseKeyword.execute(CallTestCaseKeyword.groovy:44)
	at com.kms.katalon.core.keyword.internal.KeywordExecutor.executeKeywordForPlatform(KeywordExecutor.groovy:53)
	at com.kms.katalon.core.keyword.BuiltinKeywords.callTestCase(BuiltinKeywords.groovy:334)
	at CALL - LANGUAGE TOGGLER.run(CALL - LANGUAGE TOGGLER:16)
	at com.kms.katalon.core.main.ScriptEngine.run(ScriptEngine.java:194)
	at com.kms.katalon.core.main.ScriptEngine.runScriptAsRawText(ScriptEngine.java:119)
	at com.kms.katalon.core.main.TestCaseExecutor.runScript(TestCaseExecutor.java:328)
	at com.kms.katalon.core.main.TestCaseExecutor.doExecute(TestCaseExecutor.java:319)
	at com.kms.katalon.core.main.TestCaseExecutor.processExecutionPhase(TestCaseExecutor.java:298)
	at com.kms.katalon.core.main.TestCaseExecutor.accessMainPhase(TestCaseExecutor.java:290)
	at com.kms.katalon.core.main.TestCaseExecutor.execute(TestCaseExecutor.java:224)
	at com.kms.katalon.core.main.TestCaseMain.runTestCase(TestCaseMain.java:106)
	at com.kms.katalon.core.keyword.builtin.CallTestCaseKeyword$_callTestCase_closure1.doCall(CallTestCaseKeyword.groovy:59)
	at com.kms.katalon.core.keyword.builtin.CallTestCaseKeyword$_callTestCase_closure1.call(CallTestCaseKeyword.groovy)
	at com.kms.katalon.core.keyword.internal.KeywordMain.runKeyword(KeywordMain.groovy:54)
	at com.kms.katalon.core.keyword.builtin.CallTestCaseKeyword.callTestCase(CallTestCaseKeyword.groovy:80)
	at com.kms.katalon.core.keyword.builtin.CallTestCaseKeyword.execute(CallTestCaseKeyword.groovy:44)
	at com.kms.katalon.core.keyword.internal.KeywordExecutor.executeKeywordForPlatform(KeywordExecutor.groovy:53)
	at com.kms.katalon.core.keyword.BuiltinKeywords.callTestCase(BuiltinKeywords.groovy:334)
	at Decrease quantity - cart page.run(Decrease quantity - cart page:16)
	at com.kms.katalon.core.main.ScriptEngine.run(ScriptEngine.java:194)
	at com.kms.katalon.core.main.ScriptEngine.runScriptAsRawText(ScriptEngine.java:119)
	at com.kms.katalon.core.main.TestCaseExecutor.runScript(TestCaseExecutor.java:328)
	at com.kms.katalon.core.main.TestCaseExecutor.doExecute(TestCaseExecutor.java:319)
	at com.kms.katalon.core.main.TestCaseExecutor.processExecutionPhase(TestCaseExecutor.java:298)
	at com.kms.katalon.core.main.TestCaseExecutor.accessMainPhase(TestCaseExecutor.java:290)
	at com.kms.katalon.core.main.TestCaseExecutor.execute(TestCaseExecutor.java:224)
	at com.kms.katalon.core.main.TestSuiteExecutor.accessTestCaseMainPhase(TestSuiteExecutor.java:129)
	at com.kms.katalon.core.main.TestSuiteExecutor.accessTestSuiteMainPhase(TestSuiteExecutor.java:112)
	at com.kms.katalon.core.main.TestSuiteExecutor.execute(TestSuiteExecutor.java:81)
	at com.kms.katalon.core.main.TestCaseMain.startTestSuite(TestCaseMain.java:149)
	at com.kms.katalon.core.main.TestCaseMain$startTestSuite$0.call(Unknown Source)
	at TempTestSuite1565707895630.run(TempTestSuite1565707895630.groovy:36)


2019-08-13 10:56:09 - [MESSAGE][FAILED] - Unable to call Test Case 'Test Cases/CALL - LANGUAGE TOGGLER' (Root cause: com.kms.katalon.core.exception.StepFailedException: Call Test Case 'Test Cases/CALL - LANGUAGE TOGGLER' failed)

2019-08-13 10:56:09 - [MESSAGE][FAILED] - callTestCase(findTestCase("CALL - LANGUAGE TOGGLER"), [:], STOP_ON_FAILURE) FAILED.
Reason:
com.kms.katalon.core.exception.StepFailedException: Unable to click on object 'Object Repository/CR-DESKTOP/Window pop up/language- english' (Root cause: com.kms.katalon.core.webui.exception.WebElementNotFoundException: Web element with id: 'Object Repository/CR-DESKTOP/Window pop up/language- english' located by 'By.xpath: //body[@id='charlotte-russe']/div/div[2]/form/div/label' not found)
	at com.kms.katalon.core.keyword.internal.KeywordMain.stepFailed(KeywordMain.groovy:36)
	at com.kms.katalon.core.webui.keyword.internal.WebUIKeywordMain.stepFailed(WebUIKeywordMain.groovy:65)
	at com.kms.katalon.core.webui.keyword.internal.WebUIKeywordMain.runKeyword(WebUIKeywordMain.groovy:27)
	at com.kms.katalon.core.webui.keyword.builtin.ClickKeyword.click(ClickKeyword.groovy:86)
	at com.kms.katalon.core.webui.keyword.builtin.ClickKeyword.execute(ClickKeyword.groovy:67)
	at com.kms.katalon.core.keyword.internal.KeywordExecutor.executeKeywordForPlatform(KeywordExecutor.groovy:53)
	at com.kms.katalon.core.webui.keyword.WebUiBuiltInKeywords.click(WebUiBuiltInKeywords.groovy:616)
	at com.kms.katalon.core.webui.keyword.WebUiBuiltInKeywords$click$1.call(Unknown Source)
	at CALL-URL.run(CALL-URL:20)
	at com.kms.katalon.core.main.ScriptEngine.run(ScriptEngine.java:194)
	at com.kms.katalon.core.main.ScriptEngine.runScriptAsRawText(ScriptEngine.java:119)
	at com.kms.katalon.core.main.TestCaseExecutor.runScript(TestCaseExecutor.java:328)
	at com.kms.katalon.core.main.TestCaseExecutor.doExecute(TestCaseExecutor.java:319)
	at com.kms.katalon.core.main.TestCaseExecutor.processExecutionPhase(TestCaseExecutor.java:298)
	at com.kms.katalon.core.main.TestCaseExecutor.accessMainPhase(TestCaseExecutor.java:290)
	at com.kms.katalon.core.main.TestCaseExecutor.execute(TestCaseExecutor.java:224)
	at com.kms.katalon.core.main.TestCaseMain.runTestCase(TestCaseMain.java:106)
	at com.kms.katalon.core.keyword.builtin.CallTestCaseKeyword$_callTestCase_closure1.doCall(CallTestCaseKeyword.groovy:59)
	at com.kms.katalon.core.keyword.builtin.CallTestCaseKeyword$_callTestCase_closure1.call(CallTestCaseKeyword.groovy)
	at com.kms.katalon.core.keyword.internal.KeywordMain.runKeyword(KeywordMain.groovy:54)
	at com.kms.katalon.core.keyword.builtin.CallTestCaseKeyword.callTestCase(CallTestCaseKeyword.groovy:80)
	at com.kms.katalon.core.keyword.builtin.CallTestCaseKeyword.execute(CallTestCaseKeyword.groovy:44)
	at com.kms.katalon.core.keyword.internal.KeywordExecutor.executeKeywordForPlatform(KeywordExecutor.groovy:53)
	at com.kms.katalon.core.keyword.BuiltinKeywords.callTestCase(BuiltinKeywords.groovy:334)
	at CALL - LANGUAGE TOGGLER.run(CALL - LANGUAGE TOGGLER:16)
	at com.kms.katalon.core.main.ScriptEngine.run(ScriptEngine.java:194)
	at com.kms.katalon.core.main.ScriptEngine.runScriptAsRawText(ScriptEngine.java:119)
	at com.kms.katalon.core.main.TestCaseExecutor.runScript(TestCaseExecutor.java:328)
	at com.kms.katalon.core.main.TestCaseExecutor.doExecute(TestCaseExecutor.java:319)
	at com.kms.katalon.core.main.TestCaseExecutor.processExecutionPhase(TestCaseExecutor.java:298)
	at com.kms.katalon.core.main.TestCaseExecutor.accessMainPhase(TestCaseExecutor.java:290)
	at com.kms.katalon.core.main.TestCaseExecutor.execute(TestCaseExecutor.java:224)
	at com.kms.katalon.core.main.TestCaseMain.runTestCase(TestCaseMain.java:106)
	at com.kms.katalon.core.keyword.builtin.CallTestCaseKeyword$_callTestCase_closure1.doCall(CallTestCaseKeyword.groovy:59)
	at com.kms.katalon.core.keyword.builtin.CallTestCaseKeyword$_callTestCase_closure1.call(CallTestCaseKeyword.groovy)
	at com.kms.katalon.core.keyword.internal.KeywordMain.runKeyword(KeywordMain.groovy:54)
	at com.kms.katalon.core.keyword.builtin.CallTestCaseKeyword.callTestCase(CallTestCaseKeyword.groovy:80)
	at com.kms.katalon.core.keyword.builtin.CallTestCaseKeyword.execute(CallTestCaseKeyword.groovy:44)
	at com.kms.katalon.core.keyword.internal.KeywordExecutor.executeKeywordForPlatform(KeywordExecutor.groovy:53)
	at com.kms.katalon.core.keyword.BuiltinKeywords.callTestCase(BuiltinKeywords.groovy:334)
	at Decrease quantity - cart page.run(Decrease quantity - cart page:16)
	at com.kms.katalon.core.main.ScriptEngine.run(ScriptEngine.java:194)
	at com.kms.katalon.core.main.ScriptEngine.runScriptAsRawText(ScriptEngine.java:119)
	at com.kms.katalon.core.main.TestCaseExecutor.runScript(TestCaseExecutor.java:328)
	at com.kms.katalon.core.main.TestCaseExecutor.doExecute(TestCaseExecutor.java:319)
	at com.kms.katalon.core.main.TestCaseExecutor.processExecutionPhase(TestCaseExecutor.java:298)
	at com.kms.katalon.core.main.TestCaseExecutor.accessMainPhase(TestCaseExecutor.java:290)
	at com.kms.katalon.core.main.TestCaseExecutor.execute(TestCaseExecutor.java:224)
	at com.kms.katalon.core.main.TestSuiteExecutor.accessTestCaseMainPhase(TestSuiteExecutor.java:129)
	at com.kms.katalon.core.main.TestSuiteExecutor.accessTestSuiteMainPhase(TestSuiteExecutor.java:112)
	at com.kms.katalon.core.main.TestSuiteExecutor.execute(TestSuiteExecutor.java:81)
	at com.kms.katalon.core.main.TestCaseMain.startTestSuite(TestCaseMain.java:149)
	at com.kms.katalon.core.main.TestCaseMain$startTestSuite$0.call(Unknown Source)
	at TempTestSuite1565707895630.run(TempTestSuite1565707895630.groovy:36)]]></system-out>
         <system-err><![CDATA[2019-08-13 10:55:36 - [TEST_CASE][FAILED] - Test Cases/CRITICAL PATH - SPANISH/Decrease quantity - cart page: Test Cases/CRITICAL PATH - SPANISH/Decrease quantity - cart page FAILED.
Reason:
com.kms.katalon.core.exception.StepFailedException: Unable to click on object 'Object Repository/CR-DESKTOP/Window pop up/language- english' (Root cause: com.kms.katalon.core.webui.exception.WebElementNotFoundException: Web element with id: 'Object Repository/CR-DESKTOP/Window pop up/language- english' located by 'By.xpath: //body[@id='charlotte-russe']/div/div[2]/form/div/label' not found)
	at com.kms.katalon.core.keyword.internal.KeywordMain.stepFailed(KeywordMain.groovy:36)
	at com.kms.katalon.core.webui.keyword.internal.WebUIKeywordMain.stepFailed(WebUIKeywordMain.groovy:65)
	at com.kms.katalon.core.webui.keyword.internal.WebUIKeywordMain.runKeyword(WebUIKeywordMain.groovy:27)
	at com.kms.katalon.core.webui.keyword.builtin.ClickKeyword.click(ClickKeyword.groovy:86)
	at com.kms.katalon.core.webui.keyword.builtin.ClickKeyword.execute(ClickKeyword.groovy:67)
	at com.kms.katalon.core.keyword.internal.KeywordExecutor.executeKeywordForPlatform(KeywordExecutor.groovy:53)
	at com.kms.katalon.core.webui.keyword.WebUiBuiltInKeywords.click(WebUiBuiltInKeywords.groovy:616)
	at com.kms.katalon.core.webui.keyword.WebUiBuiltInKeywords$click$1.call(Unknown Source)
	at CALL-URL.run(CALL-URL:20)
	at com.kms.katalon.core.main.ScriptEngine.run(ScriptEngine.java:194)
	at com.kms.katalon.core.main.ScriptEngine.runScriptAsRawText(ScriptEngine.java:119)
	at com.kms.katalon.core.main.TestCaseExecutor.runScript(TestCaseExecutor.java:328)
	at com.kms.katalon.core.main.TestCaseExecutor.doExecute(TestCaseExecutor.java:319)
	at com.kms.katalon.core.main.TestCaseExecutor.processExecutionPhase(TestCaseExecutor.java:298)
	at com.kms.katalon.core.main.TestCaseExecutor.accessMainPhase(TestCaseExecutor.java:290)
	at com.kms.katalon.core.main.TestCaseExecutor.execute(TestCaseExecutor.java:224)
	at com.kms.katalon.core.main.TestCaseMain.runTestCase(TestCaseMain.java:106)
	at com.kms.katalon.core.keyword.builtin.CallTestCaseKeyword$_callTestCase_closure1.doCall(CallTestCaseKeyword.groovy:59)
	at com.kms.katalon.core.keyword.builtin.CallTestCaseKeyword$_callTestCase_closure1.call(CallTestCaseKeyword.groovy)
	at com.kms.katalon.core.keyword.internal.KeywordMain.runKeyword(KeywordMain.groovy:54)
	at com.kms.katalon.core.keyword.builtin.CallTestCaseKeyword.callTestCase(CallTestCaseKeyword.groovy:80)
	at com.kms.katalon.core.keyword.builtin.CallTestCaseKeyword.execute(CallTestCaseKeyword.groovy:44)
	at com.kms.katalon.core.keyword.internal.KeywordExecutor.executeKeywordForPlatform(KeywordExecutor.groovy:53)
	at com.kms.katalon.core.keyword.BuiltinKeywords.callTestCase(BuiltinKeywords.groovy:334)
	at CALL - LANGUAGE TOGGLER.run(CALL - LANGUAGE TOGGLER:16)
	at com.kms.katalon.core.main.ScriptEngine.run(ScriptEngine.java:194)
	at com.kms.katalon.core.main.ScriptEngine.runScriptAsRawText(ScriptEngine.java:119)
	at com.kms.katalon.core.main.TestCaseExecutor.runScript(TestCaseExecutor.java:328)
	at com.kms.katalon.core.main.TestCaseExecutor.doExecute(TestCaseExecutor.java:319)
	at com.kms.katalon.core.main.TestCaseExecutor.processExecutionPhase(TestCaseExecutor.java:298)
	at com.kms.katalon.core.main.TestCaseExecutor.accessMainPhase(TestCaseExecutor.java:290)
	at com.kms.katalon.core.main.TestCaseExecutor.execute(TestCaseExecutor.java:224)
	at com.kms.katalon.core.main.TestCaseMain.runTestCase(TestCaseMain.java:106)
	at com.kms.katalon.core.keyword.builtin.CallTestCaseKeyword$_callTestCase_closure1.doCall(CallTestCaseKeyword.groovy:59)
	at com.kms.katalon.core.keyword.builtin.CallTestCaseKeyword$_callTestCase_closure1.call(CallTestCaseKeyword.groovy)
	at com.kms.katalon.core.keyword.internal.KeywordMain.runKeyword(KeywordMain.groovy:54)
	at com.kms.katalon.core.keyword.builtin.CallTestCaseKeyword.callTestCase(CallTestCaseKeyword.groovy:80)
	at com.kms.katalon.core.keyword.builtin.CallTestCaseKeyword.execute(CallTestCaseKeyword.groovy:44)
	at com.kms.katalon.core.keyword.internal.KeywordExecutor.executeKeywordForPlatform(KeywordExecutor.groovy:53)
	at com.kms.katalon.core.keyword.BuiltinKeywords.callTestCase(BuiltinKeywords.groovy:334)
	at Decrease quantity - cart page.run(Decrease quantity - cart page:16)
	at com.kms.katalon.core.main.ScriptEngine.run(ScriptEngine.java:194)
	at com.kms.katalon.core.main.ScriptEngine.runScriptAsRawText(ScriptEngine.java:119)
	at com.kms.katalon.core.main.TestCaseExecutor.runScript(TestCaseExecutor.java:328)
	at com.kms.katalon.core.main.TestCaseExecutor.doExecute(TestCaseExecutor.java:319)
	at com.kms.katalon.core.main.TestCaseExecutor.processExecutionPhase(TestCaseExecutor.java:298)
	at com.kms.katalon.core.main.TestCaseExecutor.accessMainPhase(TestCaseExecutor.java:290)
	at com.kms.katalon.core.main.TestCaseExecutor.execute(TestCaseExecutor.java:224)
	at com.kms.katalon.core.main.TestSuiteExecutor.accessTestCaseMainPhase(TestSuiteExecutor.java:129)
	at com.kms.katalon.core.main.TestSuiteExecutor.accessTestSuiteMainPhase(TestSuiteExecutor.java:112)
	at com.kms.katalon.core.main.TestSuiteExecutor.execute(TestSuiteExecutor.java:81)
	at com.kms.katalon.core.main.TestCaseMain.startTestSuite(TestCaseMain.java:149)
	at com.kms.katalon.core.main.TestCaseMain$startTestSuite$0.call(Unknown Source)
	at TempTestSuite1565707895630.run(TempTestSuite1565707895630.groovy:36)]]></system-err>
      </testcase>
      <testcase name="Test Cases/CRITICAL PATH - SPANISH/Login and Logout" classname="Test Cases/CRITICAL PATH - SPANISH/Login and Logout" status="FAILED">
         <failure type="FAILED" message="Test Cases/CRITICAL PATH - SPANISH/Login and Logout FAILED.
Reason:
com.kms.katalon.core.exception.StepFailedException: Unable to click on object 'Object Repository/CR-DESKTOP/Window pop up/language- english' (Root cause: com.kms.katalon.core.webui.exception.WebElementNotFoundException: Web element with id: 'Object Repository/CR-DESKTOP/Window pop up/language- english' located by 'By.xpath: //body[@id='charlotte-russe']/div/div[2]/form/div/label' not found)
	at com.kms.katalon.core.keyword.internal.KeywordMain.stepFailed(KeywordMain.groovy:36)
	at com.kms.katalon.core.webui.keyword.internal.WebUIKeywordMain.stepFailed(WebUIKeywordMain.groovy:65)
	at com.kms.katalon.core.webui.keyword.internal.WebUIKeywordMain.runKeyword(WebUIKeywordMain.groovy:27)
	at com.kms.katalon.core.webui.keyword.builtin.ClickKeyword.click(ClickKeyword.groovy:86)
	at com.kms.katalon.core.webui.keyword.builtin.ClickKeyword.execute(ClickKeyword.groovy:67)
	at com.kms.katalon.core.keyword.internal.KeywordExecutor.executeKeywordForPlatform(KeywordExecutor.groovy:53)
	at com.kms.katalon.core.webui.keyword.WebUiBuiltInKeywords.click(WebUiBuiltInKeywords.groovy:616)
	at com.kms.katalon.core.webui.keyword.WebUiBuiltInKeywords$click$1.call(Unknown Source)
	at CALL-URL.run(CALL-URL:20)
	at com.kms.katalon.core.main.ScriptEngine.run(ScriptEngine.java:194)
	at com.kms.katalon.core.main.ScriptEngine.runScriptAsRawText(ScriptEngine.java:119)
	at com.kms.katalon.core.main.TestCaseExecutor.runScript(TestCaseExecutor.java:328)
	at com.kms.katalon.core.main.TestCaseExecutor.doExecute(TestCaseExecutor.java:319)
	at com.kms.katalon.core.main.TestCaseExecutor.processExecutionPhase(TestCaseExecutor.java:298)
	at com.kms.katalon.core.main.TestCaseExecutor.accessMainPhase(TestCaseExecutor.java:290)
	at com.kms.katalon.core.main.TestCaseExecutor.execute(TestCaseExecutor.java:224)
	at com.kms.katalon.core.main.TestCaseMain.runTestCase(TestCaseMain.java:106)
	at com.kms.katalon.core.keyword.builtin.CallTestCaseKeyword$_callTestCase_closure1.doCall(CallTestCaseKeyword.groovy:59)
	at com.kms.katalon.core.keyword.builtin.CallTestCaseKeyword$_callTestCase_closure1.call(CallTestCaseKeyword.groovy)
	at com.kms.katalon.core.keyword.internal.KeywordMain.runKeyword(KeywordMain.groovy:54)
	at com.kms.katalon.core.keyword.builtin.CallTestCaseKeyword.callTestCase(CallTestCaseKeyword.groovy:80)
	at com.kms.katalon.core.keyword.builtin.CallTestCaseKeyword.execute(CallTestCaseKeyword.groovy:44)
	at com.kms.katalon.core.keyword.internal.KeywordExecutor.executeKeywordForPlatform(KeywordExecutor.groovy:53)
	at com.kms.katalon.core.keyword.BuiltinKeywords.callTestCase(BuiltinKeywords.groovy:334)
	at CALL - LANGUAGE TOGGLER.run(CALL - LANGUAGE TOGGLER:16)
	at com.kms.katalon.core.main.ScriptEngine.run(ScriptEngine.java:194)
	at com.kms.katalon.core.main.ScriptEngine.runScriptAsRawText(ScriptEngine.java:119)
	at com.kms.katalon.core.main.TestCaseExecutor.runScript(TestCaseExecutor.java:328)
	at com.kms.katalon.core.main.TestCaseExecutor.doExecute(TestCaseExecutor.java:319)
	at com.kms.katalon.core.main.TestCaseExecutor.processExecutionPhase(TestCaseExecutor.java:298)
	at com.kms.katalon.core.main.TestCaseExecutor.accessMainPhase(TestCaseExecutor.java:290)
	at com.kms.katalon.core.main.TestCaseExecutor.execute(TestCaseExecutor.java:224)
	at com.kms.katalon.core.main.TestCaseMain.runTestCase(TestCaseMain.java:106)
	at com.kms.katalon.core.keyword.builtin.CallTestCaseKeyword$_callTestCase_closure1.doCall(CallTestCaseKeyword.groovy:59)
	at com.kms.katalon.core.keyword.builtin.CallTestCaseKeyword$_callTestCase_closure1.call(CallTestCaseKeyword.groovy)
	at com.kms.katalon.core.keyword.internal.KeywordMain.runKeyword(KeywordMain.groovy:54)
	at com.kms.katalon.core.keyword.builtin.CallTestCaseKeyword.callTestCase(CallTestCaseKeyword.groovy:80)
	at com.kms.katalon.core.keyword.builtin.CallTestCaseKeyword.execute(CallTestCaseKeyword.groovy:44)
	at com.kms.katalon.core.keyword.internal.KeywordExecutor.executeKeywordForPlatform(KeywordExecutor.groovy:53)
	at com.kms.katalon.core.keyword.BuiltinKeywords.callTestCase(BuiltinKeywords.groovy:334)
	at Login and Logout.run(Login and Logout:16)
	at com.kms.katalon.core.main.ScriptEngine.run(ScriptEngine.java:194)
	at com.kms.katalon.core.main.ScriptEngine.runScriptAsRawText(ScriptEngine.java:119)
	at com.kms.katalon.core.main.TestCaseExecutor.runScript(TestCaseExecutor.java:328)
	at com.kms.katalon.core.main.TestCaseExecutor.doExecute(TestCaseExecutor.java:319)
	at com.kms.katalon.core.main.TestCaseExecutor.processExecutionPhase(TestCaseExecutor.java:298)
	at com.kms.katalon.core.main.TestCaseExecutor.accessMainPhase(TestCaseExecutor.java:290)
	at com.kms.katalon.core.main.TestCaseExecutor.execute(TestCaseExecutor.java:224)
	at com.kms.katalon.core.main.TestSuiteExecutor.accessTestCaseMainPhase(TestSuiteExecutor.java:129)
	at com.kms.katalon.core.main.TestSuiteExecutor.accessTestSuiteMainPhase(TestSuiteExecutor.java:112)
	at com.kms.katalon.core.main.TestSuiteExecutor.execute(TestSuiteExecutor.java:81)
	at com.kms.katalon.core.main.TestCaseMain.startTestSuite(TestCaseMain.java:149)
	at com.kms.katalon.core.main.TestCaseMain$startTestSuite$0.call(Unknown Source)
	at TempTestSuite1565707895630.run(TempTestSuite1565707895630.groovy:36)
"/>
         <system-out><![CDATA[2019-08-13 10:56:09 - [TEST_CASE][FAILED] - Test Cases/CRITICAL PATH - SPANISH/Login and Logout: Test Cases/CRITICAL PATH - SPANISH/Login and Logout FAILED.
Reason:
com.kms.katalon.core.exception.StepFailedException: Unable to click on object 'Object Repository/CR-DESKTOP/Window pop up/language- english' (Root cause: com.kms.katalon.core.webui.exception.WebElementNotFoundException: Web element with id: 'Object Repository/CR-DESKTOP/Window pop up/language- english' located by 'By.xpath: //body[@id='charlotte-russe']/div/div[2]/form/div/label' not found)
	at com.kms.katalon.core.keyword.internal.KeywordMain.stepFailed(KeywordMain.groovy:36)
	at com.kms.katalon.core.webui.keyword.internal.WebUIKeywordMain.stepFailed(WebUIKeywordMain.groovy:65)
	at com.kms.katalon.core.webui.keyword.internal.WebUIKeywordMain.runKeyword(WebUIKeywordMain.groovy:27)
	at com.kms.katalon.core.webui.keyword.builtin.ClickKeyword.click(ClickKeyword.groovy:86)
	at com.kms.katalon.core.webui.keyword.builtin.ClickKeyword.execute(ClickKeyword.groovy:67)
	at com.kms.katalon.core.keyword.internal.KeywordExecutor.executeKeywordForPlatform(KeywordExecutor.groovy:53)
	at com.kms.katalon.core.webui.keyword.WebUiBuiltInKeywords.click(WebUiBuiltInKeywords.groovy:616)
	at com.kms.katalon.core.webui.keyword.WebUiBuiltInKeywords$click$1.call(Unknown Source)
	at CALL-URL.run(CALL-URL:20)
	at com.kms.katalon.core.main.ScriptEngine.run(ScriptEngine.java:194)
	at com.kms.katalon.core.main.ScriptEngine.runScriptAsRawText(ScriptEngine.java:119)
	at com.kms.katalon.core.main.TestCaseExecutor.runScript(TestCaseExecutor.java:328)
	at com.kms.katalon.core.main.TestCaseExecutor.doExecute(TestCaseExecutor.java:319)
	at com.kms.katalon.core.main.TestCaseExecutor.processExecutionPhase(TestCaseExecutor.java:298)
	at com.kms.katalon.core.main.TestCaseExecutor.accessMainPhase(TestCaseExecutor.java:290)
	at com.kms.katalon.core.main.TestCaseExecutor.execute(TestCaseExecutor.java:224)
	at com.kms.katalon.core.main.TestCaseMain.runTestCase(TestCaseMain.java:106)
	at com.kms.katalon.core.keyword.builtin.CallTestCaseKeyword$_callTestCase_closure1.doCall(CallTestCaseKeyword.groovy:59)
	at com.kms.katalon.core.keyword.builtin.CallTestCaseKeyword$_callTestCase_closure1.call(CallTestCaseKeyword.groovy)
	at com.kms.katalon.core.keyword.internal.KeywordMain.runKeyword(KeywordMain.groovy:54)
	at com.kms.katalon.core.keyword.builtin.CallTestCaseKeyword.callTestCase(CallTestCaseKeyword.groovy:80)
	at com.kms.katalon.core.keyword.builtin.CallTestCaseKeyword.execute(CallTestCaseKeyword.groovy:44)
	at com.kms.katalon.core.keyword.internal.KeywordExecutor.executeKeywordForPlatform(KeywordExecutor.groovy:53)
	at com.kms.katalon.core.keyword.BuiltinKeywords.callTestCase(BuiltinKeywords.groovy:334)
	at CALL - LANGUAGE TOGGLER.run(CALL - LANGUAGE TOGGLER:16)
	at com.kms.katalon.core.main.ScriptEngine.run(ScriptEngine.java:194)
	at com.kms.katalon.core.main.ScriptEngine.runScriptAsRawText(ScriptEngine.java:119)
	at com.kms.katalon.core.main.TestCaseExecutor.runScript(TestCaseExecutor.java:328)
	at com.kms.katalon.core.main.TestCaseExecutor.doExecute(TestCaseExecutor.java:319)
	at com.kms.katalon.core.main.TestCaseExecutor.processExecutionPhase(TestCaseExecutor.java:298)
	at com.kms.katalon.core.main.TestCaseExecutor.accessMainPhase(TestCaseExecutor.java:290)
	at com.kms.katalon.core.main.TestCaseExecutor.execute(TestCaseExecutor.java:224)
	at com.kms.katalon.core.main.TestCaseMain.runTestCase(TestCaseMain.java:106)
	at com.kms.katalon.core.keyword.builtin.CallTestCaseKeyword$_callTestCase_closure1.doCall(CallTestCaseKeyword.groovy:59)
	at com.kms.katalon.core.keyword.builtin.CallTestCaseKeyword$_callTestCase_closure1.call(CallTestCaseKeyword.groovy)
	at com.kms.katalon.core.keyword.internal.KeywordMain.runKeyword(KeywordMain.groovy:54)
	at com.kms.katalon.core.keyword.builtin.CallTestCaseKeyword.callTestCase(CallTestCaseKeyword.groovy:80)
	at com.kms.katalon.core.keyword.builtin.CallTestCaseKeyword.execute(CallTestCaseKeyword.groovy:44)
	at com.kms.katalon.core.keyword.internal.KeywordExecutor.executeKeywordForPlatform(KeywordExecutor.groovy:53)
	at com.kms.katalon.core.keyword.BuiltinKeywords.callTestCase(BuiltinKeywords.groovy:334)
	at Login and Logout.run(Login and Logout:16)
	at com.kms.katalon.core.main.ScriptEngine.run(ScriptEngine.java:194)
	at com.kms.katalon.core.main.ScriptEngine.runScriptAsRawText(ScriptEngine.java:119)
	at com.kms.katalon.core.main.TestCaseExecutor.runScript(TestCaseExecutor.java:328)
	at com.kms.katalon.core.main.TestCaseExecutor.doExecute(TestCaseExecutor.java:319)
	at com.kms.katalon.core.main.TestCaseExecutor.processExecutionPhase(TestCaseExecutor.java:298)
	at com.kms.katalon.core.main.TestCaseExecutor.accessMainPhase(TestCaseExecutor.java:290)
	at com.kms.katalon.core.main.TestCaseExecutor.execute(TestCaseExecutor.java:224)
	at com.kms.katalon.core.main.TestSuiteExecutor.accessTestCaseMainPhase(TestSuiteExecutor.java:129)
	at com.kms.katalon.core.main.TestSuiteExecutor.accessTestSuiteMainPhase(TestSuiteExecutor.java:112)
	at com.kms.katalon.core.main.TestSuiteExecutor.execute(TestSuiteExecutor.java:81)
	at com.kms.katalon.core.main.TestCaseMain.startTestSuite(TestCaseMain.java:149)
	at com.kms.katalon.core.main.TestCaseMain$startTestSuite$0.call(Unknown Source)
	at TempTestSuite1565707895630.run(TempTestSuite1565707895630.groovy:36)


2019-08-13 10:56:09 - [TEST_STEP][FAILED] - callTestCase(findTestCase("CALL - LANGUAGE TOGGLER"), [:], STOP_ON_FAILURE): callTestCase(findTestCase("CALL - LANGUAGE TOGGLER"), [:], STOP_ON_FAILURE) FAILED.
Reason:
com.kms.katalon.core.exception.StepFailedException: Unable to click on object 'Object Repository/CR-DESKTOP/Window pop up/language- english' (Root cause: com.kms.katalon.core.webui.exception.WebElementNotFoundException: Web element with id: 'Object Repository/CR-DESKTOP/Window pop up/language- english' located by 'By.xpath: //body[@id='charlotte-russe']/div/div[2]/form/div/label' not found)
	at com.kms.katalon.core.keyword.internal.KeywordMain.stepFailed(KeywordMain.groovy:36)
	at com.kms.katalon.core.webui.keyword.internal.WebUIKeywordMain.stepFailed(WebUIKeywordMain.groovy:65)
	at com.kms.katalon.core.webui.keyword.internal.WebUIKeywordMain.runKeyword(WebUIKeywordMain.groovy:27)
	at com.kms.katalon.core.webui.keyword.builtin.ClickKeyword.click(ClickKeyword.groovy:86)
	at com.kms.katalon.core.webui.keyword.builtin.ClickKeyword.execute(ClickKeyword.groovy:67)
	at com.kms.katalon.core.keyword.internal.KeywordExecutor.executeKeywordForPlatform(KeywordExecutor.groovy:53)
	at com.kms.katalon.core.webui.keyword.WebUiBuiltInKeywords.click(WebUiBuiltInKeywords.groovy:616)
	at com.kms.katalon.core.webui.keyword.WebUiBuiltInKeywords$click$1.call(Unknown Source)
	at CALL-URL.run(CALL-URL:20)
	at com.kms.katalon.core.main.ScriptEngine.run(ScriptEngine.java:194)
	at com.kms.katalon.core.main.ScriptEngine.runScriptAsRawText(ScriptEngine.java:119)
	at com.kms.katalon.core.main.TestCaseExecutor.runScript(TestCaseExecutor.java:328)
	at com.kms.katalon.core.main.TestCaseExecutor.doExecute(TestCaseExecutor.java:319)
	at com.kms.katalon.core.main.TestCaseExecutor.processExecutionPhase(TestCaseExecutor.java:298)
	at com.kms.katalon.core.main.TestCaseExecutor.accessMainPhase(TestCaseExecutor.java:290)
	at com.kms.katalon.core.main.TestCaseExecutor.execute(TestCaseExecutor.java:224)
	at com.kms.katalon.core.main.TestCaseMain.runTestCase(TestCaseMain.java:106)
	at com.kms.katalon.core.keyword.builtin.CallTestCaseKeyword$_callTestCase_closure1.doCall(CallTestCaseKeyword.groovy:59)
	at com.kms.katalon.core.keyword.builtin.CallTestCaseKeyword$_callTestCase_closure1.call(CallTestCaseKeyword.groovy)
	at com.kms.katalon.core.keyword.internal.KeywordMain.runKeyword(KeywordMain.groovy:54)
	at com.kms.katalon.core.keyword.builtin.CallTestCaseKeyword.callTestCase(CallTestCaseKeyword.groovy:80)
	at com.kms.katalon.core.keyword.builtin.CallTestCaseKeyword.execute(CallTestCaseKeyword.groovy:44)
	at com.kms.katalon.core.keyword.internal.KeywordExecutor.executeKeywordForPlatform(KeywordExecutor.groovy:53)
	at com.kms.katalon.core.keyword.BuiltinKeywords.callTestCase(BuiltinKeywords.groovy:334)
	at CALL - LANGUAGE TOGGLER.run(CALL - LANGUAGE TOGGLER:16)
	at com.kms.katalon.core.main.ScriptEngine.run(ScriptEngine.java:194)
	at com.kms.katalon.core.main.ScriptEngine.runScriptAsRawText(ScriptEngine.java:119)
	at com.kms.katalon.core.main.TestCaseExecutor.runScript(TestCaseExecutor.java:328)
	at com.kms.katalon.core.main.TestCaseExecutor.doExecute(TestCaseExecutor.java:319)
	at com.kms.katalon.core.main.TestCaseExecutor.processExecutionPhase(TestCaseExecutor.java:298)
	at com.kms.katalon.core.main.TestCaseExecutor.accessMainPhase(TestCaseExecutor.java:290)
	at com.kms.katalon.core.main.TestCaseExecutor.execute(TestCaseExecutor.java:224)
	at com.kms.katalon.core.main.TestCaseMain.runTestCase(TestCaseMain.java:106)
	at com.kms.katalon.core.keyword.builtin.CallTestCaseKeyword$_callTestCase_closure1.doCall(CallTestCaseKeyword.groovy:59)
	at com.kms.katalon.core.keyword.builtin.CallTestCaseKeyword$_callTestCase_closure1.call(CallTestCaseKeyword.groovy)
	at com.kms.katalon.core.keyword.internal.KeywordMain.runKeyword(KeywordMain.groovy:54)
	at com.kms.katalon.core.keyword.builtin.CallTestCaseKeyword.callTestCase(CallTestCaseKeyword.groovy:80)
	at com.kms.katalon.core.keyword.builtin.CallTestCaseKeyword.execute(CallTestCaseKeyword.groovy:44)
	at com.kms.katalon.core.keyword.internal.KeywordExecutor.executeKeywordForPlatform(KeywordExecutor.groovy:53)
	at com.kms.katalon.core.keyword.BuiltinKeywords.callTestCase(BuiltinKeywords.groovy:334)
	at Login and Logout.run(Login and Logout:16)
	at com.kms.katalon.core.main.ScriptEngine.run(ScriptEngine.java:194)
	at com.kms.katalon.core.main.ScriptEngine.runScriptAsRawText(ScriptEngine.java:119)
	at com.kms.katalon.core.main.TestCaseExecutor.runScript(TestCaseExecutor.java:328)
	at com.kms.katalon.core.main.TestCaseExecutor.doExecute(TestCaseExecutor.java:319)
	at com.kms.katalon.core.main.TestCaseExecutor.processExecutionPhase(TestCaseExecutor.java:298)
	at com.kms.katalon.core.main.TestCaseExecutor.accessMainPhase(TestCaseExecutor.java:290)
	at com.kms.katalon.core.main.TestCaseExecutor.execute(TestCaseExecutor.java:224)
	at com.kms.katalon.core.main.TestSuiteExecutor.accessTestCaseMainPhase(TestSuiteExecutor.java:129)
	at com.kms.katalon.core.main.TestSuiteExecutor.accessTestSuiteMainPhase(TestSuiteExecutor.java:112)
	at com.kms.katalon.core.main.TestSuiteExecutor.execute(TestSuiteExecutor.java:81)
	at com.kms.katalon.core.main.TestCaseMain.startTestSuite(TestCaseMain.java:149)
	at com.kms.katalon.core.main.TestCaseMain$startTestSuite$0.call(Unknown Source)
	at TempTestSuite1565707895630.run(TempTestSuite1565707895630.groovy:36)


2019-08-13 10:56:09 - [TEST_CASE][FAILED] - Test Cases/CALL - LANGUAGE TOGGLER: Test Cases/CALL - LANGUAGE TOGGLER FAILED.
Reason:
com.kms.katalon.core.exception.StepFailedException: Unable to click on object 'Object Repository/CR-DESKTOP/Window pop up/language- english' (Root cause: com.kms.katalon.core.webui.exception.WebElementNotFoundException: Web element with id: 'Object Repository/CR-DESKTOP/Window pop up/language- english' located by 'By.xpath: //body[@id='charlotte-russe']/div/div[2]/form/div/label' not found)
	at com.kms.katalon.core.keyword.internal.KeywordMain.stepFailed(KeywordMain.groovy:36)
	at com.kms.katalon.core.webui.keyword.internal.WebUIKeywordMain.stepFailed(WebUIKeywordMain.groovy:65)
	at com.kms.katalon.core.webui.keyword.internal.WebUIKeywordMain.runKeyword(WebUIKeywordMain.groovy:27)
	at com.kms.katalon.core.webui.keyword.builtin.ClickKeyword.click(ClickKeyword.groovy:86)
	at com.kms.katalon.core.webui.keyword.builtin.ClickKeyword.execute(ClickKeyword.groovy:67)
	at com.kms.katalon.core.keyword.internal.KeywordExecutor.executeKeywordForPlatform(KeywordExecutor.groovy:53)
	at com.kms.katalon.core.webui.keyword.WebUiBuiltInKeywords.click(WebUiBuiltInKeywords.groovy:616)
	at com.kms.katalon.core.webui.keyword.WebUiBuiltInKeywords$click$1.call(Unknown Source)
	at CALL-URL.run(CALL-URL:20)
	at com.kms.katalon.core.main.ScriptEngine.run(ScriptEngine.java:194)
	at com.kms.katalon.core.main.ScriptEngine.runScriptAsRawText(ScriptEngine.java:119)
	at com.kms.katalon.core.main.TestCaseExecutor.runScript(TestCaseExecutor.java:328)
	at com.kms.katalon.core.main.TestCaseExecutor.doExecute(TestCaseExecutor.java:319)
	at com.kms.katalon.core.main.TestCaseExecutor.processExecutionPhase(TestCaseExecutor.java:298)
	at com.kms.katalon.core.main.TestCaseExecutor.accessMainPhase(TestCaseExecutor.java:290)
	at com.kms.katalon.core.main.TestCaseExecutor.execute(TestCaseExecutor.java:224)
	at com.kms.katalon.core.main.TestCaseMain.runTestCase(TestCaseMain.java:106)
	at com.kms.katalon.core.keyword.builtin.CallTestCaseKeyword$_callTestCase_closure1.doCall(CallTestCaseKeyword.groovy:59)
	at com.kms.katalon.core.keyword.builtin.CallTestCaseKeyword$_callTestCase_closure1.call(CallTestCaseKeyword.groovy)
	at com.kms.katalon.core.keyword.internal.KeywordMain.runKeyword(KeywordMain.groovy:54)
	at com.kms.katalon.core.keyword.builtin.CallTestCaseKeyword.callTestCase(CallTestCaseKeyword.groovy:80)
	at com.kms.katalon.core.keyword.builtin.CallTestCaseKeyword.execute(CallTestCaseKeyword.groovy:44)
	at com.kms.katalon.core.keyword.internal.KeywordExecutor.executeKeywordForPlatform(KeywordExecutor.groovy:53)
	at com.kms.katalon.core.keyword.BuiltinKeywords.callTestCase(BuiltinKeywords.groovy:334)
	at CALL - LANGUAGE TOGGLER.run(CALL - LANGUAGE TOGGLER:16)
	at com.kms.katalon.core.main.ScriptEngine.run(ScriptEngine.java:194)
	at com.kms.katalon.core.main.ScriptEngine.runScriptAsRawText(ScriptEngine.java:119)
	at com.kms.katalon.core.main.TestCaseExecutor.runScript(TestCaseExecutor.java:328)
	at com.kms.katalon.core.main.TestCaseExecutor.doExecute(TestCaseExecutor.java:319)
	at com.kms.katalon.core.main.TestCaseExecutor.processExecutionPhase(TestCaseExecutor.java:298)
	at com.kms.katalon.core.main.TestCaseExecutor.accessMainPhase(TestCaseExecutor.java:290)
	at com.kms.katalon.core.main.TestCaseExecutor.execute(TestCaseExecutor.java:224)
	at com.kms.katalon.core.main.TestCaseMain.runTestCase(TestCaseMain.java:106)
	at com.kms.katalon.core.keyword.builtin.CallTestCaseKeyword$_callTestCase_closure1.doCall(CallTestCaseKeyword.groovy:59)
	at com.kms.katalon.core.keyword.builtin.CallTestCaseKeyword$_callTestCase_closure1.call(CallTestCaseKeyword.groovy)
	at com.kms.katalon.core.keyword.internal.KeywordMain.runKeyword(KeywordMain.groovy:54)
	at com.kms.katalon.core.keyword.builtin.CallTestCaseKeyword.callTestCase(CallTestCaseKeyword.groovy:80)
	at com.kms.katalon.core.keyword.builtin.CallTestCaseKeyword.execute(CallTestCaseKeyword.groovy:44)
	at com.kms.katalon.core.keyword.internal.KeywordExecutor.executeKeywordForPlatform(KeywordExecutor.groovy:53)
	at com.kms.katalon.core.keyword.BuiltinKeywords.callTestCase(BuiltinKeywords.groovy:334)
	at Login and Logout.run(Login and Logout:16)
	at com.kms.katalon.core.main.ScriptEngine.run(ScriptEngine.java:194)
	at com.kms.katalon.core.main.ScriptEngine.runScriptAsRawText(ScriptEngine.java:119)
	at com.kms.katalon.core.main.TestCaseExecutor.runScript(TestCaseExecutor.java:328)
	at com.kms.katalon.core.main.TestCaseExecutor.doExecute(TestCaseExecutor.java:319)
	at com.kms.katalon.core.main.TestCaseExecutor.processExecutionPhase(TestCaseExecutor.java:298)
	at com.kms.katalon.core.main.TestCaseExecutor.accessMainPhase(TestCaseExecutor.java:290)
	at com.kms.katalon.core.main.TestCaseExecutor.execute(TestCaseExecutor.java:224)
	at com.kms.katalon.core.main.TestSuiteExecutor.accessTestCaseMainPhase(TestSuiteExecutor.java:129)
	at com.kms.katalon.core.main.TestSuiteExecutor.accessTestSuiteMainPhase(TestSuiteExecutor.java:112)
	at com.kms.katalon.core.main.TestSuiteExecutor.execute(TestSuiteExecutor.java:81)
	at com.kms.katalon.core.main.TestCaseMain.startTestSuite(TestCaseMain.java:149)
	at com.kms.katalon.core.main.TestCaseMain$startTestSuite$0.call(Unknown Source)
	at TempTestSuite1565707895630.run(TempTestSuite1565707895630.groovy:36)


2019-08-13 10:56:09 - [TEST_STEP][FAILED] - callTestCase(findTestCase("CALL-URL"), [:], STOP_ON_FAILURE): callTestCase(findTestCase("CALL-URL"), [:], STOP_ON_FAILURE) FAILED.
Reason:
com.kms.katalon.core.exception.StepFailedException: Unable to click on object 'Object Repository/CR-DESKTOP/Window pop up/language- english' (Root cause: com.kms.katalon.core.webui.exception.WebElementNotFoundException: Web element with id: 'Object Repository/CR-DESKTOP/Window pop up/language- english' located by 'By.xpath: //body[@id='charlotte-russe']/div/div[2]/form/div/label' not found)
	at com.kms.katalon.core.keyword.internal.KeywordMain.stepFailed(KeywordMain.groovy:36)
	at com.kms.katalon.core.webui.keyword.internal.WebUIKeywordMain.stepFailed(WebUIKeywordMain.groovy:65)
	at com.kms.katalon.core.webui.keyword.internal.WebUIKeywordMain.runKeyword(WebUIKeywordMain.groovy:27)
	at com.kms.katalon.core.webui.keyword.builtin.ClickKeyword.click(ClickKeyword.groovy:86)
	at com.kms.katalon.core.webui.keyword.builtin.ClickKeyword.execute(ClickKeyword.groovy:67)
	at com.kms.katalon.core.keyword.internal.KeywordExecutor.executeKeywordForPlatform(KeywordExecutor.groovy:53)
	at com.kms.katalon.core.webui.keyword.WebUiBuiltInKeywords.click(WebUiBuiltInKeywords.groovy:616)
	at com.kms.katalon.core.webui.keyword.WebUiBuiltInKeywords$click$1.call(Unknown Source)
	at CALL-URL.run(CALL-URL:20)
	at com.kms.katalon.core.main.ScriptEngine.run(ScriptEngine.java:194)
	at com.kms.katalon.core.main.ScriptEngine.runScriptAsRawText(ScriptEngine.java:119)
	at com.kms.katalon.core.main.TestCaseExecutor.runScript(TestCaseExecutor.java:328)
	at com.kms.katalon.core.main.TestCaseExecutor.doExecute(TestCaseExecutor.java:319)
	at com.kms.katalon.core.main.TestCaseExecutor.processExecutionPhase(TestCaseExecutor.java:298)
	at com.kms.katalon.core.main.TestCaseExecutor.accessMainPhase(TestCaseExecutor.java:290)
	at com.kms.katalon.core.main.TestCaseExecutor.execute(TestCaseExecutor.java:224)
	at com.kms.katalon.core.main.TestCaseMain.runTestCase(TestCaseMain.java:106)
	at com.kms.katalon.core.keyword.builtin.CallTestCaseKeyword$_callTestCase_closure1.doCall(CallTestCaseKeyword.groovy:59)
	at com.kms.katalon.core.keyword.builtin.CallTestCaseKeyword$_callTestCase_closure1.call(CallTestCaseKeyword.groovy)
	at com.kms.katalon.core.keyword.internal.KeywordMain.runKeyword(KeywordMain.groovy:54)
	at com.kms.katalon.core.keyword.builtin.CallTestCaseKeyword.callTestCase(CallTestCaseKeyword.groovy:80)
	at com.kms.katalon.core.keyword.builtin.CallTestCaseKeyword.execute(CallTestCaseKeyword.groovy:44)
	at com.kms.katalon.core.keyword.internal.KeywordExecutor.executeKeywordForPlatform(KeywordExecutor.groovy:53)
	at com.kms.katalon.core.keyword.BuiltinKeywords.callTestCase(BuiltinKeywords.groovy:334)
	at CALL - LANGUAGE TOGGLER.run(CALL - LANGUAGE TOGGLER:16)
	at com.kms.katalon.core.main.ScriptEngine.run(ScriptEngine.java:194)
	at com.kms.katalon.core.main.ScriptEngine.runScriptAsRawText(ScriptEngine.java:119)
	at com.kms.katalon.core.main.TestCaseExecutor.runScript(TestCaseExecutor.java:328)
	at com.kms.katalon.core.main.TestCaseExecutor.doExecute(TestCaseExecutor.java:319)
	at com.kms.katalon.core.main.TestCaseExecutor.processExecutionPhase(TestCaseExecutor.java:298)
	at com.kms.katalon.core.main.TestCaseExecutor.accessMainPhase(TestCaseExecutor.java:290)
	at com.kms.katalon.core.main.TestCaseExecutor.execute(TestCaseExecutor.java:224)
	at com.kms.katalon.core.main.TestCaseMain.runTestCase(TestCaseMain.java:106)
	at com.kms.katalon.core.keyword.builtin.CallTestCaseKeyword$_callTestCase_closure1.doCall(CallTestCaseKeyword.groovy:59)
	at com.kms.katalon.core.keyword.builtin.CallTestCaseKeyword$_callTestCase_closure1.call(CallTestCaseKeyword.groovy)
	at com.kms.katalon.core.keyword.internal.KeywordMain.runKeyword(KeywordMain.groovy:54)
	at com.kms.katalon.core.keyword.builtin.CallTestCaseKeyword.callTestCase(CallTestCaseKeyword.groovy:80)
	at com.kms.katalon.core.keyword.builtin.CallTestCaseKeyword.execute(CallTestCaseKeyword.groovy:44)
	at com.kms.katalon.core.keyword.internal.KeywordExecutor.executeKeywordForPlatform(KeywordExecutor.groovy:53)
	at com.kms.katalon.core.keyword.BuiltinKeywords.callTestCase(BuiltinKeywords.groovy:334)
	at Login and Logout.run(Login and Logout:16)
	at com.kms.katalon.core.main.ScriptEngine.run(ScriptEngine.java:194)
	at com.kms.katalon.core.main.ScriptEngine.runScriptAsRawText(ScriptEngine.java:119)
	at com.kms.katalon.core.main.TestCaseExecutor.runScript(TestCaseExecutor.java:328)
	at com.kms.katalon.core.main.TestCaseExecutor.doExecute(TestCaseExecutor.java:319)
	at com.kms.katalon.core.main.TestCaseExecutor.processExecutionPhase(TestCaseExecutor.java:298)
	at com.kms.katalon.core.main.TestCaseExecutor.accessMainPhase(TestCaseExecutor.java:290)
	at com.kms.katalon.core.main.TestCaseExecutor.execute(TestCaseExecutor.java:224)
	at com.kms.katalon.core.main.TestSuiteExecutor.accessTestCaseMainPhase(TestSuiteExecutor.java:129)
	at com.kms.katalon.core.main.TestSuiteExecutor.accessTestSuiteMainPhase(TestSuiteExecutor.java:112)
	at com.kms.katalon.core.main.TestSuiteExecutor.execute(TestSuiteExecutor.java:81)
	at com.kms.katalon.core.main.TestCaseMain.startTestSuite(TestCaseMain.java:149)
	at com.kms.katalon.core.main.TestCaseMain$startTestSuite$0.call(Unknown Source)
	at TempTestSuite1565707895630.run(TempTestSuite1565707895630.groovy:36)


2019-08-13 10:56:09 - [TEST_CASE][FAILED] - Test Cases/CALL-URL: Test Cases/CALL-URL FAILED.
Reason:
com.kms.katalon.core.exception.StepFailedException: Unable to click on object 'Object Repository/CR-DESKTOP/Window pop up/language- english' (Root cause: com.kms.katalon.core.webui.exception.WebElementNotFoundException: Web element with id: 'Object Repository/CR-DESKTOP/Window pop up/language- english' located by 'By.xpath: //body[@id='charlotte-russe']/div/div[2]/form/div/label' not found)
	at com.kms.katalon.core.keyword.internal.KeywordMain.stepFailed(KeywordMain.groovy:36)
	at com.kms.katalon.core.webui.keyword.internal.WebUIKeywordMain.stepFailed(WebUIKeywordMain.groovy:65)
	at com.kms.katalon.core.webui.keyword.internal.WebUIKeywordMain.runKeyword(WebUIKeywordMain.groovy:27)
	at com.kms.katalon.core.webui.keyword.builtin.ClickKeyword.click(ClickKeyword.groovy:86)
	at com.kms.katalon.core.webui.keyword.builtin.ClickKeyword.execute(ClickKeyword.groovy:67)
	at com.kms.katalon.core.keyword.internal.KeywordExecutor.executeKeywordForPlatform(KeywordExecutor.groovy:53)
	at com.kms.katalon.core.webui.keyword.WebUiBuiltInKeywords.click(WebUiBuiltInKeywords.groovy:616)
	at com.kms.katalon.core.webui.keyword.WebUiBuiltInKeywords$click$1.call(Unknown Source)
	at CALL-URL.run(CALL-URL:20)
	at com.kms.katalon.core.main.ScriptEngine.run(ScriptEngine.java:194)
	at com.kms.katalon.core.main.ScriptEngine.runScriptAsRawText(ScriptEngine.java:119)
	at com.kms.katalon.core.main.TestCaseExecutor.runScript(TestCaseExecutor.java:328)
	at com.kms.katalon.core.main.TestCaseExecutor.doExecute(TestCaseExecutor.java:319)
	at com.kms.katalon.core.main.TestCaseExecutor.processExecutionPhase(TestCaseExecutor.java:298)
	at com.kms.katalon.core.main.TestCaseExecutor.accessMainPhase(TestCaseExecutor.java:290)
	at com.kms.katalon.core.main.TestCaseExecutor.execute(TestCaseExecutor.java:224)
	at com.kms.katalon.core.main.TestCaseMain.runTestCase(TestCaseMain.java:106)
	at com.kms.katalon.core.keyword.builtin.CallTestCaseKeyword$_callTestCase_closure1.doCall(CallTestCaseKeyword.groovy:59)
	at com.kms.katalon.core.keyword.builtin.CallTestCaseKeyword$_callTestCase_closure1.call(CallTestCaseKeyword.groovy)
	at com.kms.katalon.core.keyword.internal.KeywordMain.runKeyword(KeywordMain.groovy:54)
	at com.kms.katalon.core.keyword.builtin.CallTestCaseKeyword.callTestCase(CallTestCaseKeyword.groovy:80)
	at com.kms.katalon.core.keyword.builtin.CallTestCaseKeyword.execute(CallTestCaseKeyword.groovy:44)
	at com.kms.katalon.core.keyword.internal.KeywordExecutor.executeKeywordForPlatform(KeywordExecutor.groovy:53)
	at com.kms.katalon.core.keyword.BuiltinKeywords.callTestCase(BuiltinKeywords.groovy:334)
	at CALL - LANGUAGE TOGGLER.run(CALL - LANGUAGE TOGGLER:16)
	at com.kms.katalon.core.main.ScriptEngine.run(ScriptEngine.java:194)
	at com.kms.katalon.core.main.ScriptEngine.runScriptAsRawText(ScriptEngine.java:119)
	at com.kms.katalon.core.main.TestCaseExecutor.runScript(TestCaseExecutor.java:328)
	at com.kms.katalon.core.main.TestCaseExecutor.doExecute(TestCaseExecutor.java:319)
	at com.kms.katalon.core.main.TestCaseExecutor.processExecutionPhase(TestCaseExecutor.java:298)
	at com.kms.katalon.core.main.TestCaseExecutor.accessMainPhase(TestCaseExecutor.java:290)
	at com.kms.katalon.core.main.TestCaseExecutor.execute(TestCaseExecutor.java:224)
	at com.kms.katalon.core.main.TestCaseMain.runTestCase(TestCaseMain.java:106)
	at com.kms.katalon.core.keyword.builtin.CallTestCaseKeyword$_callTestCase_closure1.doCall(CallTestCaseKeyword.groovy:59)
	at com.kms.katalon.core.keyword.builtin.CallTestCaseKeyword$_callTestCase_closure1.call(CallTestCaseKeyword.groovy)
	at com.kms.katalon.core.keyword.internal.KeywordMain.runKeyword(KeywordMain.groovy:54)
	at com.kms.katalon.core.keyword.builtin.CallTestCaseKeyword.callTestCase(CallTestCaseKeyword.groovy:80)
	at com.kms.katalon.core.keyword.builtin.CallTestCaseKeyword.execute(CallTestCaseKeyword.groovy:44)
	at com.kms.katalon.core.keyword.internal.KeywordExecutor.executeKeywordForPlatform(KeywordExecutor.groovy:53)
	at com.kms.katalon.core.keyword.BuiltinKeywords.callTestCase(BuiltinKeywords.groovy:334)
	at Login and Logout.run(Login and Logout:16)
	at com.kms.katalon.core.main.ScriptEngine.run(ScriptEngine.java:194)
	at com.kms.katalon.core.main.ScriptEngine.runScriptAsRawText(ScriptEngine.java:119)
	at com.kms.katalon.core.main.TestCaseExecutor.runScript(TestCaseExecutor.java:328)
	at com.kms.katalon.core.main.TestCaseExecutor.doExecute(TestCaseExecutor.java:319)
	at com.kms.katalon.core.main.TestCaseExecutor.processExecutionPhase(TestCaseExecutor.java:298)
	at com.kms.katalon.core.main.TestCaseExecutor.accessMainPhase(TestCaseExecutor.java:290)
	at com.kms.katalon.core.main.TestCaseExecutor.execute(TestCaseExecutor.java:224)
	at com.kms.katalon.core.main.TestSuiteExecutor.accessTestCaseMainPhase(TestSuiteExecutor.java:129)
	at com.kms.katalon.core.main.TestSuiteExecutor.accessTestSuiteMainPhase(TestSuiteExecutor.java:112)
	at com.kms.katalon.core.main.TestSuiteExecutor.execute(TestSuiteExecutor.java:81)
	at com.kms.katalon.core.main.TestCaseMain.startTestSuite(TestCaseMain.java:149)
	at com.kms.katalon.core.main.TestCaseMain$startTestSuite$0.call(Unknown Source)
	at TempTestSuite1565707895630.run(TempTestSuite1565707895630.groovy:36)


2019-08-13 10:56:09 - [TEST_STEP][PASSED] - openBrowser(""): Browser is opened with url: ''

2019-08-13 10:56:09 - [MESSAGE][WARNING] - A browser is already opened. Closing browser and opening a new one

2019-08-13 10:56:09 - [MESSAGE][INFO] - Starting 'Chrome' driver

2019-08-13 10:56:10 - [MESSAGE][PASSED] - Browser is opened with url: ''

2019-08-13 10:56:10 - [TEST_STEP][PASSED] - navigateToUrl("https://charlotterusse.com/"): Navigate to 'https://charlotterusse.com/' successfully

2019-08-13 10:56:10 - [MESSAGE][PASSED] - Navigate to 'https://charlotterusse.com/' successfully

2019-08-13 10:56:10 - [TEST_STEP][FAILED] - click(findTestObject("CR-DESKTOP/Window pop up/language- english")): click(findTestObject("CR-DESKTOP/Window pop up/language- english")) FAILED.
Reason:
com.kms.katalon.core.exception.StepFailedException: Unable to click on object 'Object Repository/CR-DESKTOP/Window pop up/language- english' (Root cause: com.kms.katalon.core.webui.exception.WebElementNotFoundException: Web element with id: 'Object Repository/CR-DESKTOP/Window pop up/language- english' located by 'By.xpath: //body[@id='charlotte-russe']/div/div[2]/form/div/label' not found)
	at com.kms.katalon.core.keyword.internal.KeywordMain.stepFailed(KeywordMain.groovy:36)
	at com.kms.katalon.core.webui.keyword.internal.WebUIKeywordMain.stepFailed(WebUIKeywordMain.groovy:65)
	at com.kms.katalon.core.webui.keyword.internal.WebUIKeywordMain.runKeyword(WebUIKeywordMain.groovy:27)
	at com.kms.katalon.core.webui.keyword.builtin.ClickKeyword.click(ClickKeyword.groovy:86)
	at com.kms.katalon.core.webui.keyword.builtin.ClickKeyword.execute(ClickKeyword.groovy:67)
	at com.kms.katalon.core.keyword.internal.KeywordExecutor.executeKeywordForPlatform(KeywordExecutor.groovy:53)
	at com.kms.katalon.core.webui.keyword.WebUiBuiltInKeywords.click(WebUiBuiltInKeywords.groovy:616)
	at com.kms.katalon.core.webui.keyword.WebUiBuiltInKeywords$click$1.call(Unknown Source)
	at CALL-URL.run(CALL-URL:20)
	at com.kms.katalon.core.main.ScriptEngine.run(ScriptEngine.java:194)
	at com.kms.katalon.core.main.ScriptEngine.runScriptAsRawText(ScriptEngine.java:119)
	at com.kms.katalon.core.main.TestCaseExecutor.runScript(TestCaseExecutor.java:328)
	at com.kms.katalon.core.main.TestCaseExecutor.doExecute(TestCaseExecutor.java:319)
	at com.kms.katalon.core.main.TestCaseExecutor.processExecutionPhase(TestCaseExecutor.java:298)
	at com.kms.katalon.core.main.TestCaseExecutor.accessMainPhase(TestCaseExecutor.java:290)
	at com.kms.katalon.core.main.TestCaseExecutor.execute(TestCaseExecutor.java:224)
	at com.kms.katalon.core.main.TestCaseMain.runTestCase(TestCaseMain.java:106)
	at com.kms.katalon.core.keyword.builtin.CallTestCaseKeyword$_callTestCase_closure1.doCall(CallTestCaseKeyword.groovy:59)
	at com.kms.katalon.core.keyword.builtin.CallTestCaseKeyword$_callTestCase_closure1.call(CallTestCaseKeyword.groovy)
	at com.kms.katalon.core.keyword.internal.KeywordMain.runKeyword(KeywordMain.groovy:54)
	at com.kms.katalon.core.keyword.builtin.CallTestCaseKeyword.callTestCase(CallTestCaseKeyword.groovy:80)
	at com.kms.katalon.core.keyword.builtin.CallTestCaseKeyword.execute(CallTestCaseKeyword.groovy:44)
	at com.kms.katalon.core.keyword.internal.KeywordExecutor.executeKeywordForPlatform(KeywordExecutor.groovy:53)
	at com.kms.katalon.core.keyword.BuiltinKeywords.callTestCase(BuiltinKeywords.groovy:334)
	at CALL - LANGUAGE TOGGLER.run(CALL - LANGUAGE TOGGLER:16)
	at com.kms.katalon.core.main.ScriptEngine.run(ScriptEngine.java:194)
	at com.kms.katalon.core.main.ScriptEngine.runScriptAsRawText(ScriptEngine.java:119)
	at com.kms.katalon.core.main.TestCaseExecutor.runScript(TestCaseExecutor.java:328)
	at com.kms.katalon.core.main.TestCaseExecutor.doExecute(TestCaseExecutor.java:319)
	at com.kms.katalon.core.main.TestCaseExecutor.processExecutionPhase(TestCaseExecutor.java:298)
	at com.kms.katalon.core.main.TestCaseExecutor.accessMainPhase(TestCaseExecutor.java:290)
	at com.kms.katalon.core.main.TestCaseExecutor.execute(TestCaseExecutor.java:224)
	at com.kms.katalon.core.main.TestCaseMain.runTestCase(TestCaseMain.java:106)
	at com.kms.katalon.core.keyword.builtin.CallTestCaseKeyword$_callTestCase_closure1.doCall(CallTestCaseKeyword.groovy:59)
	at com.kms.katalon.core.keyword.builtin.CallTestCaseKeyword$_callTestCase_closure1.call(CallTestCaseKeyword.groovy)
	at com.kms.katalon.core.keyword.internal.KeywordMain.runKeyword(KeywordMain.groovy:54)
	at com.kms.katalon.core.keyword.builtin.CallTestCaseKeyword.callTestCase(CallTestCaseKeyword.groovy:80)
	at com.kms.katalon.core.keyword.builtin.CallTestCaseKeyword.execute(CallTestCaseKeyword.groovy:44)
	at com.kms.katalon.core.keyword.internal.KeywordExecutor.executeKeywordForPlatform(KeywordExecutor.groovy:53)
	at com.kms.katalon.core.keyword.BuiltinKeywords.callTestCase(BuiltinKeywords.groovy:334)
	at Login and Logout.run(Login and Logout:16)
	at com.kms.katalon.core.main.ScriptEngine.run(ScriptEngine.java:194)
	at com.kms.katalon.core.main.ScriptEngine.runScriptAsRawText(ScriptEngine.java:119)
	at com.kms.katalon.core.main.TestCaseExecutor.runScript(TestCaseExecutor.java:328)
	at com.kms.katalon.core.main.TestCaseExecutor.doExecute(TestCaseExecutor.java:319)
	at com.kms.katalon.core.main.TestCaseExecutor.processExecutionPhase(TestCaseExecutor.java:298)
	at com.kms.katalon.core.main.TestCaseExecutor.accessMainPhase(TestCaseExecutor.java:290)
	at com.kms.katalon.core.main.TestCaseExecutor.execute(TestCaseExecutor.java:224)
	at com.kms.katalon.core.main.TestSuiteExecutor.accessTestCaseMainPhase(TestSuiteExecutor.java:129)
	at com.kms.katalon.core.main.TestSuiteExecutor.accessTestSuiteMainPhase(TestSuiteExecutor.java:112)
	at com.kms.katalon.core.main.TestSuiteExecutor.execute(TestSuiteExecutor.java:81)
	at com.kms.katalon.core.main.TestCaseMain.startTestSuite(TestCaseMain.java:149)
	at com.kms.katalon.core.main.TestCaseMain$startTestSuite$0.call(Unknown Source)
	at TempTestSuite1565707895630.run(TempTestSuite1565707895630.groovy:36)


2019-08-13 10:56:41 - [MESSAGE][INFO] - Unable to find the element located by 'By.xpath: //body[@id='charlotte-russe']/div/div[2]/form/div/label'. Please recheck the objects properties to make sure the desired element is located. 

2019-08-13 10:56:41 - [MESSAGE][FAILED] - Unable to click on object 'Object Repository/CR-DESKTOP/Window pop up/language- english' (Root cause: com.kms.katalon.core.webui.exception.WebElementNotFoundException: Web element with id: 'Object Repository/CR-DESKTOP/Window pop up/language- english' located by 'By.xpath: //body[@id='charlotte-russe']/div/div[2]/form/div/label' not found)
[[ATTACHMENT|/Users/sumankompelly/git/CR-Desktop/Reports/suite-chrome/20190813_105135/1565708201532.png]]

2019-08-13 10:56:41 - [MESSAGE][FAILED] - click(findTestObject("CR-DESKTOP/Window pop up/language- english")) FAILED.
Reason:
com.kms.katalon.core.exception.StepFailedException: Unable to click on object 'Object Repository/CR-DESKTOP/Window pop up/language- english' (Root cause: com.kms.katalon.core.webui.exception.WebElementNotFoundException: Web element with id: 'Object Repository/CR-DESKTOP/Window pop up/language- english' located by 'By.xpath: //body[@id='charlotte-russe']/div/div[2]/form/div/label' not found)
	at com.kms.katalon.core.keyword.internal.KeywordMain.stepFailed(KeywordMain.groovy:36)
	at com.kms.katalon.core.webui.keyword.internal.WebUIKeywordMain.stepFailed(WebUIKeywordMain.groovy:65)
	at com.kms.katalon.core.webui.keyword.internal.WebUIKeywordMain.runKeyword(WebUIKeywordMain.groovy:27)
	at com.kms.katalon.core.webui.keyword.builtin.ClickKeyword.click(ClickKeyword.groovy:86)
	at com.kms.katalon.core.webui.keyword.builtin.ClickKeyword.execute(ClickKeyword.groovy:67)
	at com.kms.katalon.core.keyword.internal.KeywordExecutor.executeKeywordForPlatform(KeywordExecutor.groovy:53)
	at com.kms.katalon.core.webui.keyword.WebUiBuiltInKeywords.click(WebUiBuiltInKeywords.groovy:616)
	at com.kms.katalon.core.webui.keyword.WebUiBuiltInKeywords$click$1.call(Unknown Source)
	at CALL-URL.run(CALL-URL:20)
	at com.kms.katalon.core.main.ScriptEngine.run(ScriptEngine.java:194)
	at com.kms.katalon.core.main.ScriptEngine.runScriptAsRawText(ScriptEngine.java:119)
	at com.kms.katalon.core.main.TestCaseExecutor.runScript(TestCaseExecutor.java:328)
	at com.kms.katalon.core.main.TestCaseExecutor.doExecute(TestCaseExecutor.java:319)
	at com.kms.katalon.core.main.TestCaseExecutor.processExecutionPhase(TestCaseExecutor.java:298)
	at com.kms.katalon.core.main.TestCaseExecutor.accessMainPhase(TestCaseExecutor.java:290)
	at com.kms.katalon.core.main.TestCaseExecutor.execute(TestCaseExecutor.java:224)
	at com.kms.katalon.core.main.TestCaseMain.runTestCase(TestCaseMain.java:106)
	at com.kms.katalon.core.keyword.builtin.CallTestCaseKeyword$_callTestCase_closure1.doCall(CallTestCaseKeyword.groovy:59)
	at com.kms.katalon.core.keyword.builtin.CallTestCaseKeyword$_callTestCase_closure1.call(CallTestCaseKeyword.groovy)
	at com.kms.katalon.core.keyword.internal.KeywordMain.runKeyword(KeywordMain.groovy:54)
	at com.kms.katalon.core.keyword.builtin.CallTestCaseKeyword.callTestCase(CallTestCaseKeyword.groovy:80)
	at com.kms.katalon.core.keyword.builtin.CallTestCaseKeyword.execute(CallTestCaseKeyword.groovy:44)
	at com.kms.katalon.core.keyword.internal.KeywordExecutor.executeKeywordForPlatform(KeywordExecutor.groovy:53)
	at com.kms.katalon.core.keyword.BuiltinKeywords.callTestCase(BuiltinKeywords.groovy:334)
	at CALL - LANGUAGE TOGGLER.run(CALL - LANGUAGE TOGGLER:16)
	at com.kms.katalon.core.main.ScriptEngine.run(ScriptEngine.java:194)
	at com.kms.katalon.core.main.ScriptEngine.runScriptAsRawText(ScriptEngine.java:119)
	at com.kms.katalon.core.main.TestCaseExecutor.runScript(TestCaseExecutor.java:328)
	at com.kms.katalon.core.main.TestCaseExecutor.doExecute(TestCaseExecutor.java:319)
	at com.kms.katalon.core.main.TestCaseExecutor.processExecutionPhase(TestCaseExecutor.java:298)
	at com.kms.katalon.core.main.TestCaseExecutor.accessMainPhase(TestCaseExecutor.java:290)
	at com.kms.katalon.core.main.TestCaseExecutor.execute(TestCaseExecutor.java:224)
	at com.kms.katalon.core.main.TestCaseMain.runTestCase(TestCaseMain.java:106)
	at com.kms.katalon.core.keyword.builtin.CallTestCaseKeyword$_callTestCase_closure1.doCall(CallTestCaseKeyword.groovy:59)
	at com.kms.katalon.core.keyword.builtin.CallTestCaseKeyword$_callTestCase_closure1.call(CallTestCaseKeyword.groovy)
	at com.kms.katalon.core.keyword.internal.KeywordMain.runKeyword(KeywordMain.groovy:54)
	at com.kms.katalon.core.keyword.builtin.CallTestCaseKeyword.callTestCase(CallTestCaseKeyword.groovy:80)
	at com.kms.katalon.core.keyword.builtin.CallTestCaseKeyword.execute(CallTestCaseKeyword.groovy:44)
	at com.kms.katalon.core.keyword.internal.KeywordExecutor.executeKeywordForPlatform(KeywordExecutor.groovy:53)
	at com.kms.katalon.core.keyword.BuiltinKeywords.callTestCase(BuiltinKeywords.groovy:334)
	at Login and Logout.run(Login and Logout:16)
	at com.kms.katalon.core.main.ScriptEngine.run(ScriptEngine.java:194)
	at com.kms.katalon.core.main.ScriptEngine.runScriptAsRawText(ScriptEngine.java:119)
	at com.kms.katalon.core.main.TestCaseExecutor.runScript(TestCaseExecutor.java:328)
	at com.kms.katalon.core.main.TestCaseExecutor.doExecute(TestCaseExecutor.java:319)
	at com.kms.katalon.core.main.TestCaseExecutor.processExecutionPhase(TestCaseExecutor.java:298)
	at com.kms.katalon.core.main.TestCaseExecutor.accessMainPhase(TestCaseExecutor.java:290)
	at com.kms.katalon.core.main.TestCaseExecutor.execute(TestCaseExecutor.java:224)
	at com.kms.katalon.core.main.TestSuiteExecutor.accessTestCaseMainPhase(TestSuiteExecutor.java:129)
	at com.kms.katalon.core.main.TestSuiteExecutor.accessTestSuiteMainPhase(TestSuiteExecutor.java:112)
	at com.kms.katalon.core.main.TestSuiteExecutor.execute(TestSuiteExecutor.java:81)
	at com.kms.katalon.core.main.TestCaseMain.startTestSuite(TestCaseMain.java:149)
	at com.kms.katalon.core.main.TestCaseMain$startTestSuite$0.call(Unknown Source)
	at TempTestSuite1565707895630.run(TempTestSuite1565707895630.groovy:36)


2019-08-13 10:56:41 - [MESSAGE][FAILED] - Unable to call Test Case 'Test Cases/CALL-URL' (Root cause: com.kms.katalon.core.exception.StepFailedException: Call Test Case 'Test Cases/CALL-URL' failed)

2019-08-13 10:56:41 - [MESSAGE][FAILED] - callTestCase(findTestCase("CALL-URL"), [:], STOP_ON_FAILURE) FAILED.
Reason:
com.kms.katalon.core.exception.StepFailedException: Unable to click on object 'Object Repository/CR-DESKTOP/Window pop up/language- english' (Root cause: com.kms.katalon.core.webui.exception.WebElementNotFoundException: Web element with id: 'Object Repository/CR-DESKTOP/Window pop up/language- english' located by 'By.xpath: //body[@id='charlotte-russe']/div/div[2]/form/div/label' not found)
	at com.kms.katalon.core.keyword.internal.KeywordMain.stepFailed(KeywordMain.groovy:36)
	at com.kms.katalon.core.webui.keyword.internal.WebUIKeywordMain.stepFailed(WebUIKeywordMain.groovy:65)
	at com.kms.katalon.core.webui.keyword.internal.WebUIKeywordMain.runKeyword(WebUIKeywordMain.groovy:27)
	at com.kms.katalon.core.webui.keyword.builtin.ClickKeyword.click(ClickKeyword.groovy:86)
	at com.kms.katalon.core.webui.keyword.builtin.ClickKeyword.execute(ClickKeyword.groovy:67)
	at com.kms.katalon.core.keyword.internal.KeywordExecutor.executeKeywordForPlatform(KeywordExecutor.groovy:53)
	at com.kms.katalon.core.webui.keyword.WebUiBuiltInKeywords.click(WebUiBuiltInKeywords.groovy:616)
	at com.kms.katalon.core.webui.keyword.WebUiBuiltInKeywords$click$1.call(Unknown Source)
	at CALL-URL.run(CALL-URL:20)
	at com.kms.katalon.core.main.ScriptEngine.run(ScriptEngine.java:194)
	at com.kms.katalon.core.main.ScriptEngine.runScriptAsRawText(ScriptEngine.java:119)
	at com.kms.katalon.core.main.TestCaseExecutor.runScript(TestCaseExecutor.java:328)
	at com.kms.katalon.core.main.TestCaseExecutor.doExecute(TestCaseExecutor.java:319)
	at com.kms.katalon.core.main.TestCaseExecutor.processExecutionPhase(TestCaseExecutor.java:298)
	at com.kms.katalon.core.main.TestCaseExecutor.accessMainPhase(TestCaseExecutor.java:290)
	at com.kms.katalon.core.main.TestCaseExecutor.execute(TestCaseExecutor.java:224)
	at com.kms.katalon.core.main.TestCaseMain.runTestCase(TestCaseMain.java:106)
	at com.kms.katalon.core.keyword.builtin.CallTestCaseKeyword$_callTestCase_closure1.doCall(CallTestCaseKeyword.groovy:59)
	at com.kms.katalon.core.keyword.builtin.CallTestCaseKeyword$_callTestCase_closure1.call(CallTestCaseKeyword.groovy)
	at com.kms.katalon.core.keyword.internal.KeywordMain.runKeyword(KeywordMain.groovy:54)
	at com.kms.katalon.core.keyword.builtin.CallTestCaseKeyword.callTestCase(CallTestCaseKeyword.groovy:80)
	at com.kms.katalon.core.keyword.builtin.CallTestCaseKeyword.execute(CallTestCaseKeyword.groovy:44)
	at com.kms.katalon.core.keyword.internal.KeywordExecutor.executeKeywordForPlatform(KeywordExecutor.groovy:53)
	at com.kms.katalon.core.keyword.BuiltinKeywords.callTestCase(BuiltinKeywords.groovy:334)
	at CALL - LANGUAGE TOGGLER.run(CALL - LANGUAGE TOGGLER:16)
	at com.kms.katalon.core.main.ScriptEngine.run(ScriptEngine.java:194)
	at com.kms.katalon.core.main.ScriptEngine.runScriptAsRawText(ScriptEngine.java:119)
	at com.kms.katalon.core.main.TestCaseExecutor.runScript(TestCaseExecutor.java:328)
	at com.kms.katalon.core.main.TestCaseExecutor.doExecute(TestCaseExecutor.java:319)
	at com.kms.katalon.core.main.TestCaseExecutor.processExecutionPhase(TestCaseExecutor.java:298)
	at com.kms.katalon.core.main.TestCaseExecutor.accessMainPhase(TestCaseExecutor.java:290)
	at com.kms.katalon.core.main.TestCaseExecutor.execute(TestCaseExecutor.java:224)
	at com.kms.katalon.core.main.TestCaseMain.runTestCase(TestCaseMain.java:106)
	at com.kms.katalon.core.keyword.builtin.CallTestCaseKeyword$_callTestCase_closure1.doCall(CallTestCaseKeyword.groovy:59)
	at com.kms.katalon.core.keyword.builtin.CallTestCaseKeyword$_callTestCase_closure1.call(CallTestCaseKeyword.groovy)
	at com.kms.katalon.core.keyword.internal.KeywordMain.runKeyword(KeywordMain.groovy:54)
	at com.kms.katalon.core.keyword.builtin.CallTestCaseKeyword.callTestCase(CallTestCaseKeyword.groovy:80)
	at com.kms.katalon.core.keyword.builtin.CallTestCaseKeyword.execute(CallTestCaseKeyword.groovy:44)
	at com.kms.katalon.core.keyword.internal.KeywordExecutor.executeKeywordForPlatform(KeywordExecutor.groovy:53)
	at com.kms.katalon.core.keyword.BuiltinKeywords.callTestCase(BuiltinKeywords.groovy:334)
	at Login and Logout.run(Login and Logout:16)
	at com.kms.katalon.core.main.ScriptEngine.run(ScriptEngine.java:194)
	at com.kms.katalon.core.main.ScriptEngine.runScriptAsRawText(ScriptEngine.java:119)
	at com.kms.katalon.core.main.TestCaseExecutor.runScript(TestCaseExecutor.java:328)
	at com.kms.katalon.core.main.TestCaseExecutor.doExecute(TestCaseExecutor.java:319)
	at com.kms.katalon.core.main.TestCaseExecutor.processExecutionPhase(TestCaseExecutor.java:298)
	at com.kms.katalon.core.main.TestCaseExecutor.accessMainPhase(TestCaseExecutor.java:290)
	at com.kms.katalon.core.main.TestCaseExecutor.execute(TestCaseExecutor.java:224)
	at com.kms.katalon.core.main.TestSuiteExecutor.accessTestCaseMainPhase(TestSuiteExecutor.java:129)
	at com.kms.katalon.core.main.TestSuiteExecutor.accessTestSuiteMainPhase(TestSuiteExecutor.java:112)
	at com.kms.katalon.core.main.TestSuiteExecutor.execute(TestSuiteExecutor.java:81)
	at com.kms.katalon.core.main.TestCaseMain.startTestSuite(TestCaseMain.java:149)
	at com.kms.katalon.core.main.TestCaseMain$startTestSuite$0.call(Unknown Source)
	at TempTestSuite1565707895630.run(TempTestSuite1565707895630.groovy:36)


2019-08-13 10:56:41 - [MESSAGE][FAILED] - Unable to call Test Case 'Test Cases/CALL - LANGUAGE TOGGLER' (Root cause: com.kms.katalon.core.exception.StepFailedException: Call Test Case 'Test Cases/CALL - LANGUAGE TOGGLER' failed)

2019-08-13 10:56:41 - [MESSAGE][FAILED] - callTestCase(findTestCase("CALL - LANGUAGE TOGGLER"), [:], STOP_ON_FAILURE) FAILED.
Reason:
com.kms.katalon.core.exception.StepFailedException: Unable to click on object 'Object Repository/CR-DESKTOP/Window pop up/language- english' (Root cause: com.kms.katalon.core.webui.exception.WebElementNotFoundException: Web element with id: 'Object Repository/CR-DESKTOP/Window pop up/language- english' located by 'By.xpath: //body[@id='charlotte-russe']/div/div[2]/form/div/label' not found)
	at com.kms.katalon.core.keyword.internal.KeywordMain.stepFailed(KeywordMain.groovy:36)
	at com.kms.katalon.core.webui.keyword.internal.WebUIKeywordMain.stepFailed(WebUIKeywordMain.groovy:65)
	at com.kms.katalon.core.webui.keyword.internal.WebUIKeywordMain.runKeyword(WebUIKeywordMain.groovy:27)
	at com.kms.katalon.core.webui.keyword.builtin.ClickKeyword.click(ClickKeyword.groovy:86)
	at com.kms.katalon.core.webui.keyword.builtin.ClickKeyword.execute(ClickKeyword.groovy:67)
	at com.kms.katalon.core.keyword.internal.KeywordExecutor.executeKeywordForPlatform(KeywordExecutor.groovy:53)
	at com.kms.katalon.core.webui.keyword.WebUiBuiltInKeywords.click(WebUiBuiltInKeywords.groovy:616)
	at com.kms.katalon.core.webui.keyword.WebUiBuiltInKeywords$click$1.call(Unknown Source)
	at CALL-URL.run(CALL-URL:20)
	at com.kms.katalon.core.main.ScriptEngine.run(ScriptEngine.java:194)
	at com.kms.katalon.core.main.ScriptEngine.runScriptAsRawText(ScriptEngine.java:119)
	at com.kms.katalon.core.main.TestCaseExecutor.runScript(TestCaseExecutor.java:328)
	at com.kms.katalon.core.main.TestCaseExecutor.doExecute(TestCaseExecutor.java:319)
	at com.kms.katalon.core.main.TestCaseExecutor.processExecutionPhase(TestCaseExecutor.java:298)
	at com.kms.katalon.core.main.TestCaseExecutor.accessMainPhase(TestCaseExecutor.java:290)
	at com.kms.katalon.core.main.TestCaseExecutor.execute(TestCaseExecutor.java:224)
	at com.kms.katalon.core.main.TestCaseMain.runTestCase(TestCaseMain.java:106)
	at com.kms.katalon.core.keyword.builtin.CallTestCaseKeyword$_callTestCase_closure1.doCall(CallTestCaseKeyword.groovy:59)
	at com.kms.katalon.core.keyword.builtin.CallTestCaseKeyword$_callTestCase_closure1.call(CallTestCaseKeyword.groovy)
	at com.kms.katalon.core.keyword.internal.KeywordMain.runKeyword(KeywordMain.groovy:54)
	at com.kms.katalon.core.keyword.builtin.CallTestCaseKeyword.callTestCase(CallTestCaseKeyword.groovy:80)
	at com.kms.katalon.core.keyword.builtin.CallTestCaseKeyword.execute(CallTestCaseKeyword.groovy:44)
	at com.kms.katalon.core.keyword.internal.KeywordExecutor.executeKeywordForPlatform(KeywordExecutor.groovy:53)
	at com.kms.katalon.core.keyword.BuiltinKeywords.callTestCase(BuiltinKeywords.groovy:334)
	at CALL - LANGUAGE TOGGLER.run(CALL - LANGUAGE TOGGLER:16)
	at com.kms.katalon.core.main.ScriptEngine.run(ScriptEngine.java:194)
	at com.kms.katalon.core.main.ScriptEngine.runScriptAsRawText(ScriptEngine.java:119)
	at com.kms.katalon.core.main.TestCaseExecutor.runScript(TestCaseExecutor.java:328)
	at com.kms.katalon.core.main.TestCaseExecutor.doExecute(TestCaseExecutor.java:319)
	at com.kms.katalon.core.main.TestCaseExecutor.processExecutionPhase(TestCaseExecutor.java:298)
	at com.kms.katalon.core.main.TestCaseExecutor.accessMainPhase(TestCaseExecutor.java:290)
	at com.kms.katalon.core.main.TestCaseExecutor.execute(TestCaseExecutor.java:224)
	at com.kms.katalon.core.main.TestCaseMain.runTestCase(TestCaseMain.java:106)
	at com.kms.katalon.core.keyword.builtin.CallTestCaseKeyword$_callTestCase_closure1.doCall(CallTestCaseKeyword.groovy:59)
	at com.kms.katalon.core.keyword.builtin.CallTestCaseKeyword$_callTestCase_closure1.call(CallTestCaseKeyword.groovy)
	at com.kms.katalon.core.keyword.internal.KeywordMain.runKeyword(KeywordMain.groovy:54)
	at com.kms.katalon.core.keyword.builtin.CallTestCaseKeyword.callTestCase(CallTestCaseKeyword.groovy:80)
	at com.kms.katalon.core.keyword.builtin.CallTestCaseKeyword.execute(CallTestCaseKeyword.groovy:44)
	at com.kms.katalon.core.keyword.internal.KeywordExecutor.executeKeywordForPlatform(KeywordExecutor.groovy:53)
	at com.kms.katalon.core.keyword.BuiltinKeywords.callTestCase(BuiltinKeywords.groovy:334)
	at Login and Logout.run(Login and Logout:16)
	at com.kms.katalon.core.main.ScriptEngine.run(ScriptEngine.java:194)
	at com.kms.katalon.core.main.ScriptEngine.runScriptAsRawText(ScriptEngine.java:119)
	at com.kms.katalon.core.main.TestCaseExecutor.runScript(TestCaseExecutor.java:328)
	at com.kms.katalon.core.main.TestCaseExecutor.doExecute(TestCaseExecutor.java:319)
	at com.kms.katalon.core.main.TestCaseExecutor.processExecutionPhase(TestCaseExecutor.java:298)
	at com.kms.katalon.core.main.TestCaseExecutor.accessMainPhase(TestCaseExecutor.java:290)
	at com.kms.katalon.core.main.TestCaseExecutor.execute(TestCaseExecutor.java:224)
	at com.kms.katalon.core.main.TestSuiteExecutor.accessTestCaseMainPhase(TestSuiteExecutor.java:129)
	at com.kms.katalon.core.main.TestSuiteExecutor.accessTestSuiteMainPhase(TestSuiteExecutor.java:112)
	at com.kms.katalon.core.main.TestSuiteExecutor.execute(TestSuiteExecutor.java:81)
	at com.kms.katalon.core.main.TestCaseMain.startTestSuite(TestCaseMain.java:149)
	at com.kms.katalon.core.main.TestCaseMain$startTestSuite$0.call(Unknown Source)
	at TempTestSuite1565707895630.run(TempTestSuite1565707895630.groovy:36)]]></system-out>
         <system-err><![CDATA[2019-08-13 10:56:09 - [TEST_CASE][FAILED] - Test Cases/CRITICAL PATH - SPANISH/Login and Logout: Test Cases/CRITICAL PATH - SPANISH/Login and Logout FAILED.
Reason:
com.kms.katalon.core.exception.StepFailedException: Unable to click on object 'Object Repository/CR-DESKTOP/Window pop up/language- english' (Root cause: com.kms.katalon.core.webui.exception.WebElementNotFoundException: Web element with id: 'Object Repository/CR-DESKTOP/Window pop up/language- english' located by 'By.xpath: //body[@id='charlotte-russe']/div/div[2]/form/div/label' not found)
	at com.kms.katalon.core.keyword.internal.KeywordMain.stepFailed(KeywordMain.groovy:36)
	at com.kms.katalon.core.webui.keyword.internal.WebUIKeywordMain.stepFailed(WebUIKeywordMain.groovy:65)
	at com.kms.katalon.core.webui.keyword.internal.WebUIKeywordMain.runKeyword(WebUIKeywordMain.groovy:27)
	at com.kms.katalon.core.webui.keyword.builtin.ClickKeyword.click(ClickKeyword.groovy:86)
	at com.kms.katalon.core.webui.keyword.builtin.ClickKeyword.execute(ClickKeyword.groovy:67)
	at com.kms.katalon.core.keyword.internal.KeywordExecutor.executeKeywordForPlatform(KeywordExecutor.groovy:53)
	at com.kms.katalon.core.webui.keyword.WebUiBuiltInKeywords.click(WebUiBuiltInKeywords.groovy:616)
	at com.kms.katalon.core.webui.keyword.WebUiBuiltInKeywords$click$1.call(Unknown Source)
	at CALL-URL.run(CALL-URL:20)
	at com.kms.katalon.core.main.ScriptEngine.run(ScriptEngine.java:194)
	at com.kms.katalon.core.main.ScriptEngine.runScriptAsRawText(ScriptEngine.java:119)
	at com.kms.katalon.core.main.TestCaseExecutor.runScript(TestCaseExecutor.java:328)
	at com.kms.katalon.core.main.TestCaseExecutor.doExecute(TestCaseExecutor.java:319)
	at com.kms.katalon.core.main.TestCaseExecutor.processExecutionPhase(TestCaseExecutor.java:298)
	at com.kms.katalon.core.main.TestCaseExecutor.accessMainPhase(TestCaseExecutor.java:290)
	at com.kms.katalon.core.main.TestCaseExecutor.execute(TestCaseExecutor.java:224)
	at com.kms.katalon.core.main.TestCaseMain.runTestCase(TestCaseMain.java:106)
	at com.kms.katalon.core.keyword.builtin.CallTestCaseKeyword$_callTestCase_closure1.doCall(CallTestCaseKeyword.groovy:59)
	at com.kms.katalon.core.keyword.builtin.CallTestCaseKeyword$_callTestCase_closure1.call(CallTestCaseKeyword.groovy)
	at com.kms.katalon.core.keyword.internal.KeywordMain.runKeyword(KeywordMain.groovy:54)
	at com.kms.katalon.core.keyword.builtin.CallTestCaseKeyword.callTestCase(CallTestCaseKeyword.groovy:80)
	at com.kms.katalon.core.keyword.builtin.CallTestCaseKeyword.execute(CallTestCaseKeyword.groovy:44)
	at com.kms.katalon.core.keyword.internal.KeywordExecutor.executeKeywordForPlatform(KeywordExecutor.groovy:53)
	at com.kms.katalon.core.keyword.BuiltinKeywords.callTestCase(BuiltinKeywords.groovy:334)
	at CALL - LANGUAGE TOGGLER.run(CALL - LANGUAGE TOGGLER:16)
	at com.kms.katalon.core.main.ScriptEngine.run(ScriptEngine.java:194)
	at com.kms.katalon.core.main.ScriptEngine.runScriptAsRawText(ScriptEngine.java:119)
	at com.kms.katalon.core.main.TestCaseExecutor.runScript(TestCaseExecutor.java:328)
	at com.kms.katalon.core.main.TestCaseExecutor.doExecute(TestCaseExecutor.java:319)
	at com.kms.katalon.core.main.TestCaseExecutor.processExecutionPhase(TestCaseExecutor.java:298)
	at com.kms.katalon.core.main.TestCaseExecutor.accessMainPhase(TestCaseExecutor.java:290)
	at com.kms.katalon.core.main.TestCaseExecutor.execute(TestCaseExecutor.java:224)
	at com.kms.katalon.core.main.TestCaseMain.runTestCase(TestCaseMain.java:106)
	at com.kms.katalon.core.keyword.builtin.CallTestCaseKeyword$_callTestCase_closure1.doCall(CallTestCaseKeyword.groovy:59)
	at com.kms.katalon.core.keyword.builtin.CallTestCaseKeyword$_callTestCase_closure1.call(CallTestCaseKeyword.groovy)
	at com.kms.katalon.core.keyword.internal.KeywordMain.runKeyword(KeywordMain.groovy:54)
	at com.kms.katalon.core.keyword.builtin.CallTestCaseKeyword.callTestCase(CallTestCaseKeyword.groovy:80)
	at com.kms.katalon.core.keyword.builtin.CallTestCaseKeyword.execute(CallTestCaseKeyword.groovy:44)
	at com.kms.katalon.core.keyword.internal.KeywordExecutor.executeKeywordForPlatform(KeywordExecutor.groovy:53)
	at com.kms.katalon.core.keyword.BuiltinKeywords.callTestCase(BuiltinKeywords.groovy:334)
	at Login and Logout.run(Login and Logout:16)
	at com.kms.katalon.core.main.ScriptEngine.run(ScriptEngine.java:194)
	at com.kms.katalon.core.main.ScriptEngine.runScriptAsRawText(ScriptEngine.java:119)
	at com.kms.katalon.core.main.TestCaseExecutor.runScript(TestCaseExecutor.java:328)
	at com.kms.katalon.core.main.TestCaseExecutor.doExecute(TestCaseExecutor.java:319)
	at com.kms.katalon.core.main.TestCaseExecutor.processExecutionPhase(TestCaseExecutor.java:298)
	at com.kms.katalon.core.main.TestCaseExecutor.accessMainPhase(TestCaseExecutor.java:290)
	at com.kms.katalon.core.main.TestCaseExecutor.execute(TestCaseExecutor.java:224)
	at com.kms.katalon.core.main.TestSuiteExecutor.accessTestCaseMainPhase(TestSuiteExecutor.java:129)
	at com.kms.katalon.core.main.TestSuiteExecutor.accessTestSuiteMainPhase(TestSuiteExecutor.java:112)
	at com.kms.katalon.core.main.TestSuiteExecutor.execute(TestSuiteExecutor.java:81)
	at com.kms.katalon.core.main.TestCaseMain.startTestSuite(TestCaseMain.java:149)
	at com.kms.katalon.core.main.TestCaseMain$startTestSuite$0.call(Unknown Source)
	at TempTestSuite1565707895630.run(TempTestSuite1565707895630.groovy:36)]]></system-err>
      </testcase>
      <testcase name="Test Cases/CRITICAL PATH - SPANISH/Decrease quantity - cart flyout" classname="Test Cases/CRITICAL PATH - SPANISH/Decrease quantity - cart flyout" status="FAILED">
         <failure type="FAILED" message="Test Cases/CRITICAL PATH - SPANISH/Decrease quantity - cart flyout FAILED.
Reason:
com.kms.katalon.core.exception.StepFailedException: Unable to verify text 'payment' is present  (Root cause: com.kms.katalon.core.exception.StepFailedException: Text 'payment' is not present on page )
	at com.kms.katalon.core.keyword.internal.KeywordMain.stepFailed(KeywordMain.groovy:36)
	at com.kms.katalon.core.webui.keyword.internal.WebUIKeywordMain.stepFailed(WebUIKeywordMain.groovy:65)
	at com.kms.katalon.core.webui.keyword.internal.WebUIKeywordMain.runKeyword(WebUIKeywordMain.groovy:27)
	at com.kms.katalon.core.webui.keyword.builtin.VerifyTextPresentKeyword.verifyTextPresent(VerifyTextPresentKeyword.groovy:83)
	at com.kms.katalon.core.webui.keyword.builtin.VerifyTextPresentKeyword.execute(VerifyTextPresentKeyword.groovy:68)
	at com.kms.katalon.core.keyword.internal.KeywordExecutor.executeKeywordForPlatform(KeywordExecutor.groovy:53)
	at com.kms.katalon.core.webui.keyword.WebUiBuiltInKeywords.verifyTextPresent(WebUiBuiltInKeywords.groovy:1693)
	at com.kms.katalon.core.webui.keyword.WebUiBuiltInKeywords$verifyTextPresent$7.call(Unknown Source)
	at CALL- SHIPPING TO PAYMENT.run(CALL- SHIPPING TO PAYMENT:24)
	at com.kms.katalon.core.main.ScriptEngine.run(ScriptEngine.java:194)
	at com.kms.katalon.core.main.ScriptEngine.runScriptAsRawText(ScriptEngine.java:119)
	at com.kms.katalon.core.main.TestCaseExecutor.runScript(TestCaseExecutor.java:328)
	at com.kms.katalon.core.main.TestCaseExecutor.doExecute(TestCaseExecutor.java:319)
	at com.kms.katalon.core.main.TestCaseExecutor.processExecutionPhase(TestCaseExecutor.java:298)
	at com.kms.katalon.core.main.TestCaseExecutor.accessMainPhase(TestCaseExecutor.java:290)
	at com.kms.katalon.core.main.TestCaseExecutor.execute(TestCaseExecutor.java:224)
	at com.kms.katalon.core.main.TestCaseMain.runTestCase(TestCaseMain.java:106)
	at com.kms.katalon.core.keyword.builtin.CallTestCaseKeyword$_callTestCase_closure1.doCall(CallTestCaseKeyword.groovy:59)
	at com.kms.katalon.core.keyword.builtin.CallTestCaseKeyword$_callTestCase_closure1.call(CallTestCaseKeyword.groovy)
	at com.kms.katalon.core.keyword.internal.KeywordMain.runKeyword(KeywordMain.groovy:54)
	at com.kms.katalon.core.keyword.builtin.CallTestCaseKeyword.callTestCase(CallTestCaseKeyword.groovy:80)
	at com.kms.katalon.core.keyword.builtin.CallTestCaseKeyword.execute(CallTestCaseKeyword.groovy:44)
	at com.kms.katalon.core.keyword.internal.KeywordExecutor.executeKeywordForPlatform(KeywordExecutor.groovy:53)
	at com.kms.katalon.core.keyword.BuiltinKeywords.callTestCase(BuiltinKeywords.groovy:334)
	at Decrease quantity - cart flyout.run(Decrease quantity - cart flyout:139)
	at com.kms.katalon.core.main.ScriptEngine.run(ScriptEngine.java:194)
	at com.kms.katalon.core.main.ScriptEngine.runScriptAsRawText(ScriptEngine.java:119)
	at com.kms.katalon.core.main.TestCaseExecutor.runScript(TestCaseExecutor.java:328)
	at com.kms.katalon.core.main.TestCaseExecutor.doExecute(TestCaseExecutor.java:319)
	at com.kms.katalon.core.main.TestCaseExecutor.processExecutionPhase(TestCaseExecutor.java:298)
	at com.kms.katalon.core.main.TestCaseExecutor.accessMainPhase(TestCaseExecutor.java:290)
	at com.kms.katalon.core.main.TestCaseExecutor.execute(TestCaseExecutor.java:224)
	at com.kms.katalon.core.main.TestSuiteExecutor.accessTestCaseMainPhase(TestSuiteExecutor.java:129)
	at com.kms.katalon.core.main.TestSuiteExecutor.accessTestSuiteMainPhase(TestSuiteExecutor.java:112)
	at com.kms.katalon.core.main.TestSuiteExecutor.execute(TestSuiteExecutor.java:81)
	at com.kms.katalon.core.main.TestCaseMain.startTestSuite(TestCaseMain.java:149)
	at com.kms.katalon.core.main.TestCaseMain$startTestSuite$0.call(Unknown Source)
	at TempTestSuite1565707895630.run(TempTestSuite1565707895630.groovy:36)
"/>
         <system-out><![CDATA[2019-08-13 10:56:41 - [TEST_CASE][FAILED] - Test Cases/CRITICAL PATH - SPANISH/Decrease quantity - cart flyout: Test Cases/CRITICAL PATH - SPANISH/Decrease quantity - cart flyout FAILED.
Reason:
com.kms.katalon.core.exception.StepFailedException: Unable to verify text 'payment' is present  (Root cause: com.kms.katalon.core.exception.StepFailedException: Text 'payment' is not present on page )
	at com.kms.katalon.core.keyword.internal.KeywordMain.stepFailed(KeywordMain.groovy:36)
	at com.kms.katalon.core.webui.keyword.internal.WebUIKeywordMain.stepFailed(WebUIKeywordMain.groovy:65)
	at com.kms.katalon.core.webui.keyword.internal.WebUIKeywordMain.runKeyword(WebUIKeywordMain.groovy:27)
	at com.kms.katalon.core.webui.keyword.builtin.VerifyTextPresentKeyword.verifyTextPresent(VerifyTextPresentKeyword.groovy:83)
	at com.kms.katalon.core.webui.keyword.builtin.VerifyTextPresentKeyword.execute(VerifyTextPresentKeyword.groovy:68)
	at com.kms.katalon.core.keyword.internal.KeywordExecutor.executeKeywordForPlatform(KeywordExecutor.groovy:53)
	at com.kms.katalon.core.webui.keyword.WebUiBuiltInKeywords.verifyTextPresent(WebUiBuiltInKeywords.groovy:1693)
	at com.kms.katalon.core.webui.keyword.WebUiBuiltInKeywords$verifyTextPresent$7.call(Unknown Source)
	at CALL- SHIPPING TO PAYMENT.run(CALL- SHIPPING TO PAYMENT:24)
	at com.kms.katalon.core.main.ScriptEngine.run(ScriptEngine.java:194)
	at com.kms.katalon.core.main.ScriptEngine.runScriptAsRawText(ScriptEngine.java:119)
	at com.kms.katalon.core.main.TestCaseExecutor.runScript(TestCaseExecutor.java:328)
	at com.kms.katalon.core.main.TestCaseExecutor.doExecute(TestCaseExecutor.java:319)
	at com.kms.katalon.core.main.TestCaseExecutor.processExecutionPhase(TestCaseExecutor.java:298)
	at com.kms.katalon.core.main.TestCaseExecutor.accessMainPhase(TestCaseExecutor.java:290)
	at com.kms.katalon.core.main.TestCaseExecutor.execute(TestCaseExecutor.java:224)
	at com.kms.katalon.core.main.TestCaseMain.runTestCase(TestCaseMain.java:106)
	at com.kms.katalon.core.keyword.builtin.CallTestCaseKeyword$_callTestCase_closure1.doCall(CallTestCaseKeyword.groovy:59)
	at com.kms.katalon.core.keyword.builtin.CallTestCaseKeyword$_callTestCase_closure1.call(CallTestCaseKeyword.groovy)
	at com.kms.katalon.core.keyword.internal.KeywordMain.runKeyword(KeywordMain.groovy:54)
	at com.kms.katalon.core.keyword.builtin.CallTestCaseKeyword.callTestCase(CallTestCaseKeyword.groovy:80)
	at com.kms.katalon.core.keyword.builtin.CallTestCaseKeyword.execute(CallTestCaseKeyword.groovy:44)
	at com.kms.katalon.core.keyword.internal.KeywordExecutor.executeKeywordForPlatform(KeywordExecutor.groovy:53)
	at com.kms.katalon.core.keyword.BuiltinKeywords.callTestCase(BuiltinKeywords.groovy:334)
	at Decrease quantity - cart flyout.run(Decrease quantity - cart flyout:139)
	at com.kms.katalon.core.main.ScriptEngine.run(ScriptEngine.java:194)
	at com.kms.katalon.core.main.ScriptEngine.runScriptAsRawText(ScriptEngine.java:119)
	at com.kms.katalon.core.main.TestCaseExecutor.runScript(TestCaseExecutor.java:328)
	at com.kms.katalon.core.main.TestCaseExecutor.doExecute(TestCaseExecutor.java:319)
	at com.kms.katalon.core.main.TestCaseExecutor.processExecutionPhase(TestCaseExecutor.java:298)
	at com.kms.katalon.core.main.TestCaseExecutor.accessMainPhase(TestCaseExecutor.java:290)
	at com.kms.katalon.core.main.TestCaseExecutor.execute(TestCaseExecutor.java:224)
	at com.kms.katalon.core.main.TestSuiteExecutor.accessTestCaseMainPhase(TestSuiteExecutor.java:129)
	at com.kms.katalon.core.main.TestSuiteExecutor.accessTestSuiteMainPhase(TestSuiteExecutor.java:112)
	at com.kms.katalon.core.main.TestSuiteExecutor.execute(TestSuiteExecutor.java:81)
	at com.kms.katalon.core.main.TestCaseMain.startTestSuite(TestCaseMain.java:149)
	at com.kms.katalon.core.main.TestCaseMain$startTestSuite$0.call(Unknown Source)
	at TempTestSuite1565707895630.run(TempTestSuite1565707895630.groovy:36)


2019-08-13 10:56:41 - [TEST_STEP][PASSED] - callTestCase(findTestCase("CALL - LANGUAGE TOGGLER"), [:], STOP_ON_FAILURE): Call Test Case 'Test Cases/CALL - LANGUAGE TOGGLER' successfully

2019-08-13 10:56:41 - [TEST_CASE][PASSED] - Test Cases/CALL - LANGUAGE TOGGLER: Test Cases/CALL - LANGUAGE TOGGLER

2019-08-13 10:56:41 - [TEST_STEP][PASSED] - callTestCase(findTestCase("CALL-URL"), [:], STOP_ON_FAILURE): Call Test Case 'Test Cases/CALL-URL' successfully

2019-08-13 10:56:42 - [TEST_CASE][PASSED] - Test Cases/CALL-URL: Test Cases/CALL-URL

2019-08-13 10:56:42 - [TEST_STEP][PASSED] - openBrowser(""): Browser is opened with url: ''

2019-08-13 10:56:42 - [MESSAGE][WARNING] - A browser is already opened. Closing browser and opening a new one

2019-08-13 10:56:42 - [MESSAGE][INFO] - Starting 'Chrome' driver

2019-08-13 10:56:43 - [MESSAGE][PASSED] - Browser is opened with url: ''

2019-08-13 10:56:43 - [TEST_STEP][PASSED] - navigateToUrl("https://charlotterusse.com/"): Navigate to 'https://charlotterusse.com/' successfully

2019-08-13 10:56:47 - [MESSAGE][PASSED] - Navigate to 'https://charlotterusse.com/' successfully

2019-08-13 10:56:47 - [TEST_STEP][PASSED] - click(findTestObject("CR-DESKTOP/Window pop up/language- english")): Object: 'Object Repository/CR-DESKTOP/Window pop up/language- english' is clicked on

2019-08-13 10:56:47 - [MESSAGE][PASSED] - Object: 'Object Repository/CR-DESKTOP/Window pop up/language- english' is clicked on

2019-08-13 10:56:47 - [TEST_STEP][PASSED] - click(findTestObject("CR-DESKTOP/Window pop up/Pop up - close")): Object: 'Object Repository/CR-DESKTOP/Window pop up/Pop up - close' is clicked on

2019-08-13 10:56:47 - [MESSAGE][PASSED] - Object: 'Object Repository/CR-DESKTOP/Window pop up/Pop up - close' is clicked on

2019-08-13 10:56:47 - [TEST_STEP][PASSED] - maximizeWindow(): Current window maximized

2019-08-13 10:56:47 - [MESSAGE][PASSED] - Current window maximized

2019-08-13 10:56:47 - [MESSAGE][PASSED] - Call Test Case 'Test Cases/CALL-URL' successfully

2019-08-13 10:56:47 - [TEST_STEP][PASSED] - delay(2): Delayed 2 second(s)

2019-08-13 10:56:49 - [MESSAGE][PASSED] - Delayed 2 second(s)

2019-08-13 10:56:49 - [TEST_STEP][PASSED] - click(findTestObject("CR-DESKTOP/Home page/Spanish")): Object: 'Object Repository/CR-DESKTOP/Home page/Spanish' is clicked on

2019-08-13 10:56:49 - [MESSAGE][PASSED] - Object: 'Object Repository/CR-DESKTOP/Home page/Spanish' is clicked on

2019-08-13 10:56:49 - [MESSAGE][PASSED] - Call Test Case 'Test Cases/CALL - LANGUAGE TOGGLER' successfully

2019-08-13 10:56:49 - [TEST_STEP][PASSED] - delay(2): Delayed 2 second(s)

2019-08-13 10:56:51 - [MESSAGE][PASSED] - Delayed 2 second(s)

2019-08-13 10:56:51 - [TEST_STEP][PASSED] - mouseOver(findTestObject("CR-DESKTOP - SPANISH/Mega menu/SHOES")): Object: 'Object Repository/CR-DESKTOP - SPANISH/Mega menu/SHOES' is hovered

2019-08-13 10:56:52 - [MESSAGE][PASSED] - Object: 'Object Repository/CR-DESKTOP - SPANISH/Mega menu/SHOES' is hovered

2019-08-13 10:56:52 - [TEST_STEP][PASSED] - delay(2): Delayed 2 second(s)

2019-08-13 10:56:54 - [MESSAGE][PASSED] - Delayed 2 second(s)

2019-08-13 10:56:54 - [TEST_STEP][PASSED] - click(findTestObject("CR-DESKTOP - SPANISH/Mega menu/shoes - tenis")): Object: 'Object Repository/CR-DESKTOP - SPANISH/Mega menu/shoes - tenis' is clicked on

2019-08-13 10:56:58 - [MESSAGE][PASSED] - Object: 'Object Repository/CR-DESKTOP - SPANISH/Mega menu/shoes - tenis' is clicked on

2019-08-13 10:56:58 - [TEST_STEP][PASSED] - delay(2): Delayed 2 second(s)

2019-08-13 10:57:00 - [MESSAGE][PASSED] - Delayed 2 second(s)

2019-08-13 10:57:00 - [TEST_STEP][PASSED] - click(findTestObject("CR-DESKTOP/Collection page/product 3")): Object: 'Object Repository/CR-DESKTOP/Collection page/product 3' is clicked on

2019-08-13 10:57:03 - [MESSAGE][PASSED] - Object: 'Object Repository/CR-DESKTOP/Collection page/product 3' is clicked on

2019-08-13 10:57:03 - [TEST_STEP][PASSED] - delay(2): Delayed 2 second(s)

2019-08-13 10:57:05 - [MESSAGE][PASSED] - Delayed 2 second(s)

2019-08-13 10:57:05 - [TEST_STEP][PASSED] - click(findTestObject("CR-DESKTOP - SPANISH/product page/verde neon")): Object: 'Object Repository/CR-DESKTOP - SPANISH/product page/verde neon' is clicked on

2019-08-13 10:57:05 - [MESSAGE][PASSED] - Object: 'Object Repository/CR-DESKTOP - SPANISH/product page/verde neon' is clicked on

2019-08-13 10:57:05 - [TEST_STEP][PASSED] - delay(2): Delayed 2 second(s)

2019-08-13 10:57:07 - [MESSAGE][PASSED] - Delayed 2 second(s)

2019-08-13 10:57:07 - [TEST_STEP][PASSED] - click(findTestObject("CR-DESKTOP/product page/Size -6")): Object: 'Object Repository/CR-DESKTOP/product page/Size -6' is clicked on

2019-08-13 10:57:07 - [MESSAGE][PASSED] - Object: 'Object Repository/CR-DESKTOP/product page/Size -6' is clicked on

2019-08-13 10:57:07 - [TEST_STEP][PASSED] - delay(2): Delayed 2 second(s)

2019-08-13 10:57:09 - [MESSAGE][PASSED] - Delayed 2 second(s)

2019-08-13 10:57:09 - [TEST_STEP][PASSED] - click(findTestObject("CR-DESKTOP - SPANISH/product page/Add to bag")): Object: 'Object Repository/CR-DESKTOP - SPANISH/product page/Add to bag' is clicked on

2019-08-13 10:57:09 - [MESSAGE][PASSED] - Object: 'Object Repository/CR-DESKTOP - SPANISH/product page/Add to bag' is clicked on

2019-08-13 10:57:09 - [TEST_STEP][PASSED] - delay(2): Delayed 2 second(s)

2019-08-13 10:57:11 - [MESSAGE][PASSED] - Delayed 2 second(s)

2019-08-13 10:57:11 - [TEST_STEP][PASSED] - click(findTestObject("CR-DESKTOP/Cart flyout/cart quantity increase - cart flyout")): Object: 'Object Repository/CR-DESKTOP/Cart flyout/cart quantity increase - cart flyout' is clicked on

2019-08-13 10:57:11 - [MESSAGE][PASSED] - Object: 'Object Repository/CR-DESKTOP/Cart flyout/cart quantity increase - cart flyout' is clicked on

2019-08-13 10:57:11 - [TEST_STEP][PASSED] - delay(2): Delayed 2 second(s)

2019-08-13 10:57:13 - [MESSAGE][PASSED] - Delayed 2 second(s)

2019-08-13 10:57:13 - [TEST_STEP][PASSED] - click(findTestObject("CR-DESKTOP/Cart flyout/cart quantity increase - cart flyout")): Object: 'Object Repository/CR-DESKTOP/Cart flyout/cart quantity increase - cart flyout' is clicked on

2019-08-13 10:57:13 - [MESSAGE][PASSED] - Object: 'Object Repository/CR-DESKTOP/Cart flyout/cart quantity increase - cart flyout' is clicked on

2019-08-13 10:57:13 - [TEST_STEP][PASSED] - delay(2): Delayed 2 second(s)

2019-08-13 10:57:15 - [MESSAGE][PASSED] - Delayed 2 second(s)

2019-08-13 10:57:15 - [TEST_STEP][PASSED] - click(findTestObject("CR-DESKTOP/Cart flyout/cart quantity increase - cart flyout")): Object: 'Object Repository/CR-DESKTOP/Cart flyout/cart quantity increase - cart flyout' is clicked on

2019-08-13 10:57:15 - [MESSAGE][PASSED] - Object: 'Object Repository/CR-DESKTOP/Cart flyout/cart quantity increase - cart flyout' is clicked on

2019-08-13 10:57:15 - [TEST_STEP][PASSED] - delay(2): Delayed 2 second(s)

2019-08-13 10:57:17 - [MESSAGE][PASSED] - Delayed 2 second(s)

2019-08-13 10:57:17 - [TEST_STEP][PASSED] - a = getText(findTestObject("CR-DESKTOP/Cart flyout/Get price - subtotal")): Text of object 'Object Repository/CR-DESKTOP/Cart flyout/Get price - subtotal' is: '$86.93'

2019-08-13 10:57:17 - [MESSAGE][PASSED] - Text of object 'Object Repository/CR-DESKTOP/Cart flyout/Get price - subtotal' is: '$86.93'

2019-08-13 10:57:17 - [TEST_STEP][PASSED] - delay(2): Delayed 2 second(s)

2019-08-13 10:57:19 - [MESSAGE][PASSED] - Delayed 2 second(s)

2019-08-13 10:57:19 - [TEST_STEP][PASSED] - comment("a=" + a): a=$86.93

2019-08-13 10:57:19 - [MESSAGE][INFO] - a=$86.93

2019-08-13 10:57:19 - [TEST_STEP][PASSED] - a1 = a.substring(1): null

2019-08-13 10:57:19 - [TEST_STEP][PASSED] - comment("a1=" + a1): a1=86.93

2019-08-13 10:57:19 - [MESSAGE][INFO] - a1=86.93

2019-08-13 10:57:19 - [TEST_STEP][PASSED] - delay(2): Delayed 2 second(s)

2019-08-13 10:57:21 - [MESSAGE][PASSED] - Delayed 2 second(s)

2019-08-13 10:57:21 - [TEST_STEP][PASSED] - click(findTestObject("CR-DESKTOP/Cart flyout/cart quantity decrease - cart flyout")): Object: 'Object Repository/CR-DESKTOP/Cart flyout/cart quantity decrease - cart flyout' is clicked on

2019-08-13 10:57:21 - [MESSAGE][PASSED] - Object: 'Object Repository/CR-DESKTOP/Cart flyout/cart quantity decrease - cart flyout' is clicked on

2019-08-13 10:57:21 - [TEST_STEP][PASSED] - delay(2): Delayed 2 second(s)

2019-08-13 10:57:23 - [MESSAGE][PASSED] - Delayed 2 second(s)

2019-08-13 10:57:23 - [TEST_STEP][PASSED] - click(findTestObject("CR-DESKTOP/Cart flyout/cart quantity decrease - cart flyout")): Object: 'Object Repository/CR-DESKTOP/Cart flyout/cart quantity decrease - cart flyout' is clicked on

2019-08-13 10:57:23 - [MESSAGE][PASSED] - Object: 'Object Repository/CR-DESKTOP/Cart flyout/cart quantity decrease - cart flyout' is clicked on

2019-08-13 10:57:23 - [TEST_STEP][PASSED] - delay(2): Delayed 2 second(s)

2019-08-13 10:57:25 - [MESSAGE][PASSED] - Delayed 2 second(s)

2019-08-13 10:57:25 - [TEST_STEP][PASSED] - setText(findTestObject("CR-DESKTOP/Cart flyout/Input update - cart flyout"), "1"): Text '1' is set on object 'Object Repository/CR-DESKTOP/Cart flyout/Input update - cart flyout'

2019-08-13 10:57:26 - [MESSAGE][PASSED] - Text '1' is set on object 'Object Repository/CR-DESKTOP/Cart flyout/Input update - cart flyout'

2019-08-13 10:57:26 - [TEST_STEP][PASSED] - delay(2): Delayed 2 second(s)

2019-08-13 10:57:28 - [MESSAGE][PASSED] - Delayed 2 second(s)

2019-08-13 10:57:28 - [TEST_STEP][PASSED] - click(findTestObject("CR-DESKTOP/Cart flyout/click outside")): Object: 'Object Repository/CR-DESKTOP/Cart flyout/click outside' is clicked on

2019-08-13 10:57:28 - [MESSAGE][PASSED] - Object: 'Object Repository/CR-DESKTOP/Cart flyout/click outside' is clicked on

2019-08-13 10:57:28 - [TEST_STEP][PASSED] - delay(2): Delayed 2 second(s)

2019-08-13 10:57:30 - [MESSAGE][PASSED] - Delayed 2 second(s)

2019-08-13 10:57:30 - [TEST_STEP][PASSED] - b = getText(findTestObject("CR-DESKTOP/Cart flyout/Get price - subtotal")): Text of object 'Object Repository/CR-DESKTOP/Cart flyout/Get price - subtotal' is: '$26.95'

2019-08-13 10:57:30 - [MESSAGE][PASSED] - Text of object 'Object Repository/CR-DESKTOP/Cart flyout/Get price - subtotal' is: '$26.95'

2019-08-13 10:57:30 - [TEST_STEP][PASSED] - delay(2): Delayed 2 second(s)

2019-08-13 10:57:32 - [MESSAGE][PASSED] - Delayed 2 second(s)

2019-08-13 10:57:32 - [TEST_STEP][PASSED] - comment("b=" + b): b=$26.95

2019-08-13 10:57:32 - [MESSAGE][INFO] - b=$26.95

2019-08-13 10:57:32 - [TEST_STEP][PASSED] - b1 = b.substring(1): null

2019-08-13 10:57:32 - [TEST_STEP][PASSED] - comment("b1=" + b1): b1=26.95

2019-08-13 10:57:32 - [MESSAGE][INFO] - b1=26.95

2019-08-13 10:57:32 - [TEST_STEP][PASSED] - delay(2): Delayed 2 second(s)

2019-08-13 10:57:34 - [MESSAGE][PASSED] - Delayed 2 second(s)

2019-08-13 10:57:34 - [TEST_STEP][PASSED] - p1 = <not implemented yet for class: org.codehaus.groovy.ast.expr.EmptyExpression>: null

2019-08-13 10:57:34 - [TEST_STEP][PASSED] - p2 = <not implemented yet for class: org.codehaus.groovy.ast.expr.EmptyExpression>: null

2019-08-13 10:57:34 - [TEST_STEP][PASSED] - try: p1=86.93

2019-08-13 10:57:34 - [TEST_STEP][PASSED] - str = a1: null

2019-08-13 10:57:34 - [TEST_STEP][PASSED] - comment("str=" + str): str=86.93

2019-08-13 10:57:34 - [MESSAGE][INFO] - str=86.93

2019-08-13 10:57:34 - [TEST_STEP][PASSED] - p1 = Double.valueOf(str): null

2019-08-13 10:57:34 - [TEST_STEP][PASSED] - comment("p1=" + p1): p1=86.93

2019-08-13 10:57:34 - [MESSAGE][INFO] - p1=86.93

2019-08-13 10:57:34 - [TEST_STEP][PASSED] - try: p2=26.95

2019-08-13 10:57:34 - [TEST_STEP][PASSED] - str5 = b1: null

2019-08-13 10:57:34 - [TEST_STEP][PASSED] - comment("str5=" + str5): str5=26.95

2019-08-13 10:57:34 - [MESSAGE][INFO] - str5=26.95

2019-08-13 10:57:34 - [TEST_STEP][PASSED] - p2 = Double.valueOf(str5): null

2019-08-13 10:57:34 - [TEST_STEP][PASSED] - comment("p2=" + p2): p2=26.95

2019-08-13 10:57:34 - [MESSAGE][INFO] - p2=26.95

2019-08-13 10:57:34 - [TEST_STEP][PASSED] - flag = verifyNotEqual(p1, p2): Actual object '86.93' and expected object '26.95' are not equal

2019-08-13 10:57:34 - [MESSAGE][PASSED] - Actual object '86.93' and expected object '26.95' are not equal

2019-08-13 10:57:34 - [TEST_STEP][PASSED] - if (flag == true): Quantity selector working

2019-08-13 10:57:34 - [TEST_STEP][PASSED] - comment("Quantity selector working"): Quantity selector working

2019-08-13 10:57:34 - [MESSAGE][INFO] - Quantity selector working

2019-08-13 10:57:34 - [TEST_STEP][PASSED] - delay(2): Delayed 2 second(s)

2019-08-13 10:57:36 - [MESSAGE][PASSED] - Delayed 2 second(s)

2019-08-13 10:57:36 - [TEST_STEP][PASSED] - click(findTestObject("CR-DESKTOP/Cart flyout/Checkout")): Object: 'Object Repository/CR-DESKTOP/Cart flyout/Checkout' is clicked on

2019-08-13 10:57:39 - [MESSAGE][PASSED] - Object: 'Object Repository/CR-DESKTOP/Cart flyout/Checkout' is clicked on

2019-08-13 10:57:39 - [TEST_STEP][PASSED] - callTestCase(findTestCase("CALL - CUTOMER INFO PAGE"), [:], STOP_ON_FAILURE): Call Test Case 'Test Cases/CALL - CUTOMER INFO PAGE' successfully

2019-08-13 10:57:39 - [TEST_CASE][PASSED] - Test Cases/CALL - CUTOMER INFO PAGE: Test Cases/CALL - CUTOMER INFO PAGE

2019-08-13 10:57:39 - [TEST_STEP][PASSED] - setText(findTestObject("CR-DESKTOP/Customer info page/Email"), "suman@gmail.com"): Text 'suman@gmail.com' is set on object 'Object Repository/CR-DESKTOP/Customer info page/Email'

2019-08-13 10:57:40 - [MESSAGE][PASSED] - Text 'suman@gmail.com' is set on object 'Object Repository/CR-DESKTOP/Customer info page/Email'

2019-08-13 10:57:40 - [TEST_STEP][PASSED] - delay(1): Delayed 1 second(s)

2019-08-13 10:57:41 - [MESSAGE][PASSED] - Delayed 1 second(s)

2019-08-13 10:57:41 - [TEST_STEP][PASSED] - setText(findTestObject("CR-DESKTOP/Customer info page/First name"), "suman"): Text 'suman' is set on object 'Object Repository/CR-DESKTOP/Customer info page/First name'

2019-08-13 10:57:41 - [MESSAGE][PASSED] - Text 'suman' is set on object 'Object Repository/CR-DESKTOP/Customer info page/First name'

2019-08-13 10:57:41 - [TEST_STEP][PASSED] - delay(1): Delayed 1 second(s)

2019-08-13 10:57:42 - [MESSAGE][PASSED] - Delayed 1 second(s)

2019-08-13 10:57:42 - [TEST_STEP][PASSED] - setText(findTestObject("CR-DESKTOP/Customer info page/Last name"), "kompelly"): Text 'kompelly' is set on object 'Object Repository/CR-DESKTOP/Customer info page/Last name'

2019-08-13 10:57:43 - [MESSAGE][PASSED] - Text 'kompelly' is set on object 'Object Repository/CR-DESKTOP/Customer info page/Last name'

2019-08-13 10:57:43 - [TEST_STEP][PASSED] - delay(1): Delayed 1 second(s)

2019-08-13 10:57:44 - [MESSAGE][PASSED] - Delayed 1 second(s)

2019-08-13 10:57:44 - [TEST_STEP][PASSED] - setText(findTestObject("CR-DESKTOP/Customer info page/Address"), "123 saint alxendre"): Text '123 saint alxendre' is set on object 'Object Repository/CR-DESKTOP/Customer info page/Address'

2019-08-13 10:57:44 - [MESSAGE][PASSED] - Text '123 saint alxendre' is set on object 'Object Repository/CR-DESKTOP/Customer info page/Address'

2019-08-13 10:57:44 - [TEST_STEP][PASSED] - delay(1): Delayed 1 second(s)

2019-08-13 10:57:45 - [MESSAGE][PASSED] - Delayed 1 second(s)

2019-08-13 10:57:45 - [TEST_STEP][PASSED] - setText(findTestObject("CR-DESKTOP/Customer info page/apt suite"), "199"): Text '199' is set on object 'Object Repository/CR-DESKTOP/Customer info page/apt suite'

2019-08-13 10:57:45 - [MESSAGE][PASSED] - Text '199' is set on object 'Object Repository/CR-DESKTOP/Customer info page/apt suite'

2019-08-13 10:57:45 - [TEST_STEP][PASSED] - delay(1): Delayed 1 second(s)

2019-08-13 10:57:46 - [MESSAGE][PASSED] - Delayed 1 second(s)

2019-08-13 10:57:46 - [TEST_STEP][PASSED] - setText(findTestObject("CR-DESKTOP/Customer info page/City"), "montreal"): Text 'montreal' is set on object 'Object Repository/CR-DESKTOP/Customer info page/City'

2019-08-13 10:57:46 - [MESSAGE][PASSED] - Text 'montreal' is set on object 'Object Repository/CR-DESKTOP/Customer info page/City'

2019-08-13 10:57:46 - [TEST_STEP][PASSED] - delay(1): Delayed 1 second(s)

2019-08-13 10:57:47 - [MESSAGE][PASSED] - Delayed 1 second(s)

2019-08-13 10:57:47 - [TEST_STEP][PASSED] - selectOptionByValue(findTestObject("CR-DESKTOP/Customer info page/state dropdown"), "NJ", true): All options with value 'NJ' are selected in object 'Object Repository/CR-DESKTOP/Customer info page/state dropdown'  using regular expression

2019-08-13 10:57:48 - [MESSAGE][PASSED] - All options with value 'NJ' are selected in object 'Object Repository/CR-DESKTOP/Customer info page/state dropdown'  using regular expression

2019-08-13 10:57:48 - [TEST_STEP][PASSED] - delay(1): Delayed 1 second(s)

2019-08-13 10:57:49 - [MESSAGE][PASSED] - Delayed 1 second(s)

2019-08-13 10:57:49 - [TEST_STEP][PASSED] - setText(findTestObject("CR-DESKTOP/Customer info page/Zip code"), "07057"): Text '07057' is set on object 'Object Repository/CR-DESKTOP/Customer info page/Zip code'

2019-08-13 10:57:49 - [MESSAGE][PASSED] - Text '07057' is set on object 'Object Repository/CR-DESKTOP/Customer info page/Zip code'

2019-08-13 10:57:49 - [MESSAGE][PASSED] - Call Test Case 'Test Cases/CALL - CUTOMER INFO PAGE' successfully

2019-08-13 10:57:49 - [TEST_STEP][FAILED] - callTestCase(findTestCase("CALL- SHIPPING TO PAYMENT"), [:], STOP_ON_FAILURE): callTestCase(findTestCase("CALL- SHIPPING TO PAYMENT"), [:], STOP_ON_FAILURE) FAILED.
Reason:
com.kms.katalon.core.exception.StepFailedException: Unable to verify text 'payment' is present  (Root cause: com.kms.katalon.core.exception.StepFailedException: Text 'payment' is not present on page )
	at com.kms.katalon.core.keyword.internal.KeywordMain.stepFailed(KeywordMain.groovy:36)
	at com.kms.katalon.core.webui.keyword.internal.WebUIKeywordMain.stepFailed(WebUIKeywordMain.groovy:65)
	at com.kms.katalon.core.webui.keyword.internal.WebUIKeywordMain.runKeyword(WebUIKeywordMain.groovy:27)
	at com.kms.katalon.core.webui.keyword.builtin.VerifyTextPresentKeyword.verifyTextPresent(VerifyTextPresentKeyword.groovy:83)
	at com.kms.katalon.core.webui.keyword.builtin.VerifyTextPresentKeyword.execute(VerifyTextPresentKeyword.groovy:68)
	at com.kms.katalon.core.keyword.internal.KeywordExecutor.executeKeywordForPlatform(KeywordExecutor.groovy:53)
	at com.kms.katalon.core.webui.keyword.WebUiBuiltInKeywords.verifyTextPresent(WebUiBuiltInKeywords.groovy:1693)
	at com.kms.katalon.core.webui.keyword.WebUiBuiltInKeywords$verifyTextPresent$7.call(Unknown Source)
	at CALL- SHIPPING TO PAYMENT.run(CALL- SHIPPING TO PAYMENT:24)
	at com.kms.katalon.core.main.ScriptEngine.run(ScriptEngine.java:194)
	at com.kms.katalon.core.main.ScriptEngine.runScriptAsRawText(ScriptEngine.java:119)
	at com.kms.katalon.core.main.TestCaseExecutor.runScript(TestCaseExecutor.java:328)
	at com.kms.katalon.core.main.TestCaseExecutor.doExecute(TestCaseExecutor.java:319)
	at com.kms.katalon.core.main.TestCaseExecutor.processExecutionPhase(TestCaseExecutor.java:298)
	at com.kms.katalon.core.main.TestCaseExecutor.accessMainPhase(TestCaseExecutor.java:290)
	at com.kms.katalon.core.main.TestCaseExecutor.execute(TestCaseExecutor.java:224)
	at com.kms.katalon.core.main.TestCaseMain.runTestCase(TestCaseMain.java:106)
	at com.kms.katalon.core.keyword.builtin.CallTestCaseKeyword$_callTestCase_closure1.doCall(CallTestCaseKeyword.groovy:59)
	at com.kms.katalon.core.keyword.builtin.CallTestCaseKeyword$_callTestCase_closure1.call(CallTestCaseKeyword.groovy)
	at com.kms.katalon.core.keyword.internal.KeywordMain.runKeyword(KeywordMain.groovy:54)
	at com.kms.katalon.core.keyword.builtin.CallTestCaseKeyword.callTestCase(CallTestCaseKeyword.groovy:80)
	at com.kms.katalon.core.keyword.builtin.CallTestCaseKeyword.execute(CallTestCaseKeyword.groovy:44)
	at com.kms.katalon.core.keyword.internal.KeywordExecutor.executeKeywordForPlatform(KeywordExecutor.groovy:53)
	at com.kms.katalon.core.keyword.BuiltinKeywords.callTestCase(BuiltinKeywords.groovy:334)
	at Decrease quantity - cart flyout.run(Decrease quantity - cart flyout:139)
	at com.kms.katalon.core.main.ScriptEngine.run(ScriptEngine.java:194)
	at com.kms.katalon.core.main.ScriptEngine.runScriptAsRawText(ScriptEngine.java:119)
	at com.kms.katalon.core.main.TestCaseExecutor.runScript(TestCaseExecutor.java:328)
	at com.kms.katalon.core.main.TestCaseExecutor.doExecute(TestCaseExecutor.java:319)
	at com.kms.katalon.core.main.TestCaseExecutor.processExecutionPhase(TestCaseExecutor.java:298)
	at com.kms.katalon.core.main.TestCaseExecutor.accessMainPhase(TestCaseExecutor.java:290)
	at com.kms.katalon.core.main.TestCaseExecutor.execute(TestCaseExecutor.java:224)
	at com.kms.katalon.core.main.TestSuiteExecutor.accessTestCaseMainPhase(TestSuiteExecutor.java:129)
	at com.kms.katalon.core.main.TestSuiteExecutor.accessTestSuiteMainPhase(TestSuiteExecutor.java:112)
	at com.kms.katalon.core.main.TestSuiteExecutor.execute(TestSuiteExecutor.java:81)
	at com.kms.katalon.core.main.TestCaseMain.startTestSuite(TestCaseMain.java:149)
	at com.kms.katalon.core.main.TestCaseMain$startTestSuite$0.call(Unknown Source)
	at TempTestSuite1565707895630.run(TempTestSuite1565707895630.groovy:36)


2019-08-13 10:57:49 - [TEST_CASE][FAILED] - Test Cases/CALL- SHIPPING TO PAYMENT: Test Cases/CALL- SHIPPING TO PAYMENT FAILED.
Reason:
com.kms.katalon.core.exception.StepFailedException: Unable to verify text 'payment' is present  (Root cause: com.kms.katalon.core.exception.StepFailedException: Text 'payment' is not present on page )
	at com.kms.katalon.core.keyword.internal.KeywordMain.stepFailed(KeywordMain.groovy:36)
	at com.kms.katalon.core.webui.keyword.internal.WebUIKeywordMain.stepFailed(WebUIKeywordMain.groovy:65)
	at com.kms.katalon.core.webui.keyword.internal.WebUIKeywordMain.runKeyword(WebUIKeywordMain.groovy:27)
	at com.kms.katalon.core.webui.keyword.builtin.VerifyTextPresentKeyword.verifyTextPresent(VerifyTextPresentKeyword.groovy:83)
	at com.kms.katalon.core.webui.keyword.builtin.VerifyTextPresentKeyword.execute(VerifyTextPresentKeyword.groovy:68)
	at com.kms.katalon.core.keyword.internal.KeywordExecutor.executeKeywordForPlatform(KeywordExecutor.groovy:53)
	at com.kms.katalon.core.webui.keyword.WebUiBuiltInKeywords.verifyTextPresent(WebUiBuiltInKeywords.groovy:1693)
	at com.kms.katalon.core.webui.keyword.WebUiBuiltInKeywords$verifyTextPresent$7.call(Unknown Source)
	at CALL- SHIPPING TO PAYMENT.run(CALL- SHIPPING TO PAYMENT:24)
	at com.kms.katalon.core.main.ScriptEngine.run(ScriptEngine.java:194)
	at com.kms.katalon.core.main.ScriptEngine.runScriptAsRawText(ScriptEngine.java:119)
	at com.kms.katalon.core.main.TestCaseExecutor.runScript(TestCaseExecutor.java:328)
	at com.kms.katalon.core.main.TestCaseExecutor.doExecute(TestCaseExecutor.java:319)
	at com.kms.katalon.core.main.TestCaseExecutor.processExecutionPhase(TestCaseExecutor.java:298)
	at com.kms.katalon.core.main.TestCaseExecutor.accessMainPhase(TestCaseExecutor.java:290)
	at com.kms.katalon.core.main.TestCaseExecutor.execute(TestCaseExecutor.java:224)
	at com.kms.katalon.core.main.TestCaseMain.runTestCase(TestCaseMain.java:106)
	at com.kms.katalon.core.keyword.builtin.CallTestCaseKeyword$_callTestCase_closure1.doCall(CallTestCaseKeyword.groovy:59)
	at com.kms.katalon.core.keyword.builtin.CallTestCaseKeyword$_callTestCase_closure1.call(CallTestCaseKeyword.groovy)
	at com.kms.katalon.core.keyword.internal.KeywordMain.runKeyword(KeywordMain.groovy:54)
	at com.kms.katalon.core.keyword.builtin.CallTestCaseKeyword.callTestCase(CallTestCaseKeyword.groovy:80)
	at com.kms.katalon.core.keyword.builtin.CallTestCaseKeyword.execute(CallTestCaseKeyword.groovy:44)
	at com.kms.katalon.core.keyword.internal.KeywordExecutor.executeKeywordForPlatform(KeywordExecutor.groovy:53)
	at com.kms.katalon.core.keyword.BuiltinKeywords.callTestCase(BuiltinKeywords.groovy:334)
	at Decrease quantity - cart flyout.run(Decrease quantity - cart flyout:139)
	at com.kms.katalon.core.main.ScriptEngine.run(ScriptEngine.java:194)
	at com.kms.katalon.core.main.ScriptEngine.runScriptAsRawText(ScriptEngine.java:119)
	at com.kms.katalon.core.main.TestCaseExecutor.runScript(TestCaseExecutor.java:328)
	at com.kms.katalon.core.main.TestCaseExecutor.doExecute(TestCaseExecutor.java:319)
	at com.kms.katalon.core.main.TestCaseExecutor.processExecutionPhase(TestCaseExecutor.java:298)
	at com.kms.katalon.core.main.TestCaseExecutor.accessMainPhase(TestCaseExecutor.java:290)
	at com.kms.katalon.core.main.TestCaseExecutor.execute(TestCaseExecutor.java:224)
	at com.kms.katalon.core.main.TestSuiteExecutor.accessTestCaseMainPhase(TestSuiteExecutor.java:129)
	at com.kms.katalon.core.main.TestSuiteExecutor.accessTestSuiteMainPhase(TestSuiteExecutor.java:112)
	at com.kms.katalon.core.main.TestSuiteExecutor.execute(TestSuiteExecutor.java:81)
	at com.kms.katalon.core.main.TestCaseMain.startTestSuite(TestCaseMain.java:149)
	at com.kms.katalon.core.main.TestCaseMain$startTestSuite$0.call(Unknown Source)
	at TempTestSuite1565707895630.run(TempTestSuite1565707895630.groovy:36)


2019-08-13 10:57:49 - [TEST_STEP][PASSED] - click(findTestObject("CR-DESKTOP/Customer info page/Continue to shipping")): Object: 'Object Repository/CR-DESKTOP/Customer info page/Continue to shipping' is clicked on

2019-08-13 10:57:50 - [MESSAGE][PASSED] - Object: 'Object Repository/CR-DESKTOP/Customer info page/Continue to shipping' is clicked on

2019-08-13 10:57:50 - [TEST_STEP][PASSED] - delay(2): Delayed 2 second(s)

2019-08-13 10:57:52 - [MESSAGE][PASSED] - Delayed 2 second(s)

2019-08-13 10:57:52 - [TEST_STEP][PASSED] - click(findTestObject("CR-DESKTOP/Payment page/Continue to payment")): Object: 'Object Repository/CR-DESKTOP/Payment page/Continue to payment' is clicked on

2019-08-13 10:57:55 - [MESSAGE][PASSED] - Object: 'Object Repository/CR-DESKTOP/Payment page/Continue to payment' is clicked on

2019-08-13 10:57:55 - [TEST_STEP][PASSED] - delay(2): Delayed 2 second(s)

2019-08-13 10:57:57 - [MESSAGE][PASSED] - Delayed 2 second(s)

2019-08-13 10:57:57 - [TEST_STEP][FAILED] - verifyTextPresent("payment", false): verifyTextPresent("payment", false) FAILED.
Reason:
com.kms.katalon.core.exception.StepFailedException: Unable to verify text 'payment' is present  (Root cause: com.kms.katalon.core.exception.StepFailedException: Text 'payment' is not present on page )
	at com.kms.katalon.core.keyword.internal.KeywordMain.stepFailed(KeywordMain.groovy:36)
	at com.kms.katalon.core.webui.keyword.internal.WebUIKeywordMain.stepFailed(WebUIKeywordMain.groovy:65)
	at com.kms.katalon.core.webui.keyword.internal.WebUIKeywordMain.runKeyword(WebUIKeywordMain.groovy:27)
	at com.kms.katalon.core.webui.keyword.builtin.VerifyTextPresentKeyword.verifyTextPresent(VerifyTextPresentKeyword.groovy:83)
	at com.kms.katalon.core.webui.keyword.builtin.VerifyTextPresentKeyword.execute(VerifyTextPresentKeyword.groovy:68)
	at com.kms.katalon.core.keyword.internal.KeywordExecutor.executeKeywordForPlatform(KeywordExecutor.groovy:53)
	at com.kms.katalon.core.webui.keyword.WebUiBuiltInKeywords.verifyTextPresent(WebUiBuiltInKeywords.groovy:1693)
	at com.kms.katalon.core.webui.keyword.WebUiBuiltInKeywords$verifyTextPresent$7.call(Unknown Source)
	at CALL- SHIPPING TO PAYMENT.run(CALL- SHIPPING TO PAYMENT:24)
	at com.kms.katalon.core.main.ScriptEngine.run(ScriptEngine.java:194)
	at com.kms.katalon.core.main.ScriptEngine.runScriptAsRawText(ScriptEngine.java:119)
	at com.kms.katalon.core.main.TestCaseExecutor.runScript(TestCaseExecutor.java:328)
	at com.kms.katalon.core.main.TestCaseExecutor.doExecute(TestCaseExecutor.java:319)
	at com.kms.katalon.core.main.TestCaseExecutor.processExecutionPhase(TestCaseExecutor.java:298)
	at com.kms.katalon.core.main.TestCaseExecutor.accessMainPhase(TestCaseExecutor.java:290)
	at com.kms.katalon.core.main.TestCaseExecutor.execute(TestCaseExecutor.java:224)
	at com.kms.katalon.core.main.TestCaseMain.runTestCase(TestCaseMain.java:106)
	at com.kms.katalon.core.keyword.builtin.CallTestCaseKeyword$_callTestCase_closure1.doCall(CallTestCaseKeyword.groovy:59)
	at com.kms.katalon.core.keyword.builtin.CallTestCaseKeyword$_callTestCase_closure1.call(CallTestCaseKeyword.groovy)
	at com.kms.katalon.core.keyword.internal.KeywordMain.runKeyword(KeywordMain.groovy:54)
	at com.kms.katalon.core.keyword.builtin.CallTestCaseKeyword.callTestCase(CallTestCaseKeyword.groovy:80)
	at com.kms.katalon.core.keyword.builtin.CallTestCaseKeyword.execute(CallTestCaseKeyword.groovy:44)
	at com.kms.katalon.core.keyword.internal.KeywordExecutor.executeKeywordForPlatform(KeywordExecutor.groovy:53)
	at com.kms.katalon.core.keyword.BuiltinKeywords.callTestCase(BuiltinKeywords.groovy:334)
	at Decrease quantity - cart flyout.run(Decrease quantity - cart flyout:139)
	at com.kms.katalon.core.main.ScriptEngine.run(ScriptEngine.java:194)
	at com.kms.katalon.core.main.ScriptEngine.runScriptAsRawText(ScriptEngine.java:119)
	at com.kms.katalon.core.main.TestCaseExecutor.runScript(TestCaseExecutor.java:328)
	at com.kms.katalon.core.main.TestCaseExecutor.doExecute(TestCaseExecutor.java:319)
	at com.kms.katalon.core.main.TestCaseExecutor.processExecutionPhase(TestCaseExecutor.java:298)
	at com.kms.katalon.core.main.TestCaseExecutor.accessMainPhase(TestCaseExecutor.java:290)
	at com.kms.katalon.core.main.TestCaseExecutor.execute(TestCaseExecutor.java:224)
	at com.kms.katalon.core.main.TestSuiteExecutor.accessTestCaseMainPhase(TestSuiteExecutor.java:129)
	at com.kms.katalon.core.main.TestSuiteExecutor.accessTestSuiteMainPhase(TestSuiteExecutor.java:112)
	at com.kms.katalon.core.main.TestSuiteExecutor.execute(TestSuiteExecutor.java:81)
	at com.kms.katalon.core.main.TestCaseMain.startTestSuite(TestCaseMain.java:149)
	at com.kms.katalon.core.main.TestCaseMain$startTestSuite$0.call(Unknown Source)
	at TempTestSuite1565707895630.run(TempTestSuite1565707895630.groovy:36)


2019-08-13 10:57:57 - [MESSAGE][FAILED] - Text 'payment' is not present on page 

2019-08-13 10:57:58 - [MESSAGE][FAILED] - Unable to verify text 'payment' is present  (Root cause: com.kms.katalon.core.exception.StepFailedException: Text 'payment' is not present on page )
[[ATTACHMENT|/Users/sumankompelly/git/CR-Desktop/Reports/suite-chrome/20190813_105135/1565708277701.png]]

2019-08-13 10:57:58 - [MESSAGE][FAILED] - verifyTextPresent("payment", false) FAILED.
Reason:
com.kms.katalon.core.exception.StepFailedException: Unable to verify text 'payment' is present  (Root cause: com.kms.katalon.core.exception.StepFailedException: Text 'payment' is not present on page )
	at com.kms.katalon.core.keyword.internal.KeywordMain.stepFailed(KeywordMain.groovy:36)
	at com.kms.katalon.core.webui.keyword.internal.WebUIKeywordMain.stepFailed(WebUIKeywordMain.groovy:65)
	at com.kms.katalon.core.webui.keyword.internal.WebUIKeywordMain.runKeyword(WebUIKeywordMain.groovy:27)
	at com.kms.katalon.core.webui.keyword.builtin.VerifyTextPresentKeyword.verifyTextPresent(VerifyTextPresentKeyword.groovy:83)
	at com.kms.katalon.core.webui.keyword.builtin.VerifyTextPresentKeyword.execute(VerifyTextPresentKeyword.groovy:68)
	at com.kms.katalon.core.keyword.internal.KeywordExecutor.executeKeywordForPlatform(KeywordExecutor.groovy:53)
	at com.kms.katalon.core.webui.keyword.WebUiBuiltInKeywords.verifyTextPresent(WebUiBuiltInKeywords.groovy:1693)
	at com.kms.katalon.core.webui.keyword.WebUiBuiltInKeywords$verifyTextPresent$7.call(Unknown Source)
	at CALL- SHIPPING TO PAYMENT.run(CALL- SHIPPING TO PAYMENT:24)
	at com.kms.katalon.core.main.ScriptEngine.run(ScriptEngine.java:194)
	at com.kms.katalon.core.main.ScriptEngine.runScriptAsRawText(ScriptEngine.java:119)
	at com.kms.katalon.core.main.TestCaseExecutor.runScript(TestCaseExecutor.java:328)
	at com.kms.katalon.core.main.TestCaseExecutor.doExecute(TestCaseExecutor.java:319)
	at com.kms.katalon.core.main.TestCaseExecutor.processExecutionPhase(TestCaseExecutor.java:298)
	at com.kms.katalon.core.main.TestCaseExecutor.accessMainPhase(TestCaseExecutor.java:290)
	at com.kms.katalon.core.main.TestCaseExecutor.execute(TestCaseExecutor.java:224)
	at com.kms.katalon.core.main.TestCaseMain.runTestCase(TestCaseMain.java:106)
	at com.kms.katalon.core.keyword.builtin.CallTestCaseKeyword$_callTestCase_closure1.doCall(CallTestCaseKeyword.groovy:59)
	at com.kms.katalon.core.keyword.builtin.CallTestCaseKeyword$_callTestCase_closure1.call(CallTestCaseKeyword.groovy)
	at com.kms.katalon.core.keyword.internal.KeywordMain.runKeyword(KeywordMain.groovy:54)
	at com.kms.katalon.core.keyword.builtin.CallTestCaseKeyword.callTestCase(CallTestCaseKeyword.groovy:80)
	at com.kms.katalon.core.keyword.builtin.CallTestCaseKeyword.execute(CallTestCaseKeyword.groovy:44)
	at com.kms.katalon.core.keyword.internal.KeywordExecutor.executeKeywordForPlatform(KeywordExecutor.groovy:53)
	at com.kms.katalon.core.keyword.BuiltinKeywords.callTestCase(BuiltinKeywords.groovy:334)
	at Decrease quantity - cart flyout.run(Decrease quantity - cart flyout:139)
	at com.kms.katalon.core.main.ScriptEngine.run(ScriptEngine.java:194)
	at com.kms.katalon.core.main.ScriptEngine.runScriptAsRawText(ScriptEngine.java:119)
	at com.kms.katalon.core.main.TestCaseExecutor.runScript(TestCaseExecutor.java:328)
	at com.kms.katalon.core.main.TestCaseExecutor.doExecute(TestCaseExecutor.java:319)
	at com.kms.katalon.core.main.TestCaseExecutor.processExecutionPhase(TestCaseExecutor.java:298)
	at com.kms.katalon.core.main.TestCaseExecutor.accessMainPhase(TestCaseExecutor.java:290)
	at com.kms.katalon.core.main.TestCaseExecutor.execute(TestCaseExecutor.java:224)
	at com.kms.katalon.core.main.TestSuiteExecutor.accessTestCaseMainPhase(TestSuiteExecutor.java:129)
	at com.kms.katalon.core.main.TestSuiteExecutor.accessTestSuiteMainPhase(TestSuiteExecutor.java:112)
	at com.kms.katalon.core.main.TestSuiteExecutor.execute(TestSuiteExecutor.java:81)
	at com.kms.katalon.core.main.TestCaseMain.startTestSuite(TestCaseMain.java:149)
	at com.kms.katalon.core.main.TestCaseMain$startTestSuite$0.call(Unknown Source)
	at TempTestSuite1565707895630.run(TempTestSuite1565707895630.groovy:36)


2019-08-13 10:57:58 - [MESSAGE][FAILED] - Unable to call Test Case 'Test Cases/CALL- SHIPPING TO PAYMENT' (Root cause: com.kms.katalon.core.exception.StepFailedException: Call Test Case 'Test Cases/CALL- SHIPPING TO PAYMENT' failed)

2019-08-13 10:57:58 - [MESSAGE][FAILED] - callTestCase(findTestCase("CALL- SHIPPING TO PAYMENT"), [:], STOP_ON_FAILURE) FAILED.
Reason:
com.kms.katalon.core.exception.StepFailedException: Unable to verify text 'payment' is present  (Root cause: com.kms.katalon.core.exception.StepFailedException: Text 'payment' is not present on page )
	at com.kms.katalon.core.keyword.internal.KeywordMain.stepFailed(KeywordMain.groovy:36)
	at com.kms.katalon.core.webui.keyword.internal.WebUIKeywordMain.stepFailed(WebUIKeywordMain.groovy:65)
	at com.kms.katalon.core.webui.keyword.internal.WebUIKeywordMain.runKeyword(WebUIKeywordMain.groovy:27)
	at com.kms.katalon.core.webui.keyword.builtin.VerifyTextPresentKeyword.verifyTextPresent(VerifyTextPresentKeyword.groovy:83)
	at com.kms.katalon.core.webui.keyword.builtin.VerifyTextPresentKeyword.execute(VerifyTextPresentKeyword.groovy:68)
	at com.kms.katalon.core.keyword.internal.KeywordExecutor.executeKeywordForPlatform(KeywordExecutor.groovy:53)
	at com.kms.katalon.core.webui.keyword.WebUiBuiltInKeywords.verifyTextPresent(WebUiBuiltInKeywords.groovy:1693)
	at com.kms.katalon.core.webui.keyword.WebUiBuiltInKeywords$verifyTextPresent$7.call(Unknown Source)
	at CALL- SHIPPING TO PAYMENT.run(CALL- SHIPPING TO PAYMENT:24)
	at com.kms.katalon.core.main.ScriptEngine.run(ScriptEngine.java:194)
	at com.kms.katalon.core.main.ScriptEngine.runScriptAsRawText(ScriptEngine.java:119)
	at com.kms.katalon.core.main.TestCaseExecutor.runScript(TestCaseExecutor.java:328)
	at com.kms.katalon.core.main.TestCaseExecutor.doExecute(TestCaseExecutor.java:319)
	at com.kms.katalon.core.main.TestCaseExecutor.processExecutionPhase(TestCaseExecutor.java:298)
	at com.kms.katalon.core.main.TestCaseExecutor.accessMainPhase(TestCaseExecutor.java:290)
	at com.kms.katalon.core.main.TestCaseExecutor.execute(TestCaseExecutor.java:224)
	at com.kms.katalon.core.main.TestCaseMain.runTestCase(TestCaseMain.java:106)
	at com.kms.katalon.core.keyword.builtin.CallTestCaseKeyword$_callTestCase_closure1.doCall(CallTestCaseKeyword.groovy:59)
	at com.kms.katalon.core.keyword.builtin.CallTestCaseKeyword$_callTestCase_closure1.call(CallTestCaseKeyword.groovy)
	at com.kms.katalon.core.keyword.internal.KeywordMain.runKeyword(KeywordMain.groovy:54)
	at com.kms.katalon.core.keyword.builtin.CallTestCaseKeyword.callTestCase(CallTestCaseKeyword.groovy:80)
	at com.kms.katalon.core.keyword.builtin.CallTestCaseKeyword.execute(CallTestCaseKeyword.groovy:44)
	at com.kms.katalon.core.keyword.internal.KeywordExecutor.executeKeywordForPlatform(KeywordExecutor.groovy:53)
	at com.kms.katalon.core.keyword.BuiltinKeywords.callTestCase(BuiltinKeywords.groovy:334)
	at Decrease quantity - cart flyout.run(Decrease quantity - cart flyout:139)
	at com.kms.katalon.core.main.ScriptEngine.run(ScriptEngine.java:194)
	at com.kms.katalon.core.main.ScriptEngine.runScriptAsRawText(ScriptEngine.java:119)
	at com.kms.katalon.core.main.TestCaseExecutor.runScript(TestCaseExecutor.java:328)
	at com.kms.katalon.core.main.TestCaseExecutor.doExecute(TestCaseExecutor.java:319)
	at com.kms.katalon.core.main.TestCaseExecutor.processExecutionPhase(TestCaseExecutor.java:298)
	at com.kms.katalon.core.main.TestCaseExecutor.accessMainPhase(TestCaseExecutor.java:290)
	at com.kms.katalon.core.main.TestCaseExecutor.execute(TestCaseExecutor.java:224)
	at com.kms.katalon.core.main.TestSuiteExecutor.accessTestCaseMainPhase(TestSuiteExecutor.java:129)
	at com.kms.katalon.core.main.TestSuiteExecutor.accessTestSuiteMainPhase(TestSuiteExecutor.java:112)
	at com.kms.katalon.core.main.TestSuiteExecutor.execute(TestSuiteExecutor.java:81)
	at com.kms.katalon.core.main.TestCaseMain.startTestSuite(TestCaseMain.java:149)
	at com.kms.katalon.core.main.TestCaseMain$startTestSuite$0.call(Unknown Source)
	at TempTestSuite1565707895630.run(TempTestSuite1565707895630.groovy:36)]]></system-out>
         <system-err><![CDATA[2019-08-13 10:56:41 - [TEST_CASE][FAILED] - Test Cases/CRITICAL PATH - SPANISH/Decrease quantity - cart flyout: Test Cases/CRITICAL PATH - SPANISH/Decrease quantity - cart flyout FAILED.
Reason:
com.kms.katalon.core.exception.StepFailedException: Unable to verify text 'payment' is present  (Root cause: com.kms.katalon.core.exception.StepFailedException: Text 'payment' is not present on page )
	at com.kms.katalon.core.keyword.internal.KeywordMain.stepFailed(KeywordMain.groovy:36)
	at com.kms.katalon.core.webui.keyword.internal.WebUIKeywordMain.stepFailed(WebUIKeywordMain.groovy:65)
	at com.kms.katalon.core.webui.keyword.internal.WebUIKeywordMain.runKeyword(WebUIKeywordMain.groovy:27)
	at com.kms.katalon.core.webui.keyword.builtin.VerifyTextPresentKeyword.verifyTextPresent(VerifyTextPresentKeyword.groovy:83)
	at com.kms.katalon.core.webui.keyword.builtin.VerifyTextPresentKeyword.execute(VerifyTextPresentKeyword.groovy:68)
	at com.kms.katalon.core.keyword.internal.KeywordExecutor.executeKeywordForPlatform(KeywordExecutor.groovy:53)
	at com.kms.katalon.core.webui.keyword.WebUiBuiltInKeywords.verifyTextPresent(WebUiBuiltInKeywords.groovy:1693)
	at com.kms.katalon.core.webui.keyword.WebUiBuiltInKeywords$verifyTextPresent$7.call(Unknown Source)
	at CALL- SHIPPING TO PAYMENT.run(CALL- SHIPPING TO PAYMENT:24)
	at com.kms.katalon.core.main.ScriptEngine.run(ScriptEngine.java:194)
	at com.kms.katalon.core.main.ScriptEngine.runScriptAsRawText(ScriptEngine.java:119)
	at com.kms.katalon.core.main.TestCaseExecutor.runScript(TestCaseExecutor.java:328)
	at com.kms.katalon.core.main.TestCaseExecutor.doExecute(TestCaseExecutor.java:319)
	at com.kms.katalon.core.main.TestCaseExecutor.processExecutionPhase(TestCaseExecutor.java:298)
	at com.kms.katalon.core.main.TestCaseExecutor.accessMainPhase(TestCaseExecutor.java:290)
	at com.kms.katalon.core.main.TestCaseExecutor.execute(TestCaseExecutor.java:224)
	at com.kms.katalon.core.main.TestCaseMain.runTestCase(TestCaseMain.java:106)
	at com.kms.katalon.core.keyword.builtin.CallTestCaseKeyword$_callTestCase_closure1.doCall(CallTestCaseKeyword.groovy:59)
	at com.kms.katalon.core.keyword.builtin.CallTestCaseKeyword$_callTestCase_closure1.call(CallTestCaseKeyword.groovy)
	at com.kms.katalon.core.keyword.internal.KeywordMain.runKeyword(KeywordMain.groovy:54)
	at com.kms.katalon.core.keyword.builtin.CallTestCaseKeyword.callTestCase(CallTestCaseKeyword.groovy:80)
	at com.kms.katalon.core.keyword.builtin.CallTestCaseKeyword.execute(CallTestCaseKeyword.groovy:44)
	at com.kms.katalon.core.keyword.internal.KeywordExecutor.executeKeywordForPlatform(KeywordExecutor.groovy:53)
	at com.kms.katalon.core.keyword.BuiltinKeywords.callTestCase(BuiltinKeywords.groovy:334)
	at Decrease quantity - cart flyout.run(Decrease quantity - cart flyout:139)
	at com.kms.katalon.core.main.ScriptEngine.run(ScriptEngine.java:194)
	at com.kms.katalon.core.main.ScriptEngine.runScriptAsRawText(ScriptEngine.java:119)
	at com.kms.katalon.core.main.TestCaseExecutor.runScript(TestCaseExecutor.java:328)
	at com.kms.katalon.core.main.TestCaseExecutor.doExecute(TestCaseExecutor.java:319)
	at com.kms.katalon.core.main.TestCaseExecutor.processExecutionPhase(TestCaseExecutor.java:298)
	at com.kms.katalon.core.main.TestCaseExecutor.accessMainPhase(TestCaseExecutor.java:290)
	at com.kms.katalon.core.main.TestCaseExecutor.execute(TestCaseExecutor.java:224)
	at com.kms.katalon.core.main.TestSuiteExecutor.accessTestCaseMainPhase(TestSuiteExecutor.java:129)
	at com.kms.katalon.core.main.TestSuiteExecutor.accessTestSuiteMainPhase(TestSuiteExecutor.java:112)
	at com.kms.katalon.core.main.TestSuiteExecutor.execute(TestSuiteExecutor.java:81)
	at com.kms.katalon.core.main.TestCaseMain.startTestSuite(TestCaseMain.java:149)
	at com.kms.katalon.core.main.TestCaseMain$startTestSuite$0.call(Unknown Source)
	at TempTestSuite1565707895630.run(TempTestSuite1565707895630.groovy:36)]]></system-err>
      </testcase>
      <testcase name="Test Cases/CRITICAL PATH - SPANISH/Adding products - Search flyout" classname="Test Cases/CRITICAL PATH - SPANISH/Adding products - Search flyout" status="FAILED">
         <failure type="FAILED" message="Test Cases/CRITICAL PATH - SPANISH/Adding products - Search flyout FAILED.
Reason:
com.kms.katalon.core.exception.StepFailedException: Unable to click on object 'Object Repository/CR-DESKTOP - SPANISH/Home page/Search flyout' (Root cause: com.kms.katalon.core.webui.exception.WebElementNotFoundException: Web element with id: 'Object Repository/CR-DESKTOP - SPANISH/Home page/Search flyout' located by 'By.xpath: //div[contains(@class,'header__search')]//input[contains(@placeholder,'Buscar')]' not found)
	at com.kms.katalon.core.keyword.internal.KeywordMain.stepFailed(KeywordMain.groovy:36)
	at com.kms.katalon.core.webui.keyword.internal.WebUIKeywordMain.stepFailed(WebUIKeywordMain.groovy:65)
	at com.kms.katalon.core.webui.keyword.internal.WebUIKeywordMain.runKeyword(WebUIKeywordMain.groovy:27)
	at com.kms.katalon.core.webui.keyword.builtin.ClickKeyword.click(ClickKeyword.groovy:86)
	at com.kms.katalon.core.webui.keyword.builtin.ClickKeyword.execute(ClickKeyword.groovy:67)
	at com.kms.katalon.core.keyword.internal.KeywordExecutor.executeKeywordForPlatform(KeywordExecutor.groovy:53)
	at com.kms.katalon.core.webui.keyword.WebUiBuiltInKeywords.click(WebUiBuiltInKeywords.groovy:616)
	at com.kms.katalon.core.webui.keyword.WebUiBuiltInKeywords$click$1.call(Unknown Source)
	at Adding products - Search flyout.run(Adding products - Search flyout:20)
	at com.kms.katalon.core.main.ScriptEngine.run(ScriptEngine.java:194)
	at com.kms.katalon.core.main.ScriptEngine.runScriptAsRawText(ScriptEngine.java:119)
	at com.kms.katalon.core.main.TestCaseExecutor.runScript(TestCaseExecutor.java:328)
	at com.kms.katalon.core.main.TestCaseExecutor.doExecute(TestCaseExecutor.java:319)
	at com.kms.katalon.core.main.TestCaseExecutor.processExecutionPhase(TestCaseExecutor.java:298)
	at com.kms.katalon.core.main.TestCaseExecutor.accessMainPhase(TestCaseExecutor.java:290)
	at com.kms.katalon.core.main.TestCaseExecutor.execute(TestCaseExecutor.java:224)
	at com.kms.katalon.core.main.TestSuiteExecutor.accessTestCaseMainPhase(TestSuiteExecutor.java:129)
	at com.kms.katalon.core.main.TestSuiteExecutor.accessTestSuiteMainPhase(TestSuiteExecutor.java:112)
	at com.kms.katalon.core.main.TestSuiteExecutor.execute(TestSuiteExecutor.java:81)
	at com.kms.katalon.core.main.TestCaseMain.startTestSuite(TestCaseMain.java:149)
	at com.kms.katalon.core.main.TestCaseMain$startTestSuite$0.call(Unknown Source)
	at TempTestSuite1565707895630.run(TempTestSuite1565707895630.groovy:36)
"/>
         <system-out><![CDATA[2019-08-13 10:57:58 - [TEST_CASE][FAILED] - Test Cases/CRITICAL PATH - SPANISH/Adding products - Search flyout: Test Cases/CRITICAL PATH - SPANISH/Adding products - Search flyout FAILED.
Reason:
com.kms.katalon.core.exception.StepFailedException: Unable to click on object 'Object Repository/CR-DESKTOP - SPANISH/Home page/Search flyout' (Root cause: com.kms.katalon.core.webui.exception.WebElementNotFoundException: Web element with id: 'Object Repository/CR-DESKTOP - SPANISH/Home page/Search flyout' located by 'By.xpath: //div[contains(@class,'header__search')]//input[contains(@placeholder,'Buscar')]' not found)
	at com.kms.katalon.core.keyword.internal.KeywordMain.stepFailed(KeywordMain.groovy:36)
	at com.kms.katalon.core.webui.keyword.internal.WebUIKeywordMain.stepFailed(WebUIKeywordMain.groovy:65)
	at com.kms.katalon.core.webui.keyword.internal.WebUIKeywordMain.runKeyword(WebUIKeywordMain.groovy:27)
	at com.kms.katalon.core.webui.keyword.builtin.ClickKeyword.click(ClickKeyword.groovy:86)
	at com.kms.katalon.core.webui.keyword.builtin.ClickKeyword.execute(ClickKeyword.groovy:67)
	at com.kms.katalon.core.keyword.internal.KeywordExecutor.executeKeywordForPlatform(KeywordExecutor.groovy:53)
	at com.kms.katalon.core.webui.keyword.WebUiBuiltInKeywords.click(WebUiBuiltInKeywords.groovy:616)
	at com.kms.katalon.core.webui.keyword.WebUiBuiltInKeywords$click$1.call(Unknown Source)
	at Adding products - Search flyout.run(Adding products - Search flyout:20)
	at com.kms.katalon.core.main.ScriptEngine.run(ScriptEngine.java:194)
	at com.kms.katalon.core.main.ScriptEngine.runScriptAsRawText(ScriptEngine.java:119)
	at com.kms.katalon.core.main.TestCaseExecutor.runScript(TestCaseExecutor.java:328)
	at com.kms.katalon.core.main.TestCaseExecutor.doExecute(TestCaseExecutor.java:319)
	at com.kms.katalon.core.main.TestCaseExecutor.processExecutionPhase(TestCaseExecutor.java:298)
	at com.kms.katalon.core.main.TestCaseExecutor.accessMainPhase(TestCaseExecutor.java:290)
	at com.kms.katalon.core.main.TestCaseExecutor.execute(TestCaseExecutor.java:224)
	at com.kms.katalon.core.main.TestSuiteExecutor.accessTestCaseMainPhase(TestSuiteExecutor.java:129)
	at com.kms.katalon.core.main.TestSuiteExecutor.accessTestSuiteMainPhase(TestSuiteExecutor.java:112)
	at com.kms.katalon.core.main.TestSuiteExecutor.execute(TestSuiteExecutor.java:81)
	at com.kms.katalon.core.main.TestCaseMain.startTestSuite(TestCaseMain.java:149)
	at com.kms.katalon.core.main.TestCaseMain$startTestSuite$0.call(Unknown Source)
	at TempTestSuite1565707895630.run(TempTestSuite1565707895630.groovy:36)


2019-08-13 10:57:58 - [TEST_STEP][PASSED] - callTestCase(findTestCase("CALL-URL"), [:], STOP_ON_FAILURE): Call Test Case 'Test Cases/CALL-URL' successfully

2019-08-13 10:57:58 - [TEST_CASE][PASSED] - Test Cases/CALL-URL: Test Cases/CALL-URL

2019-08-13 10:57:58 - [TEST_STEP][PASSED] - openBrowser(""): Browser is opened with url: ''

2019-08-13 10:57:58 - [MESSAGE][WARNING] - A browser is already opened. Closing browser and opening a new one

2019-08-13 10:57:58 - [MESSAGE][INFO] - Starting 'Chrome' driver

2019-08-13 10:57:59 - [MESSAGE][PASSED] - Browser is opened with url: ''

2019-08-13 10:57:59 - [TEST_STEP][PASSED] - navigateToUrl("https://charlotterusse.com/"): Navigate to 'https://charlotterusse.com/' successfully

2019-08-13 10:58:07 - [MESSAGE][PASSED] - Navigate to 'https://charlotterusse.com/' successfully

2019-08-13 10:58:07 - [TEST_STEP][PASSED] - click(findTestObject("CR-DESKTOP/Window pop up/language- english")): Object: 'Object Repository/CR-DESKTOP/Window pop up/language- english' is clicked on

2019-08-13 10:58:07 - [MESSAGE][PASSED] - Object: 'Object Repository/CR-DESKTOP/Window pop up/language- english' is clicked on

2019-08-13 10:58:07 - [TEST_STEP][PASSED] - click(findTestObject("CR-DESKTOP/Window pop up/Pop up - close")): Object: 'Object Repository/CR-DESKTOP/Window pop up/Pop up - close' is clicked on

2019-08-13 10:58:07 - [MESSAGE][PASSED] - Object: 'Object Repository/CR-DESKTOP/Window pop up/Pop up - close' is clicked on

2019-08-13 10:58:07 - [TEST_STEP][PASSED] - maximizeWindow(): Current window maximized

2019-08-13 10:58:08 - [MESSAGE][PASSED] - Current window maximized

2019-08-13 10:58:08 - [MESSAGE][PASSED] - Call Test Case 'Test Cases/CALL-URL' successfully

2019-08-13 10:58:08 - [TEST_STEP][PASSED] - delay(2): Delayed 2 second(s)

2019-08-13 10:58:10 - [MESSAGE][PASSED] - Delayed 2 second(s)

2019-08-13 10:58:10 - [TEST_STEP][FAILED] - click(findTestObject("CR-DESKTOP - SPANISH/Home page/Search flyout")): click(findTestObject("CR-DESKTOP - SPANISH/Home page/Search flyout")) FAILED.
Reason:
com.kms.katalon.core.exception.StepFailedException: Unable to click on object 'Object Repository/CR-DESKTOP - SPANISH/Home page/Search flyout' (Root cause: com.kms.katalon.core.webui.exception.WebElementNotFoundException: Web element with id: 'Object Repository/CR-DESKTOP - SPANISH/Home page/Search flyout' located by 'By.xpath: //div[contains(@class,'header__search')]//input[contains(@placeholder,'Buscar')]' not found)
	at com.kms.katalon.core.keyword.internal.KeywordMain.stepFailed(KeywordMain.groovy:36)
	at com.kms.katalon.core.webui.keyword.internal.WebUIKeywordMain.stepFailed(WebUIKeywordMain.groovy:65)
	at com.kms.katalon.core.webui.keyword.internal.WebUIKeywordMain.runKeyword(WebUIKeywordMain.groovy:27)
	at com.kms.katalon.core.webui.keyword.builtin.ClickKeyword.click(ClickKeyword.groovy:86)
	at com.kms.katalon.core.webui.keyword.builtin.ClickKeyword.execute(ClickKeyword.groovy:67)
	at com.kms.katalon.core.keyword.internal.KeywordExecutor.executeKeywordForPlatform(KeywordExecutor.groovy:53)
	at com.kms.katalon.core.webui.keyword.WebUiBuiltInKeywords.click(WebUiBuiltInKeywords.groovy:616)
	at com.kms.katalon.core.webui.keyword.WebUiBuiltInKeywords$click$1.call(Unknown Source)
	at Adding products - Search flyout.run(Adding products - Search flyout:20)
	at com.kms.katalon.core.main.ScriptEngine.run(ScriptEngine.java:194)
	at com.kms.katalon.core.main.ScriptEngine.runScriptAsRawText(ScriptEngine.java:119)
	at com.kms.katalon.core.main.TestCaseExecutor.runScript(TestCaseExecutor.java:328)
	at com.kms.katalon.core.main.TestCaseExecutor.doExecute(TestCaseExecutor.java:319)
	at com.kms.katalon.core.main.TestCaseExecutor.processExecutionPhase(TestCaseExecutor.java:298)
	at com.kms.katalon.core.main.TestCaseExecutor.accessMainPhase(TestCaseExecutor.java:290)
	at com.kms.katalon.core.main.TestCaseExecutor.execute(TestCaseExecutor.java:224)
	at com.kms.katalon.core.main.TestSuiteExecutor.accessTestCaseMainPhase(TestSuiteExecutor.java:129)
	at com.kms.katalon.core.main.TestSuiteExecutor.accessTestSuiteMainPhase(TestSuiteExecutor.java:112)
	at com.kms.katalon.core.main.TestSuiteExecutor.execute(TestSuiteExecutor.java:81)
	at com.kms.katalon.core.main.TestCaseMain.startTestSuite(TestCaseMain.java:149)
	at com.kms.katalon.core.main.TestCaseMain$startTestSuite$0.call(Unknown Source)
	at TempTestSuite1565707895630.run(TempTestSuite1565707895630.groovy:36)


2019-08-13 10:58:40 - [MESSAGE][INFO] - Unable to find the element located by 'By.xpath: //div[contains(@class,'header__search')]//input[contains(@placeholder,'Buscar')]'. Please recheck the objects properties to make sure the desired element is located. 

2019-08-13 10:58:41 - [MESSAGE][FAILED] - Unable to click on object 'Object Repository/CR-DESKTOP - SPANISH/Home page/Search flyout' (Root cause: com.kms.katalon.core.webui.exception.WebElementNotFoundException: Web element with id: 'Object Repository/CR-DESKTOP - SPANISH/Home page/Search flyout' located by 'By.xpath: //div[contains(@class,'header__search')]//input[contains(@placeholder,'Buscar')]' not found)
[[ATTACHMENT|/Users/sumankompelly/git/CR-Desktop/Reports/suite-chrome/20190813_105135/1565708320805.png]]

2019-08-13 10:58:41 - [MESSAGE][FAILED] - click(findTestObject("CR-DESKTOP - SPANISH/Home page/Search flyout")) FAILED.
Reason:
com.kms.katalon.core.exception.StepFailedException: Unable to click on object 'Object Repository/CR-DESKTOP - SPANISH/Home page/Search flyout' (Root cause: com.kms.katalon.core.webui.exception.WebElementNotFoundException: Web element with id: 'Object Repository/CR-DESKTOP - SPANISH/Home page/Search flyout' located by 'By.xpath: //div[contains(@class,'header__search')]//input[contains(@placeholder,'Buscar')]' not found)
	at com.kms.katalon.core.keyword.internal.KeywordMain.stepFailed(KeywordMain.groovy:36)
	at com.kms.katalon.core.webui.keyword.internal.WebUIKeywordMain.stepFailed(WebUIKeywordMain.groovy:65)
	at com.kms.katalon.core.webui.keyword.internal.WebUIKeywordMain.runKeyword(WebUIKeywordMain.groovy:27)
	at com.kms.katalon.core.webui.keyword.builtin.ClickKeyword.click(ClickKeyword.groovy:86)
	at com.kms.katalon.core.webui.keyword.builtin.ClickKeyword.execute(ClickKeyword.groovy:67)
	at com.kms.katalon.core.keyword.internal.KeywordExecutor.executeKeywordForPlatform(KeywordExecutor.groovy:53)
	at com.kms.katalon.core.webui.keyword.WebUiBuiltInKeywords.click(WebUiBuiltInKeywords.groovy:616)
	at com.kms.katalon.core.webui.keyword.WebUiBuiltInKeywords$click$1.call(Unknown Source)
	at Adding products - Search flyout.run(Adding products - Search flyout:20)
	at com.kms.katalon.core.main.ScriptEngine.run(ScriptEngine.java:194)
	at com.kms.katalon.core.main.ScriptEngine.runScriptAsRawText(ScriptEngine.java:119)
	at com.kms.katalon.core.main.TestCaseExecutor.runScript(TestCaseExecutor.java:328)
	at com.kms.katalon.core.main.TestCaseExecutor.doExecute(TestCaseExecutor.java:319)
	at com.kms.katalon.core.main.TestCaseExecutor.processExecutionPhase(TestCaseExecutor.java:298)
	at com.kms.katalon.core.main.TestCaseExecutor.accessMainPhase(TestCaseExecutor.java:290)
	at com.kms.katalon.core.main.TestCaseExecutor.execute(TestCaseExecutor.java:224)
	at com.kms.katalon.core.main.TestSuiteExecutor.accessTestCaseMainPhase(TestSuiteExecutor.java:129)
	at com.kms.katalon.core.main.TestSuiteExecutor.accessTestSuiteMainPhase(TestSuiteExecutor.java:112)
	at com.kms.katalon.core.main.TestSuiteExecutor.execute(TestSuiteExecutor.java:81)
	at com.kms.katalon.core.main.TestCaseMain.startTestSuite(TestCaseMain.java:149)
	at com.kms.katalon.core.main.TestCaseMain$startTestSuite$0.call(Unknown Source)
	at TempTestSuite1565707895630.run(TempTestSuite1565707895630.groovy:36)]]></system-out>
         <system-err><![CDATA[2019-08-13 10:57:58 - [TEST_CASE][FAILED] - Test Cases/CRITICAL PATH - SPANISH/Adding products - Search flyout: Test Cases/CRITICAL PATH - SPANISH/Adding products - Search flyout FAILED.
Reason:
com.kms.katalon.core.exception.StepFailedException: Unable to click on object 'Object Repository/CR-DESKTOP - SPANISH/Home page/Search flyout' (Root cause: com.kms.katalon.core.webui.exception.WebElementNotFoundException: Web element with id: 'Object Repository/CR-DESKTOP - SPANISH/Home page/Search flyout' located by 'By.xpath: //div[contains(@class,'header__search')]//input[contains(@placeholder,'Buscar')]' not found)
	at com.kms.katalon.core.keyword.internal.KeywordMain.stepFailed(KeywordMain.groovy:36)
	at com.kms.katalon.core.webui.keyword.internal.WebUIKeywordMain.stepFailed(WebUIKeywordMain.groovy:65)
	at com.kms.katalon.core.webui.keyword.internal.WebUIKeywordMain.runKeyword(WebUIKeywordMain.groovy:27)
	at com.kms.katalon.core.webui.keyword.builtin.ClickKeyword.click(ClickKeyword.groovy:86)
	at com.kms.katalon.core.webui.keyword.builtin.ClickKeyword.execute(ClickKeyword.groovy:67)
	at com.kms.katalon.core.keyword.internal.KeywordExecutor.executeKeywordForPlatform(KeywordExecutor.groovy:53)
	at com.kms.katalon.core.webui.keyword.WebUiBuiltInKeywords.click(WebUiBuiltInKeywords.groovy:616)
	at com.kms.katalon.core.webui.keyword.WebUiBuiltInKeywords$click$1.call(Unknown Source)
	at Adding products - Search flyout.run(Adding products - Search flyout:20)
	at com.kms.katalon.core.main.ScriptEngine.run(ScriptEngine.java:194)
	at com.kms.katalon.core.main.ScriptEngine.runScriptAsRawText(ScriptEngine.java:119)
	at com.kms.katalon.core.main.TestCaseExecutor.runScript(TestCaseExecutor.java:328)
	at com.kms.katalon.core.main.TestCaseExecutor.doExecute(TestCaseExecutor.java:319)
	at com.kms.katalon.core.main.TestCaseExecutor.processExecutionPhase(TestCaseExecutor.java:298)
	at com.kms.katalon.core.main.TestCaseExecutor.accessMainPhase(TestCaseExecutor.java:290)
	at com.kms.katalon.core.main.TestCaseExecutor.execute(TestCaseExecutor.java:224)
	at com.kms.katalon.core.main.TestSuiteExecutor.accessTestCaseMainPhase(TestSuiteExecutor.java:129)
	at com.kms.katalon.core.main.TestSuiteExecutor.accessTestSuiteMainPhase(TestSuiteExecutor.java:112)
	at com.kms.katalon.core.main.TestSuiteExecutor.execute(TestSuiteExecutor.java:81)
	at com.kms.katalon.core.main.TestCaseMain.startTestSuite(TestCaseMain.java:149)
	at com.kms.katalon.core.main.TestCaseMain$startTestSuite$0.call(Unknown Source)
	at TempTestSuite1565707895630.run(TempTestSuite1565707895630.groovy:36)]]></system-err>
      </testcase>
      <testcase name="Test Cases/CRITICAL PATH - SPANISH/Adding products - home page" classname="Test Cases/CRITICAL PATH - SPANISH/Adding products - home page" status="FAILED">
         <failure type="FAILED" message="Test Cases/CRITICAL PATH - SPANISH/Adding products - home page FAILED.
Reason:
com.kms.katalon.core.exception.StepFailedException: Unable to verify text 'payment' is present  (Root cause: com.kms.katalon.core.exception.StepFailedException: Text 'payment' is not present on page )
	at com.kms.katalon.core.keyword.internal.KeywordMain.stepFailed(KeywordMain.groovy:36)
	at com.kms.katalon.core.webui.keyword.internal.WebUIKeywordMain.stepFailed(WebUIKeywordMain.groovy:65)
	at com.kms.katalon.core.webui.keyword.internal.WebUIKeywordMain.runKeyword(WebUIKeywordMain.groovy:27)
	at com.kms.katalon.core.webui.keyword.builtin.VerifyTextPresentKeyword.verifyTextPresent(VerifyTextPresentKeyword.groovy:83)
	at com.kms.katalon.core.webui.keyword.builtin.VerifyTextPresentKeyword.execute(VerifyTextPresentKeyword.groovy:68)
	at com.kms.katalon.core.keyword.internal.KeywordExecutor.executeKeywordForPlatform(KeywordExecutor.groovy:53)
	at com.kms.katalon.core.webui.keyword.WebUiBuiltInKeywords.verifyTextPresent(WebUiBuiltInKeywords.groovy:1693)
	at com.kms.katalon.core.webui.keyword.WebUiBuiltInKeywords$verifyTextPresent$7.call(Unknown Source)
	at CALL- SHIPPING TO PAYMENT.run(CALL- SHIPPING TO PAYMENT:24)
	at com.kms.katalon.core.main.ScriptEngine.run(ScriptEngine.java:194)
	at com.kms.katalon.core.main.ScriptEngine.runScriptAsRawText(ScriptEngine.java:119)
	at com.kms.katalon.core.main.TestCaseExecutor.runScript(TestCaseExecutor.java:328)
	at com.kms.katalon.core.main.TestCaseExecutor.doExecute(TestCaseExecutor.java:319)
	at com.kms.katalon.core.main.TestCaseExecutor.processExecutionPhase(TestCaseExecutor.java:298)
	at com.kms.katalon.core.main.TestCaseExecutor.accessMainPhase(TestCaseExecutor.java:290)
	at com.kms.katalon.core.main.TestCaseExecutor.execute(TestCaseExecutor.java:224)
	at com.kms.katalon.core.main.TestCaseMain.runTestCase(TestCaseMain.java:106)
	at com.kms.katalon.core.keyword.builtin.CallTestCaseKeyword$_callTestCase_closure1.doCall(CallTestCaseKeyword.groovy:59)
	at com.kms.katalon.core.keyword.builtin.CallTestCaseKeyword$_callTestCase_closure1.call(CallTestCaseKeyword.groovy)
	at com.kms.katalon.core.keyword.internal.KeywordMain.runKeyword(KeywordMain.groovy:54)
	at com.kms.katalon.core.keyword.builtin.CallTestCaseKeyword.callTestCase(CallTestCaseKeyword.groovy:80)
	at com.kms.katalon.core.keyword.builtin.CallTestCaseKeyword.execute(CallTestCaseKeyword.groovy:44)
	at com.kms.katalon.core.keyword.internal.KeywordExecutor.executeKeywordForPlatform(KeywordExecutor.groovy:53)
	at com.kms.katalon.core.keyword.BuiltinKeywords.callTestCase(BuiltinKeywords.groovy:334)
	at Adding products - home page.run(Adding products - home page:94)
	at com.kms.katalon.core.main.ScriptEngine.run(ScriptEngine.java:194)
	at com.kms.katalon.core.main.ScriptEngine.runScriptAsRawText(ScriptEngine.java:119)
	at com.kms.katalon.core.main.TestCaseExecutor.runScript(TestCaseExecutor.java:328)
	at com.kms.katalon.core.main.TestCaseExecutor.doExecute(TestCaseExecutor.java:319)
	at com.kms.katalon.core.main.TestCaseExecutor.processExecutionPhase(TestCaseExecutor.java:298)
	at com.kms.katalon.core.main.TestCaseExecutor.accessMainPhase(TestCaseExecutor.java:290)
	at com.kms.katalon.core.main.TestCaseExecutor.execute(TestCaseExecutor.java:224)
	at com.kms.katalon.core.main.TestSuiteExecutor.accessTestCaseMainPhase(TestSuiteExecutor.java:129)
	at com.kms.katalon.core.main.TestSuiteExecutor.accessTestSuiteMainPhase(TestSuiteExecutor.java:112)
	at com.kms.katalon.core.main.TestSuiteExecutor.execute(TestSuiteExecutor.java:81)
	at com.kms.katalon.core.main.TestCaseMain.startTestSuite(TestCaseMain.java:149)
	at com.kms.katalon.core.main.TestCaseMain$startTestSuite$0.call(Unknown Source)
	at TempTestSuite1565707895630.run(TempTestSuite1565707895630.groovy:36)
"/>
         <system-out><![CDATA[2019-08-13 10:58:41 - [TEST_CASE][FAILED] - Test Cases/CRITICAL PATH - SPANISH/Adding products - home page: Test Cases/CRITICAL PATH - SPANISH/Adding products - home page FAILED.
Reason:
com.kms.katalon.core.exception.StepFailedException: Unable to verify text 'payment' is present  (Root cause: com.kms.katalon.core.exception.StepFailedException: Text 'payment' is not present on page )
	at com.kms.katalon.core.keyword.internal.KeywordMain.stepFailed(KeywordMain.groovy:36)
	at com.kms.katalon.core.webui.keyword.internal.WebUIKeywordMain.stepFailed(WebUIKeywordMain.groovy:65)
	at com.kms.katalon.core.webui.keyword.internal.WebUIKeywordMain.runKeyword(WebUIKeywordMain.groovy:27)
	at com.kms.katalon.core.webui.keyword.builtin.VerifyTextPresentKeyword.verifyTextPresent(VerifyTextPresentKeyword.groovy:83)
	at com.kms.katalon.core.webui.keyword.builtin.VerifyTextPresentKeyword.execute(VerifyTextPresentKeyword.groovy:68)
	at com.kms.katalon.core.keyword.internal.KeywordExecutor.executeKeywordForPlatform(KeywordExecutor.groovy:53)
	at com.kms.katalon.core.webui.keyword.WebUiBuiltInKeywords.verifyTextPresent(WebUiBuiltInKeywords.groovy:1693)
	at com.kms.katalon.core.webui.keyword.WebUiBuiltInKeywords$verifyTextPresent$7.call(Unknown Source)
	at CALL- SHIPPING TO PAYMENT.run(CALL- SHIPPING TO PAYMENT:24)
	at com.kms.katalon.core.main.ScriptEngine.run(ScriptEngine.java:194)
	at com.kms.katalon.core.main.ScriptEngine.runScriptAsRawText(ScriptEngine.java:119)
	at com.kms.katalon.core.main.TestCaseExecutor.runScript(TestCaseExecutor.java:328)
	at com.kms.katalon.core.main.TestCaseExecutor.doExecute(TestCaseExecutor.java:319)
	at com.kms.katalon.core.main.TestCaseExecutor.processExecutionPhase(TestCaseExecutor.java:298)
	at com.kms.katalon.core.main.TestCaseExecutor.accessMainPhase(TestCaseExecutor.java:290)
	at com.kms.katalon.core.main.TestCaseExecutor.execute(TestCaseExecutor.java:224)
	at com.kms.katalon.core.main.TestCaseMain.runTestCase(TestCaseMain.java:106)
	at com.kms.katalon.core.keyword.builtin.CallTestCaseKeyword$_callTestCase_closure1.doCall(CallTestCaseKeyword.groovy:59)
	at com.kms.katalon.core.keyword.builtin.CallTestCaseKeyword$_callTestCase_closure1.call(CallTestCaseKeyword.groovy)
	at com.kms.katalon.core.keyword.internal.KeywordMain.runKeyword(KeywordMain.groovy:54)
	at com.kms.katalon.core.keyword.builtin.CallTestCaseKeyword.callTestCase(CallTestCaseKeyword.groovy:80)
	at com.kms.katalon.core.keyword.builtin.CallTestCaseKeyword.execute(CallTestCaseKeyword.groovy:44)
	at com.kms.katalon.core.keyword.internal.KeywordExecutor.executeKeywordForPlatform(KeywordExecutor.groovy:53)
	at com.kms.katalon.core.keyword.BuiltinKeywords.callTestCase(BuiltinKeywords.groovy:334)
	at Adding products - home page.run(Adding products - home page:94)
	at com.kms.katalon.core.main.ScriptEngine.run(ScriptEngine.java:194)
	at com.kms.katalon.core.main.ScriptEngine.runScriptAsRawText(ScriptEngine.java:119)
	at com.kms.katalon.core.main.TestCaseExecutor.runScript(TestCaseExecutor.java:328)
	at com.kms.katalon.core.main.TestCaseExecutor.doExecute(TestCaseExecutor.java:319)
	at com.kms.katalon.core.main.TestCaseExecutor.processExecutionPhase(TestCaseExecutor.java:298)
	at com.kms.katalon.core.main.TestCaseExecutor.accessMainPhase(TestCaseExecutor.java:290)
	at com.kms.katalon.core.main.TestCaseExecutor.execute(TestCaseExecutor.java:224)
	at com.kms.katalon.core.main.TestSuiteExecutor.accessTestCaseMainPhase(TestSuiteExecutor.java:129)
	at com.kms.katalon.core.main.TestSuiteExecutor.accessTestSuiteMainPhase(TestSuiteExecutor.java:112)
	at com.kms.katalon.core.main.TestSuiteExecutor.execute(TestSuiteExecutor.java:81)
	at com.kms.katalon.core.main.TestCaseMain.startTestSuite(TestCaseMain.java:149)
	at com.kms.katalon.core.main.TestCaseMain$startTestSuite$0.call(Unknown Source)
	at TempTestSuite1565707895630.run(TempTestSuite1565707895630.groovy:36)


2019-08-13 10:58:41 - [TEST_STEP][PASSED] - callTestCase(findTestCase("CALL - LANGUAGE TOGGLER"), [:], STOP_ON_FAILURE): Call Test Case 'Test Cases/CALL - LANGUAGE TOGGLER' successfully

2019-08-13 10:58:41 - [TEST_CASE][PASSED] - Test Cases/CALL - LANGUAGE TOGGLER: Test Cases/CALL - LANGUAGE TOGGLER

2019-08-13 10:58:41 - [TEST_STEP][PASSED] - callTestCase(findTestCase("CALL-URL"), [:], STOP_ON_FAILURE): Call Test Case 'Test Cases/CALL-URL' successfully

2019-08-13 10:58:42 - [TEST_CASE][PASSED] - Test Cases/CALL-URL: Test Cases/CALL-URL

2019-08-13 10:58:42 - [TEST_STEP][PASSED] - openBrowser(""): Browser is opened with url: ''

2019-08-13 10:58:42 - [MESSAGE][WARNING] - A browser is already opened. Closing browser and opening a new one

2019-08-13 10:58:42 - [MESSAGE][INFO] - Starting 'Chrome' driver

2019-08-13 10:58:43 - [MESSAGE][PASSED] - Browser is opened with url: ''

2019-08-13 10:58:43 - [TEST_STEP][PASSED] - navigateToUrl("https://charlotterusse.com/"): Navigate to 'https://charlotterusse.com/' successfully

2019-08-13 10:58:46 - [MESSAGE][PASSED] - Navigate to 'https://charlotterusse.com/' successfully

2019-08-13 10:58:46 - [TEST_STEP][PASSED] - click(findTestObject("CR-DESKTOP/Window pop up/language- english")): Object: 'Object Repository/CR-DESKTOP/Window pop up/language- english' is clicked on

2019-08-13 10:58:46 - [MESSAGE][PASSED] - Object: 'Object Repository/CR-DESKTOP/Window pop up/language- english' is clicked on

2019-08-13 10:58:46 - [TEST_STEP][PASSED] - click(findTestObject("CR-DESKTOP/Window pop up/Pop up - close")): Object: 'Object Repository/CR-DESKTOP/Window pop up/Pop up - close' is clicked on

2019-08-13 10:58:46 - [MESSAGE][PASSED] - Object: 'Object Repository/CR-DESKTOP/Window pop up/Pop up - close' is clicked on

2019-08-13 10:58:46 - [TEST_STEP][PASSED] - maximizeWindow(): Current window maximized

2019-08-13 10:58:46 - [MESSAGE][PASSED] - Current window maximized

2019-08-13 10:58:46 - [MESSAGE][PASSED] - Call Test Case 'Test Cases/CALL-URL' successfully

2019-08-13 10:58:46 - [TEST_STEP][PASSED] - delay(2): Delayed 2 second(s)

2019-08-13 10:58:48 - [MESSAGE][PASSED] - Delayed 2 second(s)

2019-08-13 10:58:48 - [TEST_STEP][PASSED] - click(findTestObject("CR-DESKTOP/Home page/Spanish")): Object: 'Object Repository/CR-DESKTOP/Home page/Spanish' is clicked on

2019-08-13 10:58:48 - [MESSAGE][PASSED] - Object: 'Object Repository/CR-DESKTOP/Home page/Spanish' is clicked on

2019-08-13 10:58:48 - [MESSAGE][PASSED] - Call Test Case 'Test Cases/CALL - LANGUAGE TOGGLER' successfully

2019-08-13 10:58:48 - [TEST_STEP][PASSED] - delay(2): Delayed 2 second(s)

2019-08-13 10:58:50 - [MESSAGE][PASSED] - Delayed 2 second(s)

2019-08-13 10:58:50 - [TEST_STEP][PASSED] - click(findTestObject("CR-DESKTOP - SPANISH/Home page/Add prod - home page/Hero banner - 1 st")): Object: 'Object Repository/CR-DESKTOP - SPANISH/Home page/Add prod - home page/Hero banner - 1 st' is clicked on

2019-08-13 10:58:53 - [MESSAGE][PASSED] - Object: 'Object Repository/CR-DESKTOP - SPANISH/Home page/Add prod - home page/Hero banner - 1 st' is clicked on

2019-08-13 10:58:53 - [TEST_STEP][PASSED] - delay(2): Delayed 2 second(s)

2019-08-13 10:58:55 - [MESSAGE][PASSED] - Delayed 2 second(s)

2019-08-13 10:58:55 - [TEST_STEP][PASSED] - click(findTestObject("CR-DESKTOP/Home page/Add prod - home page/1 st product")): Object: 'Object Repository/CR-DESKTOP/Home page/Add prod - home page/1 st product' is clicked on

2019-08-13 10:58:57 - [MESSAGE][PASSED] - Object: 'Object Repository/CR-DESKTOP/Home page/Add prod - home page/1 st product' is clicked on

2019-08-13 10:58:57 - [TEST_STEP][PASSED] - delay(2): Delayed 2 second(s)

2019-08-13 10:58:59 - [MESSAGE][PASSED] - Delayed 2 second(s)

2019-08-13 10:58:59 - [TEST_STEP][PASSED] - click(findTestObject("CR-DESKTOP - SPANISH/Home page/Add prod - home page/Black variant")): Object: 'Object Repository/CR-DESKTOP - SPANISH/Home page/Add prod - home page/Black variant' is clicked on

2019-08-13 10:58:59 - [MESSAGE][PASSED] - Object: 'Object Repository/CR-DESKTOP - SPANISH/Home page/Add prod - home page/Black variant' is clicked on

2019-08-13 10:58:59 - [TEST_STEP][PASSED] - delay(2): Delayed 2 second(s)

2019-08-13 10:59:01 - [MESSAGE][PASSED] - Delayed 2 second(s)

2019-08-13 10:59:01 - [TEST_STEP][PASSED] - click(findTestObject("CR-DESKTOP/Home page/Add prod - home page/Size - SP")): Object: 'Object Repository/CR-DESKTOP/Home page/Add prod - home page/Size - SP' is clicked on

2019-08-13 10:59:02 - [MESSAGE][PASSED] - Object: 'Object Repository/CR-DESKTOP/Home page/Add prod - home page/Size - SP' is clicked on

2019-08-13 10:59:02 - [TEST_STEP][PASSED] - delay(2): Delayed 2 second(s)

2019-08-13 10:59:04 - [MESSAGE][PASSED] - Delayed 2 second(s)

2019-08-13 10:59:04 - [TEST_STEP][PASSED] - click(findTestObject("CR-DESKTOP - SPANISH/product page/Add to bag")): Object: 'Object Repository/CR-DESKTOP - SPANISH/product page/Add to bag' is clicked on

2019-08-13 10:59:04 - [MESSAGE][PASSED] - Object: 'Object Repository/CR-DESKTOP - SPANISH/product page/Add to bag' is clicked on

2019-08-13 10:59:04 - [TEST_STEP][PASSED] - delay(2): Delayed 2 second(s)

2019-08-13 10:59:06 - [MESSAGE][PASSED] - Delayed 2 second(s)

2019-08-13 10:59:06 - [TEST_STEP][PASSED] - click(findTestObject("CR-DESKTOP/Cart flyout/cart collpase")): Object: 'Object Repository/CR-DESKTOP/Cart flyout/cart collpase' is clicked on

2019-08-13 10:59:06 - [MESSAGE][PASSED] - Object: 'Object Repository/CR-DESKTOP/Cart flyout/cart collpase' is clicked on

2019-08-13 10:59:06 - [TEST_STEP][PASSED] - delay(2): Delayed 2 second(s)

2019-08-13 10:59:08 - [MESSAGE][PASSED] - Delayed 2 second(s)

2019-08-13 10:59:08 - [TEST_STEP][PASSED] - click(findTestObject("CR-DESKTOP/Home page/Add prod - home page/Charlotte russe icon")): Object: 'Object Repository/CR-DESKTOP/Home page/Add prod - home page/Charlotte russe icon' is clicked on

2019-08-13 10:59:10 - [MESSAGE][PASSED] - Object: 'Object Repository/CR-DESKTOP/Home page/Add prod - home page/Charlotte russe icon' is clicked on

2019-08-13 10:59:10 - [TEST_STEP][PASSED] - click(findTestObject("CR-DESKTOP - SPANISH/Home page/Add prod - home page/Hero banner - 2nd")): Object: 'Object Repository/CR-DESKTOP - SPANISH/Home page/Add prod - home page/Hero banner - 2nd' is clicked on

2019-08-13 10:59:13 - [MESSAGE][PASSED] - Object: 'Object Repository/CR-DESKTOP - SPANISH/Home page/Add prod - home page/Hero banner - 2nd' is clicked on

2019-08-13 10:59:13 - [TEST_STEP][PASSED] - delay(2): Delayed 2 second(s)

2019-08-13 10:59:15 - [MESSAGE][PASSED] - Delayed 2 second(s)

2019-08-13 10:59:15 - [TEST_STEP][PASSED] - click(findTestObject("CR-DESKTOP/Home page/Add prod - home page/2 nd product")): Object: 'Object Repository/CR-DESKTOP/Home page/Add prod - home page/2 nd product' is clicked on

2019-08-13 10:59:17 - [MESSAGE][PASSED] - Object: 'Object Repository/CR-DESKTOP/Home page/Add prod - home page/2 nd product' is clicked on

2019-08-13 10:59:17 - [TEST_STEP][PASSED] - delay(2): Delayed 2 second(s)

2019-08-13 10:59:19 - [MESSAGE][PASSED] - Delayed 2 second(s)

2019-08-13 10:59:19 - [TEST_STEP][PASSED] - click(findTestObject("CR-DESKTOP/Home page/Add prod - home page/Size - SP")): Object: 'Object Repository/CR-DESKTOP/Home page/Add prod - home page/Size - SP' is clicked on

2019-08-13 10:59:19 - [MESSAGE][PASSED] - Object: 'Object Repository/CR-DESKTOP/Home page/Add prod - home page/Size - SP' is clicked on

2019-08-13 10:59:19 - [TEST_STEP][PASSED] - delay(2): Delayed 2 second(s)

2019-08-13 10:59:21 - [MESSAGE][PASSED] - Delayed 2 second(s)

2019-08-13 10:59:21 - [TEST_STEP][PASSED] - click(findTestObject("CR-DESKTOP - SPANISH/product page/Add to bag")): Object: 'Object Repository/CR-DESKTOP - SPANISH/product page/Add to bag' is clicked on

2019-08-13 10:59:21 - [MESSAGE][PASSED] - Object: 'Object Repository/CR-DESKTOP - SPANISH/product page/Add to bag' is clicked on

2019-08-13 10:59:21 - [TEST_STEP][PASSED] - delay(2): Delayed 2 second(s)

2019-08-13 10:59:23 - [MESSAGE][PASSED] - Delayed 2 second(s)

2019-08-13 10:59:23 - [TEST_STEP][PASSED] - click(findTestObject("CR-DESKTOP/Cart flyout/cart collpase")): Object: 'Object Repository/CR-DESKTOP/Cart flyout/cart collpase' is clicked on

2019-08-13 10:59:23 - [MESSAGE][PASSED] - Object: 'Object Repository/CR-DESKTOP/Cart flyout/cart collpase' is clicked on

2019-08-13 10:59:23 - [TEST_STEP][PASSED] - delay(2): Delayed 2 second(s)

2019-08-13 10:59:25 - [MESSAGE][PASSED] - Delayed 2 second(s)

2019-08-13 10:59:25 - [TEST_STEP][PASSED] - click(findTestObject("CR-DESKTOP/Home page/Add prod - home page/Charlotte russe icon")): Object: 'Object Repository/CR-DESKTOP/Home page/Add prod - home page/Charlotte russe icon' is clicked on

2019-08-13 10:59:27 - [MESSAGE][PASSED] - Object: 'Object Repository/CR-DESKTOP/Home page/Add prod - home page/Charlotte russe icon' is clicked on

2019-08-13 10:59:27 - [TEST_STEP][PASSED] - delay(2): Delayed 2 second(s)

2019-08-13 10:59:29 - [MESSAGE][PASSED] - Delayed 2 second(s)

2019-08-13 10:59:29 - [TEST_STEP][PASSED] - click(findTestObject("CR-DESKTOP - SPANISH/Home page/Add prod - home page/middle tile - home page")): Object: 'Object Repository/CR-DESKTOP - SPANISH/Home page/Add prod - home page/middle tile - home page' is clicked on

2019-08-13 10:59:34 - [MESSAGE][PASSED] - Object: 'Object Repository/CR-DESKTOP - SPANISH/Home page/Add prod - home page/middle tile - home page' is clicked on

2019-08-13 10:59:34 - [TEST_STEP][PASSED] - delay(2): Delayed 2 second(s)

2019-08-13 10:59:36 - [MESSAGE][PASSED] - Delayed 2 second(s)

2019-08-13 10:59:36 - [TEST_STEP][PASSED] - click(findTestObject("CR-DESKTOP/Home page/Add prod - home page/3 rd product")): Object: 'Object Repository/CR-DESKTOP/Home page/Add prod - home page/3 rd product' is clicked on

2019-08-13 10:59:39 - [MESSAGE][PASSED] - Object: 'Object Repository/CR-DESKTOP/Home page/Add prod - home page/3 rd product' is clicked on

2019-08-13 10:59:39 - [TEST_STEP][PASSED] - delay(2): Delayed 2 second(s)

2019-08-13 10:59:41 - [MESSAGE][PASSED] - Delayed 2 second(s)

2019-08-13 10:59:41 - [TEST_STEP][PASSED] - click(findTestObject("CR-DESKTOP - SPANISH/Home page/Add prod - home page/Neon orange varaint")): Object: 'Object Repository/CR-DESKTOP - SPANISH/Home page/Add prod - home page/Neon orange varaint' is clicked on

2019-08-13 10:59:41 - [MESSAGE][PASSED] - Object: 'Object Repository/CR-DESKTOP - SPANISH/Home page/Add prod - home page/Neon orange varaint' is clicked on

2019-08-13 10:59:41 - [TEST_STEP][PASSED] - delay(2): Delayed 2 second(s)

2019-08-13 10:59:43 - [MESSAGE][PASSED] - Delayed 2 second(s)

2019-08-13 10:59:43 - [TEST_STEP][PASSED] - click(findTestObject("CR-DESKTOP/Home page/Add prod - home page/Size - SP")): Object: 'Object Repository/CR-DESKTOP/Home page/Add prod - home page/Size - SP' is clicked on

2019-08-13 10:59:43 - [MESSAGE][PASSED] - Object: 'Object Repository/CR-DESKTOP/Home page/Add prod - home page/Size - SP' is clicked on

2019-08-13 10:59:43 - [TEST_STEP][PASSED] - delay(2): Delayed 2 second(s)

2019-08-13 10:59:45 - [MESSAGE][PASSED] - Delayed 2 second(s)

2019-08-13 10:59:45 - [TEST_STEP][PASSED] - click(findTestObject("CR-DESKTOP - SPANISH/product page/Add to bag")): Object: 'Object Repository/CR-DESKTOP - SPANISH/product page/Add to bag' is clicked on

2019-08-13 10:59:45 - [MESSAGE][PASSED] - Object: 'Object Repository/CR-DESKTOP - SPANISH/product page/Add to bag' is clicked on

2019-08-13 10:59:45 - [TEST_STEP][PASSED] - delay(2): Delayed 2 second(s)

2019-08-13 10:59:47 - [MESSAGE][PASSED] - Delayed 2 second(s)

2019-08-13 10:59:47 - [TEST_STEP][PASSED] - click(findTestObject("CR-DESKTOP/Cart flyout/Checkout")): Object: 'Object Repository/CR-DESKTOP/Cart flyout/Checkout' is clicked on

2019-08-13 10:59:51 - [MESSAGE][PASSED] - Object: 'Object Repository/CR-DESKTOP/Cart flyout/Checkout' is clicked on

2019-08-13 10:59:51 - [TEST_STEP][PASSED] - callTestCase(findTestCase("CALL - CUTOMER INFO PAGE"), [:], STOP_ON_FAILURE): Call Test Case 'Test Cases/CALL - CUTOMER INFO PAGE' successfully

2019-08-13 10:59:51 - [TEST_CASE][PASSED] - Test Cases/CALL - CUTOMER INFO PAGE: Test Cases/CALL - CUTOMER INFO PAGE

2019-08-13 10:59:51 - [TEST_STEP][PASSED] - setText(findTestObject("CR-DESKTOP/Customer info page/Email"), "suman@gmail.com"): Text 'suman@gmail.com' is set on object 'Object Repository/CR-DESKTOP/Customer info page/Email'

2019-08-13 10:59:52 - [MESSAGE][PASSED] - Text 'suman@gmail.com' is set on object 'Object Repository/CR-DESKTOP/Customer info page/Email'

2019-08-13 10:59:52 - [TEST_STEP][PASSED] - delay(1): Delayed 1 second(s)

2019-08-13 10:59:53 - [MESSAGE][PASSED] - Delayed 1 second(s)

2019-08-13 10:59:53 - [TEST_STEP][PASSED] - setText(findTestObject("CR-DESKTOP/Customer info page/First name"), "suman"): Text 'suman' is set on object 'Object Repository/CR-DESKTOP/Customer info page/First name'

2019-08-13 10:59:53 - [MESSAGE][PASSED] - Text 'suman' is set on object 'Object Repository/CR-DESKTOP/Customer info page/First name'

2019-08-13 10:59:53 - [TEST_STEP][PASSED] - delay(1): Delayed 1 second(s)

2019-08-13 10:59:54 - [MESSAGE][PASSED] - Delayed 1 second(s)

2019-08-13 10:59:54 - [TEST_STEP][PASSED] - setText(findTestObject("CR-DESKTOP/Customer info page/Last name"), "kompelly"): Text 'kompelly' is set on object 'Object Repository/CR-DESKTOP/Customer info page/Last name'

2019-08-13 10:59:54 - [MESSAGE][PASSED] - Text 'kompelly' is set on object 'Object Repository/CR-DESKTOP/Customer info page/Last name'

2019-08-13 10:59:54 - [TEST_STEP][PASSED] - delay(1): Delayed 1 second(s)

2019-08-13 10:59:55 - [MESSAGE][PASSED] - Delayed 1 second(s)

2019-08-13 10:59:55 - [TEST_STEP][PASSED] - setText(findTestObject("CR-DESKTOP/Customer info page/Address"), "123 saint alxendre"): Text '123 saint alxendre' is set on object 'Object Repository/CR-DESKTOP/Customer info page/Address'

2019-08-13 10:59:55 - [MESSAGE][PASSED] - Text '123 saint alxendre' is set on object 'Object Repository/CR-DESKTOP/Customer info page/Address'

2019-08-13 10:59:55 - [TEST_STEP][PASSED] - delay(1): Delayed 1 second(s)

2019-08-13 10:59:56 - [MESSAGE][PASSED] - Delayed 1 second(s)

2019-08-13 10:59:56 - [TEST_STEP][PASSED] - setText(findTestObject("CR-DESKTOP/Customer info page/apt suite"), "199"): Text '199' is set on object 'Object Repository/CR-DESKTOP/Customer info page/apt suite'

2019-08-13 10:59:56 - [MESSAGE][PASSED] - Text '199' is set on object 'Object Repository/CR-DESKTOP/Customer info page/apt suite'

2019-08-13 10:59:56 - [TEST_STEP][PASSED] - delay(1): Delayed 1 second(s)

2019-08-13 10:59:57 - [MESSAGE][PASSED] - Delayed 1 second(s)

2019-08-13 10:59:57 - [TEST_STEP][PASSED] - setText(findTestObject("CR-DESKTOP/Customer info page/City"), "montreal"): Text 'montreal' is set on object 'Object Repository/CR-DESKTOP/Customer info page/City'

2019-08-13 10:59:57 - [MESSAGE][PASSED] - Text 'montreal' is set on object 'Object Repository/CR-DESKTOP/Customer info page/City'

2019-08-13 10:59:57 - [TEST_STEP][PASSED] - delay(1): Delayed 1 second(s)

2019-08-13 10:59:58 - [MESSAGE][PASSED] - Delayed 1 second(s)

2019-08-13 10:59:58 - [TEST_STEP][PASSED] - selectOptionByValue(findTestObject("CR-DESKTOP/Customer info page/state dropdown"), "NJ", true): All options with value 'NJ' are selected in object 'Object Repository/CR-DESKTOP/Customer info page/state dropdown'  using regular expression

2019-08-13 10:59:59 - [MESSAGE][PASSED] - All options with value 'NJ' are selected in object 'Object Repository/CR-DESKTOP/Customer info page/state dropdown'  using regular expression

2019-08-13 10:59:59 - [TEST_STEP][PASSED] - delay(1): Delayed 1 second(s)

2019-08-13 11:00:00 - [MESSAGE][PASSED] - Delayed 1 second(s)

2019-08-13 11:00:00 - [TEST_STEP][PASSED] - setText(findTestObject("CR-DESKTOP/Customer info page/Zip code"), "07057"): Text '07057' is set on object 'Object Repository/CR-DESKTOP/Customer info page/Zip code'

2019-08-13 11:00:00 - [MESSAGE][PASSED] - Text '07057' is set on object 'Object Repository/CR-DESKTOP/Customer info page/Zip code'

2019-08-13 11:00:00 - [MESSAGE][PASSED] - Call Test Case 'Test Cases/CALL - CUTOMER INFO PAGE' successfully

2019-08-13 11:00:00 - [TEST_STEP][FAILED] - callTestCase(findTestCase("CALL- SHIPPING TO PAYMENT"), [:], STOP_ON_FAILURE): callTestCase(findTestCase("CALL- SHIPPING TO PAYMENT"), [:], STOP_ON_FAILURE) FAILED.
Reason:
com.kms.katalon.core.exception.StepFailedException: Unable to verify text 'payment' is present  (Root cause: com.kms.katalon.core.exception.StepFailedException: Text 'payment' is not present on page )
	at com.kms.katalon.core.keyword.internal.KeywordMain.stepFailed(KeywordMain.groovy:36)
	at com.kms.katalon.core.webui.keyword.internal.WebUIKeywordMain.stepFailed(WebUIKeywordMain.groovy:65)
	at com.kms.katalon.core.webui.keyword.internal.WebUIKeywordMain.runKeyword(WebUIKeywordMain.groovy:27)
	at com.kms.katalon.core.webui.keyword.builtin.VerifyTextPresentKeyword.verifyTextPresent(VerifyTextPresentKeyword.groovy:83)
	at com.kms.katalon.core.webui.keyword.builtin.VerifyTextPresentKeyword.execute(VerifyTextPresentKeyword.groovy:68)
	at com.kms.katalon.core.keyword.internal.KeywordExecutor.executeKeywordForPlatform(KeywordExecutor.groovy:53)
	at com.kms.katalon.core.webui.keyword.WebUiBuiltInKeywords.verifyTextPresent(WebUiBuiltInKeywords.groovy:1693)
	at com.kms.katalon.core.webui.keyword.WebUiBuiltInKeywords$verifyTextPresent$7.call(Unknown Source)
	at CALL- SHIPPING TO PAYMENT.run(CALL- SHIPPING TO PAYMENT:24)
	at com.kms.katalon.core.main.ScriptEngine.run(ScriptEngine.java:194)
	at com.kms.katalon.core.main.ScriptEngine.runScriptAsRawText(ScriptEngine.java:119)
	at com.kms.katalon.core.main.TestCaseExecutor.runScript(TestCaseExecutor.java:328)
	at com.kms.katalon.core.main.TestCaseExecutor.doExecute(TestCaseExecutor.java:319)
	at com.kms.katalon.core.main.TestCaseExecutor.processExecutionPhase(TestCaseExecutor.java:298)
	at com.kms.katalon.core.main.TestCaseExecutor.accessMainPhase(TestCaseExecutor.java:290)
	at com.kms.katalon.core.main.TestCaseExecutor.execute(TestCaseExecutor.java:224)
	at com.kms.katalon.core.main.TestCaseMain.runTestCase(TestCaseMain.java:106)
	at com.kms.katalon.core.keyword.builtin.CallTestCaseKeyword$_callTestCase_closure1.doCall(CallTestCaseKeyword.groovy:59)
	at com.kms.katalon.core.keyword.builtin.CallTestCaseKeyword$_callTestCase_closure1.call(CallTestCaseKeyword.groovy)
	at com.kms.katalon.core.keyword.internal.KeywordMain.runKeyword(KeywordMain.groovy:54)
	at com.kms.katalon.core.keyword.builtin.CallTestCaseKeyword.callTestCase(CallTestCaseKeyword.groovy:80)
	at com.kms.katalon.core.keyword.builtin.CallTestCaseKeyword.execute(CallTestCaseKeyword.groovy:44)
	at com.kms.katalon.core.keyword.internal.KeywordExecutor.executeKeywordForPlatform(KeywordExecutor.groovy:53)
	at com.kms.katalon.core.keyword.BuiltinKeywords.callTestCase(BuiltinKeywords.groovy:334)
	at Adding products - home page.run(Adding products - home page:94)
	at com.kms.katalon.core.main.ScriptEngine.run(ScriptEngine.java:194)
	at com.kms.katalon.core.main.ScriptEngine.runScriptAsRawText(ScriptEngine.java:119)
	at com.kms.katalon.core.main.TestCaseExecutor.runScript(TestCaseExecutor.java:328)
	at com.kms.katalon.core.main.TestCaseExecutor.doExecute(TestCaseExecutor.java:319)
	at com.kms.katalon.core.main.TestCaseExecutor.processExecutionPhase(TestCaseExecutor.java:298)
	at com.kms.katalon.core.main.TestCaseExecutor.accessMainPhase(TestCaseExecutor.java:290)
	at com.kms.katalon.core.main.TestCaseExecutor.execute(TestCaseExecutor.java:224)
	at com.kms.katalon.core.main.TestSuiteExecutor.accessTestCaseMainPhase(TestSuiteExecutor.java:129)
	at com.kms.katalon.core.main.TestSuiteExecutor.accessTestSuiteMainPhase(TestSuiteExecutor.java:112)
	at com.kms.katalon.core.main.TestSuiteExecutor.execute(TestSuiteExecutor.java:81)
	at com.kms.katalon.core.main.TestCaseMain.startTestSuite(TestCaseMain.java:149)
	at com.kms.katalon.core.main.TestCaseMain$startTestSuite$0.call(Unknown Source)
	at TempTestSuite1565707895630.run(TempTestSuite1565707895630.groovy:36)


2019-08-13 11:00:00 - [TEST_CASE][FAILED] - Test Cases/CALL- SHIPPING TO PAYMENT: Test Cases/CALL- SHIPPING TO PAYMENT FAILED.
Reason:
com.kms.katalon.core.exception.StepFailedException: Unable to verify text 'payment' is present  (Root cause: com.kms.katalon.core.exception.StepFailedException: Text 'payment' is not present on page )
	at com.kms.katalon.core.keyword.internal.KeywordMain.stepFailed(KeywordMain.groovy:36)
	at com.kms.katalon.core.webui.keyword.internal.WebUIKeywordMain.stepFailed(WebUIKeywordMain.groovy:65)
	at com.kms.katalon.core.webui.keyword.internal.WebUIKeywordMain.runKeyword(WebUIKeywordMain.groovy:27)
	at com.kms.katalon.core.webui.keyword.builtin.VerifyTextPresentKeyword.verifyTextPresent(VerifyTextPresentKeyword.groovy:83)
	at com.kms.katalon.core.webui.keyword.builtin.VerifyTextPresentKeyword.execute(VerifyTextPresentKeyword.groovy:68)
	at com.kms.katalon.core.keyword.internal.KeywordExecutor.executeKeywordForPlatform(KeywordExecutor.groovy:53)
	at com.kms.katalon.core.webui.keyword.WebUiBuiltInKeywords.verifyTextPresent(WebUiBuiltInKeywords.groovy:1693)
	at com.kms.katalon.core.webui.keyword.WebUiBuiltInKeywords$verifyTextPresent$7.call(Unknown Source)
	at CALL- SHIPPING TO PAYMENT.run(CALL- SHIPPING TO PAYMENT:24)
	at com.kms.katalon.core.main.ScriptEngine.run(ScriptEngine.java:194)
	at com.kms.katalon.core.main.ScriptEngine.runScriptAsRawText(ScriptEngine.java:119)
	at com.kms.katalon.core.main.TestCaseExecutor.runScript(TestCaseExecutor.java:328)
	at com.kms.katalon.core.main.TestCaseExecutor.doExecute(TestCaseExecutor.java:319)
	at com.kms.katalon.core.main.TestCaseExecutor.processExecutionPhase(TestCaseExecutor.java:298)
	at com.kms.katalon.core.main.TestCaseExecutor.accessMainPhase(TestCaseExecutor.java:290)
	at com.kms.katalon.core.main.TestCaseExecutor.execute(TestCaseExecutor.java:224)
	at com.kms.katalon.core.main.TestCaseMain.runTestCase(TestCaseMain.java:106)
	at com.kms.katalon.core.keyword.builtin.CallTestCaseKeyword$_callTestCase_closure1.doCall(CallTestCaseKeyword.groovy:59)
	at com.kms.katalon.core.keyword.builtin.CallTestCaseKeyword$_callTestCase_closure1.call(CallTestCaseKeyword.groovy)
	at com.kms.katalon.core.keyword.internal.KeywordMain.runKeyword(KeywordMain.groovy:54)
	at com.kms.katalon.core.keyword.builtin.CallTestCaseKeyword.callTestCase(CallTestCaseKeyword.groovy:80)
	at com.kms.katalon.core.keyword.builtin.CallTestCaseKeyword.execute(CallTestCaseKeyword.groovy:44)
	at com.kms.katalon.core.keyword.internal.KeywordExecutor.executeKeywordForPlatform(KeywordExecutor.groovy:53)
	at com.kms.katalon.core.keyword.BuiltinKeywords.callTestCase(BuiltinKeywords.groovy:334)
	at Adding products - home page.run(Adding products - home page:94)
	at com.kms.katalon.core.main.ScriptEngine.run(ScriptEngine.java:194)
	at com.kms.katalon.core.main.ScriptEngine.runScriptAsRawText(ScriptEngine.java:119)
	at com.kms.katalon.core.main.TestCaseExecutor.runScript(TestCaseExecutor.java:328)
	at com.kms.katalon.core.main.TestCaseExecutor.doExecute(TestCaseExecutor.java:319)
	at com.kms.katalon.core.main.TestCaseExecutor.processExecutionPhase(TestCaseExecutor.java:298)
	at com.kms.katalon.core.main.TestCaseExecutor.accessMainPhase(TestCaseExecutor.java:290)
	at com.kms.katalon.core.main.TestCaseExecutor.execute(TestCaseExecutor.java:224)
	at com.kms.katalon.core.main.TestSuiteExecutor.accessTestCaseMainPhase(TestSuiteExecutor.java:129)
	at com.kms.katalon.core.main.TestSuiteExecutor.accessTestSuiteMainPhase(TestSuiteExecutor.java:112)
	at com.kms.katalon.core.main.TestSuiteExecutor.execute(TestSuiteExecutor.java:81)
	at com.kms.katalon.core.main.TestCaseMain.startTestSuite(TestCaseMain.java:149)
	at com.kms.katalon.core.main.TestCaseMain$startTestSuite$0.call(Unknown Source)
	at TempTestSuite1565707895630.run(TempTestSuite1565707895630.groovy:36)


2019-08-13 11:00:00 - [TEST_STEP][PASSED] - click(findTestObject("CR-DESKTOP/Customer info page/Continue to shipping")): Object: 'Object Repository/CR-DESKTOP/Customer info page/Continue to shipping' is clicked on

2019-08-13 11:00:01 - [MESSAGE][PASSED] - Object: 'Object Repository/CR-DESKTOP/Customer info page/Continue to shipping' is clicked on

2019-08-13 11:00:01 - [TEST_STEP][PASSED] - delay(2): Delayed 2 second(s)

2019-08-13 11:00:03 - [MESSAGE][PASSED] - Delayed 2 second(s)

2019-08-13 11:00:03 - [TEST_STEP][PASSED] - click(findTestObject("CR-DESKTOP/Payment page/Continue to payment")): Object: 'Object Repository/CR-DESKTOP/Payment page/Continue to payment' is clicked on

2019-08-13 11:00:07 - [MESSAGE][PASSED] - Object: 'Object Repository/CR-DESKTOP/Payment page/Continue to payment' is clicked on

2019-08-13 11:00:07 - [TEST_STEP][PASSED] - delay(2): Delayed 2 second(s)

2019-08-13 11:00:09 - [MESSAGE][PASSED] - Delayed 2 second(s)

2019-08-13 11:00:09 - [TEST_STEP][FAILED] - verifyTextPresent("payment", false): verifyTextPresent("payment", false) FAILED.
Reason:
com.kms.katalon.core.exception.StepFailedException: Unable to verify text 'payment' is present  (Root cause: com.kms.katalon.core.exception.StepFailedException: Text 'payment' is not present on page )
	at com.kms.katalon.core.keyword.internal.KeywordMain.stepFailed(KeywordMain.groovy:36)
	at com.kms.katalon.core.webui.keyword.internal.WebUIKeywordMain.stepFailed(WebUIKeywordMain.groovy:65)
	at com.kms.katalon.core.webui.keyword.internal.WebUIKeywordMain.runKeyword(WebUIKeywordMain.groovy:27)
	at com.kms.katalon.core.webui.keyword.builtin.VerifyTextPresentKeyword.verifyTextPresent(VerifyTextPresentKeyword.groovy:83)
	at com.kms.katalon.core.webui.keyword.builtin.VerifyTextPresentKeyword.execute(VerifyTextPresentKeyword.groovy:68)
	at com.kms.katalon.core.keyword.internal.KeywordExecutor.executeKeywordForPlatform(KeywordExecutor.groovy:53)
	at com.kms.katalon.core.webui.keyword.WebUiBuiltInKeywords.verifyTextPresent(WebUiBuiltInKeywords.groovy:1693)
	at com.kms.katalon.core.webui.keyword.WebUiBuiltInKeywords$verifyTextPresent$7.call(Unknown Source)
	at CALL- SHIPPING TO PAYMENT.run(CALL- SHIPPING TO PAYMENT:24)
	at com.kms.katalon.core.main.ScriptEngine.run(ScriptEngine.java:194)
	at com.kms.katalon.core.main.ScriptEngine.runScriptAsRawText(ScriptEngine.java:119)
	at com.kms.katalon.core.main.TestCaseExecutor.runScript(TestCaseExecutor.java:328)
	at com.kms.katalon.core.main.TestCaseExecutor.doExecute(TestCaseExecutor.java:319)
	at com.kms.katalon.core.main.TestCaseExecutor.processExecutionPhase(TestCaseExecutor.java:298)
	at com.kms.katalon.core.main.TestCaseExecutor.accessMainPhase(TestCaseExecutor.java:290)
	at com.kms.katalon.core.main.TestCaseExecutor.execute(TestCaseExecutor.java:224)
	at com.kms.katalon.core.main.TestCaseMain.runTestCase(TestCaseMain.java:106)
	at com.kms.katalon.core.keyword.builtin.CallTestCaseKeyword$_callTestCase_closure1.doCall(CallTestCaseKeyword.groovy:59)
	at com.kms.katalon.core.keyword.builtin.CallTestCaseKeyword$_callTestCase_closure1.call(CallTestCaseKeyword.groovy)
	at com.kms.katalon.core.keyword.internal.KeywordMain.runKeyword(KeywordMain.groovy:54)
	at com.kms.katalon.core.keyword.builtin.CallTestCaseKeyword.callTestCase(CallTestCaseKeyword.groovy:80)
	at com.kms.katalon.core.keyword.builtin.CallTestCaseKeyword.execute(CallTestCaseKeyword.groovy:44)
	at com.kms.katalon.core.keyword.internal.KeywordExecutor.executeKeywordForPlatform(KeywordExecutor.groovy:53)
	at com.kms.katalon.core.keyword.BuiltinKeywords.callTestCase(BuiltinKeywords.groovy:334)
	at Adding products - home page.run(Adding products - home page:94)
	at com.kms.katalon.core.main.ScriptEngine.run(ScriptEngine.java:194)
	at com.kms.katalon.core.main.ScriptEngine.runScriptAsRawText(ScriptEngine.java:119)
	at com.kms.katalon.core.main.TestCaseExecutor.runScript(TestCaseExecutor.java:328)
	at com.kms.katalon.core.main.TestCaseExecutor.doExecute(TestCaseExecutor.java:319)
	at com.kms.katalon.core.main.TestCaseExecutor.processExecutionPhase(TestCaseExecutor.java:298)
	at com.kms.katalon.core.main.TestCaseExecutor.accessMainPhase(TestCaseExecutor.java:290)
	at com.kms.katalon.core.main.TestCaseExecutor.execute(TestCaseExecutor.java:224)
	at com.kms.katalon.core.main.TestSuiteExecutor.accessTestCaseMainPhase(TestSuiteExecutor.java:129)
	at com.kms.katalon.core.main.TestSuiteExecutor.accessTestSuiteMainPhase(TestSuiteExecutor.java:112)
	at com.kms.katalon.core.main.TestSuiteExecutor.execute(TestSuiteExecutor.java:81)
	at com.kms.katalon.core.main.TestCaseMain.startTestSuite(TestCaseMain.java:149)
	at com.kms.katalon.core.main.TestCaseMain$startTestSuite$0.call(Unknown Source)
	at TempTestSuite1565707895630.run(TempTestSuite1565707895630.groovy:36)


2019-08-13 11:00:09 - [MESSAGE][FAILED] - Text 'payment' is not present on page 

2019-08-13 11:00:10 - [MESSAGE][FAILED] - Unable to verify text 'payment' is present  (Root cause: com.kms.katalon.core.exception.StepFailedException: Text 'payment' is not present on page )
[[ATTACHMENT|/Users/sumankompelly/git/CR-Desktop/Reports/suite-chrome/20190813_105135/1565708409934.png]]

2019-08-13 11:00:10 - [MESSAGE][FAILED] - verifyTextPresent("payment", false) FAILED.
Reason:
com.kms.katalon.core.exception.StepFailedException: Unable to verify text 'payment' is present  (Root cause: com.kms.katalon.core.exception.StepFailedException: Text 'payment' is not present on page )
	at com.kms.katalon.core.keyword.internal.KeywordMain.stepFailed(KeywordMain.groovy:36)
	at com.kms.katalon.core.webui.keyword.internal.WebUIKeywordMain.stepFailed(WebUIKeywordMain.groovy:65)
	at com.kms.katalon.core.webui.keyword.internal.WebUIKeywordMain.runKeyword(WebUIKeywordMain.groovy:27)
	at com.kms.katalon.core.webui.keyword.builtin.VerifyTextPresentKeyword.verifyTextPresent(VerifyTextPresentKeyword.groovy:83)
	at com.kms.katalon.core.webui.keyword.builtin.VerifyTextPresentKeyword.execute(VerifyTextPresentKeyword.groovy:68)
	at com.kms.katalon.core.keyword.internal.KeywordExecutor.executeKeywordForPlatform(KeywordExecutor.groovy:53)
	at com.kms.katalon.core.webui.keyword.WebUiBuiltInKeywords.verifyTextPresent(WebUiBuiltInKeywords.groovy:1693)
	at com.kms.katalon.core.webui.keyword.WebUiBuiltInKeywords$verifyTextPresent$7.call(Unknown Source)
	at CALL- SHIPPING TO PAYMENT.run(CALL- SHIPPING TO PAYMENT:24)
	at com.kms.katalon.core.main.ScriptEngine.run(ScriptEngine.java:194)
	at com.kms.katalon.core.main.ScriptEngine.runScriptAsRawText(ScriptEngine.java:119)
	at com.kms.katalon.core.main.TestCaseExecutor.runScript(TestCaseExecutor.java:328)
	at com.kms.katalon.core.main.TestCaseExecutor.doExecute(TestCaseExecutor.java:319)
	at com.kms.katalon.core.main.TestCaseExecutor.processExecutionPhase(TestCaseExecutor.java:298)
	at com.kms.katalon.core.main.TestCaseExecutor.accessMainPhase(TestCaseExecutor.java:290)
	at com.kms.katalon.core.main.TestCaseExecutor.execute(TestCaseExecutor.java:224)
	at com.kms.katalon.core.main.TestCaseMain.runTestCase(TestCaseMain.java:106)
	at com.kms.katalon.core.keyword.builtin.CallTestCaseKeyword$_callTestCase_closure1.doCall(CallTestCaseKeyword.groovy:59)
	at com.kms.katalon.core.keyword.builtin.CallTestCaseKeyword$_callTestCase_closure1.call(CallTestCaseKeyword.groovy)
	at com.kms.katalon.core.keyword.internal.KeywordMain.runKeyword(KeywordMain.groovy:54)
	at com.kms.katalon.core.keyword.builtin.CallTestCaseKeyword.callTestCase(CallTestCaseKeyword.groovy:80)
	at com.kms.katalon.core.keyword.builtin.CallTestCaseKeyword.execute(CallTestCaseKeyword.groovy:44)
	at com.kms.katalon.core.keyword.internal.KeywordExecutor.executeKeywordForPlatform(KeywordExecutor.groovy:53)
	at com.kms.katalon.core.keyword.BuiltinKeywords.callTestCase(BuiltinKeywords.groovy:334)
	at Adding products - home page.run(Adding products - home page:94)
	at com.kms.katalon.core.main.ScriptEngine.run(ScriptEngine.java:194)
	at com.kms.katalon.core.main.ScriptEngine.runScriptAsRawText(ScriptEngine.java:119)
	at com.kms.katalon.core.main.TestCaseExecutor.runScript(TestCaseExecutor.java:328)
	at com.kms.katalon.core.main.TestCaseExecutor.doExecute(TestCaseExecutor.java:319)
	at com.kms.katalon.core.main.TestCaseExecutor.processExecutionPhase(TestCaseExecutor.java:298)
	at com.kms.katalon.core.main.TestCaseExecutor.accessMainPhase(TestCaseExecutor.java:290)
	at com.kms.katalon.core.main.TestCaseExecutor.execute(TestCaseExecutor.java:224)
	at com.kms.katalon.core.main.TestSuiteExecutor.accessTestCaseMainPhase(TestSuiteExecutor.java:129)
	at com.kms.katalon.core.main.TestSuiteExecutor.accessTestSuiteMainPhase(TestSuiteExecutor.java:112)
	at com.kms.katalon.core.main.TestSuiteExecutor.execute(TestSuiteExecutor.java:81)
	at com.kms.katalon.core.main.TestCaseMain.startTestSuite(TestCaseMain.java:149)
	at com.kms.katalon.core.main.TestCaseMain$startTestSuite$0.call(Unknown Source)
	at TempTestSuite1565707895630.run(TempTestSuite1565707895630.groovy:36)


2019-08-13 11:00:10 - [MESSAGE][FAILED] - Unable to call Test Case 'Test Cases/CALL- SHIPPING TO PAYMENT' (Root cause: com.kms.katalon.core.exception.StepFailedException: Call Test Case 'Test Cases/CALL- SHIPPING TO PAYMENT' failed)

2019-08-13 11:00:10 - [MESSAGE][FAILED] - callTestCase(findTestCase("CALL- SHIPPING TO PAYMENT"), [:], STOP_ON_FAILURE) FAILED.
Reason:
com.kms.katalon.core.exception.StepFailedException: Unable to verify text 'payment' is present  (Root cause: com.kms.katalon.core.exception.StepFailedException: Text 'payment' is not present on page )
	at com.kms.katalon.core.keyword.internal.KeywordMain.stepFailed(KeywordMain.groovy:36)
	at com.kms.katalon.core.webui.keyword.internal.WebUIKeywordMain.stepFailed(WebUIKeywordMain.groovy:65)
	at com.kms.katalon.core.webui.keyword.internal.WebUIKeywordMain.runKeyword(WebUIKeywordMain.groovy:27)
	at com.kms.katalon.core.webui.keyword.builtin.VerifyTextPresentKeyword.verifyTextPresent(VerifyTextPresentKeyword.groovy:83)
	at com.kms.katalon.core.webui.keyword.builtin.VerifyTextPresentKeyword.execute(VerifyTextPresentKeyword.groovy:68)
	at com.kms.katalon.core.keyword.internal.KeywordExecutor.executeKeywordForPlatform(KeywordExecutor.groovy:53)
	at com.kms.katalon.core.webui.keyword.WebUiBuiltInKeywords.verifyTextPresent(WebUiBuiltInKeywords.groovy:1693)
	at com.kms.katalon.core.webui.keyword.WebUiBuiltInKeywords$verifyTextPresent$7.call(Unknown Source)
	at CALL- SHIPPING TO PAYMENT.run(CALL- SHIPPING TO PAYMENT:24)
	at com.kms.katalon.core.main.ScriptEngine.run(ScriptEngine.java:194)
	at com.kms.katalon.core.main.ScriptEngine.runScriptAsRawText(ScriptEngine.java:119)
	at com.kms.katalon.core.main.TestCaseExecutor.runScript(TestCaseExecutor.java:328)
	at com.kms.katalon.core.main.TestCaseExecutor.doExecute(TestCaseExecutor.java:319)
	at com.kms.katalon.core.main.TestCaseExecutor.processExecutionPhase(TestCaseExecutor.java:298)
	at com.kms.katalon.core.main.TestCaseExecutor.accessMainPhase(TestCaseExecutor.java:290)
	at com.kms.katalon.core.main.TestCaseExecutor.execute(TestCaseExecutor.java:224)
	at com.kms.katalon.core.main.TestCaseMain.runTestCase(TestCaseMain.java:106)
	at com.kms.katalon.core.keyword.builtin.CallTestCaseKeyword$_callTestCase_closure1.doCall(CallTestCaseKeyword.groovy:59)
	at com.kms.katalon.core.keyword.builtin.CallTestCaseKeyword$_callTestCase_closure1.call(CallTestCaseKeyword.groovy)
	at com.kms.katalon.core.keyword.internal.KeywordMain.runKeyword(KeywordMain.groovy:54)
	at com.kms.katalon.core.keyword.builtin.CallTestCaseKeyword.callTestCase(CallTestCaseKeyword.groovy:80)
	at com.kms.katalon.core.keyword.builtin.CallTestCaseKeyword.execute(CallTestCaseKeyword.groovy:44)
	at com.kms.katalon.core.keyword.internal.KeywordExecutor.executeKeywordForPlatform(KeywordExecutor.groovy:53)
	at com.kms.katalon.core.keyword.BuiltinKeywords.callTestCase(BuiltinKeywords.groovy:334)
	at Adding products - home page.run(Adding products - home page:94)
	at com.kms.katalon.core.main.ScriptEngine.run(ScriptEngine.java:194)
	at com.kms.katalon.core.main.ScriptEngine.runScriptAsRawText(ScriptEngine.java:119)
	at com.kms.katalon.core.main.TestCaseExecutor.runScript(TestCaseExecutor.java:328)
	at com.kms.katalon.core.main.TestCaseExecutor.doExecute(TestCaseExecutor.java:319)
	at com.kms.katalon.core.main.TestCaseExecutor.processExecutionPhase(TestCaseExecutor.java:298)
	at com.kms.katalon.core.main.TestCaseExecutor.accessMainPhase(TestCaseExecutor.java:290)
	at com.kms.katalon.core.main.TestCaseExecutor.execute(TestCaseExecutor.java:224)
	at com.kms.katalon.core.main.TestSuiteExecutor.accessTestCaseMainPhase(TestSuiteExecutor.java:129)
	at com.kms.katalon.core.main.TestSuiteExecutor.accessTestSuiteMainPhase(TestSuiteExecutor.java:112)
	at com.kms.katalon.core.main.TestSuiteExecutor.execute(TestSuiteExecutor.java:81)
	at com.kms.katalon.core.main.TestCaseMain.startTestSuite(TestCaseMain.java:149)
	at com.kms.katalon.core.main.TestCaseMain$startTestSuite$0.call(Unknown Source)
	at TempTestSuite1565707895630.run(TempTestSuite1565707895630.groovy:36)]]></system-out>
         <system-err><![CDATA[2019-08-13 10:58:41 - [TEST_CASE][FAILED] - Test Cases/CRITICAL PATH - SPANISH/Adding products - home page: Test Cases/CRITICAL PATH - SPANISH/Adding products - home page FAILED.
Reason:
com.kms.katalon.core.exception.StepFailedException: Unable to verify text 'payment' is present  (Root cause: com.kms.katalon.core.exception.StepFailedException: Text 'payment' is not present on page )
	at com.kms.katalon.core.keyword.internal.KeywordMain.stepFailed(KeywordMain.groovy:36)
	at com.kms.katalon.core.webui.keyword.internal.WebUIKeywordMain.stepFailed(WebUIKeywordMain.groovy:65)
	at com.kms.katalon.core.webui.keyword.internal.WebUIKeywordMain.runKeyword(WebUIKeywordMain.groovy:27)
	at com.kms.katalon.core.webui.keyword.builtin.VerifyTextPresentKeyword.verifyTextPresent(VerifyTextPresentKeyword.groovy:83)
	at com.kms.katalon.core.webui.keyword.builtin.VerifyTextPresentKeyword.execute(VerifyTextPresentKeyword.groovy:68)
	at com.kms.katalon.core.keyword.internal.KeywordExecutor.executeKeywordForPlatform(KeywordExecutor.groovy:53)
	at com.kms.katalon.core.webui.keyword.WebUiBuiltInKeywords.verifyTextPresent(WebUiBuiltInKeywords.groovy:1693)
	at com.kms.katalon.core.webui.keyword.WebUiBuiltInKeywords$verifyTextPresent$7.call(Unknown Source)
	at CALL- SHIPPING TO PAYMENT.run(CALL- SHIPPING TO PAYMENT:24)
	at com.kms.katalon.core.main.ScriptEngine.run(ScriptEngine.java:194)
	at com.kms.katalon.core.main.ScriptEngine.runScriptAsRawText(ScriptEngine.java:119)
	at com.kms.katalon.core.main.TestCaseExecutor.runScript(TestCaseExecutor.java:328)
	at com.kms.katalon.core.main.TestCaseExecutor.doExecute(TestCaseExecutor.java:319)
	at com.kms.katalon.core.main.TestCaseExecutor.processExecutionPhase(TestCaseExecutor.java:298)
	at com.kms.katalon.core.main.TestCaseExecutor.accessMainPhase(TestCaseExecutor.java:290)
	at com.kms.katalon.core.main.TestCaseExecutor.execute(TestCaseExecutor.java:224)
	at com.kms.katalon.core.main.TestCaseMain.runTestCase(TestCaseMain.java:106)
	at com.kms.katalon.core.keyword.builtin.CallTestCaseKeyword$_callTestCase_closure1.doCall(CallTestCaseKeyword.groovy:59)
	at com.kms.katalon.core.keyword.builtin.CallTestCaseKeyword$_callTestCase_closure1.call(CallTestCaseKeyword.groovy)
	at com.kms.katalon.core.keyword.internal.KeywordMain.runKeyword(KeywordMain.groovy:54)
	at com.kms.katalon.core.keyword.builtin.CallTestCaseKeyword.callTestCase(CallTestCaseKeyword.groovy:80)
	at com.kms.katalon.core.keyword.builtin.CallTestCaseKeyword.execute(CallTestCaseKeyword.groovy:44)
	at com.kms.katalon.core.keyword.internal.KeywordExecutor.executeKeywordForPlatform(KeywordExecutor.groovy:53)
	at com.kms.katalon.core.keyword.BuiltinKeywords.callTestCase(BuiltinKeywords.groovy:334)
	at Adding products - home page.run(Adding products - home page:94)
	at com.kms.katalon.core.main.ScriptEngine.run(ScriptEngine.java:194)
	at com.kms.katalon.core.main.ScriptEngine.runScriptAsRawText(ScriptEngine.java:119)
	at com.kms.katalon.core.main.TestCaseExecutor.runScript(TestCaseExecutor.java:328)
	at com.kms.katalon.core.main.TestCaseExecutor.doExecute(TestCaseExecutor.java:319)
	at com.kms.katalon.core.main.TestCaseExecutor.processExecutionPhase(TestCaseExecutor.java:298)
	at com.kms.katalon.core.main.TestCaseExecutor.accessMainPhase(TestCaseExecutor.java:290)
	at com.kms.katalon.core.main.TestCaseExecutor.execute(TestCaseExecutor.java:224)
	at com.kms.katalon.core.main.TestSuiteExecutor.accessTestCaseMainPhase(TestSuiteExecutor.java:129)
	at com.kms.katalon.core.main.TestSuiteExecutor.accessTestSuiteMainPhase(TestSuiteExecutor.java:112)
	at com.kms.katalon.core.main.TestSuiteExecutor.execute(TestSuiteExecutor.java:81)
	at com.kms.katalon.core.main.TestCaseMain.startTestSuite(TestCaseMain.java:149)
	at com.kms.katalon.core.main.TestCaseMain$startTestSuite$0.call(Unknown Source)
	at TempTestSuite1565707895630.run(TempTestSuite1565707895630.groovy:36)]]></system-err>
      </testcase>
      <testcase name="Test Cases/CRITICAL PATH - SPANISH/Price comparison - cart flyout" classname="Test Cases/CRITICAL PATH - SPANISH/Price comparison - cart flyout" status="FAILED">
         <failure type="FAILED" message="Test Cases/CRITICAL PATH - SPANISH/Price comparison - cart flyout FAILED.
Reason:
com.kms.katalon.core.exception.StepFailedException: Unable to verify equal between actual object '99.98' and expected object '20' (Root cause: com.kms.katalon.core.exception.StepFailedException: Actual object '99.98' and expected object '20' are not equal)
	at com.kms.katalon.core.keyword.internal.KeywordMain.stepFailed(KeywordMain.groovy:36)
	at com.kms.katalon.core.keyword.internal.KeywordMain.stepFailed(KeywordMain.groovy)
	at com.kms.katalon.core.keyword.internal.KeywordMain.runKeyword(KeywordMain.groovy:56)
	at com.kms.katalon.core.keyword.builtin.VerifyEqualKeyword.verifyEqual(VerifyEqualKeyword.groovy:63)
	at com.kms.katalon.core.keyword.builtin.VerifyEqualKeyword.execute(VerifyEqualKeyword.groovy:44)
	at com.kms.katalon.core.keyword.internal.KeywordExecutor.executeKeywordForPlatform(KeywordExecutor.groovy:53)
	at com.kms.katalon.core.keyword.BuiltinKeywords.verifyEqual(BuiltinKeywords.groovy:141)
	at Price comparison - cart flyout.run(Price comparison - cart flyout:160)
	at com.kms.katalon.core.main.ScriptEngine.run(ScriptEngine.java:194)
	at com.kms.katalon.core.main.ScriptEngine.runScriptAsRawText(ScriptEngine.java:119)
	at com.kms.katalon.core.main.TestCaseExecutor.runScript(TestCaseExecutor.java:328)
	at com.kms.katalon.core.main.TestCaseExecutor.doExecute(TestCaseExecutor.java:319)
	at com.kms.katalon.core.main.TestCaseExecutor.processExecutionPhase(TestCaseExecutor.java:298)
	at com.kms.katalon.core.main.TestCaseExecutor.accessMainPhase(TestCaseExecutor.java:290)
	at com.kms.katalon.core.main.TestCaseExecutor.execute(TestCaseExecutor.java:224)
	at com.kms.katalon.core.main.TestSuiteExecutor.accessTestCaseMainPhase(TestSuiteExecutor.java:129)
	at com.kms.katalon.core.main.TestSuiteExecutor.accessTestSuiteMainPhase(TestSuiteExecutor.java:112)
	at com.kms.katalon.core.main.TestSuiteExecutor.execute(TestSuiteExecutor.java:81)
	at com.kms.katalon.core.main.TestCaseMain.startTestSuite(TestCaseMain.java:149)
	at com.kms.katalon.core.main.TestCaseMain$startTestSuite$0.call(Unknown Source)
	at TempTestSuite1565707895630.run(TempTestSuite1565707895630.groovy:36)
"/>
         <system-out><![CDATA[2019-08-13 11:00:10 - [TEST_CASE][FAILED] - Test Cases/CRITICAL PATH - SPANISH/Price comparison - cart flyout: Test Cases/CRITICAL PATH - SPANISH/Price comparison - cart flyout FAILED.
Reason:
com.kms.katalon.core.exception.StepFailedException: Unable to verify equal between actual object '99.98' and expected object '20' (Root cause: com.kms.katalon.core.exception.StepFailedException: Actual object '99.98' and expected object '20' are not equal)
	at com.kms.katalon.core.keyword.internal.KeywordMain.stepFailed(KeywordMain.groovy:36)
	at com.kms.katalon.core.keyword.internal.KeywordMain.stepFailed(KeywordMain.groovy)
	at com.kms.katalon.core.keyword.internal.KeywordMain.runKeyword(KeywordMain.groovy:56)
	at com.kms.katalon.core.keyword.builtin.VerifyEqualKeyword.verifyEqual(VerifyEqualKeyword.groovy:63)
	at com.kms.katalon.core.keyword.builtin.VerifyEqualKeyword.execute(VerifyEqualKeyword.groovy:44)
	at com.kms.katalon.core.keyword.internal.KeywordExecutor.executeKeywordForPlatform(KeywordExecutor.groovy:53)
	at com.kms.katalon.core.keyword.BuiltinKeywords.verifyEqual(BuiltinKeywords.groovy:141)
	at Price comparison - cart flyout.run(Price comparison - cart flyout:160)
	at com.kms.katalon.core.main.ScriptEngine.run(ScriptEngine.java:194)
	at com.kms.katalon.core.main.ScriptEngine.runScriptAsRawText(ScriptEngine.java:119)
	at com.kms.katalon.core.main.TestCaseExecutor.runScript(TestCaseExecutor.java:328)
	at com.kms.katalon.core.main.TestCaseExecutor.doExecute(TestCaseExecutor.java:319)
	at com.kms.katalon.core.main.TestCaseExecutor.processExecutionPhase(TestCaseExecutor.java:298)
	at com.kms.katalon.core.main.TestCaseExecutor.accessMainPhase(TestCaseExecutor.java:290)
	at com.kms.katalon.core.main.TestCaseExecutor.execute(TestCaseExecutor.java:224)
	at com.kms.katalon.core.main.TestSuiteExecutor.accessTestCaseMainPhase(TestSuiteExecutor.java:129)
	at com.kms.katalon.core.main.TestSuiteExecutor.accessTestSuiteMainPhase(TestSuiteExecutor.java:112)
	at com.kms.katalon.core.main.TestSuiteExecutor.execute(TestSuiteExecutor.java:81)
	at com.kms.katalon.core.main.TestCaseMain.startTestSuite(TestCaseMain.java:149)
	at com.kms.katalon.core.main.TestCaseMain$startTestSuite$0.call(Unknown Source)
	at TempTestSuite1565707895630.run(TempTestSuite1565707895630.groovy:36)


2019-08-13 11:00:10 - [TEST_STEP][PASSED] - callTestCase(findTestCase("CALL - LANGUAGE TOGGLER"), [:], STOP_ON_FAILURE): Call Test Case 'Test Cases/CALL - LANGUAGE TOGGLER' successfully

2019-08-13 11:00:10 - [TEST_CASE][PASSED] - Test Cases/CALL - LANGUAGE TOGGLER: Test Cases/CALL - LANGUAGE TOGGLER

2019-08-13 11:00:10 - [TEST_STEP][PASSED] - callTestCase(findTestCase("CALL-URL"), [:], STOP_ON_FAILURE): Call Test Case 'Test Cases/CALL-URL' successfully

2019-08-13 11:00:10 - [TEST_CASE][PASSED] - Test Cases/CALL-URL: Test Cases/CALL-URL

2019-08-13 11:00:10 - [TEST_STEP][PASSED] - openBrowser(""): Browser is opened with url: ''

2019-08-13 11:00:10 - [MESSAGE][WARNING] - A browser is already opened. Closing browser and opening a new one

2019-08-13 11:00:10 - [MESSAGE][INFO] - Starting 'Chrome' driver

2019-08-13 11:00:11 - [MESSAGE][PASSED] - Browser is opened with url: ''

2019-08-13 11:00:11 - [TEST_STEP][PASSED] - navigateToUrl("https://charlotterusse.com/"): Navigate to 'https://charlotterusse.com/' successfully

2019-08-13 11:00:15 - [MESSAGE][PASSED] - Navigate to 'https://charlotterusse.com/' successfully

2019-08-13 11:00:15 - [TEST_STEP][PASSED] - click(findTestObject("CR-DESKTOP/Window pop up/language- english")): Object: 'Object Repository/CR-DESKTOP/Window pop up/language- english' is clicked on

2019-08-13 11:00:15 - [MESSAGE][PASSED] - Object: 'Object Repository/CR-DESKTOP/Window pop up/language- english' is clicked on

2019-08-13 11:00:15 - [TEST_STEP][PASSED] - click(findTestObject("CR-DESKTOP/Window pop up/Pop up - close")): Object: 'Object Repository/CR-DESKTOP/Window pop up/Pop up - close' is clicked on

2019-08-13 11:00:15 - [MESSAGE][PASSED] - Object: 'Object Repository/CR-DESKTOP/Window pop up/Pop up - close' is clicked on

2019-08-13 11:00:15 - [TEST_STEP][PASSED] - maximizeWindow(): Current window maximized

2019-08-13 11:00:16 - [MESSAGE][PASSED] - Current window maximized

2019-08-13 11:00:16 - [MESSAGE][PASSED] - Call Test Case 'Test Cases/CALL-URL' successfully

2019-08-13 11:00:16 - [TEST_STEP][PASSED] - delay(2): Delayed 2 second(s)

2019-08-13 11:00:18 - [MESSAGE][PASSED] - Delayed 2 second(s)

2019-08-13 11:00:18 - [TEST_STEP][PASSED] - click(findTestObject("CR-DESKTOP/Home page/Spanish")): Object: 'Object Repository/CR-DESKTOP/Home page/Spanish' is clicked on

2019-08-13 11:00:18 - [MESSAGE][PASSED] - Object: 'Object Repository/CR-DESKTOP/Home page/Spanish' is clicked on

2019-08-13 11:00:18 - [MESSAGE][PASSED] - Call Test Case 'Test Cases/CALL - LANGUAGE TOGGLER' successfully

2019-08-13 11:00:18 - [TEST_STEP][PASSED] - delay(2): Delayed 2 second(s)

2019-08-13 11:00:20 - [MESSAGE][PASSED] - Delayed 2 second(s)

2019-08-13 11:00:20 - [TEST_STEP][PASSED] - mouseOver(findTestObject("CR-DESKTOP - SPANISH/Mega menu/SHOES")): Object: 'Object Repository/CR-DESKTOP - SPANISH/Mega menu/SHOES' is hovered

2019-08-13 11:00:20 - [MESSAGE][PASSED] - Object: 'Object Repository/CR-DESKTOP - SPANISH/Mega menu/SHOES' is hovered

2019-08-13 11:00:20 - [TEST_STEP][PASSED] - delay(2): Delayed 2 second(s)

2019-08-13 11:00:22 - [MESSAGE][PASSED] - Delayed 2 second(s)

2019-08-13 11:00:22 - [TEST_STEP][PASSED] - click(findTestObject("CR-DESKTOP - SPANISH/Mega menu/shoes - tenis")): Object: 'Object Repository/CR-DESKTOP - SPANISH/Mega menu/shoes - tenis' is clicked on

2019-08-13 11:00:24 - [MESSAGE][PASSED] - Object: 'Object Repository/CR-DESKTOP - SPANISH/Mega menu/shoes - tenis' is clicked on

2019-08-13 11:00:24 - [TEST_STEP][PASSED] - delay(2): Delayed 2 second(s)

2019-08-13 11:00:26 - [MESSAGE][PASSED] - Delayed 2 second(s)

2019-08-13 11:00:26 - [TEST_STEP][PASSED] - click(findTestObject("CR-DESKTOP/Collection page/product 3")): Object: 'Object Repository/CR-DESKTOP/Collection page/product 3' is clicked on

2019-08-13 11:00:28 - [MESSAGE][PASSED] - Object: 'Object Repository/CR-DESKTOP/Collection page/product 3' is clicked on

2019-08-13 11:00:28 - [TEST_STEP][PASSED] - delay(2): Delayed 2 second(s)

2019-08-13 11:00:30 - [MESSAGE][PASSED] - Delayed 2 second(s)

2019-08-13 11:00:30 - [TEST_STEP][PASSED] - click(findTestObject("CR-DESKTOP - SPANISH/product page/verde neon")): Object: 'Object Repository/CR-DESKTOP - SPANISH/product page/verde neon' is clicked on

2019-08-13 11:00:30 - [MESSAGE][PASSED] - Object: 'Object Repository/CR-DESKTOP - SPANISH/product page/verde neon' is clicked on

2019-08-13 11:00:30 - [TEST_STEP][PASSED] - delay(2): Delayed 2 second(s)

2019-08-13 11:00:32 - [MESSAGE][PASSED] - Delayed 2 second(s)

2019-08-13 11:00:32 - [TEST_STEP][PASSED] - click(findTestObject("CR-DESKTOP/product page/Size -6")): Object: 'Object Repository/CR-DESKTOP/product page/Size -6' is clicked on

2019-08-13 11:00:32 - [MESSAGE][PASSED] - Object: 'Object Repository/CR-DESKTOP/product page/Size -6' is clicked on

2019-08-13 11:00:32 - [TEST_STEP][PASSED] - delay(2): Delayed 2 second(s)

2019-08-13 11:00:34 - [MESSAGE][PASSED] - Delayed 2 second(s)

2019-08-13 11:00:34 - [TEST_STEP][PASSED] - click(findTestObject("CR-DESKTOP - SPANISH/product page/Add to bag")): Object: 'Object Repository/CR-DESKTOP - SPANISH/product page/Add to bag' is clicked on

2019-08-13 11:00:34 - [MESSAGE][PASSED] - Object: 'Object Repository/CR-DESKTOP - SPANISH/product page/Add to bag' is clicked on

2019-08-13 11:00:34 - [TEST_STEP][PASSED] - delay(2): Delayed 2 second(s)

2019-08-13 11:00:36 - [MESSAGE][PASSED] - Delayed 2 second(s)

2019-08-13 11:00:36 - [TEST_STEP][PASSED] - setText(findTestObject("CR-DESKTOP - SPANISH/Cart flyout/Input update - cart flyout"), "8"): Text '8' is set on object 'Object Repository/CR-DESKTOP - SPANISH/Cart flyout/Input update - cart flyout'

2019-08-13 11:00:37 - [MESSAGE][PASSED] - Text '8' is set on object 'Object Repository/CR-DESKTOP - SPANISH/Cart flyout/Input update - cart flyout'

2019-08-13 11:00:37 - [TEST_STEP][PASSED] - delay(2): Delayed 2 second(s)

2019-08-13 11:00:39 - [MESSAGE][PASSED] - Delayed 2 second(s)

2019-08-13 11:00:39 - [TEST_STEP][PASSED] - click(findTestObject("CR-DESKTOP/Cart flyout/cart collpase")): Object: 'Object Repository/CR-DESKTOP/Cart flyout/cart collpase' is clicked on

2019-08-13 11:00:39 - [MESSAGE][PASSED] - Object: 'Object Repository/CR-DESKTOP/Cart flyout/cart collpase' is clicked on

2019-08-13 11:00:39 - [TEST_STEP][PASSED] - delay(2): Delayed 2 second(s)

2019-08-13 11:00:41 - [MESSAGE][PASSED] - Delayed 2 second(s)

2019-08-13 11:00:41 - [TEST_STEP][PASSED] - mouseOver(findTestObject("CR-DESKTOP - SPANISH/Mega menu/a_Jeans")): Object: 'Object Repository/CR-DESKTOP - SPANISH/Mega menu/a_Jeans' is hovered

2019-08-13 11:00:41 - [MESSAGE][PASSED] - Object: 'Object Repository/CR-DESKTOP - SPANISH/Mega menu/a_Jeans' is hovered

2019-08-13 11:00:41 - [TEST_STEP][PASSED] - delay(2): Delayed 2 second(s)

2019-08-13 11:00:43 - [MESSAGE][PASSED] - Delayed 2 second(s)

2019-08-13 11:00:43 - [TEST_STEP][PASSED] - click(findTestObject("CR-DESKTOP - SPANISH/Mega menu/Jeans- Boy friend jeans")): Object: 'Object Repository/CR-DESKTOP - SPANISH/Mega menu/Jeans- Boy friend jeans' is clicked on

2019-08-13 11:00:44 - [MESSAGE][PASSED] - Object: 'Object Repository/CR-DESKTOP - SPANISH/Mega menu/Jeans- Boy friend jeans' is clicked on

2019-08-13 11:00:44 - [TEST_STEP][PASSED] - delay(2): Delayed 2 second(s)

2019-08-13 11:00:46 - [MESSAGE][PASSED] - Delayed 2 second(s)

2019-08-13 11:00:46 - [TEST_STEP][PASSED] - click(findTestObject("CR-DESKTOP/Collection page/Product 2")): Object: 'Object Repository/CR-DESKTOP/Collection page/Product 2' is clicked on

2019-08-13 11:00:48 - [MESSAGE][PASSED] - Object: 'Object Repository/CR-DESKTOP/Collection page/Product 2' is clicked on

2019-08-13 11:00:48 - [TEST_STEP][PASSED] - delay(2): Delayed 2 second(s)

2019-08-13 11:00:50 - [MESSAGE][PASSED] - Delayed 2 second(s)

2019-08-13 11:00:50 - [TEST_STEP][PASSED] - click(findTestObject("CR-DESKTOP/product page/size -18")): Object: 'Object Repository/CR-DESKTOP/product page/size -18' is clicked on

2019-08-13 11:00:50 - [MESSAGE][PASSED] - Object: 'Object Repository/CR-DESKTOP/product page/size -18' is clicked on

2019-08-13 11:00:50 - [TEST_STEP][PASSED] - delay(2): Delayed 2 second(s)

2019-08-13 11:00:52 - [MESSAGE][PASSED] - Delayed 2 second(s)

2019-08-13 11:00:52 - [TEST_STEP][PASSED] - click(findTestObject("CR-DESKTOP - SPANISH/product page/Add to bag")): Object: 'Object Repository/CR-DESKTOP - SPANISH/product page/Add to bag' is clicked on

2019-08-13 11:00:52 - [MESSAGE][PASSED] - Object: 'Object Repository/CR-DESKTOP - SPANISH/product page/Add to bag' is clicked on

2019-08-13 11:00:52 - [TEST_STEP][PASSED] - delay(4): Delayed 4 second(s)

2019-08-13 11:00:56 - [MESSAGE][PASSED] - Delayed 4 second(s)

2019-08-13 11:00:56 - [TEST_STEP][PASSED] - x = 8: null

2019-08-13 11:00:56 - [TEST_STEP][PASSED] - comment("x=" + x): x=8

2019-08-13 11:00:56 - [MESSAGE][INFO] - x=8

2019-08-13 11:00:56 - [TEST_STEP][PASSED] - a = getText(findTestObject("CR-DESKTOP/Cart flyout/Get price - prod 1")): Text of object 'Object Repository/CR-DESKTOP/Cart flyout/Get price - prod 1' is: '$39.99 $20.00'

2019-08-13 11:00:56 - [MESSAGE][PASSED] - Text of object 'Object Repository/CR-DESKTOP/Cart flyout/Get price - prod 1' is: '$39.99 $20.00'

2019-08-13 11:00:56 - [TEST_STEP][PASSED] - delay(2): Delayed 2 second(s)

2019-08-13 11:00:58 - [MESSAGE][PASSED] - Delayed 2 second(s)

2019-08-13 11:00:58 - [TEST_STEP][PASSED] - comment("a=" + a): a=$39.99 $20.00

2019-08-13 11:00:58 - [MESSAGE][INFO] - a=$39.99 $20.00

2019-08-13 11:00:58 - [TEST_STEP][PASSED] - a1 = a.substring(1): null

2019-08-13 11:00:58 - [TEST_STEP][PASSED] - comment("a1=" + a1): a1=39.99 $20.00

2019-08-13 11:00:58 - [MESSAGE][INFO] - a1=39.99 $20.00

2019-08-13 11:00:58 - [TEST_STEP][PASSED] - p1 = <not implemented yet for class: org.codehaus.groovy.ast.expr.EmptyExpression>: null

2019-08-13 11:00:58 - [TEST_STEP][PASSED] - p2 = <not implemented yet for class: org.codehaus.groovy.ast.expr.EmptyExpression>: null

2019-08-13 11:00:58 - [TEST_STEP][PASSED] - p3 = <not implemented yet for class: org.codehaus.groovy.ast.expr.EmptyExpression>: null

2019-08-13 11:00:58 - [TEST_STEP][PASSED] - try: null

2019-08-13 11:00:58 - [TEST_STEP][PASSED] - str = a1: null

2019-08-13 11:00:58 - [TEST_STEP][PASSED] - comment("str=" + str): str=39.99 $20.00

2019-08-13 11:00:58 - [MESSAGE][INFO] - str=39.99 $20.00

2019-08-13 11:00:58 - [TEST_STEP][PASSED] - p1 = Double.valueOf(str): null

2019-08-13 11:00:58 - [TEST_STEP][PASSED] - catch (NumberFormatException ex): null

2019-08-13 11:00:58 - [TEST_STEP][PASSED] - y = x * p1: null

2019-08-13 11:00:58 - [TEST_STEP][PASSED] - comment("y=" + y): y=0

2019-08-13 11:00:58 - [MESSAGE][INFO] - y=0

2019-08-13 11:00:58 - [TEST_STEP][PASSED] - b = getText(findTestObject("CR-DESKTOP/Cart flyout/Get price - prod 2")): Text of object 'Object Repository/CR-DESKTOP/Cart flyout/Get price - prod 2' is: '$20.00'

2019-08-13 11:00:58 - [MESSAGE][PASSED] - Text of object 'Object Repository/CR-DESKTOP/Cart flyout/Get price - prod 2' is: '$20.00'

2019-08-13 11:00:58 - [TEST_STEP][PASSED] - delay(2): Delayed 2 second(s)

2019-08-13 11:01:00 - [MESSAGE][PASSED] - Delayed 2 second(s)

2019-08-13 11:01:00 - [TEST_STEP][PASSED] - comment("b=" + b): b=$20.00

2019-08-13 11:01:00 - [MESSAGE][INFO] - b=$20.00

2019-08-13 11:01:00 - [TEST_STEP][PASSED] - b1 = b.substring(1): null

2019-08-13 11:01:00 - [TEST_STEP][PASSED] - comment("b1=" + b1): b1=20.00

2019-08-13 11:01:00 - [MESSAGE][INFO] - b1=20.00

2019-08-13 11:01:00 - [TEST_STEP][PASSED] - delay(2): Delayed 2 second(s)

2019-08-13 11:01:02 - [MESSAGE][PASSED] - Delayed 2 second(s)

2019-08-13 11:01:02 - [TEST_STEP][PASSED] - try: p2=20.0

2019-08-13 11:01:02 - [TEST_STEP][PASSED] - str5 = b1: null

2019-08-13 11:01:02 - [TEST_STEP][PASSED] - comment("str5=" + str5): str5=20.00

2019-08-13 11:01:02 - [MESSAGE][INFO] - str5=20.00

2019-08-13 11:01:02 - [TEST_STEP][PASSED] - p2 = Double.valueOf(str5): null

2019-08-13 11:01:02 - [TEST_STEP][PASSED] - comment("p2=" + p2): p2=20.0

2019-08-13 11:01:02 - [MESSAGE][INFO] - p2=20.0

2019-08-13 11:01:02 - [TEST_STEP][PASSED] - total = y + p2: null

2019-08-13 11:01:02 - [TEST_STEP][PASSED] - comment("total=" + total): total=20

2019-08-13 11:01:02 - [MESSAGE][INFO] - total=20

2019-08-13 11:01:02 - [TEST_STEP][PASSED] - c = getText(findTestObject("CR-DESKTOP/Cart flyout/Get price - subtotal")): Text of object 'Object Repository/CR-DESKTOP/Cart flyout/Get price - subtotal' is: '$99.98'

2019-08-13 11:01:02 - [MESSAGE][PASSED] - Text of object 'Object Repository/CR-DESKTOP/Cart flyout/Get price - subtotal' is: '$99.98'

2019-08-13 11:01:02 - [TEST_STEP][PASSED] - delay(2): Delayed 2 second(s)

2019-08-13 11:01:04 - [MESSAGE][PASSED] - Delayed 2 second(s)

2019-08-13 11:01:04 - [TEST_STEP][PASSED] - comment("c=" + c): c=$99.98

2019-08-13 11:01:04 - [MESSAGE][INFO] - c=$99.98

2019-08-13 11:01:04 - [TEST_STEP][PASSED] - c1 = c.substring(1): null

2019-08-13 11:01:04 - [TEST_STEP][PASSED] - comment("c1=" + c1): c1=99.98

2019-08-13 11:01:04 - [MESSAGE][INFO] - c1=99.98

2019-08-13 11:01:04 - [TEST_STEP][PASSED] - try: p3=99.98

2019-08-13 11:01:04 - [TEST_STEP][PASSED] - ctr = c1: null

2019-08-13 11:01:04 - [TEST_STEP][PASSED] - comment("ctr=" + ctr): ctr=99.98

2019-08-13 11:01:04 - [MESSAGE][INFO] - ctr=99.98

2019-08-13 11:01:04 - [TEST_STEP][PASSED] - p3 = Double.valueOf(ctr): null

2019-08-13 11:01:04 - [TEST_STEP][PASSED] - comment("p3=" + p3): p3=99.98

2019-08-13 11:01:04 - [MESSAGE][INFO] - p3=99.98

2019-08-13 11:01:04 - [TEST_STEP][FAILED] - verifyEqual(p3, total): verifyEqual(p3, total) FAILED.
Reason:
com.kms.katalon.core.exception.StepFailedException: Unable to verify equal between actual object '99.98' and expected object '20' (Root cause: com.kms.katalon.core.exception.StepFailedException: Actual object '99.98' and expected object '20' are not equal)
	at com.kms.katalon.core.keyword.internal.KeywordMain.stepFailed(KeywordMain.groovy:36)
	at com.kms.katalon.core.keyword.internal.KeywordMain.stepFailed(KeywordMain.groovy)
	at com.kms.katalon.core.keyword.internal.KeywordMain.runKeyword(KeywordMain.groovy:56)
	at com.kms.katalon.core.keyword.builtin.VerifyEqualKeyword.verifyEqual(VerifyEqualKeyword.groovy:63)
	at com.kms.katalon.core.keyword.builtin.VerifyEqualKeyword.execute(VerifyEqualKeyword.groovy:44)
	at com.kms.katalon.core.keyword.internal.KeywordExecutor.executeKeywordForPlatform(KeywordExecutor.groovy:53)
	at com.kms.katalon.core.keyword.BuiltinKeywords.verifyEqual(BuiltinKeywords.groovy:141)
	at Price comparison - cart flyout.run(Price comparison - cart flyout:160)
	at com.kms.katalon.core.main.ScriptEngine.run(ScriptEngine.java:194)
	at com.kms.katalon.core.main.ScriptEngine.runScriptAsRawText(ScriptEngine.java:119)
	at com.kms.katalon.core.main.TestCaseExecutor.runScript(TestCaseExecutor.java:328)
	at com.kms.katalon.core.main.TestCaseExecutor.doExecute(TestCaseExecutor.java:319)
	at com.kms.katalon.core.main.TestCaseExecutor.processExecutionPhase(TestCaseExecutor.java:298)
	at com.kms.katalon.core.main.TestCaseExecutor.accessMainPhase(TestCaseExecutor.java:290)
	at com.kms.katalon.core.main.TestCaseExecutor.execute(TestCaseExecutor.java:224)
	at com.kms.katalon.core.main.TestSuiteExecutor.accessTestCaseMainPhase(TestSuiteExecutor.java:129)
	at com.kms.katalon.core.main.TestSuiteExecutor.accessTestSuiteMainPhase(TestSuiteExecutor.java:112)
	at com.kms.katalon.core.main.TestSuiteExecutor.execute(TestSuiteExecutor.java:81)
	at com.kms.katalon.core.main.TestCaseMain.startTestSuite(TestCaseMain.java:149)
	at com.kms.katalon.core.main.TestCaseMain$startTestSuite$0.call(Unknown Source)
	at TempTestSuite1565707895630.run(TempTestSuite1565707895630.groovy:36)


2019-08-13 11:01:04 - [MESSAGE][FAILED] - Unable to verify equal between actual object '99.98' and expected object '20' (Root cause: com.kms.katalon.core.exception.StepFailedException: Actual object '99.98' and expected object '20' are not equal)

2019-08-13 11:01:04 - [MESSAGE][FAILED] - verifyEqual(p3, total) FAILED.
Reason:
com.kms.katalon.core.exception.StepFailedException: Unable to verify equal between actual object '99.98' and expected object '20' (Root cause: com.kms.katalon.core.exception.StepFailedException: Actual object '99.98' and expected object '20' are not equal)
	at com.kms.katalon.core.keyword.internal.KeywordMain.stepFailed(KeywordMain.groovy:36)
	at com.kms.katalon.core.keyword.internal.KeywordMain.stepFailed(KeywordMain.groovy)
	at com.kms.katalon.core.keyword.internal.KeywordMain.runKeyword(KeywordMain.groovy:56)
	at com.kms.katalon.core.keyword.builtin.VerifyEqualKeyword.verifyEqual(VerifyEqualKeyword.groovy:63)
	at com.kms.katalon.core.keyword.builtin.VerifyEqualKeyword.execute(VerifyEqualKeyword.groovy:44)
	at com.kms.katalon.core.keyword.internal.KeywordExecutor.executeKeywordForPlatform(KeywordExecutor.groovy:53)
	at com.kms.katalon.core.keyword.BuiltinKeywords.verifyEqual(BuiltinKeywords.groovy:141)
	at Price comparison - cart flyout.run(Price comparison - cart flyout:160)
	at com.kms.katalon.core.main.ScriptEngine.run(ScriptEngine.java:194)
	at com.kms.katalon.core.main.ScriptEngine.runScriptAsRawText(ScriptEngine.java:119)
	at com.kms.katalon.core.main.TestCaseExecutor.runScript(TestCaseExecutor.java:328)
	at com.kms.katalon.core.main.TestCaseExecutor.doExecute(TestCaseExecutor.java:319)
	at com.kms.katalon.core.main.TestCaseExecutor.processExecutionPhase(TestCaseExecutor.java:298)
	at com.kms.katalon.core.main.TestCaseExecutor.accessMainPhase(TestCaseExecutor.java:290)
	at com.kms.katalon.core.main.TestCaseExecutor.execute(TestCaseExecutor.java:224)
	at com.kms.katalon.core.main.TestSuiteExecutor.accessTestCaseMainPhase(TestSuiteExecutor.java:129)
	at com.kms.katalon.core.main.TestSuiteExecutor.accessTestSuiteMainPhase(TestSuiteExecutor.java:112)
	at com.kms.katalon.core.main.TestSuiteExecutor.execute(TestSuiteExecutor.java:81)
	at com.kms.katalon.core.main.TestCaseMain.startTestSuite(TestCaseMain.java:149)
	at com.kms.katalon.core.main.TestCaseMain$startTestSuite$0.call(Unknown Source)
	at TempTestSuite1565707895630.run(TempTestSuite1565707895630.groovy:36)]]></system-out>
         <system-err><![CDATA[2019-08-13 11:00:10 - [TEST_CASE][FAILED] - Test Cases/CRITICAL PATH - SPANISH/Price comparison - cart flyout: Test Cases/CRITICAL PATH - SPANISH/Price comparison - cart flyout FAILED.
Reason:
com.kms.katalon.core.exception.StepFailedException: Unable to verify equal between actual object '99.98' and expected object '20' (Root cause: com.kms.katalon.core.exception.StepFailedException: Actual object '99.98' and expected object '20' are not equal)
	at com.kms.katalon.core.keyword.internal.KeywordMain.stepFailed(KeywordMain.groovy:36)
	at com.kms.katalon.core.keyword.internal.KeywordMain.stepFailed(KeywordMain.groovy)
	at com.kms.katalon.core.keyword.internal.KeywordMain.runKeyword(KeywordMain.groovy:56)
	at com.kms.katalon.core.keyword.builtin.VerifyEqualKeyword.verifyEqual(VerifyEqualKeyword.groovy:63)
	at com.kms.katalon.core.keyword.builtin.VerifyEqualKeyword.execute(VerifyEqualKeyword.groovy:44)
	at com.kms.katalon.core.keyword.internal.KeywordExecutor.executeKeywordForPlatform(KeywordExecutor.groovy:53)
	at com.kms.katalon.core.keyword.BuiltinKeywords.verifyEqual(BuiltinKeywords.groovy:141)
	at Price comparison - cart flyout.run(Price comparison - cart flyout:160)
	at com.kms.katalon.core.main.ScriptEngine.run(ScriptEngine.java:194)
	at com.kms.katalon.core.main.ScriptEngine.runScriptAsRawText(ScriptEngine.java:119)
	at com.kms.katalon.core.main.TestCaseExecutor.runScript(TestCaseExecutor.java:328)
	at com.kms.katalon.core.main.TestCaseExecutor.doExecute(TestCaseExecutor.java:319)
	at com.kms.katalon.core.main.TestCaseExecutor.processExecutionPhase(TestCaseExecutor.java:298)
	at com.kms.katalon.core.main.TestCaseExecutor.accessMainPhase(TestCaseExecutor.java:290)
	at com.kms.katalon.core.main.TestCaseExecutor.execute(TestCaseExecutor.java:224)
	at com.kms.katalon.core.main.TestSuiteExecutor.accessTestCaseMainPhase(TestSuiteExecutor.java:129)
	at com.kms.katalon.core.main.TestSuiteExecutor.accessTestSuiteMainPhase(TestSuiteExecutor.java:112)
	at com.kms.katalon.core.main.TestSuiteExecutor.execute(TestSuiteExecutor.java:81)
	at com.kms.katalon.core.main.TestCaseMain.startTestSuite(TestCaseMain.java:149)
	at com.kms.katalon.core.main.TestCaseMain$startTestSuite$0.call(Unknown Source)
	at TempTestSuite1565707895630.run(TempTestSuite1565707895630.groovy:36)]]></system-err>
      </testcase>
      <testcase name="Test Cases/CRITICAL PATH - SPANISH/Different products" classname="Test Cases/CRITICAL PATH - SPANISH/Different products" status="FAILED">
         <failure type="FAILED" message="Test Cases/CRITICAL PATH - SPANISH/Different products FAILED.
Reason:
com.kms.katalon.core.exception.StepFailedException: Unable to verify text 'payment' is present  (Root cause: com.kms.katalon.core.exception.StepFailedException: Text 'payment' is not present on page )
	at com.kms.katalon.core.keyword.internal.KeywordMain.stepFailed(KeywordMain.groovy:36)
	at com.kms.katalon.core.webui.keyword.internal.WebUIKeywordMain.stepFailed(WebUIKeywordMain.groovy:65)
	at com.kms.katalon.core.webui.keyword.internal.WebUIKeywordMain.runKeyword(WebUIKeywordMain.groovy:27)
	at com.kms.katalon.core.webui.keyword.builtin.VerifyTextPresentKeyword.verifyTextPresent(VerifyTextPresentKeyword.groovy:83)
	at com.kms.katalon.core.webui.keyword.builtin.VerifyTextPresentKeyword.execute(VerifyTextPresentKeyword.groovy:68)
	at com.kms.katalon.core.keyword.internal.KeywordExecutor.executeKeywordForPlatform(KeywordExecutor.groovy:53)
	at com.kms.katalon.core.webui.keyword.WebUiBuiltInKeywords.verifyTextPresent(WebUiBuiltInKeywords.groovy:1693)
	at com.kms.katalon.core.webui.keyword.WebUiBuiltInKeywords$verifyTextPresent$7.call(Unknown Source)
	at CALL- SHIPPING TO PAYMENT.run(CALL- SHIPPING TO PAYMENT:24)
	at com.kms.katalon.core.main.ScriptEngine.run(ScriptEngine.java:194)
	at com.kms.katalon.core.main.ScriptEngine.runScriptAsRawText(ScriptEngine.java:119)
	at com.kms.katalon.core.main.TestCaseExecutor.runScript(TestCaseExecutor.java:328)
	at com.kms.katalon.core.main.TestCaseExecutor.doExecute(TestCaseExecutor.java:319)
	at com.kms.katalon.core.main.TestCaseExecutor.processExecutionPhase(TestCaseExecutor.java:298)
	at com.kms.katalon.core.main.TestCaseExecutor.accessMainPhase(TestCaseExecutor.java:290)
	at com.kms.katalon.core.main.TestCaseExecutor.execute(TestCaseExecutor.java:224)
	at com.kms.katalon.core.main.TestCaseMain.runTestCase(TestCaseMain.java:106)
	at com.kms.katalon.core.keyword.builtin.CallTestCaseKeyword$_callTestCase_closure1.doCall(CallTestCaseKeyword.groovy:59)
	at com.kms.katalon.core.keyword.builtin.CallTestCaseKeyword$_callTestCase_closure1.call(CallTestCaseKeyword.groovy)
	at com.kms.katalon.core.keyword.internal.KeywordMain.runKeyword(KeywordMain.groovy:54)
	at com.kms.katalon.core.keyword.builtin.CallTestCaseKeyword.callTestCase(CallTestCaseKeyword.groovy:80)
	at com.kms.katalon.core.keyword.builtin.CallTestCaseKeyword.execute(CallTestCaseKeyword.groovy:44)
	at com.kms.katalon.core.keyword.internal.KeywordExecutor.executeKeywordForPlatform(KeywordExecutor.groovy:53)
	at com.kms.katalon.core.keyword.BuiltinKeywords.callTestCase(BuiltinKeywords.groovy:334)
	at Different products.run(Different products:120)
	at com.kms.katalon.core.main.ScriptEngine.run(ScriptEngine.java:194)
	at com.kms.katalon.core.main.ScriptEngine.runScriptAsRawText(ScriptEngine.java:119)
	at com.kms.katalon.core.main.TestCaseExecutor.runScript(TestCaseExecutor.java:328)
	at com.kms.katalon.core.main.TestCaseExecutor.doExecute(TestCaseExecutor.java:319)
	at com.kms.katalon.core.main.TestCaseExecutor.processExecutionPhase(TestCaseExecutor.java:298)
	at com.kms.katalon.core.main.TestCaseExecutor.accessMainPhase(TestCaseExecutor.java:290)
	at com.kms.katalon.core.main.TestCaseExecutor.execute(TestCaseExecutor.java:224)
	at com.kms.katalon.core.main.TestSuiteExecutor.accessTestCaseMainPhase(TestSuiteExecutor.java:129)
	at com.kms.katalon.core.main.TestSuiteExecutor.accessTestSuiteMainPhase(TestSuiteExecutor.java:112)
	at com.kms.katalon.core.main.TestSuiteExecutor.execute(TestSuiteExecutor.java:81)
	at com.kms.katalon.core.main.TestCaseMain.startTestSuite(TestCaseMain.java:149)
	at com.kms.katalon.core.main.TestCaseMain$startTestSuite$0.call(Unknown Source)
	at TempTestSuite1565707895630.run(TempTestSuite1565707895630.groovy:36)
"/>
         <system-out><![CDATA[2019-08-13 11:01:04 - [TEST_CASE][FAILED] - Test Cases/CRITICAL PATH - SPANISH/Different products: Test Cases/CRITICAL PATH - SPANISH/Different products FAILED.
Reason:
com.kms.katalon.core.exception.StepFailedException: Unable to verify text 'payment' is present  (Root cause: com.kms.katalon.core.exception.StepFailedException: Text 'payment' is not present on page )
	at com.kms.katalon.core.keyword.internal.KeywordMain.stepFailed(KeywordMain.groovy:36)
	at com.kms.katalon.core.webui.keyword.internal.WebUIKeywordMain.stepFailed(WebUIKeywordMain.groovy:65)
	at com.kms.katalon.core.webui.keyword.internal.WebUIKeywordMain.runKeyword(WebUIKeywordMain.groovy:27)
	at com.kms.katalon.core.webui.keyword.builtin.VerifyTextPresentKeyword.verifyTextPresent(VerifyTextPresentKeyword.groovy:83)
	at com.kms.katalon.core.webui.keyword.builtin.VerifyTextPresentKeyword.execute(VerifyTextPresentKeyword.groovy:68)
	at com.kms.katalon.core.keyword.internal.KeywordExecutor.executeKeywordForPlatform(KeywordExecutor.groovy:53)
	at com.kms.katalon.core.webui.keyword.WebUiBuiltInKeywords.verifyTextPresent(WebUiBuiltInKeywords.groovy:1693)
	at com.kms.katalon.core.webui.keyword.WebUiBuiltInKeywords$verifyTextPresent$7.call(Unknown Source)
	at CALL- SHIPPING TO PAYMENT.run(CALL- SHIPPING TO PAYMENT:24)
	at com.kms.katalon.core.main.ScriptEngine.run(ScriptEngine.java:194)
	at com.kms.katalon.core.main.ScriptEngine.runScriptAsRawText(ScriptEngine.java:119)
	at com.kms.katalon.core.main.TestCaseExecutor.runScript(TestCaseExecutor.java:328)
	at com.kms.katalon.core.main.TestCaseExecutor.doExecute(TestCaseExecutor.java:319)
	at com.kms.katalon.core.main.TestCaseExecutor.processExecutionPhase(TestCaseExecutor.java:298)
	at com.kms.katalon.core.main.TestCaseExecutor.accessMainPhase(TestCaseExecutor.java:290)
	at com.kms.katalon.core.main.TestCaseExecutor.execute(TestCaseExecutor.java:224)
	at com.kms.katalon.core.main.TestCaseMain.runTestCase(TestCaseMain.java:106)
	at com.kms.katalon.core.keyword.builtin.CallTestCaseKeyword$_callTestCase_closure1.doCall(CallTestCaseKeyword.groovy:59)
	at com.kms.katalon.core.keyword.builtin.CallTestCaseKeyword$_callTestCase_closure1.call(CallTestCaseKeyword.groovy)
	at com.kms.katalon.core.keyword.internal.KeywordMain.runKeyword(KeywordMain.groovy:54)
	at com.kms.katalon.core.keyword.builtin.CallTestCaseKeyword.callTestCase(CallTestCaseKeyword.groovy:80)
	at com.kms.katalon.core.keyword.builtin.CallTestCaseKeyword.execute(CallTestCaseKeyword.groovy:44)
	at com.kms.katalon.core.keyword.internal.KeywordExecutor.executeKeywordForPlatform(KeywordExecutor.groovy:53)
	at com.kms.katalon.core.keyword.BuiltinKeywords.callTestCase(BuiltinKeywords.groovy:334)
	at Different products.run(Different products:120)
	at com.kms.katalon.core.main.ScriptEngine.run(ScriptEngine.java:194)
	at com.kms.katalon.core.main.ScriptEngine.runScriptAsRawText(ScriptEngine.java:119)
	at com.kms.katalon.core.main.TestCaseExecutor.runScript(TestCaseExecutor.java:328)
	at com.kms.katalon.core.main.TestCaseExecutor.doExecute(TestCaseExecutor.java:319)
	at com.kms.katalon.core.main.TestCaseExecutor.processExecutionPhase(TestCaseExecutor.java:298)
	at com.kms.katalon.core.main.TestCaseExecutor.accessMainPhase(TestCaseExecutor.java:290)
	at com.kms.katalon.core.main.TestCaseExecutor.execute(TestCaseExecutor.java:224)
	at com.kms.katalon.core.main.TestSuiteExecutor.accessTestCaseMainPhase(TestSuiteExecutor.java:129)
	at com.kms.katalon.core.main.TestSuiteExecutor.accessTestSuiteMainPhase(TestSuiteExecutor.java:112)
	at com.kms.katalon.core.main.TestSuiteExecutor.execute(TestSuiteExecutor.java:81)
	at com.kms.katalon.core.main.TestCaseMain.startTestSuite(TestCaseMain.java:149)
	at com.kms.katalon.core.main.TestCaseMain$startTestSuite$0.call(Unknown Source)
	at TempTestSuite1565707895630.run(TempTestSuite1565707895630.groovy:36)


2019-08-13 11:01:04 - [TEST_STEP][PASSED] - callTestCase(findTestCase("CALL - LANGUAGE TOGGLER"), [:], STOP_ON_FAILURE): Call Test Case 'Test Cases/CALL - LANGUAGE TOGGLER' successfully

2019-08-13 11:01:04 - [TEST_CASE][PASSED] - Test Cases/CALL - LANGUAGE TOGGLER: Test Cases/CALL - LANGUAGE TOGGLER

2019-08-13 11:01:04 - [TEST_STEP][PASSED] - callTestCase(findTestCase("CALL-URL"), [:], STOP_ON_FAILURE): Call Test Case 'Test Cases/CALL-URL' successfully

2019-08-13 11:01:04 - [TEST_CASE][PASSED] - Test Cases/CALL-URL: Test Cases/CALL-URL

2019-08-13 11:01:04 - [TEST_STEP][PASSED] - openBrowser(""): Browser is opened with url: ''

2019-08-13 11:01:04 - [MESSAGE][WARNING] - A browser is already opened. Closing browser and opening a new one

2019-08-13 11:01:04 - [MESSAGE][INFO] - Starting 'Chrome' driver

2019-08-13 11:01:06 - [MESSAGE][PASSED] - Browser is opened with url: ''

2019-08-13 11:01:06 - [TEST_STEP][PASSED] - navigateToUrl("https://charlotterusse.com/"): Navigate to 'https://charlotterusse.com/' successfully

2019-08-13 11:01:11 - [MESSAGE][PASSED] - Navigate to 'https://charlotterusse.com/' successfully

2019-08-13 11:01:11 - [TEST_STEP][PASSED] - click(findTestObject("CR-DESKTOP/Window pop up/language- english")): Object: 'Object Repository/CR-DESKTOP/Window pop up/language- english' is clicked on

2019-08-13 11:01:11 - [MESSAGE][PASSED] - Object: 'Object Repository/CR-DESKTOP/Window pop up/language- english' is clicked on

2019-08-13 11:01:11 - [TEST_STEP][PASSED] - click(findTestObject("CR-DESKTOP/Window pop up/Pop up - close")): Object: 'Object Repository/CR-DESKTOP/Window pop up/Pop up - close' is clicked on

2019-08-13 11:01:11 - [MESSAGE][PASSED] - Object: 'Object Repository/CR-DESKTOP/Window pop up/Pop up - close' is clicked on

2019-08-13 11:01:11 - [TEST_STEP][PASSED] - maximizeWindow(): Current window maximized

2019-08-13 11:01:12 - [MESSAGE][PASSED] - Current window maximized

2019-08-13 11:01:12 - [MESSAGE][PASSED] - Call Test Case 'Test Cases/CALL-URL' successfully

2019-08-13 11:01:12 - [TEST_STEP][PASSED] - delay(2): Delayed 2 second(s)

2019-08-13 11:01:14 - [MESSAGE][PASSED] - Delayed 2 second(s)

2019-08-13 11:01:14 - [TEST_STEP][PASSED] - click(findTestObject("CR-DESKTOP/Home page/Spanish")): Object: 'Object Repository/CR-DESKTOP/Home page/Spanish' is clicked on

2019-08-13 11:01:14 - [MESSAGE][PASSED] - Object: 'Object Repository/CR-DESKTOP/Home page/Spanish' is clicked on

2019-08-13 11:01:14 - [MESSAGE][PASSED] - Call Test Case 'Test Cases/CALL - LANGUAGE TOGGLER' successfully

2019-08-13 11:01:14 - [TEST_STEP][PASSED] - delay(2): Delayed 2 second(s)

2019-08-13 11:01:16 - [MESSAGE][PASSED] - Delayed 2 second(s)

2019-08-13 11:01:16 - [TEST_STEP][PASSED] - mouseOver(findTestObject("CR-DESKTOP - SPANISH/Mega menu/SHOES")): Object: 'Object Repository/CR-DESKTOP - SPANISH/Mega menu/SHOES' is hovered

2019-08-13 11:01:16 - [MESSAGE][PASSED] - Object: 'Object Repository/CR-DESKTOP - SPANISH/Mega menu/SHOES' is hovered

2019-08-13 11:01:16 - [TEST_STEP][PASSED] - delay(2): Delayed 2 second(s)

2019-08-13 11:01:18 - [MESSAGE][PASSED] - Delayed 2 second(s)

2019-08-13 11:01:18 - [TEST_STEP][PASSED] - click(findTestObject("CR-DESKTOP - SPANISH/Mega menu/shoes - tenis")): Object: 'Object Repository/CR-DESKTOP - SPANISH/Mega menu/shoes - tenis' is clicked on

2019-08-13 11:01:21 - [MESSAGE][PASSED] - Object: 'Object Repository/CR-DESKTOP - SPANISH/Mega menu/shoes - tenis' is clicked on

2019-08-13 11:01:21 - [TEST_STEP][PASSED] - delay(2): Delayed 2 second(s)

2019-08-13 11:01:23 - [MESSAGE][PASSED] - Delayed 2 second(s)

2019-08-13 11:01:23 - [TEST_STEP][PASSED] - click(findTestObject("CR-DESKTOP/Collection page/product 3")): Object: 'Object Repository/CR-DESKTOP/Collection page/product 3' is clicked on

2019-08-13 11:01:25 - [MESSAGE][PASSED] - Object: 'Object Repository/CR-DESKTOP/Collection page/product 3' is clicked on

2019-08-13 11:01:25 - [TEST_STEP][PASSED] - delay(2): Delayed 2 second(s)

2019-08-13 11:01:27 - [MESSAGE][PASSED] - Delayed 2 second(s)

2019-08-13 11:01:27 - [TEST_STEP][PASSED] - click(findTestObject("CR-DESKTOP - SPANISH/product page/verde neon")): Object: 'Object Repository/CR-DESKTOP - SPANISH/product page/verde neon' is clicked on

2019-08-13 11:01:27 - [MESSAGE][PASSED] - Object: 'Object Repository/CR-DESKTOP - SPANISH/product page/verde neon' is clicked on

2019-08-13 11:01:27 - [TEST_STEP][PASSED] - delay(2): Delayed 2 second(s)

2019-08-13 11:01:29 - [MESSAGE][PASSED] - Delayed 2 second(s)

2019-08-13 11:01:29 - [TEST_STEP][PASSED] - click(findTestObject("CR-DESKTOP/product page/Size -6")): Object: 'Object Repository/CR-DESKTOP/product page/Size -6' is clicked on

2019-08-13 11:01:29 - [MESSAGE][PASSED] - Object: 'Object Repository/CR-DESKTOP/product page/Size -6' is clicked on

2019-08-13 11:01:29 - [TEST_STEP][PASSED] - delay(2): Delayed 2 second(s)

2019-08-13 11:01:31 - [MESSAGE][PASSED] - Delayed 2 second(s)

2019-08-13 11:01:31 - [TEST_STEP][PASSED] - click(findTestObject("CR-DESKTOP - SPANISH/product page/Add to bag")): Object: 'Object Repository/CR-DESKTOP - SPANISH/product page/Add to bag' is clicked on

2019-08-13 11:01:31 - [MESSAGE][PASSED] - Object: 'Object Repository/CR-DESKTOP - SPANISH/product page/Add to bag' is clicked on

2019-08-13 11:01:31 - [TEST_STEP][PASSED] - delay(2): Delayed 2 second(s)

2019-08-13 11:01:33 - [MESSAGE][PASSED] - Delayed 2 second(s)

2019-08-13 11:01:33 - [TEST_STEP][PASSED] - click(findTestObject("CR-DESKTOP/Cart flyout/cart collpase")): Object: 'Object Repository/CR-DESKTOP/Cart flyout/cart collpase' is clicked on

2019-08-13 11:01:33 - [MESSAGE][PASSED] - Object: 'Object Repository/CR-DESKTOP/Cart flyout/cart collpase' is clicked on

2019-08-13 11:01:33 - [TEST_STEP][PASSED] - delay(2): Delayed 2 second(s)

2019-08-13 11:01:35 - [MESSAGE][PASSED] - Delayed 2 second(s)

2019-08-13 11:01:35 - [TEST_STEP][PASSED] - click(findTestObject("CR-DESKTOP/product page/size -7")): Object: 'Object Repository/CR-DESKTOP/product page/size -7' is clicked on

2019-08-13 11:01:35 - [MESSAGE][PASSED] - Object: 'Object Repository/CR-DESKTOP/product page/size -7' is clicked on

2019-08-13 11:01:35 - [TEST_STEP][PASSED] - delay(2): Delayed 2 second(s)

2019-08-13 11:01:37 - [MESSAGE][PASSED] - Delayed 2 second(s)

2019-08-13 11:01:37 - [TEST_STEP][PASSED] - click(findTestObject("CR-DESKTOP - SPANISH/product page/Add to bag")): Object: 'Object Repository/CR-DESKTOP - SPANISH/product page/Add to bag' is clicked on

2019-08-13 11:01:37 - [MESSAGE][PASSED] - Object: 'Object Repository/CR-DESKTOP - SPANISH/product page/Add to bag' is clicked on

2019-08-13 11:01:37 - [TEST_STEP][PASSED] - delay(4): Delayed 4 second(s)

2019-08-13 11:01:41 - [MESSAGE][PASSED] - Delayed 4 second(s)

2019-08-13 11:01:41 - [TEST_STEP][PASSED] - click(findTestObject("CR-DESKTOP/Cart flyout/cart collpase")): Object: 'Object Repository/CR-DESKTOP/Cart flyout/cart collpase' is clicked on

2019-08-13 11:01:41 - [MESSAGE][PASSED] - Object: 'Object Repository/CR-DESKTOP/Cart flyout/cart collpase' is clicked on

2019-08-13 11:01:41 - [TEST_STEP][PASSED] - delay(2): Delayed 2 second(s)

2019-08-13 11:01:43 - [MESSAGE][PASSED] - Delayed 2 second(s)

2019-08-13 11:01:43 - [TEST_STEP][PASSED] - mouseOver(findTestObject("CR-DESKTOP - SPANISH/Mega menu/a_Jeans")): Object: 'Object Repository/CR-DESKTOP - SPANISH/Mega menu/a_Jeans' is hovered

2019-08-13 11:01:43 - [MESSAGE][PASSED] - Object: 'Object Repository/CR-DESKTOP - SPANISH/Mega menu/a_Jeans' is hovered

2019-08-13 11:01:43 - [TEST_STEP][PASSED] - delay(2): Delayed 2 second(s)

2019-08-13 11:01:45 - [MESSAGE][PASSED] - Delayed 2 second(s)

2019-08-13 11:01:45 - [TEST_STEP][PASSED] - click(findTestObject("CR-DESKTOP - SPANISH/Mega menu/Jeans- Boy friend jeans")): Object: 'Object Repository/CR-DESKTOP - SPANISH/Mega menu/Jeans- Boy friend jeans' is clicked on

2019-08-13 11:01:47 - [MESSAGE][PASSED] - Object: 'Object Repository/CR-DESKTOP - SPANISH/Mega menu/Jeans- Boy friend jeans' is clicked on

2019-08-13 11:01:47 - [TEST_STEP][PASSED] - delay(2): Delayed 2 second(s)

2019-08-13 11:01:49 - [MESSAGE][PASSED] - Delayed 2 second(s)

2019-08-13 11:01:49 - [TEST_STEP][PASSED] - click(findTestObject("CR-DESKTOP/Collection page/Product 2")): Object: 'Object Repository/CR-DESKTOP/Collection page/Product 2' is clicked on

2019-08-13 11:01:51 - [MESSAGE][PASSED] - Object: 'Object Repository/CR-DESKTOP/Collection page/Product 2' is clicked on

2019-08-13 11:01:51 - [TEST_STEP][PASSED] - delay(2): Delayed 2 second(s)

2019-08-13 11:01:53 - [MESSAGE][PASSED] - Delayed 2 second(s)

2019-08-13 11:01:53 - [TEST_STEP][PASSED] - click(findTestObject("CR-DESKTOP/product page/size -18")): Object: 'Object Repository/CR-DESKTOP/product page/size -18' is clicked on

2019-08-13 11:01:53 - [MESSAGE][PASSED] - Object: 'Object Repository/CR-DESKTOP/product page/size -18' is clicked on

2019-08-13 11:01:53 - [TEST_STEP][PASSED] - delay(2): Delayed 2 second(s)

2019-08-13 11:01:55 - [MESSAGE][PASSED] - Delayed 2 second(s)

2019-08-13 11:01:55 - [TEST_STEP][PASSED] - click(findTestObject("CR-DESKTOP - SPANISH/product page/Add to bag")): Object: 'Object Repository/CR-DESKTOP - SPANISH/product page/Add to bag' is clicked on

2019-08-13 11:01:55 - [MESSAGE][PASSED] - Object: 'Object Repository/CR-DESKTOP - SPANISH/product page/Add to bag' is clicked on

2019-08-13 11:01:55 - [TEST_STEP][PASSED] - delay(4): Delayed 4 second(s)

2019-08-13 11:01:59 - [MESSAGE][PASSED] - Delayed 4 second(s)

2019-08-13 11:01:59 - [TEST_STEP][PASSED] - click(findTestObject("CR-DESKTOP/Cart flyout/cart collpase")): Object: 'Object Repository/CR-DESKTOP/Cart flyout/cart collpase' is clicked on

2019-08-13 11:01:59 - [MESSAGE][PASSED] - Object: 'Object Repository/CR-DESKTOP/Cart flyout/cart collpase' is clicked on

2019-08-13 11:01:59 - [TEST_STEP][PASSED] - delay(2): Delayed 2 second(s)

2019-08-13 11:02:01 - [MESSAGE][PASSED] - Delayed 2 second(s)

2019-08-13 11:02:01 - [TEST_STEP][PASSED] - click(findTestObject("CR-DESKTOP/product page/size -20")): Object: 'Object Repository/CR-DESKTOP/product page/size -20' is clicked on

2019-08-13 11:02:01 - [MESSAGE][PASSED] - Object: 'Object Repository/CR-DESKTOP/product page/size -20' is clicked on

2019-08-13 11:02:01 - [TEST_STEP][PASSED] - delay(2): Delayed 2 second(s)

2019-08-13 11:02:03 - [MESSAGE][PASSED] - Delayed 2 second(s)

2019-08-13 11:02:03 - [TEST_STEP][PASSED] - click(findTestObject("CR-DESKTOP - SPANISH/product page/Add to bag")): Object: 'Object Repository/CR-DESKTOP - SPANISH/product page/Add to bag' is clicked on

2019-08-13 11:02:03 - [MESSAGE][PASSED] - Object: 'Object Repository/CR-DESKTOP - SPANISH/product page/Add to bag' is clicked on

2019-08-13 11:02:03 - [TEST_STEP][PASSED] - delay(4): Delayed 4 second(s)

2019-08-13 11:02:07 - [MESSAGE][PASSED] - Delayed 4 second(s)

2019-08-13 11:02:07 - [TEST_STEP][PASSED] - click(findTestObject("CR-DESKTOP/Cart flyout/cart collpase")): Object: 'Object Repository/CR-DESKTOP/Cart flyout/cart collpase' is clicked on

2019-08-13 11:02:07 - [MESSAGE][PASSED] - Object: 'Object Repository/CR-DESKTOP/Cart flyout/cart collpase' is clicked on

2019-08-13 11:02:07 - [TEST_STEP][PASSED] - delay(2): Delayed 2 second(s)

2019-08-13 11:02:09 - [MESSAGE][PASSED] - Delayed 2 second(s)

2019-08-13 11:02:09 - [TEST_STEP][PASSED] - mouseOver(findTestObject("CR-DESKTOP - SPANISH/Mega menu/ACCESSORIES")): Object: 'Object Repository/CR-DESKTOP - SPANISH/Mega menu/ACCESSORIES' is hovered

2019-08-13 11:02:09 - [MESSAGE][PASSED] - Object: 'Object Repository/CR-DESKTOP - SPANISH/Mega menu/ACCESSORIES' is hovered

2019-08-13 11:02:09 - [TEST_STEP][PASSED] - delay(2): Delayed 2 second(s)

2019-08-13 11:02:11 - [MESSAGE][PASSED] - Delayed 2 second(s)

2019-08-13 11:02:11 - [TEST_STEP][PASSED] - click(findTestObject("CR-DESKTOP - SPANISH/Mega menu/accessories - Scarves")): Object: 'Object Repository/CR-DESKTOP - SPANISH/Mega menu/accessories - Scarves' is clicked on

2019-08-13 11:02:16 - [MESSAGE][PASSED] - Object: 'Object Repository/CR-DESKTOP - SPANISH/Mega menu/accessories - Scarves' is clicked on

2019-08-13 11:02:16 - [TEST_STEP][PASSED] - delay(2): Delayed 2 second(s)

2019-08-13 11:02:18 - [MESSAGE][PASSED] - Delayed 2 second(s)

2019-08-13 11:02:18 - [TEST_STEP][PASSED] - click(findTestObject("CR-DESKTOP/Collection page/product 1")): Object: 'Object Repository/CR-DESKTOP/Collection page/product 1' is clicked on

2019-08-13 11:02:20 - [MESSAGE][PASSED] - Object: 'Object Repository/CR-DESKTOP/Collection page/product 1' is clicked on

2019-08-13 11:02:20 - [TEST_STEP][PASSED] - delay(2): Delayed 2 second(s)

2019-08-13 11:02:22 - [MESSAGE][PASSED] - Delayed 2 second(s)

2019-08-13 11:02:22 - [TEST_STEP][PASSED] - click(findTestObject("CR-DESKTOP - SPANISH/product page/Negro")): Object: 'Object Repository/CR-DESKTOP - SPANISH/product page/Negro' is clicked on

2019-08-13 11:02:22 - [MESSAGE][PASSED] - Object: 'Object Repository/CR-DESKTOP - SPANISH/product page/Negro' is clicked on

2019-08-13 11:02:22 - [TEST_STEP][PASSED] - delay(2): Delayed 2 second(s)

2019-08-13 11:02:24 - [MESSAGE][PASSED] - Delayed 2 second(s)

2019-08-13 11:02:24 - [TEST_STEP][PASSED] - click(findTestObject("CR-DESKTOP - SPANISH/product page/Add to bag")): Object: 'Object Repository/CR-DESKTOP - SPANISH/product page/Add to bag' is clicked on

2019-08-13 11:02:25 - [MESSAGE][PASSED] - Object: 'Object Repository/CR-DESKTOP - SPANISH/product page/Add to bag' is clicked on

2019-08-13 11:02:25 - [TEST_STEP][PASSED] - delay(3): Delayed 3 second(s)

2019-08-13 11:02:28 - [MESSAGE][PASSED] - Delayed 3 second(s)

2019-08-13 11:02:28 - [TEST_STEP][PASSED] - click(findTestObject("CR-DESKTOP/Cart flyout/Checkout")): Object: 'Object Repository/CR-DESKTOP/Cart flyout/Checkout' is clicked on

2019-08-13 11:02:33 - [MESSAGE][PASSED] - Object: 'Object Repository/CR-DESKTOP/Cart flyout/Checkout' is clicked on

2019-08-13 11:02:33 - [TEST_STEP][PASSED] - callTestCase(findTestCase("CALL - CUTOMER INFO PAGE"), [:], STOP_ON_FAILURE): Call Test Case 'Test Cases/CALL - CUTOMER INFO PAGE' successfully

2019-08-13 11:02:33 - [TEST_CASE][PASSED] - Test Cases/CALL - CUTOMER INFO PAGE: Test Cases/CALL - CUTOMER INFO PAGE

2019-08-13 11:02:33 - [TEST_STEP][PASSED] - setText(findTestObject("CR-DESKTOP/Customer info page/Email"), "suman@gmail.com"): Text 'suman@gmail.com' is set on object 'Object Repository/CR-DESKTOP/Customer info page/Email'

2019-08-13 11:02:34 - [MESSAGE][PASSED] - Text 'suman@gmail.com' is set on object 'Object Repository/CR-DESKTOP/Customer info page/Email'

2019-08-13 11:02:34 - [TEST_STEP][PASSED] - delay(1): Delayed 1 second(s)

2019-08-13 11:02:35 - [MESSAGE][PASSED] - Delayed 1 second(s)

2019-08-13 11:02:35 - [TEST_STEP][PASSED] - setText(findTestObject("CR-DESKTOP/Customer info page/First name"), "suman"): Text 'suman' is set on object 'Object Repository/CR-DESKTOP/Customer info page/First name'

2019-08-13 11:02:35 - [MESSAGE][PASSED] - Text 'suman' is set on object 'Object Repository/CR-DESKTOP/Customer info page/First name'

2019-08-13 11:02:35 - [TEST_STEP][PASSED] - delay(1): Delayed 1 second(s)

2019-08-13 11:02:36 - [MESSAGE][PASSED] - Delayed 1 second(s)

2019-08-13 11:02:36 - [TEST_STEP][PASSED] - setText(findTestObject("CR-DESKTOP/Customer info page/Last name"), "kompelly"): Text 'kompelly' is set on object 'Object Repository/CR-DESKTOP/Customer info page/Last name'

2019-08-13 11:02:36 - [MESSAGE][PASSED] - Text 'kompelly' is set on object 'Object Repository/CR-DESKTOP/Customer info page/Last name'

2019-08-13 11:02:36 - [TEST_STEP][PASSED] - delay(1): Delayed 1 second(s)

2019-08-13 11:02:37 - [MESSAGE][PASSED] - Delayed 1 second(s)

2019-08-13 11:02:37 - [TEST_STEP][PASSED] - setText(findTestObject("CR-DESKTOP/Customer info page/Address"), "123 saint alxendre"): Text '123 saint alxendre' is set on object 'Object Repository/CR-DESKTOP/Customer info page/Address'

2019-08-13 11:02:37 - [MESSAGE][PASSED] - Text '123 saint alxendre' is set on object 'Object Repository/CR-DESKTOP/Customer info page/Address'

2019-08-13 11:02:37 - [TEST_STEP][PASSED] - delay(1): Delayed 1 second(s)

2019-08-13 11:02:38 - [MESSAGE][PASSED] - Delayed 1 second(s)

2019-08-13 11:02:38 - [TEST_STEP][PASSED] - setText(findTestObject("CR-DESKTOP/Customer info page/apt suite"), "199"): Text '199' is set on object 'Object Repository/CR-DESKTOP/Customer info page/apt suite'

2019-08-13 11:02:38 - [MESSAGE][PASSED] - Text '199' is set on object 'Object Repository/CR-DESKTOP/Customer info page/apt suite'

2019-08-13 11:02:38 - [TEST_STEP][PASSED] - delay(1): Delayed 1 second(s)

2019-08-13 11:02:39 - [MESSAGE][PASSED] - Delayed 1 second(s)

2019-08-13 11:02:39 - [TEST_STEP][PASSED] - setText(findTestObject("CR-DESKTOP/Customer info page/City"), "montreal"): Text 'montreal' is set on object 'Object Repository/CR-DESKTOP/Customer info page/City'

2019-08-13 11:02:39 - [MESSAGE][PASSED] - Text 'montreal' is set on object 'Object Repository/CR-DESKTOP/Customer info page/City'

2019-08-13 11:02:39 - [TEST_STEP][PASSED] - delay(1): Delayed 1 second(s)

2019-08-13 11:02:40 - [MESSAGE][PASSED] - Delayed 1 second(s)

2019-08-13 11:02:40 - [TEST_STEP][PASSED] - selectOptionByValue(findTestObject("CR-DESKTOP/Customer info page/state dropdown"), "NJ", true): All options with value 'NJ' are selected in object 'Object Repository/CR-DESKTOP/Customer info page/state dropdown'  using regular expression

2019-08-13 11:02:41 - [MESSAGE][PASSED] - All options with value 'NJ' are selected in object 'Object Repository/CR-DESKTOP/Customer info page/state dropdown'  using regular expression

2019-08-13 11:02:41 - [TEST_STEP][PASSED] - delay(1): Delayed 1 second(s)

2019-08-13 11:02:42 - [MESSAGE][PASSED] - Delayed 1 second(s)

2019-08-13 11:02:42 - [TEST_STEP][PASSED] - setText(findTestObject("CR-DESKTOP/Customer info page/Zip code"), "07057"): Text '07057' is set on object 'Object Repository/CR-DESKTOP/Customer info page/Zip code'

2019-08-13 11:02:42 - [MESSAGE][PASSED] - Text '07057' is set on object 'Object Repository/CR-DESKTOP/Customer info page/Zip code'

2019-08-13 11:02:42 - [MESSAGE][PASSED] - Call Test Case 'Test Cases/CALL - CUTOMER INFO PAGE' successfully

2019-08-13 11:02:42 - [TEST_STEP][FAILED] - callTestCase(findTestCase("CALL- SHIPPING TO PAYMENT"), [:], STOP_ON_FAILURE): callTestCase(findTestCase("CALL- SHIPPING TO PAYMENT"), [:], STOP_ON_FAILURE) FAILED.
Reason:
com.kms.katalon.core.exception.StepFailedException: Unable to verify text 'payment' is present  (Root cause: com.kms.katalon.core.exception.StepFailedException: Text 'payment' is not present on page )
	at com.kms.katalon.core.keyword.internal.KeywordMain.stepFailed(KeywordMain.groovy:36)
	at com.kms.katalon.core.webui.keyword.internal.WebUIKeywordMain.stepFailed(WebUIKeywordMain.groovy:65)
	at com.kms.katalon.core.webui.keyword.internal.WebUIKeywordMain.runKeyword(WebUIKeywordMain.groovy:27)
	at com.kms.katalon.core.webui.keyword.builtin.VerifyTextPresentKeyword.verifyTextPresent(VerifyTextPresentKeyword.groovy:83)
	at com.kms.katalon.core.webui.keyword.builtin.VerifyTextPresentKeyword.execute(VerifyTextPresentKeyword.groovy:68)
	at com.kms.katalon.core.keyword.internal.KeywordExecutor.executeKeywordForPlatform(KeywordExecutor.groovy:53)
	at com.kms.katalon.core.webui.keyword.WebUiBuiltInKeywords.verifyTextPresent(WebUiBuiltInKeywords.groovy:1693)
	at com.kms.katalon.core.webui.keyword.WebUiBuiltInKeywords$verifyTextPresent$7.call(Unknown Source)
	at CALL- SHIPPING TO PAYMENT.run(CALL- SHIPPING TO PAYMENT:24)
	at com.kms.katalon.core.main.ScriptEngine.run(ScriptEngine.java:194)
	at com.kms.katalon.core.main.ScriptEngine.runScriptAsRawText(ScriptEngine.java:119)
	at com.kms.katalon.core.main.TestCaseExecutor.runScript(TestCaseExecutor.java:328)
	at com.kms.katalon.core.main.TestCaseExecutor.doExecute(TestCaseExecutor.java:319)
	at com.kms.katalon.core.main.TestCaseExecutor.processExecutionPhase(TestCaseExecutor.java:298)
	at com.kms.katalon.core.main.TestCaseExecutor.accessMainPhase(TestCaseExecutor.java:290)
	at com.kms.katalon.core.main.TestCaseExecutor.execute(TestCaseExecutor.java:224)
	at com.kms.katalon.core.main.TestCaseMain.runTestCase(TestCaseMain.java:106)
	at com.kms.katalon.core.keyword.builtin.CallTestCaseKeyword$_callTestCase_closure1.doCall(CallTestCaseKeyword.groovy:59)
	at com.kms.katalon.core.keyword.builtin.CallTestCaseKeyword$_callTestCase_closure1.call(CallTestCaseKeyword.groovy)
	at com.kms.katalon.core.keyword.internal.KeywordMain.runKeyword(KeywordMain.groovy:54)
	at com.kms.katalon.core.keyword.builtin.CallTestCaseKeyword.callTestCase(CallTestCaseKeyword.groovy:80)
	at com.kms.katalon.core.keyword.builtin.CallTestCaseKeyword.execute(CallTestCaseKeyword.groovy:44)
	at com.kms.katalon.core.keyword.internal.KeywordExecutor.executeKeywordForPlatform(KeywordExecutor.groovy:53)
	at com.kms.katalon.core.keyword.BuiltinKeywords.callTestCase(BuiltinKeywords.groovy:334)
	at Different products.run(Different products:120)
	at com.kms.katalon.core.main.ScriptEngine.run(ScriptEngine.java:194)
	at com.kms.katalon.core.main.ScriptEngine.runScriptAsRawText(ScriptEngine.java:119)
	at com.kms.katalon.core.main.TestCaseExecutor.runScript(TestCaseExecutor.java:328)
	at com.kms.katalon.core.main.TestCaseExecutor.doExecute(TestCaseExecutor.java:319)
	at com.kms.katalon.core.main.TestCaseExecutor.processExecutionPhase(TestCaseExecutor.java:298)
	at com.kms.katalon.core.main.TestCaseExecutor.accessMainPhase(TestCaseExecutor.java:290)
	at com.kms.katalon.core.main.TestCaseExecutor.execute(TestCaseExecutor.java:224)
	at com.kms.katalon.core.main.TestSuiteExecutor.accessTestCaseMainPhase(TestSuiteExecutor.java:129)
	at com.kms.katalon.core.main.TestSuiteExecutor.accessTestSuiteMainPhase(TestSuiteExecutor.java:112)
	at com.kms.katalon.core.main.TestSuiteExecutor.execute(TestSuiteExecutor.java:81)
	at com.kms.katalon.core.main.TestCaseMain.startTestSuite(TestCaseMain.java:149)
	at com.kms.katalon.core.main.TestCaseMain$startTestSuite$0.call(Unknown Source)
	at TempTestSuite1565707895630.run(TempTestSuite1565707895630.groovy:36)


2019-08-13 11:02:42 - [TEST_CASE][FAILED] - Test Cases/CALL- SHIPPING TO PAYMENT: Test Cases/CALL- SHIPPING TO PAYMENT FAILED.
Reason:
com.kms.katalon.core.exception.StepFailedException: Unable to verify text 'payment' is present  (Root cause: com.kms.katalon.core.exception.StepFailedException: Text 'payment' is not present on page )
	at com.kms.katalon.core.keyword.internal.KeywordMain.stepFailed(KeywordMain.groovy:36)
	at com.kms.katalon.core.webui.keyword.internal.WebUIKeywordMain.stepFailed(WebUIKeywordMain.groovy:65)
	at com.kms.katalon.core.webui.keyword.internal.WebUIKeywordMain.runKeyword(WebUIKeywordMain.groovy:27)
	at com.kms.katalon.core.webui.keyword.builtin.VerifyTextPresentKeyword.verifyTextPresent(VerifyTextPresentKeyword.groovy:83)
	at com.kms.katalon.core.webui.keyword.builtin.VerifyTextPresentKeyword.execute(VerifyTextPresentKeyword.groovy:68)
	at com.kms.katalon.core.keyword.internal.KeywordExecutor.executeKeywordForPlatform(KeywordExecutor.groovy:53)
	at com.kms.katalon.core.webui.keyword.WebUiBuiltInKeywords.verifyTextPresent(WebUiBuiltInKeywords.groovy:1693)
	at com.kms.katalon.core.webui.keyword.WebUiBuiltInKeywords$verifyTextPresent$7.call(Unknown Source)
	at CALL- SHIPPING TO PAYMENT.run(CALL- SHIPPING TO PAYMENT:24)
	at com.kms.katalon.core.main.ScriptEngine.run(ScriptEngine.java:194)
	at com.kms.katalon.core.main.ScriptEngine.runScriptAsRawText(ScriptEngine.java:119)
	at com.kms.katalon.core.main.TestCaseExecutor.runScript(TestCaseExecutor.java:328)
	at com.kms.katalon.core.main.TestCaseExecutor.doExecute(TestCaseExecutor.java:319)
	at com.kms.katalon.core.main.TestCaseExecutor.processExecutionPhase(TestCaseExecutor.java:298)
	at com.kms.katalon.core.main.TestCaseExecutor.accessMainPhase(TestCaseExecutor.java:290)
	at com.kms.katalon.core.main.TestCaseExecutor.execute(TestCaseExecutor.java:224)
	at com.kms.katalon.core.main.TestCaseMain.runTestCase(TestCaseMain.java:106)
	at com.kms.katalon.core.keyword.builtin.CallTestCaseKeyword$_callTestCase_closure1.doCall(CallTestCaseKeyword.groovy:59)
	at com.kms.katalon.core.keyword.builtin.CallTestCaseKeyword$_callTestCase_closure1.call(CallTestCaseKeyword.groovy)
	at com.kms.katalon.core.keyword.internal.KeywordMain.runKeyword(KeywordMain.groovy:54)
	at com.kms.katalon.core.keyword.builtin.CallTestCaseKeyword.callTestCase(CallTestCaseKeyword.groovy:80)
	at com.kms.katalon.core.keyword.builtin.CallTestCaseKeyword.execute(CallTestCaseKeyword.groovy:44)
	at com.kms.katalon.core.keyword.internal.KeywordExecutor.executeKeywordForPlatform(KeywordExecutor.groovy:53)
	at com.kms.katalon.core.keyword.BuiltinKeywords.callTestCase(BuiltinKeywords.groovy:334)
	at Different products.run(Different products:120)
	at com.kms.katalon.core.main.ScriptEngine.run(ScriptEngine.java:194)
	at com.kms.katalon.core.main.ScriptEngine.runScriptAsRawText(ScriptEngine.java:119)
	at com.kms.katalon.core.main.TestCaseExecutor.runScript(TestCaseExecutor.java:328)
	at com.kms.katalon.core.main.TestCaseExecutor.doExecute(TestCaseExecutor.java:319)
	at com.kms.katalon.core.main.TestCaseExecutor.processExecutionPhase(TestCaseExecutor.java:298)
	at com.kms.katalon.core.main.TestCaseExecutor.accessMainPhase(TestCaseExecutor.java:290)
	at com.kms.katalon.core.main.TestCaseExecutor.execute(TestCaseExecutor.java:224)
	at com.kms.katalon.core.main.TestSuiteExecutor.accessTestCaseMainPhase(TestSuiteExecutor.java:129)
	at com.kms.katalon.core.main.TestSuiteExecutor.accessTestSuiteMainPhase(TestSuiteExecutor.java:112)
	at com.kms.katalon.core.main.TestSuiteExecutor.execute(TestSuiteExecutor.java:81)
	at com.kms.katalon.core.main.TestCaseMain.startTestSuite(TestCaseMain.java:149)
	at com.kms.katalon.core.main.TestCaseMain$startTestSuite$0.call(Unknown Source)
	at TempTestSuite1565707895630.run(TempTestSuite1565707895630.groovy:36)


2019-08-13 11:02:42 - [TEST_STEP][PASSED] - click(findTestObject("CR-DESKTOP/Customer info page/Continue to shipping")): Object: 'Object Repository/CR-DESKTOP/Customer info page/Continue to shipping' is clicked on

2019-08-13 11:02:43 - [MESSAGE][PASSED] - Object: 'Object Repository/CR-DESKTOP/Customer info page/Continue to shipping' is clicked on

2019-08-13 11:02:43 - [TEST_STEP][PASSED] - delay(2): Delayed 2 second(s)

2019-08-13 11:02:45 - [MESSAGE][PASSED] - Delayed 2 second(s)

2019-08-13 11:02:45 - [TEST_STEP][PASSED] - click(findTestObject("CR-DESKTOP/Payment page/Continue to payment")): Object: 'Object Repository/CR-DESKTOP/Payment page/Continue to payment' is clicked on

2019-08-13 11:02:48 - [MESSAGE][PASSED] - Object: 'Object Repository/CR-DESKTOP/Payment page/Continue to payment' is clicked on

2019-08-13 11:02:48 - [TEST_STEP][PASSED] - delay(2): Delayed 2 second(s)

2019-08-13 11:02:50 - [MESSAGE][PASSED] - Delayed 2 second(s)

2019-08-13 11:02:50 - [TEST_STEP][FAILED] - verifyTextPresent("payment", false): verifyTextPresent("payment", false) FAILED.
Reason:
com.kms.katalon.core.exception.StepFailedException: Unable to verify text 'payment' is present  (Root cause: com.kms.katalon.core.exception.StepFailedException: Text 'payment' is not present on page )
	at com.kms.katalon.core.keyword.internal.KeywordMain.stepFailed(KeywordMain.groovy:36)
	at com.kms.katalon.core.webui.keyword.internal.WebUIKeywordMain.stepFailed(WebUIKeywordMain.groovy:65)
	at com.kms.katalon.core.webui.keyword.internal.WebUIKeywordMain.runKeyword(WebUIKeywordMain.groovy:27)
	at com.kms.katalon.core.webui.keyword.builtin.VerifyTextPresentKeyword.verifyTextPresent(VerifyTextPresentKeyword.groovy:83)
	at com.kms.katalon.core.webui.keyword.builtin.VerifyTextPresentKeyword.execute(VerifyTextPresentKeyword.groovy:68)
	at com.kms.katalon.core.keyword.internal.KeywordExecutor.executeKeywordForPlatform(KeywordExecutor.groovy:53)
	at com.kms.katalon.core.webui.keyword.WebUiBuiltInKeywords.verifyTextPresent(WebUiBuiltInKeywords.groovy:1693)
	at com.kms.katalon.core.webui.keyword.WebUiBuiltInKeywords$verifyTextPresent$7.call(Unknown Source)
	at CALL- SHIPPING TO PAYMENT.run(CALL- SHIPPING TO PAYMENT:24)
	at com.kms.katalon.core.main.ScriptEngine.run(ScriptEngine.java:194)
	at com.kms.katalon.core.main.ScriptEngine.runScriptAsRawText(ScriptEngine.java:119)
	at com.kms.katalon.core.main.TestCaseExecutor.runScript(TestCaseExecutor.java:328)
	at com.kms.katalon.core.main.TestCaseExecutor.doExecute(TestCaseExecutor.java:319)
	at com.kms.katalon.core.main.TestCaseExecutor.processExecutionPhase(TestCaseExecutor.java:298)
	at com.kms.katalon.core.main.TestCaseExecutor.accessMainPhase(TestCaseExecutor.java:290)
	at com.kms.katalon.core.main.TestCaseExecutor.execute(TestCaseExecutor.java:224)
	at com.kms.katalon.core.main.TestCaseMain.runTestCase(TestCaseMain.java:106)
	at com.kms.katalon.core.keyword.builtin.CallTestCaseKeyword$_callTestCase_closure1.doCall(CallTestCaseKeyword.groovy:59)
	at com.kms.katalon.core.keyword.builtin.CallTestCaseKeyword$_callTestCase_closure1.call(CallTestCaseKeyword.groovy)
	at com.kms.katalon.core.keyword.internal.KeywordMain.runKeyword(KeywordMain.groovy:54)
	at com.kms.katalon.core.keyword.builtin.CallTestCaseKeyword.callTestCase(CallTestCaseKeyword.groovy:80)
	at com.kms.katalon.core.keyword.builtin.CallTestCaseKeyword.execute(CallTestCaseKeyword.groovy:44)
	at com.kms.katalon.core.keyword.internal.KeywordExecutor.executeKeywordForPlatform(KeywordExecutor.groovy:53)
	at com.kms.katalon.core.keyword.BuiltinKeywords.callTestCase(BuiltinKeywords.groovy:334)
	at Different products.run(Different products:120)
	at com.kms.katalon.core.main.ScriptEngine.run(ScriptEngine.java:194)
	at com.kms.katalon.core.main.ScriptEngine.runScriptAsRawText(ScriptEngine.java:119)
	at com.kms.katalon.core.main.TestCaseExecutor.runScript(TestCaseExecutor.java:328)
	at com.kms.katalon.core.main.TestCaseExecutor.doExecute(TestCaseExecutor.java:319)
	at com.kms.katalon.core.main.TestCaseExecutor.processExecutionPhase(TestCaseExecutor.java:298)
	at com.kms.katalon.core.main.TestCaseExecutor.accessMainPhase(TestCaseExecutor.java:290)
	at com.kms.katalon.core.main.TestCaseExecutor.execute(TestCaseExecutor.java:224)
	at com.kms.katalon.core.main.TestSuiteExecutor.accessTestCaseMainPhase(TestSuiteExecutor.java:129)
	at com.kms.katalon.core.main.TestSuiteExecutor.accessTestSuiteMainPhase(TestSuiteExecutor.java:112)
	at com.kms.katalon.core.main.TestSuiteExecutor.execute(TestSuiteExecutor.java:81)
	at com.kms.katalon.core.main.TestCaseMain.startTestSuite(TestCaseMain.java:149)
	at com.kms.katalon.core.main.TestCaseMain$startTestSuite$0.call(Unknown Source)
	at TempTestSuite1565707895630.run(TempTestSuite1565707895630.groovy:36)


2019-08-13 11:02:51 - [MESSAGE][FAILED] - Text 'payment' is not present on page 

2019-08-13 11:02:51 - [MESSAGE][FAILED] - Unable to verify text 'payment' is present  (Root cause: com.kms.katalon.core.exception.StepFailedException: Text 'payment' is not present on page )
[[ATTACHMENT|/Users/sumankompelly/git/CR-Desktop/Reports/suite-chrome/20190813_105135/1565708571006.png]]

2019-08-13 11:02:51 - [MESSAGE][FAILED] - verifyTextPresent("payment", false) FAILED.
Reason:
com.kms.katalon.core.exception.StepFailedException: Unable to verify text 'payment' is present  (Root cause: com.kms.katalon.core.exception.StepFailedException: Text 'payment' is not present on page )
	at com.kms.katalon.core.keyword.internal.KeywordMain.stepFailed(KeywordMain.groovy:36)
	at com.kms.katalon.core.webui.keyword.internal.WebUIKeywordMain.stepFailed(WebUIKeywordMain.groovy:65)
	at com.kms.katalon.core.webui.keyword.internal.WebUIKeywordMain.runKeyword(WebUIKeywordMain.groovy:27)
	at com.kms.katalon.core.webui.keyword.builtin.VerifyTextPresentKeyword.verifyTextPresent(VerifyTextPresentKeyword.groovy:83)
	at com.kms.katalon.core.webui.keyword.builtin.VerifyTextPresentKeyword.execute(VerifyTextPresentKeyword.groovy:68)
	at com.kms.katalon.core.keyword.internal.KeywordExecutor.executeKeywordForPlatform(KeywordExecutor.groovy:53)
	at com.kms.katalon.core.webui.keyword.WebUiBuiltInKeywords.verifyTextPresent(WebUiBuiltInKeywords.groovy:1693)
	at com.kms.katalon.core.webui.keyword.WebUiBuiltInKeywords$verifyTextPresent$7.call(Unknown Source)
	at CALL- SHIPPING TO PAYMENT.run(CALL- SHIPPING TO PAYMENT:24)
	at com.kms.katalon.core.main.ScriptEngine.run(ScriptEngine.java:194)
	at com.kms.katalon.core.main.ScriptEngine.runScriptAsRawText(ScriptEngine.java:119)
	at com.kms.katalon.core.main.TestCaseExecutor.runScript(TestCaseExecutor.java:328)
	at com.kms.katalon.core.main.TestCaseExecutor.doExecute(TestCaseExecutor.java:319)
	at com.kms.katalon.core.main.TestCaseExecutor.processExecutionPhase(TestCaseExecutor.java:298)
	at com.kms.katalon.core.main.TestCaseExecutor.accessMainPhase(TestCaseExecutor.java:290)
	at com.kms.katalon.core.main.TestCaseExecutor.execute(TestCaseExecutor.java:224)
	at com.kms.katalon.core.main.TestCaseMain.runTestCase(TestCaseMain.java:106)
	at com.kms.katalon.core.keyword.builtin.CallTestCaseKeyword$_callTestCase_closure1.doCall(CallTestCaseKeyword.groovy:59)
	at com.kms.katalon.core.keyword.builtin.CallTestCaseKeyword$_callTestCase_closure1.call(CallTestCaseKeyword.groovy)
	at com.kms.katalon.core.keyword.internal.KeywordMain.runKeyword(KeywordMain.groovy:54)
	at com.kms.katalon.core.keyword.builtin.CallTestCaseKeyword.callTestCase(CallTestCaseKeyword.groovy:80)
	at com.kms.katalon.core.keyword.builtin.CallTestCaseKeyword.execute(CallTestCaseKeyword.groovy:44)
	at com.kms.katalon.core.keyword.internal.KeywordExecutor.executeKeywordForPlatform(KeywordExecutor.groovy:53)
	at com.kms.katalon.core.keyword.BuiltinKeywords.callTestCase(BuiltinKeywords.groovy:334)
	at Different products.run(Different products:120)
	at com.kms.katalon.core.main.ScriptEngine.run(ScriptEngine.java:194)
	at com.kms.katalon.core.main.ScriptEngine.runScriptAsRawText(ScriptEngine.java:119)
	at com.kms.katalon.core.main.TestCaseExecutor.runScript(TestCaseExecutor.java:328)
	at com.kms.katalon.core.main.TestCaseExecutor.doExecute(TestCaseExecutor.java:319)
	at com.kms.katalon.core.main.TestCaseExecutor.processExecutionPhase(TestCaseExecutor.java:298)
	at com.kms.katalon.core.main.TestCaseExecutor.accessMainPhase(TestCaseExecutor.java:290)
	at com.kms.katalon.core.main.TestCaseExecutor.execute(TestCaseExecutor.java:224)
	at com.kms.katalon.core.main.TestSuiteExecutor.accessTestCaseMainPhase(TestSuiteExecutor.java:129)
	at com.kms.katalon.core.main.TestSuiteExecutor.accessTestSuiteMainPhase(TestSuiteExecutor.java:112)
	at com.kms.katalon.core.main.TestSuiteExecutor.execute(TestSuiteExecutor.java:81)
	at com.kms.katalon.core.main.TestCaseMain.startTestSuite(TestCaseMain.java:149)
	at com.kms.katalon.core.main.TestCaseMain$startTestSuite$0.call(Unknown Source)
	at TempTestSuite1565707895630.run(TempTestSuite1565707895630.groovy:36)


2019-08-13 11:02:51 - [MESSAGE][FAILED] - Unable to call Test Case 'Test Cases/CALL- SHIPPING TO PAYMENT' (Root cause: com.kms.katalon.core.exception.StepFailedException: Call Test Case 'Test Cases/CALL- SHIPPING TO PAYMENT' failed)

2019-08-13 11:02:51 - [MESSAGE][FAILED] - callTestCase(findTestCase("CALL- SHIPPING TO PAYMENT"), [:], STOP_ON_FAILURE) FAILED.
Reason:
com.kms.katalon.core.exception.StepFailedException: Unable to verify text 'payment' is present  (Root cause: com.kms.katalon.core.exception.StepFailedException: Text 'payment' is not present on page )
	at com.kms.katalon.core.keyword.internal.KeywordMain.stepFailed(KeywordMain.groovy:36)
	at com.kms.katalon.core.webui.keyword.internal.WebUIKeywordMain.stepFailed(WebUIKeywordMain.groovy:65)
	at com.kms.katalon.core.webui.keyword.internal.WebUIKeywordMain.runKeyword(WebUIKeywordMain.groovy:27)
	at com.kms.katalon.core.webui.keyword.builtin.VerifyTextPresentKeyword.verifyTextPresent(VerifyTextPresentKeyword.groovy:83)
	at com.kms.katalon.core.webui.keyword.builtin.VerifyTextPresentKeyword.execute(VerifyTextPresentKeyword.groovy:68)
	at com.kms.katalon.core.keyword.internal.KeywordExecutor.executeKeywordForPlatform(KeywordExecutor.groovy:53)
	at com.kms.katalon.core.webui.keyword.WebUiBuiltInKeywords.verifyTextPresent(WebUiBuiltInKeywords.groovy:1693)
	at com.kms.katalon.core.webui.keyword.WebUiBuiltInKeywords$verifyTextPresent$7.call(Unknown Source)
	at CALL- SHIPPING TO PAYMENT.run(CALL- SHIPPING TO PAYMENT:24)
	at com.kms.katalon.core.main.ScriptEngine.run(ScriptEngine.java:194)
	at com.kms.katalon.core.main.ScriptEngine.runScriptAsRawText(ScriptEngine.java:119)
	at com.kms.katalon.core.main.TestCaseExecutor.runScript(TestCaseExecutor.java:328)
	at com.kms.katalon.core.main.TestCaseExecutor.doExecute(TestCaseExecutor.java:319)
	at com.kms.katalon.core.main.TestCaseExecutor.processExecutionPhase(TestCaseExecutor.java:298)
	at com.kms.katalon.core.main.TestCaseExecutor.accessMainPhase(TestCaseExecutor.java:290)
	at com.kms.katalon.core.main.TestCaseExecutor.execute(TestCaseExecutor.java:224)
	at com.kms.katalon.core.main.TestCaseMain.runTestCase(TestCaseMain.java:106)
	at com.kms.katalon.core.keyword.builtin.CallTestCaseKeyword$_callTestCase_closure1.doCall(CallTestCaseKeyword.groovy:59)
	at com.kms.katalon.core.keyword.builtin.CallTestCaseKeyword$_callTestCase_closure1.call(CallTestCaseKeyword.groovy)
	at com.kms.katalon.core.keyword.internal.KeywordMain.runKeyword(KeywordMain.groovy:54)
	at com.kms.katalon.core.keyword.builtin.CallTestCaseKeyword.callTestCase(CallTestCaseKeyword.groovy:80)
	at com.kms.katalon.core.keyword.builtin.CallTestCaseKeyword.execute(CallTestCaseKeyword.groovy:44)
	at com.kms.katalon.core.keyword.internal.KeywordExecutor.executeKeywordForPlatform(KeywordExecutor.groovy:53)
	at com.kms.katalon.core.keyword.BuiltinKeywords.callTestCase(BuiltinKeywords.groovy:334)
	at Different products.run(Different products:120)
	at com.kms.katalon.core.main.ScriptEngine.run(ScriptEngine.java:194)
	at com.kms.katalon.core.main.ScriptEngine.runScriptAsRawText(ScriptEngine.java:119)
	at com.kms.katalon.core.main.TestCaseExecutor.runScript(TestCaseExecutor.java:328)
	at com.kms.katalon.core.main.TestCaseExecutor.doExecute(TestCaseExecutor.java:319)
	at com.kms.katalon.core.main.TestCaseExecutor.processExecutionPhase(TestCaseExecutor.java:298)
	at com.kms.katalon.core.main.TestCaseExecutor.accessMainPhase(TestCaseExecutor.java:290)
	at com.kms.katalon.core.main.TestCaseExecutor.execute(TestCaseExecutor.java:224)
	at com.kms.katalon.core.main.TestSuiteExecutor.accessTestCaseMainPhase(TestSuiteExecutor.java:129)
	at com.kms.katalon.core.main.TestSuiteExecutor.accessTestSuiteMainPhase(TestSuiteExecutor.java:112)
	at com.kms.katalon.core.main.TestSuiteExecutor.execute(TestSuiteExecutor.java:81)
	at com.kms.katalon.core.main.TestCaseMain.startTestSuite(TestCaseMain.java:149)
	at com.kms.katalon.core.main.TestCaseMain$startTestSuite$0.call(Unknown Source)
	at TempTestSuite1565707895630.run(TempTestSuite1565707895630.groovy:36)]]></system-out>
         <system-err><![CDATA[2019-08-13 11:01:04 - [TEST_CASE][FAILED] - Test Cases/CRITICAL PATH - SPANISH/Different products: Test Cases/CRITICAL PATH - SPANISH/Different products FAILED.
Reason:
com.kms.katalon.core.exception.StepFailedException: Unable to verify text 'payment' is present  (Root cause: com.kms.katalon.core.exception.StepFailedException: Text 'payment' is not present on page )
	at com.kms.katalon.core.keyword.internal.KeywordMain.stepFailed(KeywordMain.groovy:36)
	at com.kms.katalon.core.webui.keyword.internal.WebUIKeywordMain.stepFailed(WebUIKeywordMain.groovy:65)
	at com.kms.katalon.core.webui.keyword.internal.WebUIKeywordMain.runKeyword(WebUIKeywordMain.groovy:27)
	at com.kms.katalon.core.webui.keyword.builtin.VerifyTextPresentKeyword.verifyTextPresent(VerifyTextPresentKeyword.groovy:83)
	at com.kms.katalon.core.webui.keyword.builtin.VerifyTextPresentKeyword.execute(VerifyTextPresentKeyword.groovy:68)
	at com.kms.katalon.core.keyword.internal.KeywordExecutor.executeKeywordForPlatform(KeywordExecutor.groovy:53)
	at com.kms.katalon.core.webui.keyword.WebUiBuiltInKeywords.verifyTextPresent(WebUiBuiltInKeywords.groovy:1693)
	at com.kms.katalon.core.webui.keyword.WebUiBuiltInKeywords$verifyTextPresent$7.call(Unknown Source)
	at CALL- SHIPPING TO PAYMENT.run(CALL- SHIPPING TO PAYMENT:24)
	at com.kms.katalon.core.main.ScriptEngine.run(ScriptEngine.java:194)
	at com.kms.katalon.core.main.ScriptEngine.runScriptAsRawText(ScriptEngine.java:119)
	at com.kms.katalon.core.main.TestCaseExecutor.runScript(TestCaseExecutor.java:328)
	at com.kms.katalon.core.main.TestCaseExecutor.doExecute(TestCaseExecutor.java:319)
	at com.kms.katalon.core.main.TestCaseExecutor.processExecutionPhase(TestCaseExecutor.java:298)
	at com.kms.katalon.core.main.TestCaseExecutor.accessMainPhase(TestCaseExecutor.java:290)
	at com.kms.katalon.core.main.TestCaseExecutor.execute(TestCaseExecutor.java:224)
	at com.kms.katalon.core.main.TestCaseMain.runTestCase(TestCaseMain.java:106)
	at com.kms.katalon.core.keyword.builtin.CallTestCaseKeyword$_callTestCase_closure1.doCall(CallTestCaseKeyword.groovy:59)
	at com.kms.katalon.core.keyword.builtin.CallTestCaseKeyword$_callTestCase_closure1.call(CallTestCaseKeyword.groovy)
	at com.kms.katalon.core.keyword.internal.KeywordMain.runKeyword(KeywordMain.groovy:54)
	at com.kms.katalon.core.keyword.builtin.CallTestCaseKeyword.callTestCase(CallTestCaseKeyword.groovy:80)
	at com.kms.katalon.core.keyword.builtin.CallTestCaseKeyword.execute(CallTestCaseKeyword.groovy:44)
	at com.kms.katalon.core.keyword.internal.KeywordExecutor.executeKeywordForPlatform(KeywordExecutor.groovy:53)
	at com.kms.katalon.core.keyword.BuiltinKeywords.callTestCase(BuiltinKeywords.groovy:334)
	at Different products.run(Different products:120)
	at com.kms.katalon.core.main.ScriptEngine.run(ScriptEngine.java:194)
	at com.kms.katalon.core.main.ScriptEngine.runScriptAsRawText(ScriptEngine.java:119)
	at com.kms.katalon.core.main.TestCaseExecutor.runScript(TestCaseExecutor.java:328)
	at com.kms.katalon.core.main.TestCaseExecutor.doExecute(TestCaseExecutor.java:319)
	at com.kms.katalon.core.main.TestCaseExecutor.processExecutionPhase(TestCaseExecutor.java:298)
	at com.kms.katalon.core.main.TestCaseExecutor.accessMainPhase(TestCaseExecutor.java:290)
	at com.kms.katalon.core.main.TestCaseExecutor.execute(TestCaseExecutor.java:224)
	at com.kms.katalon.core.main.TestSuiteExecutor.accessTestCaseMainPhase(TestSuiteExecutor.java:129)
	at com.kms.katalon.core.main.TestSuiteExecutor.accessTestSuiteMainPhase(TestSuiteExecutor.java:112)
	at com.kms.katalon.core.main.TestSuiteExecutor.execute(TestSuiteExecutor.java:81)
	at com.kms.katalon.core.main.TestCaseMain.startTestSuite(TestCaseMain.java:149)
	at com.kms.katalon.core.main.TestCaseMain$startTestSuite$0.call(Unknown Source)
	at TempTestSuite1565707895630.run(TempTestSuite1565707895630.groovy:36)]]></system-err>
      </testcase>
      <testcase name="Test Cases/COLLECTION PAGE/Bread crumbs" classname="Test Cases/COLLECTION PAGE/Bread crumbs" status="PASSED">
         <system-out><![CDATA[2019-08-13 11:02:51 - [TEST_CASE][PASSED] - Test Cases/COLLECTION PAGE/Bread crumbs: Test Cases/COLLECTION PAGE/Bread crumbs

2019-08-13 11:02:51 - [TEST_STEP][PASSED] - callTestCase(findTestCase("CALL-URL"), [:], STOP_ON_FAILURE): Call Test Case 'Test Cases/CALL-URL' successfully

2019-08-13 11:02:51 - [TEST_CASE][PASSED] - Test Cases/CALL-URL: Test Cases/CALL-URL

2019-08-13 11:02:51 - [TEST_STEP][PASSED] - openBrowser(""): Browser is opened with url: ''

2019-08-13 11:02:51 - [MESSAGE][WARNING] - A browser is already opened. Closing browser and opening a new one

2019-08-13 11:02:51 - [MESSAGE][INFO] - Starting 'Chrome' driver

2019-08-13 11:02:52 - [MESSAGE][PASSED] - Browser is opened with url: ''

2019-08-13 11:02:52 - [TEST_STEP][PASSED] - navigateToUrl("https://charlotterusse.com/"): Navigate to 'https://charlotterusse.com/' successfully

2019-08-13 11:02:56 - [MESSAGE][PASSED] - Navigate to 'https://charlotterusse.com/' successfully

2019-08-13 11:02:56 - [TEST_STEP][PASSED] - click(findTestObject("CR-DESKTOP/Window pop up/language- english")): Object: 'Object Repository/CR-DESKTOP/Window pop up/language- english' is clicked on

2019-08-13 11:02:57 - [MESSAGE][PASSED] - Object: 'Object Repository/CR-DESKTOP/Window pop up/language- english' is clicked on

2019-08-13 11:02:57 - [TEST_STEP][PASSED] - click(findTestObject("CR-DESKTOP/Window pop up/Pop up - close")): Object: 'Object Repository/CR-DESKTOP/Window pop up/Pop up - close' is clicked on

2019-08-13 11:02:57 - [MESSAGE][PASSED] - Object: 'Object Repository/CR-DESKTOP/Window pop up/Pop up - close' is clicked on

2019-08-13 11:02:57 - [TEST_STEP][PASSED] - maximizeWindow(): Current window maximized

2019-08-13 11:02:57 - [MESSAGE][PASSED] - Current window maximized

2019-08-13 11:02:57 - [MESSAGE][PASSED] - Call Test Case 'Test Cases/CALL-URL' successfully

2019-08-13 11:02:57 - [TEST_STEP][PASSED] - delay(2): Delayed 2 second(s)

2019-08-13 11:02:59 - [MESSAGE][PASSED] - Delayed 2 second(s)

2019-08-13 11:02:59 - [TEST_STEP][PASSED] - mouseOver(findTestObject("CR-DESKTOP/Mega menu/SHOES")): Object: 'Object Repository/CR-DESKTOP/Mega menu/SHOES' is hovered

2019-08-13 11:02:59 - [MESSAGE][PASSED] - Object: 'Object Repository/CR-DESKTOP/Mega menu/SHOES' is hovered

2019-08-13 11:02:59 - [TEST_STEP][PASSED] - delay(2): Delayed 2 second(s)

2019-08-13 11:03:01 - [MESSAGE][PASSED] - Delayed 2 second(s)

2019-08-13 11:03:01 - [TEST_STEP][PASSED] - click(findTestObject("CR-DESKTOP/Mega menu/shoes - sneakers")): Object: 'Object Repository/CR-DESKTOP/Mega menu/shoes - sneakers' is clicked on

2019-08-13 11:03:03 - [MESSAGE][PASSED] - Object: 'Object Repository/CR-DESKTOP/Mega menu/shoes - sneakers' is clicked on

2019-08-13 11:03:03 - [TEST_STEP][PASSED] - delay(2): Delayed 2 second(s)

2019-08-13 11:03:05 - [MESSAGE][PASSED] - Delayed 2 second(s)

2019-08-13 11:03:05 - [TEST_STEP][PASSED] - a = getWindowTitle(): Current window's title is: 'Charlotte Russe | Shoes - Shop Sneakers'

2019-08-13 11:03:05 - [MESSAGE][PASSED] - Current window's title is: 'Charlotte Russe | Shoes - Shop Sneakers'

2019-08-13 11:03:05 - [TEST_STEP][PASSED] - comment(" a= " + a):  a= Charlotte Russe | Shoes - Shop Sneakers

2019-08-13 11:03:05 - [MESSAGE][INFO] -  a= Charlotte Russe | Shoes - Shop Sneakers

2019-08-13 11:03:05 - [TEST_STEP][PASSED] - k = "Charlotte Russe | Shoes - Shop Sneakers": null

2019-08-13 11:03:05 - [TEST_STEP][PASSED] - comment(" k= " + k):  k= Charlotte Russe | Shoes - Shop Sneakers

2019-08-13 11:03:05 - [MESSAGE][INFO] -  k= Charlotte Russe | Shoes - Shop Sneakers

2019-08-13 11:03:05 - [TEST_STEP][PASSED] - if (a == k): right page 

2019-08-13 11:03:05 - [TEST_STEP][PASSED] - comment("right page "): right page 

2019-08-13 11:03:05 - [MESSAGE][INFO] - right page 

2019-08-13 11:03:05 - [TEST_STEP][PASSED] - click(findTestObject("CR-DESKTOP/Collection page/shoes link")): Object: 'Object Repository/CR-DESKTOP/Collection page/shoes link' is clicked on

2019-08-13 11:03:08 - [MESSAGE][PASSED] - Object: 'Object Repository/CR-DESKTOP/Collection page/shoes link' is clicked on

2019-08-13 11:03:08 - [TEST_STEP][PASSED] - b = getWindowTitle(): Current window's title is: 'Charlotte Russe | Shoes - Shop All Shoes'

2019-08-13 11:03:08 - [MESSAGE][PASSED] - Current window's title is: 'Charlotte Russe | Shoes - Shop All Shoes'

2019-08-13 11:03:08 - [TEST_STEP][PASSED] - comment(" b= " + b):  b= Charlotte Russe | Shoes - Shop All Shoes

2019-08-13 11:03:08 - [MESSAGE][INFO] -  b= Charlotte Russe | Shoes - Shop All Shoes

2019-08-13 11:03:08 - [TEST_STEP][PASSED] - k1 = "Charlotte Russe | Shoes - Shop All Shoes": null

2019-08-13 11:03:08 - [TEST_STEP][PASSED] - comment(" k1= " + k1):  k1= Charlotte Russe | Shoes - Shop All Shoes

2019-08-13 11:03:08 - [MESSAGE][INFO] -  k1= Charlotte Russe | Shoes - Shop All Shoes

2019-08-13 11:03:08 - [TEST_STEP][PASSED] - if (b == k1): right page 

2019-08-13 11:03:08 - [TEST_STEP][PASSED] - comment("right page "): right page 

2019-08-13 11:03:08 - [MESSAGE][INFO] - right page 

2019-08-13 11:03:08 - [TEST_STEP][PASSED] - click(findTestObject("CR-DESKTOP/Collection page/Home link")): Object: 'Object Repository/CR-DESKTOP/Collection page/Home link' is clicked on

2019-08-13 11:03:09 - [MESSAGE][PASSED] - Object: 'Object Repository/CR-DESKTOP/Collection page/Home link' is clicked on

2019-08-13 11:03:09 - [TEST_STEP][PASSED] - c = getWindowTitle(): Current window's title is: 'Charlotte Russe'

2019-08-13 11:03:09 - [MESSAGE][PASSED] - Current window's title is: 'Charlotte Russe'

2019-08-13 11:03:09 - [TEST_STEP][PASSED] - comment(" c= " + c):  c= Charlotte Russe

2019-08-13 11:03:09 - [MESSAGE][INFO] -  c= Charlotte Russe

2019-08-13 11:03:09 - [TEST_STEP][PASSED] - k3 = "Charlotte Russe": null

2019-08-13 11:03:09 - [TEST_STEP][PASSED] - comment(" k3= " + k3):  k3= Charlotte Russe

2019-08-13 11:03:09 - [MESSAGE][INFO] -  k3= Charlotte Russe

2019-08-13 11:03:09 - [TEST_STEP][PASSED] - if (c == k3): right page 

2019-08-13 11:03:09 - [TEST_STEP][PASSED] - comment("right page "): right page 

2019-08-13 11:03:09 - [MESSAGE][INFO] - right page]]></system-out>
         <system-err><![CDATA[]]></system-err>
      </testcase>
      <testcase name="Test Cases/COLLECTION PAGE/Quick add hovering" classname="Test Cases/COLLECTION PAGE/Quick add hovering" status="FAILED">
         <failure type="FAILED" message="Test Cases/COLLECTION PAGE/Quick add hovering FAILED.
Reason:
com.kms.katalon.core.exception.StepFailedException: Unable to click on object 'Object Repository/CR-DESKTOP/Collection page/First slider' (Root cause: com.kms.katalon.core.webui.exception.WebElementNotFoundException: Web element with id: 'Object Repository/CR-DESKTOP/Collection page/First slider' located by 'By.xpath: //li[@id='product-1']//label[@class='product__radio radio-color swatch-black']' not found)
	at com.kms.katalon.core.keyword.internal.KeywordMain.stepFailed(KeywordMain.groovy:36)
	at com.kms.katalon.core.webui.keyword.internal.WebUIKeywordMain.stepFailed(WebUIKeywordMain.groovy:65)
	at com.kms.katalon.core.webui.keyword.internal.WebUIKeywordMain.runKeyword(WebUIKeywordMain.groovy:27)
	at com.kms.katalon.core.webui.keyword.builtin.ClickKeyword.click(ClickKeyword.groovy:86)
	at com.kms.katalon.core.webui.keyword.builtin.ClickKeyword.execute(ClickKeyword.groovy:67)
	at com.kms.katalon.core.keyword.internal.KeywordExecutor.executeKeywordForPlatform(KeywordExecutor.groovy:53)
	at com.kms.katalon.core.webui.keyword.WebUiBuiltInKeywords.click(WebUiBuiltInKeywords.groovy:616)
	at com.kms.katalon.core.webui.keyword.WebUiBuiltInKeywords$click$1.call(Unknown Source)
	at Quick add hovering.run(Quick add hovering:40)
	at com.kms.katalon.core.main.ScriptEngine.run(ScriptEngine.java:194)
	at com.kms.katalon.core.main.ScriptEngine.runScriptAsRawText(ScriptEngine.java:119)
	at com.kms.katalon.core.main.TestCaseExecutor.runScript(TestCaseExecutor.java:328)
	at com.kms.katalon.core.main.TestCaseExecutor.doExecute(TestCaseExecutor.java:319)
	at com.kms.katalon.core.main.TestCaseExecutor.processExecutionPhase(TestCaseExecutor.java:298)
	at com.kms.katalon.core.main.TestCaseExecutor.accessMainPhase(TestCaseExecutor.java:290)
	at com.kms.katalon.core.main.TestCaseExecutor.execute(TestCaseExecutor.java:224)
	at com.kms.katalon.core.main.TestSuiteExecutor.accessTestCaseMainPhase(TestSuiteExecutor.java:129)
	at com.kms.katalon.core.main.TestSuiteExecutor.accessTestSuiteMainPhase(TestSuiteExecutor.java:112)
	at com.kms.katalon.core.main.TestSuiteExecutor.execute(TestSuiteExecutor.java:81)
	at com.kms.katalon.core.main.TestCaseMain.startTestSuite(TestCaseMain.java:149)
	at com.kms.katalon.core.main.TestCaseMain$startTestSuite$0.call(Unknown Source)
	at TempTestSuite1565707895630.run(TempTestSuite1565707895630.groovy:36)
"/>
         <system-out><![CDATA[2019-08-13 11:03:09 - [TEST_CASE][FAILED] - Test Cases/COLLECTION PAGE/Quick add hovering: Test Cases/COLLECTION PAGE/Quick add hovering FAILED.
Reason:
com.kms.katalon.core.exception.StepFailedException: Unable to click on object 'Object Repository/CR-DESKTOP/Collection page/First slider' (Root cause: com.kms.katalon.core.webui.exception.WebElementNotFoundException: Web element with id: 'Object Repository/CR-DESKTOP/Collection page/First slider' located by 'By.xpath: //li[@id='product-1']//label[@class='product__radio radio-color swatch-black']' not found)
	at com.kms.katalon.core.keyword.internal.KeywordMain.stepFailed(KeywordMain.groovy:36)
	at com.kms.katalon.core.webui.keyword.internal.WebUIKeywordMain.stepFailed(WebUIKeywordMain.groovy:65)
	at com.kms.katalon.core.webui.keyword.internal.WebUIKeywordMain.runKeyword(WebUIKeywordMain.groovy:27)
	at com.kms.katalon.core.webui.keyword.builtin.ClickKeyword.click(ClickKeyword.groovy:86)
	at com.kms.katalon.core.webui.keyword.builtin.ClickKeyword.execute(ClickKeyword.groovy:67)
	at com.kms.katalon.core.keyword.internal.KeywordExecutor.executeKeywordForPlatform(KeywordExecutor.groovy:53)
	at com.kms.katalon.core.webui.keyword.WebUiBuiltInKeywords.click(WebUiBuiltInKeywords.groovy:616)
	at com.kms.katalon.core.webui.keyword.WebUiBuiltInKeywords$click$1.call(Unknown Source)
	at Quick add hovering.run(Quick add hovering:40)
	at com.kms.katalon.core.main.ScriptEngine.run(ScriptEngine.java:194)
	at com.kms.katalon.core.main.ScriptEngine.runScriptAsRawText(ScriptEngine.java:119)
	at com.kms.katalon.core.main.TestCaseExecutor.runScript(TestCaseExecutor.java:328)
	at com.kms.katalon.core.main.TestCaseExecutor.doExecute(TestCaseExecutor.java:319)
	at com.kms.katalon.core.main.TestCaseExecutor.processExecutionPhase(TestCaseExecutor.java:298)
	at com.kms.katalon.core.main.TestCaseExecutor.accessMainPhase(TestCaseExecutor.java:290)
	at com.kms.katalon.core.main.TestCaseExecutor.execute(TestCaseExecutor.java:224)
	at com.kms.katalon.core.main.TestSuiteExecutor.accessTestCaseMainPhase(TestSuiteExecutor.java:129)
	at com.kms.katalon.core.main.TestSuiteExecutor.accessTestSuiteMainPhase(TestSuiteExecutor.java:112)
	at com.kms.katalon.core.main.TestSuiteExecutor.execute(TestSuiteExecutor.java:81)
	at com.kms.katalon.core.main.TestCaseMain.startTestSuite(TestCaseMain.java:149)
	at com.kms.katalon.core.main.TestCaseMain$startTestSuite$0.call(Unknown Source)
	at TempTestSuite1565707895630.run(TempTestSuite1565707895630.groovy:36)


2019-08-13 11:03:09 - [TEST_STEP][PASSED] - callTestCase(findTestCase("CALL-URL"), [:], STOP_ON_FAILURE): Call Test Case 'Test Cases/CALL-URL' successfully

2019-08-13 11:03:10 - [TEST_CASE][PASSED] - Test Cases/CALL-URL: Test Cases/CALL-URL

2019-08-13 11:03:10 - [TEST_STEP][PASSED] - openBrowser(""): Browser is opened with url: ''

2019-08-13 11:03:10 - [MESSAGE][WARNING] - A browser is already opened. Closing browser and opening a new one

2019-08-13 11:03:10 - [MESSAGE][INFO] - Starting 'Chrome' driver

2019-08-13 11:03:11 - [MESSAGE][PASSED] - Browser is opened with url: ''

2019-08-13 11:03:11 - [TEST_STEP][PASSED] - navigateToUrl("https://charlotterusse.com/"): Navigate to 'https://charlotterusse.com/' successfully

2019-08-13 11:03:14 - [MESSAGE][PASSED] - Navigate to 'https://charlotterusse.com/' successfully

2019-08-13 11:03:14 - [TEST_STEP][PASSED] - click(findTestObject("CR-DESKTOP/Window pop up/language- english")): Object: 'Object Repository/CR-DESKTOP/Window pop up/language- english' is clicked on

2019-08-13 11:03:14 - [MESSAGE][PASSED] - Object: 'Object Repository/CR-DESKTOP/Window pop up/language- english' is clicked on

2019-08-13 11:03:14 - [TEST_STEP][PASSED] - click(findTestObject("CR-DESKTOP/Window pop up/Pop up - close")): Object: 'Object Repository/CR-DESKTOP/Window pop up/Pop up - close' is clicked on

2019-08-13 11:03:14 - [MESSAGE][PASSED] - Object: 'Object Repository/CR-DESKTOP/Window pop up/Pop up - close' is clicked on

2019-08-13 11:03:14 - [TEST_STEP][PASSED] - maximizeWindow(): Current window maximized

2019-08-13 11:03:15 - [MESSAGE][PASSED] - Current window maximized

2019-08-13 11:03:15 - [MESSAGE][PASSED] - Call Test Case 'Test Cases/CALL-URL' successfully

2019-08-13 11:03:15 - [TEST_STEP][PASSED] - delay(2): Delayed 2 second(s)

2019-08-13 11:03:17 - [MESSAGE][PASSED] - Delayed 2 second(s)

2019-08-13 11:03:17 - [TEST_STEP][PASSED] - mouseOver(findTestObject("CR-DESKTOP/Mega menu/SHOES")): Object: 'Object Repository/CR-DESKTOP/Mega menu/SHOES' is hovered

2019-08-13 11:03:17 - [MESSAGE][PASSED] - Object: 'Object Repository/CR-DESKTOP/Mega menu/SHOES' is hovered

2019-08-13 11:03:17 - [TEST_STEP][PASSED] - delay(2): Delayed 2 second(s)

2019-08-13 11:03:19 - [MESSAGE][PASSED] - Delayed 2 second(s)

2019-08-13 11:03:19 - [TEST_STEP][PASSED] - click(findTestObject("CR-DESKTOP/Mega menu/shoes - sneakers")): Object: 'Object Repository/CR-DESKTOP/Mega menu/shoes - sneakers' is clicked on

2019-08-13 11:03:24 - [MESSAGE][PASSED] - Object: 'Object Repository/CR-DESKTOP/Mega menu/shoes - sneakers' is clicked on

2019-08-13 11:03:24 - [TEST_STEP][PASSED] - delay(2): Delayed 2 second(s)

2019-08-13 11:03:26 - [MESSAGE][PASSED] - Delayed 2 second(s)

2019-08-13 11:03:26 - [TEST_STEP][PASSED] - mouseOver(findTestObject("CR-DESKTOP/Collection page/product 1 - sneakers")): Object: 'Object Repository/CR-DESKTOP/Collection page/product 1 - sneakers' is hovered

2019-08-13 11:03:26 - [MESSAGE][PASSED] - Object: 'Object Repository/CR-DESKTOP/Collection page/product 1 - sneakers' is hovered

2019-08-13 11:03:26 - [TEST_STEP][PASSED] - delay(2): Delayed 2 second(s)

2019-08-13 11:03:28 - [MESSAGE][PASSED] - Delayed 2 second(s)

2019-08-13 11:03:28 - [TEST_STEP][PASSED] - mouseOver(findTestObject("CR-DESKTOP/Collection page/product 2 - sneakers")): Object: 'Object Repository/CR-DESKTOP/Collection page/product 2 - sneakers' is hovered

2019-08-13 11:03:28 - [MESSAGE][PASSED] - Object: 'Object Repository/CR-DESKTOP/Collection page/product 2 - sneakers' is hovered

2019-08-13 11:03:28 - [TEST_STEP][PASSED] - delay(2): Delayed 2 second(s)

2019-08-13 11:03:30 - [MESSAGE][PASSED] - Delayed 2 second(s)

2019-08-13 11:03:30 - [TEST_STEP][PASSED] - mouseOver(findTestObject("CR-DESKTOP/Collection page/product 3")): Object: 'Object Repository/CR-DESKTOP/Collection page/product 3' is hovered

2019-08-13 11:03:30 - [MESSAGE][PASSED] - Object: 'Object Repository/CR-DESKTOP/Collection page/product 3' is hovered

2019-08-13 11:03:30 - [TEST_STEP][PASSED] - delay(2): Delayed 2 second(s)

2019-08-13 11:03:32 - [MESSAGE][PASSED] - Delayed 2 second(s)

2019-08-13 11:03:32 - [TEST_STEP][FAILED] - click(findTestObject("CR-DESKTOP/Collection page/First slider")): click(findTestObject("CR-DESKTOP/Collection page/First slider")) FAILED.
Reason:
com.kms.katalon.core.exception.StepFailedException: Unable to click on object 'Object Repository/CR-DESKTOP/Collection page/First slider' (Root cause: com.kms.katalon.core.webui.exception.WebElementNotFoundException: Web element with id: 'Object Repository/CR-DESKTOP/Collection page/First slider' located by 'By.xpath: //li[@id='product-1']//label[@class='product__radio radio-color swatch-black']' not found)
	at com.kms.katalon.core.keyword.internal.KeywordMain.stepFailed(KeywordMain.groovy:36)
	at com.kms.katalon.core.webui.keyword.internal.WebUIKeywordMain.stepFailed(WebUIKeywordMain.groovy:65)
	at com.kms.katalon.core.webui.keyword.internal.WebUIKeywordMain.runKeyword(WebUIKeywordMain.groovy:27)
	at com.kms.katalon.core.webui.keyword.builtin.ClickKeyword.click(ClickKeyword.groovy:86)
	at com.kms.katalon.core.webui.keyword.builtin.ClickKeyword.execute(ClickKeyword.groovy:67)
	at com.kms.katalon.core.keyword.internal.KeywordExecutor.executeKeywordForPlatform(KeywordExecutor.groovy:53)
	at com.kms.katalon.core.webui.keyword.WebUiBuiltInKeywords.click(WebUiBuiltInKeywords.groovy:616)
	at com.kms.katalon.core.webui.keyword.WebUiBuiltInKeywords$click$1.call(Unknown Source)
	at Quick add hovering.run(Quick add hovering:40)
	at com.kms.katalon.core.main.ScriptEngine.run(ScriptEngine.java:194)
	at com.kms.katalon.core.main.ScriptEngine.runScriptAsRawText(ScriptEngine.java:119)
	at com.kms.katalon.core.main.TestCaseExecutor.runScript(TestCaseExecutor.java:328)
	at com.kms.katalon.core.main.TestCaseExecutor.doExecute(TestCaseExecutor.java:319)
	at com.kms.katalon.core.main.TestCaseExecutor.processExecutionPhase(TestCaseExecutor.java:298)
	at com.kms.katalon.core.main.TestCaseExecutor.accessMainPhase(TestCaseExecutor.java:290)
	at com.kms.katalon.core.main.TestCaseExecutor.execute(TestCaseExecutor.java:224)
	at com.kms.katalon.core.main.TestSuiteExecutor.accessTestCaseMainPhase(TestSuiteExecutor.java:129)
	at com.kms.katalon.core.main.TestSuiteExecutor.accessTestSuiteMainPhase(TestSuiteExecutor.java:112)
	at com.kms.katalon.core.main.TestSuiteExecutor.execute(TestSuiteExecutor.java:81)
	at com.kms.katalon.core.main.TestCaseMain.startTestSuite(TestCaseMain.java:149)
	at com.kms.katalon.core.main.TestCaseMain$startTestSuite$0.call(Unknown Source)
	at TempTestSuite1565707895630.run(TempTestSuite1565707895630.groovy:36)


2019-08-13 11:04:03 - [MESSAGE][INFO] - Unable to find the element located by 'By.xpath: //li[@id='product-1']//label[@class='product__radio radio-color swatch-black']'. Please recheck the objects properties to make sure the desired element is located. 

2019-08-13 11:04:04 - [MESSAGE][FAILED] - Unable to click on object 'Object Repository/CR-DESKTOP/Collection page/First slider' (Root cause: com.kms.katalon.core.webui.exception.WebElementNotFoundException: Web element with id: 'Object Repository/CR-DESKTOP/Collection page/First slider' located by 'By.xpath: //li[@id='product-1']//label[@class='product__radio radio-color swatch-black']' not found)
[[ATTACHMENT|/Users/sumankompelly/git/CR-Desktop/Reports/suite-chrome/20190813_105135/1565708643672.png]]

2019-08-13 11:04:04 - [MESSAGE][FAILED] - click(findTestObject("CR-DESKTOP/Collection page/First slider")) FAILED.
Reason:
com.kms.katalon.core.exception.StepFailedException: Unable to click on object 'Object Repository/CR-DESKTOP/Collection page/First slider' (Root cause: com.kms.katalon.core.webui.exception.WebElementNotFoundException: Web element with id: 'Object Repository/CR-DESKTOP/Collection page/First slider' located by 'By.xpath: //li[@id='product-1']//label[@class='product__radio radio-color swatch-black']' not found)
	at com.kms.katalon.core.keyword.internal.KeywordMain.stepFailed(KeywordMain.groovy:36)
	at com.kms.katalon.core.webui.keyword.internal.WebUIKeywordMain.stepFailed(WebUIKeywordMain.groovy:65)
	at com.kms.katalon.core.webui.keyword.internal.WebUIKeywordMain.runKeyword(WebUIKeywordMain.groovy:27)
	at com.kms.katalon.core.webui.keyword.builtin.ClickKeyword.click(ClickKeyword.groovy:86)
	at com.kms.katalon.core.webui.keyword.builtin.ClickKeyword.execute(ClickKeyword.groovy:67)
	at com.kms.katalon.core.keyword.internal.KeywordExecutor.executeKeywordForPlatform(KeywordExecutor.groovy:53)
	at com.kms.katalon.core.webui.keyword.WebUiBuiltInKeywords.click(WebUiBuiltInKeywords.groovy:616)
	at com.kms.katalon.core.webui.keyword.WebUiBuiltInKeywords$click$1.call(Unknown Source)
	at Quick add hovering.run(Quick add hovering:40)
	at com.kms.katalon.core.main.ScriptEngine.run(ScriptEngine.java:194)
	at com.kms.katalon.core.main.ScriptEngine.runScriptAsRawText(ScriptEngine.java:119)
	at com.kms.katalon.core.main.TestCaseExecutor.runScript(TestCaseExecutor.java:328)
	at com.kms.katalon.core.main.TestCaseExecutor.doExecute(TestCaseExecutor.java:319)
	at com.kms.katalon.core.main.TestCaseExecutor.processExecutionPhase(TestCaseExecutor.java:298)
	at com.kms.katalon.core.main.TestCaseExecutor.accessMainPhase(TestCaseExecutor.java:290)
	at com.kms.katalon.core.main.TestCaseExecutor.execute(TestCaseExecutor.java:224)
	at com.kms.katalon.core.main.TestSuiteExecutor.accessTestCaseMainPhase(TestSuiteExecutor.java:129)
	at com.kms.katalon.core.main.TestSuiteExecutor.accessTestSuiteMainPhase(TestSuiteExecutor.java:112)
	at com.kms.katalon.core.main.TestSuiteExecutor.execute(TestSuiteExecutor.java:81)
	at com.kms.katalon.core.main.TestCaseMain.startTestSuite(TestCaseMain.java:149)
	at com.kms.katalon.core.main.TestCaseMain$startTestSuite$0.call(Unknown Source)
	at TempTestSuite1565707895630.run(TempTestSuite1565707895630.groovy:36)]]></system-out>
         <system-err><![CDATA[2019-08-13 11:03:09 - [TEST_CASE][FAILED] - Test Cases/COLLECTION PAGE/Quick add hovering: Test Cases/COLLECTION PAGE/Quick add hovering FAILED.
Reason:
com.kms.katalon.core.exception.StepFailedException: Unable to click on object 'Object Repository/CR-DESKTOP/Collection page/First slider' (Root cause: com.kms.katalon.core.webui.exception.WebElementNotFoundException: Web element with id: 'Object Repository/CR-DESKTOP/Collection page/First slider' located by 'By.xpath: //li[@id='product-1']//label[@class='product__radio radio-color swatch-black']' not found)
	at com.kms.katalon.core.keyword.internal.KeywordMain.stepFailed(KeywordMain.groovy:36)
	at com.kms.katalon.core.webui.keyword.internal.WebUIKeywordMain.stepFailed(WebUIKeywordMain.groovy:65)
	at com.kms.katalon.core.webui.keyword.internal.WebUIKeywordMain.runKeyword(WebUIKeywordMain.groovy:27)
	at com.kms.katalon.core.webui.keyword.builtin.ClickKeyword.click(ClickKeyword.groovy:86)
	at com.kms.katalon.core.webui.keyword.builtin.ClickKeyword.execute(ClickKeyword.groovy:67)
	at com.kms.katalon.core.keyword.internal.KeywordExecutor.executeKeywordForPlatform(KeywordExecutor.groovy:53)
	at com.kms.katalon.core.webui.keyword.WebUiBuiltInKeywords.click(WebUiBuiltInKeywords.groovy:616)
	at com.kms.katalon.core.webui.keyword.WebUiBuiltInKeywords$click$1.call(Unknown Source)
	at Quick add hovering.run(Quick add hovering:40)
	at com.kms.katalon.core.main.ScriptEngine.run(ScriptEngine.java:194)
	at com.kms.katalon.core.main.ScriptEngine.runScriptAsRawText(ScriptEngine.java:119)
	at com.kms.katalon.core.main.TestCaseExecutor.runScript(TestCaseExecutor.java:328)
	at com.kms.katalon.core.main.TestCaseExecutor.doExecute(TestCaseExecutor.java:319)
	at com.kms.katalon.core.main.TestCaseExecutor.processExecutionPhase(TestCaseExecutor.java:298)
	at com.kms.katalon.core.main.TestCaseExecutor.accessMainPhase(TestCaseExecutor.java:290)
	at com.kms.katalon.core.main.TestCaseExecutor.execute(TestCaseExecutor.java:224)
	at com.kms.katalon.core.main.TestSuiteExecutor.accessTestCaseMainPhase(TestSuiteExecutor.java:129)
	at com.kms.katalon.core.main.TestSuiteExecutor.accessTestSuiteMainPhase(TestSuiteExecutor.java:112)
	at com.kms.katalon.core.main.TestSuiteExecutor.execute(TestSuiteExecutor.java:81)
	at com.kms.katalon.core.main.TestCaseMain.startTestSuite(TestCaseMain.java:149)
	at com.kms.katalon.core.main.TestCaseMain$startTestSuite$0.call(Unknown Source)
	at TempTestSuite1565707895630.run(TempTestSuite1565707895630.groovy:36)]]></system-err>
      </testcase>
      <testcase name="Test Cases/HOME PAGE/Store locator" classname="Test Cases/HOME PAGE/Store locator" status="PASSED">
         <system-out><![CDATA[2019-08-13 11:04:04 - [TEST_CASE][PASSED] - Test Cases/HOME PAGE/Store locator: Test Cases/HOME PAGE/Store locator

2019-08-13 11:04:04 - [TEST_STEP][PASSED] - callTestCase(findTestCase("CALL-URL"), [:], STOP_ON_FAILURE): Call Test Case 'Test Cases/CALL-URL' successfully

2019-08-13 11:04:04 - [TEST_CASE][PASSED] - Test Cases/CALL-URL: Test Cases/CALL-URL

2019-08-13 11:04:04 - [TEST_STEP][PASSED] - openBrowser(""): Browser is opened with url: ''

2019-08-13 11:04:04 - [MESSAGE][WARNING] - A browser is already opened. Closing browser and opening a new one

2019-08-13 11:04:04 - [MESSAGE][INFO] - Starting 'Chrome' driver

2019-08-13 11:04:05 - [MESSAGE][PASSED] - Browser is opened with url: ''

2019-08-13 11:04:05 - [TEST_STEP][PASSED] - navigateToUrl("https://charlotterusse.com/"): Navigate to 'https://charlotterusse.com/' successfully

2019-08-13 11:04:08 - [MESSAGE][PASSED] - Navigate to 'https://charlotterusse.com/' successfully

2019-08-13 11:04:08 - [TEST_STEP][PASSED] - click(findTestObject("CR-DESKTOP/Window pop up/language- english")): Object: 'Object Repository/CR-DESKTOP/Window pop up/language- english' is clicked on

2019-08-13 11:04:08 - [MESSAGE][PASSED] - Object: 'Object Repository/CR-DESKTOP/Window pop up/language- english' is clicked on

2019-08-13 11:04:08 - [TEST_STEP][PASSED] - click(findTestObject("CR-DESKTOP/Window pop up/Pop up - close")): Object: 'Object Repository/CR-DESKTOP/Window pop up/Pop up - close' is clicked on

2019-08-13 11:04:08 - [MESSAGE][PASSED] - Object: 'Object Repository/CR-DESKTOP/Window pop up/Pop up - close' is clicked on

2019-08-13 11:04:08 - [TEST_STEP][PASSED] - maximizeWindow(): Current window maximized

2019-08-13 11:04:09 - [MESSAGE][PASSED] - Current window maximized

2019-08-13 11:04:09 - [MESSAGE][PASSED] - Call Test Case 'Test Cases/CALL-URL' successfully

2019-08-13 11:04:09 - [TEST_STEP][PASSED] - delay(2): Delayed 2 second(s)

2019-08-13 11:04:11 - [MESSAGE][PASSED] - Delayed 2 second(s)

2019-08-13 11:04:11 - [TEST_STEP][PASSED] - click(findTestObject("CR-DESKTOP/Home page/Store Locator/store locator icon")): Object: 'Object Repository/CR-DESKTOP/Home page/Store Locator/store locator icon' is clicked on

2019-08-13 11:04:13 - [MESSAGE][PASSED] - Object: 'Object Repository/CR-DESKTOP/Home page/Store Locator/store locator icon' is clicked on

2019-08-13 11:04:13 - [TEST_STEP][PASSED] - delay(2): Delayed 2 second(s)

2019-08-13 11:04:15 - [MESSAGE][PASSED] - Delayed 2 second(s)

2019-08-13 11:04:15 - [TEST_STEP][PASSED] - a = getText(findTestObject("CR-DESKTOP/Home page/Store Locator/Results total list")): Text of object 'Object Repository/CR-DESKTOP/Home page/Store Locator/Results total list' is: '55'

2019-08-13 11:04:15 - [MESSAGE][PASSED] - Text of object 'Object Repository/CR-DESKTOP/Home page/Store Locator/Results total list' is: '55'

2019-08-13 11:04:15 - [TEST_STEP][PASSED] - comment("a=" + a): a=55

2019-08-13 11:04:15 - [MESSAGE][INFO] - a=55

2019-08-13 11:04:15 - [TEST_STEP][PASSED] - delay(2): Delayed 2 second(s)

2019-08-13 11:04:17 - [MESSAGE][PASSED] - Delayed 2 second(s)

2019-08-13 11:04:17 - [TEST_STEP][PASSED] - setText(findTestObject("CR-DESKTOP/Home page/Store Locator/Search input"), "49418"): Text '49418' is set on object 'Object Repository/CR-DESKTOP/Home page/Store Locator/Search input'

2019-08-13 11:04:17 - [MESSAGE][PASSED] - Text '49418' is set on object 'Object Repository/CR-DESKTOP/Home page/Store Locator/Search input'

2019-08-13 11:04:17 - [TEST_STEP][PASSED] - delay(2): Delayed 2 second(s)

2019-08-13 11:04:19 - [MESSAGE][PASSED] - Delayed 2 second(s)

2019-08-13 11:04:19 - [TEST_STEP][PASSED] - click(findTestObject("CR-DESKTOP/Home page/Store Locator/Search")): Object: 'Object Repository/CR-DESKTOP/Home page/Store Locator/Search' is clicked on

2019-08-13 11:04:19 - [MESSAGE][PASSED] - Object: 'Object Repository/CR-DESKTOP/Home page/Store Locator/Search' is clicked on

2019-08-13 11:04:19 - [TEST_STEP][PASSED] - delay(2): Delayed 2 second(s)

2019-08-13 11:04:21 - [MESSAGE][PASSED] - Delayed 2 second(s)

2019-08-13 11:04:21 - [TEST_STEP][PASSED] - b = getText(findTestObject("CR-DESKTOP/Home page/Store Locator/Results list after")): Text of object 'Object Repository/CR-DESKTOP/Home page/Store Locator/Results list after' is: '1'

2019-08-13 11:04:21 - [MESSAGE][PASSED] - Text of object 'Object Repository/CR-DESKTOP/Home page/Store Locator/Results list after' is: '1'

2019-08-13 11:04:21 - [TEST_STEP][PASSED] - comment("b=" + b): b=1

2019-08-13 11:04:21 - [MESSAGE][INFO] - b=1

2019-08-13 11:04:21 - [TEST_STEP][PASSED] - k = 17: null

2019-08-13 11:04:21 - [TEST_STEP][PASSED] - verifyNotEqual("b", "k"): Actual object 'b' and expected object 'k' are not equal

2019-08-13 11:04:21 - [MESSAGE][PASSED] - Actual object 'b' and expected object 'k' are not equal

2019-08-13 11:04:21 - [TEST_STEP][PASSED] - refresh(): Refresh successfully

2019-08-13 11:04:22 - [MESSAGE][PASSED] - Refresh successfully

2019-08-13 11:04:22 - [TEST_STEP][PASSED] - delay(2): Delayed 2 second(s)

2019-08-13 11:04:24 - [MESSAGE][PASSED] - Delayed 2 second(s)

2019-08-13 11:04:24 - [TEST_STEP][PASSED] - click(findTestObject("CR-DESKTOP/Home page/Store Locator/Distance filter")): Object: 'Object Repository/CR-DESKTOP/Home page/Store Locator/Distance filter' is clicked on

2019-08-13 11:04:24 - [MESSAGE][PASSED] - Object: 'Object Repository/CR-DESKTOP/Home page/Store Locator/Distance filter' is clicked on

2019-08-13 11:04:24 - [TEST_STEP][PASSED] - delay(2): Delayed 2 second(s)

2019-08-13 11:04:26 - [MESSAGE][PASSED] - Delayed 2 second(s)

2019-08-13 11:04:26 - [TEST_STEP][PASSED] - click(findTestObject("CR-DESKTOP/Home page/Store Locator/Radio button")): Object: 'Object Repository/CR-DESKTOP/Home page/Store Locator/Radio button' is clicked on

2019-08-13 11:04:26 - [MESSAGE][PASSED] - Object: 'Object Repository/CR-DESKTOP/Home page/Store Locator/Radio button' is clicked on

2019-08-13 11:04:26 - [TEST_STEP][PASSED] - delay(2): Delayed 2 second(s)

2019-08-13 11:04:28 - [MESSAGE][PASSED] - Delayed 2 second(s)

2019-08-13 11:04:28 - [TEST_STEP][PASSED] - click(findTestObject("CR-DESKTOP/Home page/Store Locator/Filter")): Object: 'Object Repository/CR-DESKTOP/Home page/Store Locator/Filter' is clicked on

2019-08-13 11:04:28 - [MESSAGE][PASSED] - Object: 'Object Repository/CR-DESKTOP/Home page/Store Locator/Filter' is clicked on

2019-08-13 11:04:28 - [TEST_STEP][PASSED] - delay(2): Delayed 2 second(s)

2019-08-13 11:04:30 - [MESSAGE][PASSED] - Delayed 2 second(s)

2019-08-13 11:04:30 - [TEST_STEP][PASSED] - click(findTestObject("CR-DESKTOP/Home page/Store Locator/Label - until 9pm")): Object: 'Object Repository/CR-DESKTOP/Home page/Store Locator/Label - until 9pm' is clicked on

2019-08-13 11:04:30 - [MESSAGE][PASSED] - Object: 'Object Repository/CR-DESKTOP/Home page/Store Locator/Label - until 9pm' is clicked on

2019-08-13 11:04:30 - [TEST_STEP][PASSED] - delay(2): Delayed 2 second(s)

2019-08-13 11:04:32 - [MESSAGE][PASSED] - Delayed 2 second(s)

2019-08-13 11:04:32 - [TEST_STEP][PASSED] - c = getText(findTestObject("CR-DESKTOP/Home page/Store Locator/Results list after filter")): Text of object 'Object Repository/CR-DESKTOP/Home page/Store Locator/Results list after filter' is: '51'

2019-08-13 11:04:32 - [MESSAGE][PASSED] - Text of object 'Object Repository/CR-DESKTOP/Home page/Store Locator/Results list after filter' is: '51'

2019-08-13 11:04:32 - [TEST_STEP][PASSED] - comment("c=" + c): c=51

2019-08-13 11:04:32 - [MESSAGE][INFO] - c=51

2019-08-13 11:04:32 - [TEST_STEP][PASSED] - delay(2): Delayed 2 second(s)

2019-08-13 11:04:34 - [MESSAGE][PASSED] - Delayed 2 second(s)

2019-08-13 11:04:34 - [TEST_STEP][PASSED] - verifyNotEqual("b", "k"): Actual object 'b' and expected object 'k' are not equal

2019-08-13 11:04:34 - [MESSAGE][PASSED] - Actual object 'b' and expected object 'k' are not equal

2019-08-13 11:04:34 - [TEST_STEP][PASSED] - delay(2): Delayed 2 second(s)

2019-08-13 11:04:36 - [MESSAGE][PASSED] - Delayed 2 second(s)

2019-08-13 11:04:36 - [TEST_STEP][PASSED] - click(findTestObject("CR-DESKTOP/Home page/Store Locator/Clear filter")): Object: 'Object Repository/CR-DESKTOP/Home page/Store Locator/Clear filter' is clicked on

2019-08-13 11:04:36 - [MESSAGE][PASSED] - Object: 'Object Repository/CR-DESKTOP/Home page/Store Locator/Clear filter' is clicked on

2019-08-13 11:04:36 - [TEST_STEP][PASSED] - delay(2): Delayed 2 second(s)

2019-08-13 11:04:38 - [MESSAGE][PASSED] - Delayed 2 second(s)

2019-08-13 11:04:38 - [TEST_STEP][PASSED] - click(findTestObject("CR-DESKTOP/Home page/Store Locator/Next button")): Object: 'Object Repository/CR-DESKTOP/Home page/Store Locator/Next button' is clicked on

2019-08-13 11:04:38 - [MESSAGE][PASSED] - Object: 'Object Repository/CR-DESKTOP/Home page/Store Locator/Next button' is clicked on

2019-08-13 11:04:38 - [TEST_STEP][PASSED] - delay(2): Delayed 2 second(s)

2019-08-13 11:04:40 - [MESSAGE][PASSED] - Delayed 2 second(s)

2019-08-13 11:04:40 - [TEST_STEP][PASSED] - click(findTestObject("CR-DESKTOP/Home page/Store Locator/Prev - button")): Object: 'Object Repository/CR-DESKTOP/Home page/Store Locator/Prev - button' is clicked on

2019-08-13 11:04:40 - [MESSAGE][PASSED] - Object: 'Object Repository/CR-DESKTOP/Home page/Store Locator/Prev - button' is clicked on

2019-08-13 11:04:40 - [TEST_STEP][PASSED] - delay(2): Delayed 2 second(s)

2019-08-13 11:04:42 - [MESSAGE][PASSED] - Delayed 2 second(s)

2019-08-13 11:04:42 - [TEST_STEP][PASSED] - selectOptionByValue(findTestObject("CR-DESKTOP/Home page/Store Locator/select dropdown"), "2", true): All options with value '2' are selected in object 'Object Repository/CR-DESKTOP/Home page/Store Locator/select dropdown'  using regular expression

2019-08-13 11:04:43 - [MESSAGE][PASSED] - All options with value '2' are selected in object 'Object Repository/CR-DESKTOP/Home page/Store Locator/select dropdown'  using regular expression]]></system-out>
         <system-err><![CDATA[]]></system-err>
      </testcase>
      <testcase name="Test Cases/HOME PAGE/New arrivals" classname="Test Cases/HOME PAGE/New arrivals" status="FAILED">
         <failure type="FAILED" message="Test Cases/HOME PAGE/New arrivals FAILED.
Reason:
com.kms.katalon.core.exception.StepFailedException: Unable to click on object 'Object Repository/CR-DESKTOP/Home page/New arrivals/Next button' (Root cause: org.openqa.selenium.WebDriverException: unknown error: Element &lt;button type=&quot;button&quot; class=&quot;pagination-arrow pagination-arrow--next slick-arrow&quot; aria-disabled=&quot;false&quot; style=&quot;display: block;&quot;>&lt;/button> is not clickable at point (1405, 14). Other element would receive the click: &lt;div class=&quot;sticky-nav sticky&quot; data-sticky=&quot;&quot;>...&lt;/div>
  (Session info: chrome=76.0.3809.100)
  (Driver info: chromedriver=2.43.600229 (3fae4d0cda5334b4f533bede5a4787f7b832d052),platform=Mac OS X 10.13.6 x86_64) (WARNING: The server did not provide any stacktrace information)
Command duration or timeout: 0 milliseconds
Build info: version: '3.7.1', revision: '8a0099a', time: '2017-11-06T21:07:36.161Z'
System info: host: 'sumans-MacBook-Pro.local', ip: 'fe80:0:0:0:101b:184c:e876:9570%en0', os.name: 'Mac OS X', os.arch: 'x86_64', os.version: '10.13.6', java.version: '1.8.0_181'
Driver info: com.kms.katalon.selenium.driver.CChromeDriver
Capabilities {acceptInsecureCerts: false, acceptSslCerts: false, applicationCacheEnabled: false, browserConnectionEnabled: false, browserName: chrome, chrome: {chromedriverVersion: 2.43.600229 (3fae4d0cda5334..., userDataDir: /var/folders/1t/c55l8xzs6gq...}, cssSelectorsEnabled: true, databaseEnabled: false, goog:chromeOptions: {debuggerAddress: localhost:56304}, handlesAlerts: true, hasTouchScreen: false, javascriptEnabled: true, locationContextEnabled: true, mobileEmulationEnabled: false, nativeEvents: true, networkConnectionEnabled: false, pageLoadStrategy: normal, platform: MAC, platformName: MAC, rotatable: false, setWindowRect: true, takesHeapSnapshot: true, takesScreenshot: true, unexpectedAlertBehaviour: , unhandledPromptBehavior: , version: 76.0.3809.100, webStorageEnabled: true}
Session ID: 0ff5e8754a22fdf5ba7c9b3e3b5b641d)
	at com.kms.katalon.core.keyword.internal.KeywordMain.stepFailed(KeywordMain.groovy:36)
	at com.kms.katalon.core.webui.keyword.internal.WebUIKeywordMain.stepFailed(WebUIKeywordMain.groovy:65)
	at com.kms.katalon.core.webui.keyword.internal.WebUIKeywordMain.runKeyword(WebUIKeywordMain.groovy:27)
	at com.kms.katalon.core.webui.keyword.builtin.ClickKeyword.click(ClickKeyword.groovy:86)
	at com.kms.katalon.core.webui.keyword.builtin.ClickKeyword.execute(ClickKeyword.groovy:67)
	at com.kms.katalon.core.keyword.internal.KeywordExecutor.executeKeywordForPlatform(KeywordExecutor.groovy:53)
	at com.kms.katalon.core.webui.keyword.WebUiBuiltInKeywords.click(WebUiBuiltInKeywords.groovy:616)
	at com.kms.katalon.core.webui.keyword.WebUiBuiltInKeywords$click$1.call(Unknown Source)
	at New arrivals.run(New arrivals:25)
	at com.kms.katalon.core.main.ScriptEngine.run(ScriptEngine.java:194)
	at com.kms.katalon.core.main.ScriptEngine.runScriptAsRawText(ScriptEngine.java:119)
	at com.kms.katalon.core.main.TestCaseExecutor.runScript(TestCaseExecutor.java:328)
	at com.kms.katalon.core.main.TestCaseExecutor.doExecute(TestCaseExecutor.java:319)
	at com.kms.katalon.core.main.TestCaseExecutor.processExecutionPhase(TestCaseExecutor.java:298)
	at com.kms.katalon.core.main.TestCaseExecutor.accessMainPhase(TestCaseExecutor.java:290)
	at com.kms.katalon.core.main.TestCaseExecutor.execute(TestCaseExecutor.java:224)
	at com.kms.katalon.core.main.TestSuiteExecutor.accessTestCaseMainPhase(TestSuiteExecutor.java:129)
	at com.kms.katalon.core.main.TestSuiteExecutor.accessTestSuiteMainPhase(TestSuiteExecutor.java:112)
	at com.kms.katalon.core.main.TestSuiteExecutor.execute(TestSuiteExecutor.java:81)
	at com.kms.katalon.core.main.TestCaseMain.startTestSuite(TestCaseMain.java:149)
	at com.kms.katalon.core.main.TestCaseMain$startTestSuite$0.call(Unknown Source)
	at TempTestSuite1565707895630.run(TempTestSuite1565707895630.groovy:36)
"/>
         <system-out><![CDATA[2019-08-13 11:04:43 - [TEST_CASE][FAILED] - Test Cases/HOME PAGE/New arrivals: Test Cases/HOME PAGE/New arrivals FAILED.
Reason:
com.kms.katalon.core.exception.StepFailedException: Unable to click on object 'Object Repository/CR-DESKTOP/Home page/New arrivals/Next button' (Root cause: org.openqa.selenium.WebDriverException: unknown error: Element <button type="button" class="pagination-arrow pagination-arrow--next slick-arrow" aria-disabled="false" style="display: block;"></button> is not clickable at point (1405, 14). Other element would receive the click: <div class="sticky-nav sticky" data-sticky="">...</div>
  (Session info: chrome=76.0.3809.100)
  (Driver info: chromedriver=2.43.600229 (3fae4d0cda5334b4f533bede5a4787f7b832d052),platform=Mac OS X 10.13.6 x86_64) (WARNING: The server did not provide any stacktrace information)
Command duration or timeout: 0 milliseconds
Build info: version: '3.7.1', revision: '8a0099a', time: '2017-11-06T21:07:36.161Z'
System info: host: 'sumans-MacBook-Pro.local', ip: 'fe80:0:0:0:101b:184c:e876:9570%en0', os.name: 'Mac OS X', os.arch: 'x86_64', os.version: '10.13.6', java.version: '1.8.0_181'
Driver info: com.kms.katalon.selenium.driver.CChromeDriver
Capabilities {acceptInsecureCerts: false, acceptSslCerts: false, applicationCacheEnabled: false, browserConnectionEnabled: false, browserName: chrome, chrome: {chromedriverVersion: 2.43.600229 (3fae4d0cda5334..., userDataDir: /var/folders/1t/c55l8xzs6gq...}, cssSelectorsEnabled: true, databaseEnabled: false, goog:chromeOptions: {debuggerAddress: localhost:56304}, handlesAlerts: true, hasTouchScreen: false, javascriptEnabled: true, locationContextEnabled: true, mobileEmulationEnabled: false, nativeEvents: true, networkConnectionEnabled: false, pageLoadStrategy: normal, platform: MAC, platformName: MAC, rotatable: false, setWindowRect: true, takesHeapSnapshot: true, takesScreenshot: true, unexpectedAlertBehaviour: , unhandledPromptBehavior: , version: 76.0.3809.100, webStorageEnabled: true}
Session ID: 0ff5e8754a22fdf5ba7c9b3e3b5b641d)
	at com.kms.katalon.core.keyword.internal.KeywordMain.stepFailed(KeywordMain.groovy:36)
	at com.kms.katalon.core.webui.keyword.internal.WebUIKeywordMain.stepFailed(WebUIKeywordMain.groovy:65)
	at com.kms.katalon.core.webui.keyword.internal.WebUIKeywordMain.runKeyword(WebUIKeywordMain.groovy:27)
	at com.kms.katalon.core.webui.keyword.builtin.ClickKeyword.click(ClickKeyword.groovy:86)
	at com.kms.katalon.core.webui.keyword.builtin.ClickKeyword.execute(ClickKeyword.groovy:67)
	at com.kms.katalon.core.keyword.internal.KeywordExecutor.executeKeywordForPlatform(KeywordExecutor.groovy:53)
	at com.kms.katalon.core.webui.keyword.WebUiBuiltInKeywords.click(WebUiBuiltInKeywords.groovy:616)
	at com.kms.katalon.core.webui.keyword.WebUiBuiltInKeywords$click$1.call(Unknown Source)
	at New arrivals.run(New arrivals:25)
	at com.kms.katalon.core.main.ScriptEngine.run(ScriptEngine.java:194)
	at com.kms.katalon.core.main.ScriptEngine.runScriptAsRawText(ScriptEngine.java:119)
	at com.kms.katalon.core.main.TestCaseExecutor.runScript(TestCaseExecutor.java:328)
	at com.kms.katalon.core.main.TestCaseExecutor.doExecute(TestCaseExecutor.java:319)
	at com.kms.katalon.core.main.TestCaseExecutor.processExecutionPhase(TestCaseExecutor.java:298)
	at com.kms.katalon.core.main.TestCaseExecutor.accessMainPhase(TestCaseExecutor.java:290)
	at com.kms.katalon.core.main.TestCaseExecutor.execute(TestCaseExecutor.java:224)
	at com.kms.katalon.core.main.TestSuiteExecutor.accessTestCaseMainPhase(TestSuiteExecutor.java:129)
	at com.kms.katalon.core.main.TestSuiteExecutor.accessTestSuiteMainPhase(TestSuiteExecutor.java:112)
	at com.kms.katalon.core.main.TestSuiteExecutor.execute(TestSuiteExecutor.java:81)
	at com.kms.katalon.core.main.TestCaseMain.startTestSuite(TestCaseMain.java:149)
	at com.kms.katalon.core.main.TestCaseMain$startTestSuite$0.call(Unknown Source)
	at TempTestSuite1565707895630.run(TempTestSuite1565707895630.groovy:36)


2019-08-13 11:04:43 - [TEST_STEP][PASSED] - callTestCase(findTestCase("CALL-URL"), [:], STOP_ON_FAILURE): Call Test Case 'Test Cases/CALL-URL' successfully

2019-08-13 11:04:43 - [TEST_CASE][PASSED] - Test Cases/CALL-URL: Test Cases/CALL-URL

2019-08-13 11:04:43 - [TEST_STEP][PASSED] - openBrowser(""): Browser is opened with url: ''

2019-08-13 11:04:43 - [MESSAGE][WARNING] - A browser is already opened. Closing browser and opening a new one

2019-08-13 11:04:43 - [MESSAGE][INFO] - Starting 'Chrome' driver

2019-08-13 11:04:44 - [MESSAGE][PASSED] - Browser is opened with url: ''

2019-08-13 11:04:44 - [TEST_STEP][PASSED] - navigateToUrl("https://charlotterusse.com/"): Navigate to 'https://charlotterusse.com/' successfully

2019-08-13 11:04:47 - [MESSAGE][PASSED] - Navigate to 'https://charlotterusse.com/' successfully

2019-08-13 11:04:47 - [TEST_STEP][PASSED] - click(findTestObject("CR-DESKTOP/Window pop up/language- english")): Object: 'Object Repository/CR-DESKTOP/Window pop up/language- english' is clicked on

2019-08-13 11:04:47 - [MESSAGE][PASSED] - Object: 'Object Repository/CR-DESKTOP/Window pop up/language- english' is clicked on

2019-08-13 11:04:47 - [TEST_STEP][PASSED] - click(findTestObject("CR-DESKTOP/Window pop up/Pop up - close")): Object: 'Object Repository/CR-DESKTOP/Window pop up/Pop up - close' is clicked on

2019-08-13 11:04:48 - [MESSAGE][PASSED] - Object: 'Object Repository/CR-DESKTOP/Window pop up/Pop up - close' is clicked on

2019-08-13 11:04:48 - [TEST_STEP][PASSED] - maximizeWindow(): Current window maximized

2019-08-13 11:04:48 - [MESSAGE][PASSED] - Current window maximized

2019-08-13 11:04:48 - [MESSAGE][PASSED] - Call Test Case 'Test Cases/CALL-URL' successfully

2019-08-13 11:04:48 - [TEST_STEP][PASSED] - delay(2): Delayed 2 second(s)

2019-08-13 11:04:50 - [MESSAGE][PASSED] - Delayed 2 second(s)

2019-08-13 11:04:50 - [TEST_STEP][PASSED] - scrollToElement(findTestObject("CR-DESKTOP/Home page/New arrivals/New arrivals"), 0): Scroll to object 'Object Repository/CR-DESKTOP/Home page/New arrivals/New arrivals' successfully

2019-08-13 11:04:50 - [MESSAGE][WARNING] - Timeout '0' is invalid. Using default page load timeout: '30'

2019-08-13 11:04:50 - [MESSAGE][PASSED] - Scroll to object 'Object Repository/CR-DESKTOP/Home page/New arrivals/New arrivals' successfully

2019-08-13 11:04:50 - [TEST_STEP][PASSED] - delay(2): Delayed 2 second(s)

2019-08-13 11:04:52 - [MESSAGE][PASSED] - Delayed 2 second(s)

2019-08-13 11:04:52 - [TEST_STEP][FAILED] - for ([i = 1, i <= 3, (i++)]): for ([i = 1, i <= 3, (i++)]) FAILED.
Reason:
com.kms.katalon.core.exception.StepFailedException: Unable to click on object 'Object Repository/CR-DESKTOP/Home page/New arrivals/Next button' (Root cause: org.openqa.selenium.WebDriverException: unknown error: Element <button type="button" class="pagination-arrow pagination-arrow--next slick-arrow" aria-disabled="false" style="display: block;"></button> is not clickable at point (1405, 14). Other element would receive the click: <div class="sticky-nav sticky" data-sticky="">...</div>
  (Session info: chrome=76.0.3809.100)
  (Driver info: chromedriver=2.43.600229 (3fae4d0cda5334b4f533bede5a4787f7b832d052),platform=Mac OS X 10.13.6 x86_64) (WARNING: The server did not provide any stacktrace information)
Command duration or timeout: 0 milliseconds
Build info: version: '3.7.1', revision: '8a0099a', time: '2017-11-06T21:07:36.161Z'
System info: host: 'sumans-MacBook-Pro.local', ip: 'fe80:0:0:0:101b:184c:e876:9570%en0', os.name: 'Mac OS X', os.arch: 'x86_64', os.version: '10.13.6', java.version: '1.8.0_181'
Driver info: com.kms.katalon.selenium.driver.CChromeDriver
Capabilities {acceptInsecureCerts: false, acceptSslCerts: false, applicationCacheEnabled: false, browserConnectionEnabled: false, browserName: chrome, chrome: {chromedriverVersion: 2.43.600229 (3fae4d0cda5334..., userDataDir: /var/folders/1t/c55l8xzs6gq...}, cssSelectorsEnabled: true, databaseEnabled: false, goog:chromeOptions: {debuggerAddress: localhost:56304}, handlesAlerts: true, hasTouchScreen: false, javascriptEnabled: true, locationContextEnabled: true, mobileEmulationEnabled: false, nativeEvents: true, networkConnectionEnabled: false, pageLoadStrategy: normal, platform: MAC, platformName: MAC, rotatable: false, setWindowRect: true, takesHeapSnapshot: true, takesScreenshot: true, unexpectedAlertBehaviour: , unhandledPromptBehavior: , version: 76.0.3809.100, webStorageEnabled: true}
Session ID: 0ff5e8754a22fdf5ba7c9b3e3b5b641d)
	at com.kms.katalon.core.keyword.internal.KeywordMain.stepFailed(KeywordMain.groovy:36)
	at com.kms.katalon.core.webui.keyword.internal.WebUIKeywordMain.stepFailed(WebUIKeywordMain.groovy:65)
	at com.kms.katalon.core.webui.keyword.internal.WebUIKeywordMain.runKeyword(WebUIKeywordMain.groovy:27)
	at com.kms.katalon.core.webui.keyword.builtin.ClickKeyword.click(ClickKeyword.groovy:86)
	at com.kms.katalon.core.webui.keyword.builtin.ClickKeyword.execute(ClickKeyword.groovy:67)
	at com.kms.katalon.core.keyword.internal.KeywordExecutor.executeKeywordForPlatform(KeywordExecutor.groovy:53)
	at com.kms.katalon.core.webui.keyword.WebUiBuiltInKeywords.click(WebUiBuiltInKeywords.groovy:616)
	at com.kms.katalon.core.webui.keyword.WebUiBuiltInKeywords$click$1.call(Unknown Source)
	at New arrivals.run(New arrivals:25)
	at com.kms.katalon.core.main.ScriptEngine.run(ScriptEngine.java:194)
	at com.kms.katalon.core.main.ScriptEngine.runScriptAsRawText(ScriptEngine.java:119)
	at com.kms.katalon.core.main.TestCaseExecutor.runScript(TestCaseExecutor.java:328)
	at com.kms.katalon.core.main.TestCaseExecutor.doExecute(TestCaseExecutor.java:319)
	at com.kms.katalon.core.main.TestCaseExecutor.processExecutionPhase(TestCaseExecutor.java:298)
	at com.kms.katalon.core.main.TestCaseExecutor.accessMainPhase(TestCaseExecutor.java:290)
	at com.kms.katalon.core.main.TestCaseExecutor.execute(TestCaseExecutor.java:224)
	at com.kms.katalon.core.main.TestSuiteExecutor.accessTestCaseMainPhase(TestSuiteExecutor.java:129)
	at com.kms.katalon.core.main.TestSuiteExecutor.accessTestSuiteMainPhase(TestSuiteExecutor.java:112)
	at com.kms.katalon.core.main.TestSuiteExecutor.execute(TestSuiteExecutor.java:81)
	at com.kms.katalon.core.main.TestCaseMain.startTestSuite(TestCaseMain.java:149)
	at com.kms.katalon.core.main.TestCaseMain$startTestSuite$0.call(Unknown Source)
	at TempTestSuite1565707895630.run(TempTestSuite1565707895630.groovy:36)


2019-08-13 11:04:52 - [TEST_STEP][FAILED] - click(findTestObject("CR-DESKTOP/Home page/New arrivals/Next button")): for ([i = 1, i <= 3, (i++)]) FAILED.
Reason:
com.kms.katalon.core.exception.StepFailedException: Unable to click on object 'Object Repository/CR-DESKTOP/Home page/New arrivals/Next button' (Root cause: org.openqa.selenium.WebDriverException: unknown error: Element <button type="button" class="pagination-arrow pagination-arrow--next slick-arrow" aria-disabled="false" style="display: block;"></button> is not clickable at point (1405, 14). Other element would receive the click: <div class="sticky-nav sticky" data-sticky="">...</div>
  (Session info: chrome=76.0.3809.100)
  (Driver info: chromedriver=2.43.600229 (3fae4d0cda5334b4f533bede5a4787f7b832d052),platform=Mac OS X 10.13.6 x86_64) (WARNING: The server did not provide any stacktrace information)
Command duration or timeout: 0 milliseconds
Build info: version: '3.7.1', revision: '8a0099a', time: '2017-11-06T21:07:36.161Z'
System info: host: 'sumans-MacBook-Pro.local', ip: 'fe80:0:0:0:101b:184c:e876:9570%en0', os.name: 'Mac OS X', os.arch: 'x86_64', os.version: '10.13.6', java.version: '1.8.0_181'
Driver info: com.kms.katalon.selenium.driver.CChromeDriver
Capabilities {acceptInsecureCerts: false, acceptSslCerts: false, applicationCacheEnabled: false, browserConnectionEnabled: false, browserName: chrome, chrome: {chromedriverVersion: 2.43.600229 (3fae4d0cda5334..., userDataDir: /var/folders/1t/c55l8xzs6gq...}, cssSelectorsEnabled: true, databaseEnabled: false, goog:chromeOptions: {debuggerAddress: localhost:56304}, handlesAlerts: true, hasTouchScreen: false, javascriptEnabled: true, locationContextEnabled: true, mobileEmulationEnabled: false, nativeEvents: true, networkConnectionEnabled: false, pageLoadStrategy: normal, platform: MAC, platformName: MAC, rotatable: false, setWindowRect: true, takesHeapSnapshot: true, takesScreenshot: true, unexpectedAlertBehaviour: , unhandledPromptBehavior: , version: 76.0.3809.100, webStorageEnabled: true}
Session ID: 0ff5e8754a22fdf5ba7c9b3e3b5b641d)
	at com.kms.katalon.core.keyword.internal.KeywordMain.stepFailed(KeywordMain.groovy:36)
	at com.kms.katalon.core.webui.keyword.internal.WebUIKeywordMain.stepFailed(WebUIKeywordMain.groovy:65)
	at com.kms.katalon.core.webui.keyword.internal.WebUIKeywordMain.runKeyword(WebUIKeywordMain.groovy:27)
	at com.kms.katalon.core.webui.keyword.builtin.ClickKeyword.click(ClickKeyword.groovy:86)
	at com.kms.katalon.core.webui.keyword.builtin.ClickKeyword.execute(ClickKeyword.groovy:67)
	at com.kms.katalon.core.keyword.internal.KeywordExecutor.executeKeywordForPlatform(KeywordExecutor.groovy:53)
	at com.kms.katalon.core.webui.keyword.WebUiBuiltInKeywords.click(WebUiBuiltInKeywords.groovy:616)
	at com.kms.katalon.core.webui.keyword.WebUiBuiltInKeywords$click$1.call(Unknown Source)
	at New arrivals.run(New arrivals:25)
	at com.kms.katalon.core.main.ScriptEngine.run(ScriptEngine.java:194)
	at com.kms.katalon.core.main.ScriptEngine.runScriptAsRawText(ScriptEngine.java:119)
	at com.kms.katalon.core.main.TestCaseExecutor.runScript(TestCaseExecutor.java:328)
	at com.kms.katalon.core.main.TestCaseExecutor.doExecute(TestCaseExecutor.java:319)
	at com.kms.katalon.core.main.TestCaseExecutor.processExecutionPhase(TestCaseExecutor.java:298)
	at com.kms.katalon.core.main.TestCaseExecutor.accessMainPhase(TestCaseExecutor.java:290)
	at com.kms.katalon.core.main.TestCaseExecutor.execute(TestCaseExecutor.java:224)
	at com.kms.katalon.core.main.TestSuiteExecutor.accessTestCaseMainPhase(TestSuiteExecutor.java:129)
	at com.kms.katalon.core.main.TestSuiteExecutor.accessTestSuiteMainPhase(TestSuiteExecutor.java:112)
	at com.kms.katalon.core.main.TestSuiteExecutor.execute(TestSuiteExecutor.java:81)
	at com.kms.katalon.core.main.TestCaseMain.startTestSuite(TestCaseMain.java:149)
	at com.kms.katalon.core.main.TestCaseMain$startTestSuite$0.call(Unknown Source)
	at TempTestSuite1565707895630.run(TempTestSuite1565707895630.groovy:36)


2019-08-13 11:04:53 - [MESSAGE][FAILED] - Unable to click on object 'Object Repository/CR-DESKTOP/Home page/New arrivals/Next button' (Root cause: org.openqa.selenium.WebDriverException: unknown error: Element <button type="button" class="pagination-arrow pagination-arrow--next slick-arrow" aria-disabled="false" style="display: block;"></button> is not clickable at point (1405, 14). Other element would receive the click: <div class="sticky-nav sticky" data-sticky="">...</div>
  (Session info: chrome=76.0.3809.100)
  (Driver info: chromedriver=2.43.600229 (3fae4d0cda5334b4f533bede5a4787f7b832d052),platform=Mac OS X 10.13.6 x86_64) (WARNING: The server did not provide any stacktrace information)
Command duration or timeout: 0 milliseconds
Build info: version: '3.7.1', revision: '8a0099a', time: '2017-11-06T21:07:36.161Z'
System info: host: 'sumans-MacBook-Pro.local', ip: 'fe80:0:0:0:101b:184c:e876:9570%en0', os.name: 'Mac OS X', os.arch: 'x86_64', os.version: '10.13.6', java.version: '1.8.0_181'
Driver info: com.kms.katalon.selenium.driver.CChromeDriver
Capabilities {acceptInsecureCerts: false, acceptSslCerts: false, applicationCacheEnabled: false, browserConnectionEnabled: false, browserName: chrome, chrome: {chromedriverVersion: 2.43.600229 (3fae4d0cda5334..., userDataDir: /var/folders/1t/c55l8xzs6gq...}, cssSelectorsEnabled: true, databaseEnabled: false, goog:chromeOptions: {debuggerAddress: localhost:56304}, handlesAlerts: true, hasTouchScreen: false, javascriptEnabled: true, locationContextEnabled: true, mobileEmulationEnabled: false, nativeEvents: true, networkConnectionEnabled: false, pageLoadStrategy: normal, platform: MAC, platformName: MAC, rotatable: false, setWindowRect: true, takesHeapSnapshot: true, takesScreenshot: true, unexpectedAlertBehaviour: , unhandledPromptBehavior: , version: 76.0.3809.100, webStorageEnabled: true}
Session ID: 0ff5e8754a22fdf5ba7c9b3e3b5b641d)
[[ATTACHMENT|/Users/sumankompelly/git/CR-Desktop/Reports/suite-chrome/20190813_105135/1565708692404.png]]

2019-08-13 11:04:53 - [MESSAGE][FAILED] - for ([i = 1, i <= 3, (i++)]) FAILED.
Reason:
com.kms.katalon.core.exception.StepFailedException: Unable to click on object 'Object Repository/CR-DESKTOP/Home page/New arrivals/Next button' (Root cause: org.openqa.selenium.WebDriverException: unknown error: Element <button type="button" class="pagination-arrow pagination-arrow--next slick-arrow" aria-disabled="false" style="display: block;"></button> is not clickable at point (1405, 14). Other element would receive the click: <div class="sticky-nav sticky" data-sticky="">...</div>
  (Session info: chrome=76.0.3809.100)
  (Driver info: chromedriver=2.43.600229 (3fae4d0cda5334b4f533bede5a4787f7b832d052),platform=Mac OS X 10.13.6 x86_64) (WARNING: The server did not provide any stacktrace information)
Command duration or timeout: 0 milliseconds
Build info: version: '3.7.1', revision: '8a0099a', time: '2017-11-06T21:07:36.161Z'
System info: host: 'sumans-MacBook-Pro.local', ip: 'fe80:0:0:0:101b:184c:e876:9570%en0', os.name: 'Mac OS X', os.arch: 'x86_64', os.version: '10.13.6', java.version: '1.8.0_181'
Driver info: com.kms.katalon.selenium.driver.CChromeDriver
Capabilities {acceptInsecureCerts: false, acceptSslCerts: false, applicationCacheEnabled: false, browserConnectionEnabled: false, browserName: chrome, chrome: {chromedriverVersion: 2.43.600229 (3fae4d0cda5334..., userDataDir: /var/folders/1t/c55l8xzs6gq...}, cssSelectorsEnabled: true, databaseEnabled: false, goog:chromeOptions: {debuggerAddress: localhost:56304}, handlesAlerts: true, hasTouchScreen: false, javascriptEnabled: true, locationContextEnabled: true, mobileEmulationEnabled: false, nativeEvents: true, networkConnectionEnabled: false, pageLoadStrategy: normal, platform: MAC, platformName: MAC, rotatable: false, setWindowRect: true, takesHeapSnapshot: true, takesScreenshot: true, unexpectedAlertBehaviour: , unhandledPromptBehavior: , version: 76.0.3809.100, webStorageEnabled: true}
Session ID: 0ff5e8754a22fdf5ba7c9b3e3b5b641d)
	at com.kms.katalon.core.keyword.internal.KeywordMain.stepFailed(KeywordMain.groovy:36)
	at com.kms.katalon.core.webui.keyword.internal.WebUIKeywordMain.stepFailed(WebUIKeywordMain.groovy:65)
	at com.kms.katalon.core.webui.keyword.internal.WebUIKeywordMain.runKeyword(WebUIKeywordMain.groovy:27)
	at com.kms.katalon.core.webui.keyword.builtin.ClickKeyword.click(ClickKeyword.groovy:86)
	at com.kms.katalon.core.webui.keyword.builtin.ClickKeyword.execute(ClickKeyword.groovy:67)
	at com.kms.katalon.core.keyword.internal.KeywordExecutor.executeKeywordForPlatform(KeywordExecutor.groovy:53)
	at com.kms.katalon.core.webui.keyword.WebUiBuiltInKeywords.click(WebUiBuiltInKeywords.groovy:616)
	at com.kms.katalon.core.webui.keyword.WebUiBuiltInKeywords$click$1.call(Unknown Source)
	at New arrivals.run(New arrivals:25)
	at com.kms.katalon.core.main.ScriptEngine.run(ScriptEngine.java:194)
	at com.kms.katalon.core.main.ScriptEngine.runScriptAsRawText(ScriptEngine.java:119)
	at com.kms.katalon.core.main.TestCaseExecutor.runScript(TestCaseExecutor.java:328)
	at com.kms.katalon.core.main.TestCaseExecutor.doExecute(TestCaseExecutor.java:319)
	at com.kms.katalon.core.main.TestCaseExecutor.processExecutionPhase(TestCaseExecutor.java:298)
	at com.kms.katalon.core.main.TestCaseExecutor.accessMainPhase(TestCaseExecutor.java:290)
	at com.kms.katalon.core.main.TestCaseExecutor.execute(TestCaseExecutor.java:224)
	at com.kms.katalon.core.main.TestSuiteExecutor.accessTestCaseMainPhase(TestSuiteExecutor.java:129)
	at com.kms.katalon.core.main.TestSuiteExecutor.accessTestSuiteMainPhase(TestSuiteExecutor.java:112)
	at com.kms.katalon.core.main.TestSuiteExecutor.execute(TestSuiteExecutor.java:81)
	at com.kms.katalon.core.main.TestCaseMain.startTestSuite(TestCaseMain.java:149)
	at com.kms.katalon.core.main.TestCaseMain$startTestSuite$0.call(Unknown Source)
	at TempTestSuite1565707895630.run(TempTestSuite1565707895630.groovy:36)]]></system-out>
         <system-err><![CDATA[2019-08-13 11:04:43 - [TEST_CASE][FAILED] - Test Cases/HOME PAGE/New arrivals: Test Cases/HOME PAGE/New arrivals FAILED.
Reason:
com.kms.katalon.core.exception.StepFailedException: Unable to click on object 'Object Repository/CR-DESKTOP/Home page/New arrivals/Next button' (Root cause: org.openqa.selenium.WebDriverException: unknown error: Element <button type="button" class="pagination-arrow pagination-arrow--next slick-arrow" aria-disabled="false" style="display: block;"></button> is not clickable at point (1405, 14). Other element would receive the click: <div class="sticky-nav sticky" data-sticky="">...</div>
  (Session info: chrome=76.0.3809.100)
  (Driver info: chromedriver=2.43.600229 (3fae4d0cda5334b4f533bede5a4787f7b832d052),platform=Mac OS X 10.13.6 x86_64) (WARNING: The server did not provide any stacktrace information)
Command duration or timeout: 0 milliseconds
Build info: version: '3.7.1', revision: '8a0099a', time: '2017-11-06T21:07:36.161Z'
System info: host: 'sumans-MacBook-Pro.local', ip: 'fe80:0:0:0:101b:184c:e876:9570%en0', os.name: 'Mac OS X', os.arch: 'x86_64', os.version: '10.13.6', java.version: '1.8.0_181'
Driver info: com.kms.katalon.selenium.driver.CChromeDriver
Capabilities {acceptInsecureCerts: false, acceptSslCerts: false, applicationCacheEnabled: false, browserConnectionEnabled: false, browserName: chrome, chrome: {chromedriverVersion: 2.43.600229 (3fae4d0cda5334..., userDataDir: /var/folders/1t/c55l8xzs6gq...}, cssSelectorsEnabled: true, databaseEnabled: false, goog:chromeOptions: {debuggerAddress: localhost:56304}, handlesAlerts: true, hasTouchScreen: false, javascriptEnabled: true, locationContextEnabled: true, mobileEmulationEnabled: false, nativeEvents: true, networkConnectionEnabled: false, pageLoadStrategy: normal, platform: MAC, platformName: MAC, rotatable: false, setWindowRect: true, takesHeapSnapshot: true, takesScreenshot: true, unexpectedAlertBehaviour: , unhandledPromptBehavior: , version: 76.0.3809.100, webStorageEnabled: true}
Session ID: 0ff5e8754a22fdf5ba7c9b3e3b5b641d)
	at com.kms.katalon.core.keyword.internal.KeywordMain.stepFailed(KeywordMain.groovy:36)
	at com.kms.katalon.core.webui.keyword.internal.WebUIKeywordMain.stepFailed(WebUIKeywordMain.groovy:65)
	at com.kms.katalon.core.webui.keyword.internal.WebUIKeywordMain.runKeyword(WebUIKeywordMain.groovy:27)
	at com.kms.katalon.core.webui.keyword.builtin.ClickKeyword.click(ClickKeyword.groovy:86)
	at com.kms.katalon.core.webui.keyword.builtin.ClickKeyword.execute(ClickKeyword.groovy:67)
	at com.kms.katalon.core.keyword.internal.KeywordExecutor.executeKeywordForPlatform(KeywordExecutor.groovy:53)
	at com.kms.katalon.core.webui.keyword.WebUiBuiltInKeywords.click(WebUiBuiltInKeywords.groovy:616)
	at com.kms.katalon.core.webui.keyword.WebUiBuiltInKeywords$click$1.call(Unknown Source)
	at New arrivals.run(New arrivals:25)
	at com.kms.katalon.core.main.ScriptEngine.run(ScriptEngine.java:194)
	at com.kms.katalon.core.main.ScriptEngine.runScriptAsRawText(ScriptEngine.java:119)
	at com.kms.katalon.core.main.TestCaseExecutor.runScript(TestCaseExecutor.java:328)
	at com.kms.katalon.core.main.TestCaseExecutor.doExecute(TestCaseExecutor.java:319)
	at com.kms.katalon.core.main.TestCaseExecutor.processExecutionPhase(TestCaseExecutor.java:298)
	at com.kms.katalon.core.main.TestCaseExecutor.accessMainPhase(TestCaseExecutor.java:290)
	at com.kms.katalon.core.main.TestCaseExecutor.execute(TestCaseExecutor.java:224)
	at com.kms.katalon.core.main.TestSuiteExecutor.accessTestCaseMainPhase(TestSuiteExecutor.java:129)
	at com.kms.katalon.core.main.TestSuiteExecutor.accessTestSuiteMainPhase(TestSuiteExecutor.java:112)
	at com.kms.katalon.core.main.TestSuiteExecutor.execute(TestSuiteExecutor.java:81)
	at com.kms.katalon.core.main.TestCaseMain.startTestSuite(TestCaseMain.java:149)
	at com.kms.katalon.core.main.TestCaseMain$startTestSuite$0.call(Unknown Source)
	at TempTestSuite1565707895630.run(TempTestSuite1565707895630.groovy:36)]]></system-err>
      </testcase>
      <testcase name="Test Cases/HOME PAGE/Mega menu navigation" classname="Test Cases/HOME PAGE/Mega menu navigation" status="FAILED">
         <failure type="FAILED" message="Test Cases/HOME PAGE/Mega menu navigation FAILED.
Reason:
com.kms.katalon.core.exception.StepFailedException: Unable to click on object 'Object Repository/CR-DESKTOP/Mega menu/plus - shop all' (Root cause: com.kms.katalon.core.webui.exception.WebElementNotFoundException: Web element with id: 'Object Repository/CR-DESKTOP/Mega menu/plus - shop all' located by 'By.xpath: //li[contains(@class,'main-nav__list-item dropdown_column plus')]//a[contains(@class,'subsublink__title')][contains(text(),'Shop All')]' not found)
	at com.kms.katalon.core.keyword.internal.KeywordMain.stepFailed(KeywordMain.groovy:36)
	at com.kms.katalon.core.webui.keyword.internal.WebUIKeywordMain.stepFailed(WebUIKeywordMain.groovy:65)
	at com.kms.katalon.core.webui.keyword.internal.WebUIKeywordMain.runKeyword(WebUIKeywordMain.groovy:27)
	at com.kms.katalon.core.webui.keyword.builtin.ClickKeyword.click(ClickKeyword.groovy:86)
	at com.kms.katalon.core.webui.keyword.builtin.ClickKeyword.execute(ClickKeyword.groovy:67)
	at com.kms.katalon.core.keyword.internal.KeywordExecutor.executeKeywordForPlatform(KeywordExecutor.groovy:53)
	at com.kms.katalon.core.webui.keyword.WebUiBuiltInKeywords.click(WebUiBuiltInKeywords.groovy:616)
	at com.kms.katalon.core.webui.keyword.WebUiBuiltInKeywords$click$1.call(Unknown Source)
	at Mega menu navigation.run(Mega menu navigation:342)
	at com.kms.katalon.core.main.ScriptEngine.run(ScriptEngine.java:194)
	at com.kms.katalon.core.main.ScriptEngine.runScriptAsRawText(ScriptEngine.java:119)
	at com.kms.katalon.core.main.TestCaseExecutor.runScript(TestCaseExecutor.java:328)
	at com.kms.katalon.core.main.TestCaseExecutor.doExecute(TestCaseExecutor.java:319)
	at com.kms.katalon.core.main.TestCaseExecutor.processExecutionPhase(TestCaseExecutor.java:298)
	at com.kms.katalon.core.main.TestCaseExecutor.accessMainPhase(TestCaseExecutor.java:290)
	at com.kms.katalon.core.main.TestCaseExecutor.execute(TestCaseExecutor.java:224)
	at com.kms.katalon.core.main.TestSuiteExecutor.accessTestCaseMainPhase(TestSuiteExecutor.java:129)
	at com.kms.katalon.core.main.TestSuiteExecutor.accessTestSuiteMainPhase(TestSuiteExecutor.java:112)
	at com.kms.katalon.core.main.TestSuiteExecutor.execute(TestSuiteExecutor.java:81)
	at com.kms.katalon.core.main.TestCaseMain.startTestSuite(TestCaseMain.java:149)
	at com.kms.katalon.core.main.TestCaseMain$startTestSuite$0.call(Unknown Source)
	at TempTestSuite1565707895630.run(TempTestSuite1565707895630.groovy:36)
"/>
         <system-out><![CDATA[2019-08-13 11:04:53 - [TEST_CASE][FAILED] - Test Cases/HOME PAGE/Mega menu navigation: Test Cases/HOME PAGE/Mega menu navigation FAILED.
Reason:
com.kms.katalon.core.exception.StepFailedException: Unable to click on object 'Object Repository/CR-DESKTOP/Mega menu/plus - shop all' (Root cause: com.kms.katalon.core.webui.exception.WebElementNotFoundException: Web element with id: 'Object Repository/CR-DESKTOP/Mega menu/plus - shop all' located by 'By.xpath: //li[contains(@class,'main-nav__list-item dropdown_column plus')]//a[contains(@class,'subsublink__title')][contains(text(),'Shop All')]' not found)
	at com.kms.katalon.core.keyword.internal.KeywordMain.stepFailed(KeywordMain.groovy:36)
	at com.kms.katalon.core.webui.keyword.internal.WebUIKeywordMain.stepFailed(WebUIKeywordMain.groovy:65)
	at com.kms.katalon.core.webui.keyword.internal.WebUIKeywordMain.runKeyword(WebUIKeywordMain.groovy:27)
	at com.kms.katalon.core.webui.keyword.builtin.ClickKeyword.click(ClickKeyword.groovy:86)
	at com.kms.katalon.core.webui.keyword.builtin.ClickKeyword.execute(ClickKeyword.groovy:67)
	at com.kms.katalon.core.keyword.internal.KeywordExecutor.executeKeywordForPlatform(KeywordExecutor.groovy:53)
	at com.kms.katalon.core.webui.keyword.WebUiBuiltInKeywords.click(WebUiBuiltInKeywords.groovy:616)
	at com.kms.katalon.core.webui.keyword.WebUiBuiltInKeywords$click$1.call(Unknown Source)
	at Mega menu navigation.run(Mega menu navigation:342)
	at com.kms.katalon.core.main.ScriptEngine.run(ScriptEngine.java:194)
	at com.kms.katalon.core.main.ScriptEngine.runScriptAsRawText(ScriptEngine.java:119)
	at com.kms.katalon.core.main.TestCaseExecutor.runScript(TestCaseExecutor.java:328)
	at com.kms.katalon.core.main.TestCaseExecutor.doExecute(TestCaseExecutor.java:319)
	at com.kms.katalon.core.main.TestCaseExecutor.processExecutionPhase(TestCaseExecutor.java:298)
	at com.kms.katalon.core.main.TestCaseExecutor.accessMainPhase(TestCaseExecutor.java:290)
	at com.kms.katalon.core.main.TestCaseExecutor.execute(TestCaseExecutor.java:224)
	at com.kms.katalon.core.main.TestSuiteExecutor.accessTestCaseMainPhase(TestSuiteExecutor.java:129)
	at com.kms.katalon.core.main.TestSuiteExecutor.accessTestSuiteMainPhase(TestSuiteExecutor.java:112)
	at com.kms.katalon.core.main.TestSuiteExecutor.execute(TestSuiteExecutor.java:81)
	at com.kms.katalon.core.main.TestCaseMain.startTestSuite(TestCaseMain.java:149)
	at com.kms.katalon.core.main.TestCaseMain$startTestSuite$0.call(Unknown Source)
	at TempTestSuite1565707895630.run(TempTestSuite1565707895630.groovy:36)


2019-08-13 11:04:53 - [TEST_STEP][PASSED] - callTestCase(findTestCase("CALL-URL"), [:], STOP_ON_FAILURE): Call Test Case 'Test Cases/CALL-URL' successfully

2019-08-13 11:04:53 - [TEST_CASE][PASSED] - Test Cases/CALL-URL: Test Cases/CALL-URL

2019-08-13 11:04:53 - [TEST_STEP][PASSED] - openBrowser(""): Browser is opened with url: ''

2019-08-13 11:04:53 - [MESSAGE][WARNING] - A browser is already opened. Closing browser and opening a new one

2019-08-13 11:04:53 - [MESSAGE][INFO] - Starting 'Chrome' driver

2019-08-13 11:04:54 - [MESSAGE][PASSED] - Browser is opened with url: ''

2019-08-13 11:04:54 - [TEST_STEP][PASSED] - navigateToUrl("https://charlotterusse.com/"): Navigate to 'https://charlotterusse.com/' successfully

2019-08-13 11:04:57 - [MESSAGE][PASSED] - Navigate to 'https://charlotterusse.com/' successfully

2019-08-13 11:04:57 - [TEST_STEP][PASSED] - click(findTestObject("CR-DESKTOP/Window pop up/language- english")): Object: 'Object Repository/CR-DESKTOP/Window pop up/language- english' is clicked on

2019-08-13 11:04:57 - [MESSAGE][PASSED] - Object: 'Object Repository/CR-DESKTOP/Window pop up/language- english' is clicked on

2019-08-13 11:04:57 - [TEST_STEP][PASSED] - click(findTestObject("CR-DESKTOP/Window pop up/Pop up - close")): Object: 'Object Repository/CR-DESKTOP/Window pop up/Pop up - close' is clicked on

2019-08-13 11:04:57 - [MESSAGE][PASSED] - Object: 'Object Repository/CR-DESKTOP/Window pop up/Pop up - close' is clicked on

2019-08-13 11:04:57 - [TEST_STEP][PASSED] - maximizeWindow(): Current window maximized

2019-08-13 11:04:57 - [MESSAGE][PASSED] - Current window maximized

2019-08-13 11:04:57 - [MESSAGE][PASSED] - Call Test Case 'Test Cases/CALL-URL' successfully

2019-08-13 11:04:57 - [TEST_STEP][PASSED] - delay(2): Delayed 2 second(s)

2019-08-13 11:04:59 - [MESSAGE][PASSED] - Delayed 2 second(s)

2019-08-13 11:04:59 - [TEST_STEP][PASSED] - mouseOver(findTestObject("CR-DESKTOP/Mega menu/NEW")): Object: 'Object Repository/CR-DESKTOP/Mega menu/NEW' is hovered

2019-08-13 11:05:00 - [MESSAGE][PASSED] - Object: 'Object Repository/CR-DESKTOP/Mega menu/NEW' is hovered

2019-08-13 11:05:00 - [TEST_STEP][PASSED] - delay(2): Delayed 2 second(s)

2019-08-13 11:05:02 - [MESSAGE][PASSED] - Delayed 2 second(s)

2019-08-13 11:05:02 - [TEST_STEP][PASSED] - mouseOver(findTestObject("CR-DESKTOP/Mega menu/NEW")): Object: 'Object Repository/CR-DESKTOP/Mega menu/NEW' is hovered

2019-08-13 11:05:02 - [MESSAGE][PASSED] - Object: 'Object Repository/CR-DESKTOP/Mega menu/NEW' is hovered

2019-08-13 11:05:02 - [TEST_STEP][PASSED] - click(findTestObject("CR-DESKTOP/Mega menu/New - Shoes")): Object: 'Object Repository/CR-DESKTOP/Mega menu/New - Shoes' is clicked on

2019-08-13 11:05:04 - [MESSAGE][PASSED] - Object: 'Object Repository/CR-DESKTOP/Mega menu/New - Shoes' is clicked on

2019-08-13 11:05:04 - [TEST_STEP][PASSED] - delay(2): Delayed 2 second(s)

2019-08-13 11:05:06 - [MESSAGE][PASSED] - Delayed 2 second(s)

2019-08-13 11:05:06 - [TEST_STEP][PASSED] - mouseOver(findTestObject("CR-DESKTOP/Mega menu/NEW")): Object: 'Object Repository/CR-DESKTOP/Mega menu/NEW' is hovered

2019-08-13 11:05:06 - [MESSAGE][PASSED] - Object: 'Object Repository/CR-DESKTOP/Mega menu/NEW' is hovered

2019-08-13 11:05:06 - [TEST_STEP][PASSED] - click(findTestObject("CR-DESKTOP/Mega menu/New - jeans")): Object: 'Object Repository/CR-DESKTOP/Mega menu/New - jeans' is clicked on

2019-08-13 11:05:07 - [MESSAGE][PASSED] - Object: 'Object Repository/CR-DESKTOP/Mega menu/New - jeans' is clicked on

2019-08-13 11:05:07 - [TEST_STEP][PASSED] - delay(2): Delayed 2 second(s)

2019-08-13 11:05:09 - [MESSAGE][PASSED] - Delayed 2 second(s)

2019-08-13 11:05:09 - [TEST_STEP][PASSED] - mouseOver(findTestObject("CR-DESKTOP/Mega menu/NEW")): Object: 'Object Repository/CR-DESKTOP/Mega menu/NEW' is hovered

2019-08-13 11:05:10 - [MESSAGE][PASSED] - Object: 'Object Repository/CR-DESKTOP/Mega menu/NEW' is hovered

2019-08-13 11:05:10 - [TEST_STEP][PASSED] - click(findTestObject("CR-DESKTOP/Mega menu/New - Dresses")): Object: 'Object Repository/CR-DESKTOP/Mega menu/New - Dresses' is clicked on

2019-08-13 11:05:11 - [MESSAGE][PASSED] - Object: 'Object Repository/CR-DESKTOP/Mega menu/New - Dresses' is clicked on

2019-08-13 11:05:11 - [TEST_STEP][PASSED] - delay(2): Delayed 2 second(s)

2019-08-13 11:05:13 - [MESSAGE][PASSED] - Delayed 2 second(s)

2019-08-13 11:05:13 - [TEST_STEP][PASSED] - mouseOver(findTestObject("CR-DESKTOP/Mega menu/NEW")): Object: 'Object Repository/CR-DESKTOP/Mega menu/NEW' is hovered

2019-08-13 11:05:13 - [MESSAGE][PASSED] - Object: 'Object Repository/CR-DESKTOP/Mega menu/NEW' is hovered

2019-08-13 11:05:13 - [TEST_STEP][PASSED] - click(findTestObject("CR-DESKTOP/Mega menu/New - Clothes")): Object: 'Object Repository/CR-DESKTOP/Mega menu/New - Clothes' is clicked on

2019-08-13 11:05:15 - [MESSAGE][PASSED] - Object: 'Object Repository/CR-DESKTOP/Mega menu/New - Clothes' is clicked on

2019-08-13 11:05:15 - [TEST_STEP][PASSED] - delay(2): Delayed 2 second(s)

2019-08-13 11:05:17 - [MESSAGE][PASSED] - Delayed 2 second(s)

2019-08-13 11:05:17 - [TEST_STEP][PASSED] - mouseOver(findTestObject("CR-DESKTOP/Mega menu/NEW")): Object: 'Object Repository/CR-DESKTOP/Mega menu/NEW' is hovered

2019-08-13 11:05:18 - [MESSAGE][PASSED] - Object: 'Object Repository/CR-DESKTOP/Mega menu/NEW' is hovered

2019-08-13 11:05:18 - [TEST_STEP][PASSED] - click(findTestObject("CR-DESKTOP/Mega menu/New - accessories")): Object: 'Object Repository/CR-DESKTOP/Mega menu/New - accessories' is clicked on

2019-08-13 11:05:20 - [MESSAGE][PASSED] - Object: 'Object Repository/CR-DESKTOP/Mega menu/New - accessories' is clicked on

2019-08-13 11:05:20 - [TEST_STEP][PASSED] - delay(2): Delayed 2 second(s)

2019-08-13 11:05:22 - [MESSAGE][PASSED] - Delayed 2 second(s)

2019-08-13 11:05:22 - [TEST_STEP][PASSED] - mouseOver(findTestObject("CR-DESKTOP/Mega menu/NEW")): Object: 'Object Repository/CR-DESKTOP/Mega menu/NEW' is hovered

2019-08-13 11:05:22 - [MESSAGE][PASSED] - Object: 'Object Repository/CR-DESKTOP/Mega menu/NEW' is hovered

2019-08-13 11:05:22 - [TEST_STEP][PASSED] - click(findTestObject("CR-DESKTOP/Mega menu/New - Shop All")): Object: 'Object Repository/CR-DESKTOP/Mega menu/New - Shop All' is clicked on

2019-08-13 11:05:24 - [MESSAGE][PASSED] - Object: 'Object Repository/CR-DESKTOP/Mega menu/New - Shop All' is clicked on

2019-08-13 11:05:24 - [TEST_STEP][PASSED] - delay(2): Delayed 2 second(s)

2019-08-13 11:05:26 - [MESSAGE][PASSED] - Delayed 2 second(s)

2019-08-13 11:05:26 - [TEST_STEP][PASSED] - mouseOver(findTestObject("CR-DESKTOP/Mega menu/SHOES")): Object: 'Object Repository/CR-DESKTOP/Mega menu/SHOES' is hovered

2019-08-13 11:05:26 - [MESSAGE][PASSED] - Object: 'Object Repository/CR-DESKTOP/Mega menu/SHOES' is hovered

2019-08-13 11:05:26 - [TEST_STEP][PASSED] - delay(2): Delayed 2 second(s)

2019-08-13 11:05:28 - [MESSAGE][PASSED] - Delayed 2 second(s)

2019-08-13 11:05:28 - [TEST_STEP][PASSED] - click(findTestObject("CR-DESKTOP/Mega menu/Shoes - New shoes")): Object: 'Object Repository/CR-DESKTOP/Mega menu/Shoes - New shoes' is clicked on

2019-08-13 11:05:30 - [MESSAGE][PASSED] - Object: 'Object Repository/CR-DESKTOP/Mega menu/Shoes - New shoes' is clicked on

2019-08-13 11:05:30 - [TEST_STEP][PASSED] - delay(4): Delayed 4 second(s)

2019-08-13 11:05:34 - [MESSAGE][PASSED] - Delayed 4 second(s)

2019-08-13 11:05:34 - [TEST_STEP][PASSED] - mouseOver(findTestObject("CR-DESKTOP/Mega menu/SHOES")): Object: 'Object Repository/CR-DESKTOP/Mega menu/SHOES' is hovered

2019-08-13 11:05:34 - [MESSAGE][PASSED] - Object: 'Object Repository/CR-DESKTOP/Mega menu/SHOES' is hovered

2019-08-13 11:05:34 - [TEST_STEP][PASSED] - click(findTestObject("CR-DESKTOP/Mega menu/Shoes -heels")): Object: 'Object Repository/CR-DESKTOP/Mega menu/Shoes -heels' is clicked on

2019-08-13 11:05:37 - [MESSAGE][PASSED] - Object: 'Object Repository/CR-DESKTOP/Mega menu/Shoes -heels' is clicked on

2019-08-13 11:05:37 - [TEST_STEP][PASSED] - delay(2): Delayed 2 second(s)

2019-08-13 11:05:39 - [MESSAGE][PASSED] - Delayed 2 second(s)

2019-08-13 11:05:39 - [TEST_STEP][PASSED] - mouseOver(findTestObject("CR-DESKTOP/Mega menu/SHOES")): Object: 'Object Repository/CR-DESKTOP/Mega menu/SHOES' is hovered

2019-08-13 11:05:39 - [MESSAGE][PASSED] - Object: 'Object Repository/CR-DESKTOP/Mega menu/SHOES' is hovered

2019-08-13 11:05:39 - [TEST_STEP][PASSED] - click(findTestObject("CR-DESKTOP/Mega menu/Shoes - sandels")): Object: 'Object Repository/CR-DESKTOP/Mega menu/Shoes - sandels' is clicked on

2019-08-13 11:05:42 - [MESSAGE][PASSED] - Object: 'Object Repository/CR-DESKTOP/Mega menu/Shoes - sandels' is clicked on

2019-08-13 11:05:42 - [TEST_STEP][PASSED] - delay(2): Delayed 2 second(s)

2019-08-13 11:05:44 - [MESSAGE][PASSED] - Delayed 2 second(s)

2019-08-13 11:05:44 - [TEST_STEP][PASSED] - mouseOver(findTestObject("CR-DESKTOP/Mega menu/SHOES")): Object: 'Object Repository/CR-DESKTOP/Mega menu/SHOES' is hovered

2019-08-13 11:05:44 - [MESSAGE][PASSED] - Object: 'Object Repository/CR-DESKTOP/Mega menu/SHOES' is hovered

2019-08-13 11:05:44 - [TEST_STEP][PASSED] - click(findTestObject("CR-DESKTOP/Mega menu/Shoes - Boots and booties")): Object: 'Object Repository/CR-DESKTOP/Mega menu/Shoes - Boots and booties' is clicked on

2019-08-13 11:05:45 - [MESSAGE][PASSED] - Object: 'Object Repository/CR-DESKTOP/Mega menu/Shoes - Boots and booties' is clicked on

2019-08-13 11:05:45 - [TEST_STEP][PASSED] - delay(2): Delayed 2 second(s)

2019-08-13 11:05:48 - [MESSAGE][PASSED] - Delayed 2 second(s)

2019-08-13 11:05:48 - [TEST_STEP][PASSED] - mouseOver(findTestObject("CR-DESKTOP/Mega menu/SHOES")): Object: 'Object Repository/CR-DESKTOP/Mega menu/SHOES' is hovered

2019-08-13 11:05:48 - [MESSAGE][PASSED] - Object: 'Object Repository/CR-DESKTOP/Mega menu/SHOES' is hovered

2019-08-13 11:05:48 - [TEST_STEP][PASSED] - click(findTestObject("CR-DESKTOP/Mega menu/Shoes - Wedges")): Object: 'Object Repository/CR-DESKTOP/Mega menu/Shoes - Wedges' is clicked on

2019-08-13 11:05:50 - [MESSAGE][PASSED] - Object: 'Object Repository/CR-DESKTOP/Mega menu/Shoes - Wedges' is clicked on

2019-08-13 11:05:50 - [TEST_STEP][PASSED] - delay(2): Delayed 2 second(s)

2019-08-13 11:05:52 - [MESSAGE][PASSED] - Delayed 2 second(s)

2019-08-13 11:05:52 - [TEST_STEP][PASSED] - mouseOver(findTestObject("CR-DESKTOP/Mega menu/SHOES")): Object: 'Object Repository/CR-DESKTOP/Mega menu/SHOES' is hovered

2019-08-13 11:05:52 - [MESSAGE][PASSED] - Object: 'Object Repository/CR-DESKTOP/Mega menu/SHOES' is hovered

2019-08-13 11:05:52 - [TEST_STEP][PASSED] - click(findTestObject("CR-DESKTOP/Mega menu/shoes - sneakers")): Object: 'Object Repository/CR-DESKTOP/Mega menu/shoes - sneakers' is clicked on

2019-08-13 11:05:54 - [MESSAGE][PASSED] - Object: 'Object Repository/CR-DESKTOP/Mega menu/shoes - sneakers' is clicked on

2019-08-13 11:05:54 - [TEST_STEP][PASSED] - delay(2): Delayed 2 second(s)

2019-08-13 11:05:56 - [MESSAGE][PASSED] - Delayed 2 second(s)

2019-08-13 11:05:56 - [TEST_STEP][PASSED] - mouseOver(findTestObject("CR-DESKTOP/Mega menu/SHOES")): Object: 'Object Repository/CR-DESKTOP/Mega menu/SHOES' is hovered

2019-08-13 11:05:56 - [MESSAGE][PASSED] - Object: 'Object Repository/CR-DESKTOP/Mega menu/SHOES' is hovered

2019-08-13 11:05:56 - [TEST_STEP][PASSED] - click(findTestObject("CR-DESKTOP/Mega menu/Shoes - Flats")): Object: 'Object Repository/CR-DESKTOP/Mega menu/Shoes - Flats' is clicked on

2019-08-13 11:05:57 - [MESSAGE][PASSED] - Object: 'Object Repository/CR-DESKTOP/Mega menu/Shoes - Flats' is clicked on

2019-08-13 11:05:57 - [TEST_STEP][PASSED] - delay(4): Delayed 4 second(s)

2019-08-13 11:06:01 - [MESSAGE][PASSED] - Delayed 4 second(s)

2019-08-13 11:06:01 - [TEST_STEP][PASSED] - mouseOver(findTestObject("CR-DESKTOP/Mega menu/SHOES")): Object: 'Object Repository/CR-DESKTOP/Mega menu/SHOES' is hovered

2019-08-13 11:06:01 - [MESSAGE][PASSED] - Object: 'Object Repository/CR-DESKTOP/Mega menu/SHOES' is hovered

2019-08-13 11:06:01 - [TEST_STEP][PASSED] - click(findTestObject("CR-DESKTOP/Mega menu/Shoes - shop All")): Object: 'Object Repository/CR-DESKTOP/Mega menu/Shoes - shop All' is clicked on

2019-08-13 11:06:06 - [MESSAGE][PASSED] - Object: 'Object Repository/CR-DESKTOP/Mega menu/Shoes - shop All' is clicked on

2019-08-13 11:06:06 - [TEST_STEP][PASSED] - delay(2): Delayed 2 second(s)

2019-08-13 11:06:08 - [MESSAGE][PASSED] - Delayed 2 second(s)

2019-08-13 11:06:08 - [TEST_STEP][PASSED] - mouseOver(findTestObject("CR-DESKTOP/Mega menu/DRESSES")): Object: 'Object Repository/CR-DESKTOP/Mega menu/DRESSES' is hovered

2019-08-13 11:06:08 - [MESSAGE][PASSED] - Object: 'Object Repository/CR-DESKTOP/Mega menu/DRESSES' is hovered

2019-08-13 11:06:08 - [TEST_STEP][PASSED] - delay(2): Delayed 2 second(s)

2019-08-13 11:06:10 - [MESSAGE][PASSED] - Delayed 2 second(s)

2019-08-13 11:06:10 - [TEST_STEP][PASSED] - mouseOver(findTestObject("CR-DESKTOP/Mega menu/DRESSES")): Object: 'Object Repository/CR-DESKTOP/Mega menu/DRESSES' is hovered

2019-08-13 11:06:10 - [MESSAGE][PASSED] - Object: 'Object Repository/CR-DESKTOP/Mega menu/DRESSES' is hovered

2019-08-13 11:06:10 - [TEST_STEP][PASSED] - click(findTestObject("CR-DESKTOP/Mega menu/Dresses - bodycon")): Object: 'Object Repository/CR-DESKTOP/Mega menu/Dresses - bodycon' is clicked on

2019-08-13 11:06:13 - [MESSAGE][PASSED] - Object: 'Object Repository/CR-DESKTOP/Mega menu/Dresses - bodycon' is clicked on

2019-08-13 11:06:13 - [TEST_STEP][PASSED] - delay(4): Delayed 4 second(s)

2019-08-13 11:06:17 - [MESSAGE][PASSED] - Delayed 4 second(s)

2019-08-13 11:06:17 - [TEST_STEP][PASSED] - mouseOver(findTestObject("CR-DESKTOP/Mega menu/DRESSES")): Object: 'Object Repository/CR-DESKTOP/Mega menu/DRESSES' is hovered

2019-08-13 11:06:17 - [MESSAGE][PASSED] - Object: 'Object Repository/CR-DESKTOP/Mega menu/DRESSES' is hovered

2019-08-13 11:06:17 - [TEST_STEP][PASSED] - click(findTestObject("CR-DESKTOP/Mega menu/Dresses - skater")): Object: 'Object Repository/CR-DESKTOP/Mega menu/Dresses - skater' is clicked on

2019-08-13 11:06:19 - [MESSAGE][PASSED] - Object: 'Object Repository/CR-DESKTOP/Mega menu/Dresses - skater' is clicked on

2019-08-13 11:06:19 - [TEST_STEP][PASSED] - delay(2): Delayed 2 second(s)

2019-08-13 11:06:21 - [MESSAGE][PASSED] - Delayed 2 second(s)

2019-08-13 11:06:21 - [TEST_STEP][PASSED] - mouseOver(findTestObject("CR-DESKTOP/Mega menu/DRESSES")): Object: 'Object Repository/CR-DESKTOP/Mega menu/DRESSES' is hovered

2019-08-13 11:06:21 - [MESSAGE][PASSED] - Object: 'Object Repository/CR-DESKTOP/Mega menu/DRESSES' is hovered

2019-08-13 11:06:21 - [TEST_STEP][PASSED] - click(findTestObject("CR-DESKTOP/Mega menu/Dresses - shirt dress")): Object: 'Object Repository/CR-DESKTOP/Mega menu/Dresses - shirt dress' is clicked on

2019-08-13 11:06:22 - [MESSAGE][PASSED] - Object: 'Object Repository/CR-DESKTOP/Mega menu/Dresses - shirt dress' is clicked on

2019-08-13 11:06:22 - [TEST_STEP][PASSED] - delay(2): Delayed 2 second(s)

2019-08-13 11:06:24 - [MESSAGE][PASSED] - Delayed 2 second(s)

2019-08-13 11:06:24 - [TEST_STEP][PASSED] - mouseOver(findTestObject("CR-DESKTOP/Mega menu/DRESSES")): Object: 'Object Repository/CR-DESKTOP/Mega menu/DRESSES' is hovered

2019-08-13 11:06:24 - [MESSAGE][PASSED] - Object: 'Object Repository/CR-DESKTOP/Mega menu/DRESSES' is hovered

2019-08-13 11:06:24 - [TEST_STEP][PASSED] - click(findTestObject("CR-DESKTOP/Mega menu/Dresses - jumpsuits , Rompers")): Object: 'Object Repository/CR-DESKTOP/Mega menu/Dresses - jumpsuits , Rompers' is clicked on

2019-08-13 11:06:27 - [MESSAGE][PASSED] - Object: 'Object Repository/CR-DESKTOP/Mega menu/Dresses - jumpsuits , Rompers' is clicked on

2019-08-13 11:06:27 - [TEST_STEP][PASSED] - delay(2): Delayed 2 second(s)

2019-08-13 11:06:29 - [MESSAGE][PASSED] - Delayed 2 second(s)

2019-08-13 11:06:29 - [TEST_STEP][PASSED] - mouseOver(findTestObject("CR-DESKTOP/Mega menu/DRESSES")): Object: 'Object Repository/CR-DESKTOP/Mega menu/DRESSES' is hovered

2019-08-13 11:06:29 - [MESSAGE][PASSED] - Object: 'Object Repository/CR-DESKTOP/Mega menu/DRESSES' is hovered

2019-08-13 11:06:29 - [TEST_STEP][PASSED] - click(findTestObject("CR-DESKTOP/Mega menu/Dresses - mini")): Object: 'Object Repository/CR-DESKTOP/Mega menu/Dresses - mini' is clicked on

2019-08-13 11:06:30 - [MESSAGE][PASSED] - Object: 'Object Repository/CR-DESKTOP/Mega menu/Dresses - mini' is clicked on

2019-08-13 11:06:30 - [TEST_STEP][PASSED] - delay(2): Delayed 2 second(s)

2019-08-13 11:06:32 - [MESSAGE][PASSED] - Delayed 2 second(s)

2019-08-13 11:06:32 - [TEST_STEP][PASSED] - mouseOver(findTestObject("CR-DESKTOP/Mega menu/DRESSES")): Object: 'Object Repository/CR-DESKTOP/Mega menu/DRESSES' is hovered

2019-08-13 11:06:32 - [MESSAGE][PASSED] - Object: 'Object Repository/CR-DESKTOP/Mega menu/DRESSES' is hovered

2019-08-13 11:06:32 - [TEST_STEP][PASSED] - click(findTestObject("CR-DESKTOP/Mega menu/Dresses - midi")): Object: 'Object Repository/CR-DESKTOP/Mega menu/Dresses - midi' is clicked on

2019-08-13 11:06:34 - [MESSAGE][PASSED] - Object: 'Object Repository/CR-DESKTOP/Mega menu/Dresses - midi' is clicked on

2019-08-13 11:06:34 - [TEST_STEP][PASSED] - delay(2): Delayed 2 second(s)

2019-08-13 11:06:36 - [MESSAGE][PASSED] - Delayed 2 second(s)

2019-08-13 11:06:36 - [TEST_STEP][PASSED] - mouseOver(findTestObject("CR-DESKTOP/Mega menu/DRESSES")): Object: 'Object Repository/CR-DESKTOP/Mega menu/DRESSES' is hovered

2019-08-13 11:06:36 - [MESSAGE][PASSED] - Object: 'Object Repository/CR-DESKTOP/Mega menu/DRESSES' is hovered

2019-08-13 11:06:36 - [TEST_STEP][PASSED] - click(findTestObject("CR-DESKTOP/Mega menu/Dresses - Maxi")): Object: 'Object Repository/CR-DESKTOP/Mega menu/Dresses - Maxi' is clicked on

2019-08-13 11:06:37 - [MESSAGE][PASSED] - Object: 'Object Repository/CR-DESKTOP/Mega menu/Dresses - Maxi' is clicked on

2019-08-13 11:06:37 - [TEST_STEP][PASSED] - delay(3): Delayed 3 second(s)

2019-08-13 11:06:40 - [MESSAGE][PASSED] - Delayed 3 second(s)

2019-08-13 11:06:40 - [TEST_STEP][PASSED] - mouseOver(findTestObject("CR-DESKTOP/Mega menu/DRESSES")): Object: 'Object Repository/CR-DESKTOP/Mega menu/DRESSES' is hovered

2019-08-13 11:06:40 - [MESSAGE][PASSED] - Object: 'Object Repository/CR-DESKTOP/Mega menu/DRESSES' is hovered

2019-08-13 11:06:40 - [TEST_STEP][PASSED] - click(findTestObject("CR-DESKTOP/Mega menu/Dresses -day dresses")): Object: 'Object Repository/CR-DESKTOP/Mega menu/Dresses -day dresses' is clicked on

2019-08-13 11:06:43 - [MESSAGE][PASSED] - Object: 'Object Repository/CR-DESKTOP/Mega menu/Dresses -day dresses' is clicked on

2019-08-13 11:06:43 - [TEST_STEP][PASSED] - delay(2): Delayed 2 second(s)

2019-08-13 11:06:45 - [MESSAGE][PASSED] - Delayed 2 second(s)

2019-08-13 11:06:45 - [TEST_STEP][PASSED] - mouseOver(findTestObject("CR-DESKTOP/Mega menu/DRESSES")): Object: 'Object Repository/CR-DESKTOP/Mega menu/DRESSES' is hovered

2019-08-13 11:06:45 - [MESSAGE][PASSED] - Object: 'Object Repository/CR-DESKTOP/Mega menu/DRESSES' is hovered

2019-08-13 11:06:45 - [TEST_STEP][PASSED] - click(findTestObject("CR-DESKTOP/Mega menu/Dresses -Night dressess")): Object: 'Object Repository/CR-DESKTOP/Mega menu/Dresses -Night dressess' is clicked on

2019-08-13 11:06:48 - [MESSAGE][PASSED] - Object: 'Object Repository/CR-DESKTOP/Mega menu/Dresses -Night dressess' is clicked on

2019-08-13 11:06:48 - [TEST_STEP][PASSED] - delay(2): Delayed 2 second(s)

2019-08-13 11:06:50 - [MESSAGE][PASSED] - Delayed 2 second(s)

2019-08-13 11:06:50 - [TEST_STEP][PASSED] - mouseOver(findTestObject("CR-DESKTOP/Mega menu/DRESSES")): Object: 'Object Repository/CR-DESKTOP/Mega menu/DRESSES' is hovered

2019-08-13 11:06:50 - [MESSAGE][PASSED] - Object: 'Object Repository/CR-DESKTOP/Mega menu/DRESSES' is hovered

2019-08-13 11:06:50 - [TEST_STEP][PASSED] - click(findTestObject("CR-DESKTOP/Mega menu/Dresses - Shop all")): Object: 'Object Repository/CR-DESKTOP/Mega menu/Dresses - Shop all' is clicked on

2019-08-13 11:06:51 - [MESSAGE][PASSED] - Object: 'Object Repository/CR-DESKTOP/Mega menu/Dresses - Shop all' is clicked on

2019-08-13 11:06:51 - [TEST_STEP][PASSED] - delay(2): Delayed 2 second(s)

2019-08-13 11:06:53 - [MESSAGE][PASSED] - Delayed 2 second(s)

2019-08-13 11:06:53 - [TEST_STEP][PASSED] - mouseOver(findTestObject("CR-DESKTOP/Mega menu/JEANS")): Object: 'Object Repository/CR-DESKTOP/Mega menu/JEANS' is hovered

2019-08-13 11:06:53 - [MESSAGE][PASSED] - Object: 'Object Repository/CR-DESKTOP/Mega menu/JEANS' is hovered

2019-08-13 11:06:53 - [TEST_STEP][PASSED] - delay(2): Delayed 2 second(s)

2019-08-13 11:06:55 - [MESSAGE][PASSED] - Delayed 2 second(s)

2019-08-13 11:06:55 - [TEST_STEP][PASSED] - mouseOver(findTestObject("CR-DESKTOP/Mega menu/JEANS")): Object: 'Object Repository/CR-DESKTOP/Mega menu/JEANS' is hovered

2019-08-13 11:06:55 - [MESSAGE][PASSED] - Object: 'Object Repository/CR-DESKTOP/Mega menu/JEANS' is hovered

2019-08-13 11:06:55 - [TEST_STEP][PASSED] - mouseOver(findTestObject("CR-DESKTOP/Mega menu/Jeans - refuge jeans")): Object: 'Object Repository/CR-DESKTOP/Mega menu/Jeans - refuge jeans' is hovered

2019-08-13 11:06:55 - [MESSAGE][PASSED] - Object: 'Object Repository/CR-DESKTOP/Mega menu/Jeans - refuge jeans' is hovered

2019-08-13 11:06:55 - [TEST_STEP][PASSED] - delay(2): Delayed 2 second(s)

2019-08-13 11:06:57 - [MESSAGE][PASSED] - Delayed 2 second(s)

2019-08-13 11:06:57 - [TEST_STEP][PASSED] - mouseOver(findTestObject("CR-DESKTOP/Mega menu/JEANS")): Object: 'Object Repository/CR-DESKTOP/Mega menu/JEANS' is hovered

2019-08-13 11:06:57 - [MESSAGE][PASSED] - Object: 'Object Repository/CR-DESKTOP/Mega menu/JEANS' is hovered

2019-08-13 11:06:57 - [TEST_STEP][PASSED] - click(findTestObject("CR-DESKTOP/Mega menu/Jeans - skinny jeans")): Object: 'Object Repository/CR-DESKTOP/Mega menu/Jeans - skinny jeans' is clicked on

2019-08-13 11:07:00 - [MESSAGE][PASSED] - Object: 'Object Repository/CR-DESKTOP/Mega menu/Jeans - skinny jeans' is clicked on

2019-08-13 11:07:00 - [TEST_STEP][PASSED] - delay(2): Delayed 2 second(s)

2019-08-13 11:07:02 - [MESSAGE][PASSED] - Delayed 2 second(s)

2019-08-13 11:07:02 - [TEST_STEP][PASSED] - mouseOver(findTestObject("CR-DESKTOP/Mega menu/JEANS")): Object: 'Object Repository/CR-DESKTOP/Mega menu/JEANS' is hovered

2019-08-13 11:07:02 - [MESSAGE][PASSED] - Object: 'Object Repository/CR-DESKTOP/Mega menu/JEANS' is hovered

2019-08-13 11:07:02 - [TEST_STEP][PASSED] - click(findTestObject("CR-DESKTOP/Mega menu/Jeans - High waisted jeans")): Object: 'Object Repository/CR-DESKTOP/Mega menu/Jeans - High waisted jeans' is clicked on

2019-08-13 11:07:04 - [MESSAGE][PASSED] - Object: 'Object Repository/CR-DESKTOP/Mega menu/Jeans - High waisted jeans' is clicked on

2019-08-13 11:07:04 - [TEST_STEP][PASSED] - delay(2): Delayed 2 second(s)

2019-08-13 11:07:06 - [MESSAGE][PASSED] - Delayed 2 second(s)

2019-08-13 11:07:06 - [TEST_STEP][PASSED] - mouseOver(findTestObject("CR-DESKTOP/Mega menu/JEANS")): Object: 'Object Repository/CR-DESKTOP/Mega menu/JEANS' is hovered

2019-08-13 11:07:07 - [MESSAGE][PASSED] - Object: 'Object Repository/CR-DESKTOP/Mega menu/JEANS' is hovered

2019-08-13 11:07:07 - [TEST_STEP][PASSED] - click(findTestObject("CR-DESKTOP/Mega menu/Jeans - Mom jeans")): Object: 'Object Repository/CR-DESKTOP/Mega menu/Jeans - Mom jeans' is clicked on

2019-08-13 11:07:09 - [MESSAGE][PASSED] - Object: 'Object Repository/CR-DESKTOP/Mega menu/Jeans - Mom jeans' is clicked on

2019-08-13 11:07:09 - [TEST_STEP][PASSED] - delay(2): Delayed 2 second(s)

2019-08-13 11:07:11 - [MESSAGE][PASSED] - Delayed 2 second(s)

2019-08-13 11:07:11 - [TEST_STEP][PASSED] - mouseOver(findTestObject("CR-DESKTOP/Mega menu/JEANS")): Object: 'Object Repository/CR-DESKTOP/Mega menu/JEANS' is hovered

2019-08-13 11:07:11 - [MESSAGE][PASSED] - Object: 'Object Repository/CR-DESKTOP/Mega menu/JEANS' is hovered

2019-08-13 11:07:11 - [TEST_STEP][PASSED] - click(findTestObject("CR-DESKTOP/Mega menu/Jeans - Pushup jeans")): Object: 'Object Repository/CR-DESKTOP/Mega menu/Jeans - Pushup jeans' is clicked on

2019-08-13 11:07:13 - [MESSAGE][PASSED] - Object: 'Object Repository/CR-DESKTOP/Mega menu/Jeans - Pushup jeans' is clicked on

2019-08-13 11:07:13 - [TEST_STEP][PASSED] - delay(2): Delayed 2 second(s)

2019-08-13 11:07:15 - [MESSAGE][PASSED] - Delayed 2 second(s)

2019-08-13 11:07:15 - [TEST_STEP][PASSED] - mouseOver(findTestObject("CR-DESKTOP/Mega menu/JEANS")): Object: 'Object Repository/CR-DESKTOP/Mega menu/JEANS' is hovered

2019-08-13 11:07:15 - [MESSAGE][PASSED] - Object: 'Object Repository/CR-DESKTOP/Mega menu/JEANS' is hovered

2019-08-13 11:07:15 - [TEST_STEP][PASSED] - click(findTestObject("CR-DESKTOP/Mega menu/Jeans- Boy friend jeans")): Object: 'Object Repository/CR-DESKTOP/Mega menu/Jeans- Boy friend jeans' is clicked on

2019-08-13 11:07:17 - [MESSAGE][PASSED] - Object: 'Object Repository/CR-DESKTOP/Mega menu/Jeans- Boy friend jeans' is clicked on

2019-08-13 11:07:17 - [TEST_STEP][PASSED] - delay(2): Delayed 2 second(s)

2019-08-13 11:07:19 - [MESSAGE][PASSED] - Delayed 2 second(s)

2019-08-13 11:07:19 - [TEST_STEP][PASSED] - mouseOver(findTestObject("CR-DESKTOP/Mega menu/JEANS")): Object: 'Object Repository/CR-DESKTOP/Mega menu/JEANS' is hovered

2019-08-13 11:07:19 - [MESSAGE][PASSED] - Object: 'Object Repository/CR-DESKTOP/Mega menu/JEANS' is hovered

2019-08-13 11:07:19 - [TEST_STEP][PASSED] - click(findTestObject("CR-DESKTOP/Mega menu/Jeans - ripped jeans")): Object: 'Object Repository/CR-DESKTOP/Mega menu/Jeans - ripped jeans' is clicked on

2019-08-13 11:07:21 - [MESSAGE][PASSED] - Object: 'Object Repository/CR-DESKTOP/Mega menu/Jeans - ripped jeans' is clicked on

2019-08-13 11:07:21 - [TEST_STEP][PASSED] - delay(2): Delayed 2 second(s)

2019-08-13 11:07:23 - [MESSAGE][PASSED] - Delayed 2 second(s)

2019-08-13 11:07:23 - [TEST_STEP][PASSED] - mouseOver(findTestObject("CR-DESKTOP/Mega menu/JEANS")): Object: 'Object Repository/CR-DESKTOP/Mega menu/JEANS' is hovered

2019-08-13 11:07:23 - [MESSAGE][PASSED] - Object: 'Object Repository/CR-DESKTOP/Mega menu/JEANS' is hovered

2019-08-13 11:07:23 - [TEST_STEP][PASSED] - click(findTestObject("CR-DESKTOP/Mega menu/Jeans - cropped jeans")): Object: 'Object Repository/CR-DESKTOP/Mega menu/Jeans - cropped jeans' is clicked on

2019-08-13 11:07:26 - [MESSAGE][PASSED] - Object: 'Object Repository/CR-DESKTOP/Mega menu/Jeans - cropped jeans' is clicked on

2019-08-13 11:07:26 - [TEST_STEP][PASSED] - delay(2): Delayed 2 second(s)

2019-08-13 11:07:28 - [MESSAGE][PASSED] - Delayed 2 second(s)

2019-08-13 11:07:28 - [TEST_STEP][PASSED] - mouseOver(findTestObject("CR-DESKTOP/Mega menu/JEANS")): Object: 'Object Repository/CR-DESKTOP/Mega menu/JEANS' is hovered

2019-08-13 11:07:28 - [MESSAGE][PASSED] - Object: 'Object Repository/CR-DESKTOP/Mega menu/JEANS' is hovered

2019-08-13 11:07:28 - [TEST_STEP][PASSED] - click(findTestObject("CR-DESKTOP/Mega menu/Jeans - Shop All")): Object: 'Object Repository/CR-DESKTOP/Mega menu/Jeans - Shop All' is clicked on

2019-08-13 11:07:28 - [MESSAGE][PASSED] - Object: 'Object Repository/CR-DESKTOP/Mega menu/Jeans - Shop All' is clicked on

2019-08-13 11:07:28 - [TEST_STEP][PASSED] - delay(2): Delayed 2 second(s)

2019-08-13 11:07:30 - [MESSAGE][PASSED] - Delayed 2 second(s)

2019-08-13 11:07:30 - [TEST_STEP][PASSED] - mouseOver(findTestObject("CR-DESKTOP/Mega menu/CLOTHES")): Object: 'Object Repository/CR-DESKTOP/Mega menu/CLOTHES' is hovered

2019-08-13 11:07:30 - [MESSAGE][PASSED] - Object: 'Object Repository/CR-DESKTOP/Mega menu/CLOTHES' is hovered

2019-08-13 11:07:30 - [TEST_STEP][PASSED] - delay(2): Delayed 2 second(s)

2019-08-13 11:07:32 - [MESSAGE][PASSED] - Delayed 2 second(s)

2019-08-13 11:07:32 - [TEST_STEP][PASSED] - click(findTestObject("CR-DESKTOP/Mega menu/Clothes - Tops")): Object: 'Object Repository/CR-DESKTOP/Mega menu/Clothes - Tops' is clicked on

2019-08-13 11:07:35 - [MESSAGE][PASSED] - Object: 'Object Repository/CR-DESKTOP/Mega menu/Clothes - Tops' is clicked on

2019-08-13 11:07:35 - [TEST_STEP][PASSED] - delay(2): Delayed 2 second(s)

2019-08-13 11:07:37 - [MESSAGE][PASSED] - Delayed 2 second(s)

2019-08-13 11:07:37 - [TEST_STEP][PASSED] - mouseOver(findTestObject("CR-DESKTOP/Mega menu/CLOTHES")): Object: 'Object Repository/CR-DESKTOP/Mega menu/CLOTHES' is hovered

2019-08-13 11:07:37 - [MESSAGE][PASSED] - Object: 'Object Repository/CR-DESKTOP/Mega menu/CLOTHES' is hovered

2019-08-13 11:07:37 - [TEST_STEP][PASSED] - click(findTestObject("CR-DESKTOP/Mega menu/Clothes - bottoms")): Object: 'Object Repository/CR-DESKTOP/Mega menu/Clothes - bottoms' is clicked on

2019-08-13 11:07:40 - [MESSAGE][PASSED] - Object: 'Object Repository/CR-DESKTOP/Mega menu/Clothes - bottoms' is clicked on

2019-08-13 11:07:40 - [TEST_STEP][PASSED] - delay(2): Delayed 2 second(s)

2019-08-13 11:07:42 - [MESSAGE][PASSED] - Delayed 2 second(s)

2019-08-13 11:07:42 - [TEST_STEP][PASSED] - mouseOver(findTestObject("CR-DESKTOP/Mega menu/CLOTHES")): Object: 'Object Repository/CR-DESKTOP/Mega menu/CLOTHES' is hovered

2019-08-13 11:07:42 - [MESSAGE][PASSED] - Object: 'Object Repository/CR-DESKTOP/Mega menu/CLOTHES' is hovered

2019-08-13 11:07:42 - [TEST_STEP][PASSED] - click(findTestObject("CR-DESKTOP/Mega menu/Clothes - shorts")): Object: 'Object Repository/CR-DESKTOP/Mega menu/Clothes - shorts' is clicked on

2019-08-13 11:07:46 - [MESSAGE][PASSED] - Object: 'Object Repository/CR-DESKTOP/Mega menu/Clothes - shorts' is clicked on

2019-08-13 11:07:46 - [TEST_STEP][PASSED] - delay(2): Delayed 2 second(s)

2019-08-13 11:07:48 - [MESSAGE][PASSED] - Delayed 2 second(s)

2019-08-13 11:07:48 - [TEST_STEP][PASSED] - mouseOver(findTestObject("CR-DESKTOP/Mega menu/CLOTHES")): Object: 'Object Repository/CR-DESKTOP/Mega menu/CLOTHES' is hovered

2019-08-13 11:07:48 - [MESSAGE][PASSED] - Object: 'Object Repository/CR-DESKTOP/Mega menu/CLOTHES' is hovered

2019-08-13 11:07:48 - [TEST_STEP][PASSED] - click(findTestObject("CR-DESKTOP/Mega menu/Clothes - Swim")): Object: 'Object Repository/CR-DESKTOP/Mega menu/Clothes - Swim' is clicked on

2019-08-13 11:07:51 - [MESSAGE][PASSED] - Object: 'Object Repository/CR-DESKTOP/Mega menu/Clothes - Swim' is clicked on

2019-08-13 11:07:51 - [TEST_STEP][PASSED] - delay(2): Delayed 2 second(s)

2019-08-13 11:07:53 - [MESSAGE][PASSED] - Delayed 2 second(s)

2019-08-13 11:07:53 - [TEST_STEP][PASSED] - mouseOver(findTestObject("CR-DESKTOP/Mega menu/CLOTHES")): Object: 'Object Repository/CR-DESKTOP/Mega menu/CLOTHES' is hovered

2019-08-13 11:07:53 - [MESSAGE][PASSED] - Object: 'Object Repository/CR-DESKTOP/Mega menu/CLOTHES' is hovered

2019-08-13 11:07:53 - [TEST_STEP][PASSED] - click(findTestObject("CR-DESKTOP/Mega menu/Clothes - sets")): Object: 'Object Repository/CR-DESKTOP/Mega menu/Clothes - sets' is clicked on

2019-08-13 11:07:58 - [MESSAGE][PASSED] - Object: 'Object Repository/CR-DESKTOP/Mega menu/Clothes - sets' is clicked on

2019-08-13 11:07:58 - [TEST_STEP][PASSED] - delay(2): Delayed 2 second(s)

2019-08-13 11:08:00 - [MESSAGE][PASSED] - Delayed 2 second(s)

2019-08-13 11:08:00 - [TEST_STEP][PASSED] - mouseOver(findTestObject("CR-DESKTOP/Mega menu/CLOTHES")): Object: 'Object Repository/CR-DESKTOP/Mega menu/CLOTHES' is hovered

2019-08-13 11:08:00 - [MESSAGE][PASSED] - Object: 'Object Repository/CR-DESKTOP/Mega menu/CLOTHES' is hovered

2019-08-13 11:08:00 - [TEST_STEP][PASSED] - click(findTestObject("CR-DESKTOP/Mega menu/Clothes - jumpsuits , rompers")): Object: 'Object Repository/CR-DESKTOP/Mega menu/Clothes - jumpsuits , rompers' is clicked on

2019-08-13 11:08:02 - [MESSAGE][PASSED] - Object: 'Object Repository/CR-DESKTOP/Mega menu/Clothes - jumpsuits , rompers' is clicked on

2019-08-13 11:08:02 - [TEST_STEP][PASSED] - delay(2): Delayed 2 second(s)

2019-08-13 11:08:04 - [MESSAGE][PASSED] - Delayed 2 second(s)

2019-08-13 11:08:04 - [TEST_STEP][PASSED] - mouseOver(findTestObject("CR-DESKTOP/Mega menu/CLOTHES")): Object: 'Object Repository/CR-DESKTOP/Mega menu/CLOTHES' is hovered

2019-08-13 11:08:04 - [MESSAGE][PASSED] - Object: 'Object Repository/CR-DESKTOP/Mega menu/CLOTHES' is hovered

2019-08-13 11:08:04 - [TEST_STEP][PASSED] - click(findTestObject("CR-DESKTOP/Mega menu/Clothes - Active")): Object: 'Object Repository/CR-DESKTOP/Mega menu/Clothes - Active' is clicked on

2019-08-13 11:08:09 - [MESSAGE][PASSED] - Object: 'Object Repository/CR-DESKTOP/Mega menu/Clothes - Active' is clicked on

2019-08-13 11:08:09 - [TEST_STEP][PASSED] - delay(2): Delayed 2 second(s)

2019-08-13 11:08:11 - [MESSAGE][PASSED] - Delayed 2 second(s)

2019-08-13 11:08:11 - [TEST_STEP][PASSED] - mouseOver(findTestObject("CR-DESKTOP/Mega menu/CLOTHES")): Object: 'Object Repository/CR-DESKTOP/Mega menu/CLOTHES' is hovered

2019-08-13 11:08:11 - [MESSAGE][PASSED] - Object: 'Object Repository/CR-DESKTOP/Mega menu/CLOTHES' is hovered

2019-08-13 11:08:11 - [TEST_STEP][PASSED] - click(findTestObject("CR-DESKTOP/Mega menu/Clothes - Sweaters")): Object: 'Object Repository/CR-DESKTOP/Mega menu/Clothes - Sweaters' is clicked on

2019-08-13 11:08:14 - [MESSAGE][PASSED] - Object: 'Object Repository/CR-DESKTOP/Mega menu/Clothes - Sweaters' is clicked on

2019-08-13 11:08:14 - [TEST_STEP][PASSED] - delay(2): Delayed 2 second(s)

2019-08-13 11:08:16 - [MESSAGE][PASSED] - Delayed 2 second(s)

2019-08-13 11:08:16 - [TEST_STEP][PASSED] - mouseOver(findTestObject("CR-DESKTOP/Mega menu/CLOTHES")): Object: 'Object Repository/CR-DESKTOP/Mega menu/CLOTHES' is hovered

2019-08-13 11:08:16 - [MESSAGE][PASSED] - Object: 'Object Repository/CR-DESKTOP/Mega menu/CLOTHES' is hovered

2019-08-13 11:08:16 - [TEST_STEP][PASSED] - click(findTestObject("CR-DESKTOP/Mega menu/Clothes - Outerwear")): Object: 'Object Repository/CR-DESKTOP/Mega menu/Clothes - Outerwear' is clicked on

2019-08-13 11:08:19 - [MESSAGE][PASSED] - Object: 'Object Repository/CR-DESKTOP/Mega menu/Clothes - Outerwear' is clicked on

2019-08-13 11:08:19 - [TEST_STEP][PASSED] - delay(2): Delayed 2 second(s)

2019-08-13 11:08:21 - [MESSAGE][PASSED] - Delayed 2 second(s)

2019-08-13 11:08:21 - [TEST_STEP][PASSED] - mouseOver(findTestObject("CR-DESKTOP/Mega menu/CLOTHES")): Object: 'Object Repository/CR-DESKTOP/Mega menu/CLOTHES' is hovered

2019-08-13 11:08:22 - [MESSAGE][PASSED] - Object: 'Object Repository/CR-DESKTOP/Mega menu/CLOTHES' is hovered

2019-08-13 11:08:22 - [TEST_STEP][PASSED] - click(findTestObject("CR-DESKTOP/Mega menu/Clothes - intimates , pjs")): Object: 'Object Repository/CR-DESKTOP/Mega menu/Clothes - intimates , pjs' is clicked on

2019-08-13 11:08:23 - [MESSAGE][PASSED] - Object: 'Object Repository/CR-DESKTOP/Mega menu/Clothes - intimates , pjs' is clicked on

2019-08-13 11:08:23 - [TEST_STEP][PASSED] - delay(3): Delayed 3 second(s)

2019-08-13 11:08:26 - [MESSAGE][PASSED] - Delayed 3 second(s)

2019-08-13 11:08:26 - [TEST_STEP][PASSED] - delay(2): Delayed 2 second(s)

2019-08-13 11:08:28 - [MESSAGE][PASSED] - Delayed 2 second(s)

2019-08-13 11:08:28 - [TEST_STEP][PASSED] - mouseOver(findTestObject("CR-DESKTOP/Mega menu/CLOTHES")): Object: 'Object Repository/CR-DESKTOP/Mega menu/CLOTHES' is hovered

2019-08-13 11:08:29 - [MESSAGE][PASSED] - Object: 'Object Repository/CR-DESKTOP/Mega menu/CLOTHES' is hovered

2019-08-13 11:08:29 - [TEST_STEP][PASSED] - mouseOver(findTestObject("CR-DESKTOP/Mega menu/Clothes - Shop all")): Object: 'Object Repository/CR-DESKTOP/Mega menu/Clothes - Shop all' is hovered

2019-08-13 11:08:29 - [MESSAGE][PASSED] - Object: 'Object Repository/CR-DESKTOP/Mega menu/Clothes - Shop all' is hovered

2019-08-13 11:08:29 - [TEST_STEP][PASSED] - delay(2): Delayed 2 second(s)

2019-08-13 11:08:31 - [MESSAGE][PASSED] - Delayed 2 second(s)

2019-08-13 11:08:31 - [TEST_STEP][PASSED] - mouseOver(findTestObject("CR-DESKTOP/Mega menu/PLUS")): Object: 'Object Repository/CR-DESKTOP/Mega menu/PLUS' is hovered

2019-08-13 11:08:31 - [MESSAGE][PASSED] - Object: 'Object Repository/CR-DESKTOP/Mega menu/PLUS' is hovered

2019-08-13 11:08:31 - [TEST_STEP][PASSED] - delay(2): Delayed 2 second(s)

2019-08-13 11:08:33 - [MESSAGE][PASSED] - Delayed 2 second(s)

2019-08-13 11:08:33 - [TEST_STEP][PASSED] - click(findTestObject("CR-DESKTOP/Mega menu/Plus -tops")): Object: 'Object Repository/CR-DESKTOP/Mega menu/Plus -tops' is clicked on

2019-08-13 11:08:33 - [MESSAGE][PASSED] - Object: 'Object Repository/CR-DESKTOP/Mega menu/Plus -tops' is clicked on

2019-08-13 11:08:33 - [TEST_STEP][PASSED] - delay(2): Delayed 2 second(s)

2019-08-13 11:08:35 - [MESSAGE][PASSED] - Delayed 2 second(s)

2019-08-13 11:08:35 - [TEST_STEP][PASSED] - mouseOver(findTestObject("CR-DESKTOP/Mega menu/PLUS")): Object: 'Object Repository/CR-DESKTOP/Mega menu/PLUS' is hovered

2019-08-13 11:08:35 - [MESSAGE][PASSED] - Object: 'Object Repository/CR-DESKTOP/Mega menu/PLUS' is hovered

2019-08-13 11:08:35 - [TEST_STEP][PASSED] - click(findTestObject("CR-DESKTOP/Mega menu/Plus - Bottoms")): Object: 'Object Repository/CR-DESKTOP/Mega menu/Plus - Bottoms' is clicked on

2019-08-13 11:08:36 - [MESSAGE][PASSED] - Object: 'Object Repository/CR-DESKTOP/Mega menu/Plus - Bottoms' is clicked on

2019-08-13 11:08:36 - [TEST_STEP][PASSED] - delay(2): Delayed 2 second(s)

2019-08-13 11:08:38 - [MESSAGE][PASSED] - Delayed 2 second(s)

2019-08-13 11:08:38 - [TEST_STEP][PASSED] - mouseOver(findTestObject("CR-DESKTOP/Mega menu/PLUS")): Object: 'Object Repository/CR-DESKTOP/Mega menu/PLUS' is hovered

2019-08-13 11:08:38 - [MESSAGE][PASSED] - Object: 'Object Repository/CR-DESKTOP/Mega menu/PLUS' is hovered

2019-08-13 11:08:38 - [TEST_STEP][PASSED] - click(findTestObject("CR-DESKTOP/Mega menu/Plus - jeans")): Object: 'Object Repository/CR-DESKTOP/Mega menu/Plus - jeans' is clicked on

2019-08-13 11:08:41 - [MESSAGE][PASSED] - Object: 'Object Repository/CR-DESKTOP/Mega menu/Plus - jeans' is clicked on

2019-08-13 11:08:41 - [TEST_STEP][PASSED] - delay(2): Delayed 2 second(s)

2019-08-13 11:08:43 - [MESSAGE][PASSED] - Delayed 2 second(s)

2019-08-13 11:08:43 - [TEST_STEP][PASSED] - mouseOver(findTestObject("CR-DESKTOP/Mega menu/PLUS")): Object: 'Object Repository/CR-DESKTOP/Mega menu/PLUS' is hovered

2019-08-13 11:08:43 - [MESSAGE][PASSED] - Object: 'Object Repository/CR-DESKTOP/Mega menu/PLUS' is hovered

2019-08-13 11:08:43 - [TEST_STEP][PASSED] - click(findTestObject("CR-DESKTOP/Mega menu/Plus - shorts")): Object: 'Object Repository/CR-DESKTOP/Mega menu/Plus - shorts' is clicked on

2019-08-13 11:08:44 - [MESSAGE][PASSED] - Object: 'Object Repository/CR-DESKTOP/Mega menu/Plus - shorts' is clicked on

2019-08-13 11:08:44 - [TEST_STEP][PASSED] - delay(2): Delayed 2 second(s)

2019-08-13 11:08:46 - [MESSAGE][PASSED] - Delayed 2 second(s)

2019-08-13 11:08:46 - [TEST_STEP][PASSED] - mouseOver(findTestObject("CR-DESKTOP/Mega menu/PLUS")): Object: 'Object Repository/CR-DESKTOP/Mega menu/PLUS' is hovered

2019-08-13 11:08:46 - [MESSAGE][PASSED] - Object: 'Object Repository/CR-DESKTOP/Mega menu/PLUS' is hovered

2019-08-13 11:08:46 - [TEST_STEP][PASSED] - click(findTestObject("CR-DESKTOP/Mega menu/Plus - dresses")): Object: 'Object Repository/CR-DESKTOP/Mega menu/Plus - dresses' is clicked on

2019-08-13 11:08:47 - [MESSAGE][PASSED] - Object: 'Object Repository/CR-DESKTOP/Mega menu/Plus - dresses' is clicked on

2019-08-13 11:08:47 - [TEST_STEP][PASSED] - delay(2): Delayed 2 second(s)

2019-08-13 11:08:49 - [MESSAGE][PASSED] - Delayed 2 second(s)

2019-08-13 11:08:49 - [TEST_STEP][PASSED] - mouseOver(findTestObject("CR-DESKTOP/Mega menu/PLUS")): Object: 'Object Repository/CR-DESKTOP/Mega menu/PLUS' is hovered

2019-08-13 11:08:49 - [MESSAGE][PASSED] - Object: 'Object Repository/CR-DESKTOP/Mega menu/PLUS' is hovered

2019-08-13 11:08:49 - [TEST_STEP][PASSED] - click(findTestObject("CR-DESKTOP/Mega menu/Plus- cardigans")): Object: 'Object Repository/CR-DESKTOP/Mega menu/Plus- cardigans' is clicked on

2019-08-13 11:08:50 - [MESSAGE][PASSED] - Object: 'Object Repository/CR-DESKTOP/Mega menu/Plus- cardigans' is clicked on

2019-08-13 11:08:50 - [TEST_STEP][PASSED] - delay(2): Delayed 2 second(s)

2019-08-13 11:08:52 - [MESSAGE][PASSED] - Delayed 2 second(s)

2019-08-13 11:08:52 - [TEST_STEP][PASSED] - mouseOver(findTestObject("CR-DESKTOP/Mega menu/PLUS")): Object: 'Object Repository/CR-DESKTOP/Mega menu/PLUS' is hovered

2019-08-13 11:08:52 - [MESSAGE][PASSED] - Object: 'Object Repository/CR-DESKTOP/Mega menu/PLUS' is hovered

2019-08-13 11:08:52 - [TEST_STEP][FAILED] - click(findTestObject("CR-DESKTOP/Mega menu/plus - shop all")): click(findTestObject("CR-DESKTOP/Mega menu/plus - shop all")) FAILED.
Reason:
com.kms.katalon.core.exception.StepFailedException: Unable to click on object 'Object Repository/CR-DESKTOP/Mega menu/plus - shop all' (Root cause: com.kms.katalon.core.webui.exception.WebElementNotFoundException: Web element with id: 'Object Repository/CR-DESKTOP/Mega menu/plus - shop all' located by 'By.xpath: //li[contains(@class,'main-nav__list-item dropdown_column plus')]//a[contains(@class,'subsublink__title')][contains(text(),'Shop All')]' not found)
	at com.kms.katalon.core.keyword.internal.KeywordMain.stepFailed(KeywordMain.groovy:36)
	at com.kms.katalon.core.webui.keyword.internal.WebUIKeywordMain.stepFailed(WebUIKeywordMain.groovy:65)
	at com.kms.katalon.core.webui.keyword.internal.WebUIKeywordMain.runKeyword(WebUIKeywordMain.groovy:27)
	at com.kms.katalon.core.webui.keyword.builtin.ClickKeyword.click(ClickKeyword.groovy:86)
	at com.kms.katalon.core.webui.keyword.builtin.ClickKeyword.execute(ClickKeyword.groovy:67)
	at com.kms.katalon.core.keyword.internal.KeywordExecutor.executeKeywordForPlatform(KeywordExecutor.groovy:53)
	at com.kms.katalon.core.webui.keyword.WebUiBuiltInKeywords.click(WebUiBuiltInKeywords.groovy:616)
	at com.kms.katalon.core.webui.keyword.WebUiBuiltInKeywords$click$1.call(Unknown Source)
	at Mega menu navigation.run(Mega menu navigation:342)
	at com.kms.katalon.core.main.ScriptEngine.run(ScriptEngine.java:194)
	at com.kms.katalon.core.main.ScriptEngine.runScriptAsRawText(ScriptEngine.java:119)
	at com.kms.katalon.core.main.TestCaseExecutor.runScript(TestCaseExecutor.java:328)
	at com.kms.katalon.core.main.TestCaseExecutor.doExecute(TestCaseExecutor.java:319)
	at com.kms.katalon.core.main.TestCaseExecutor.processExecutionPhase(TestCaseExecutor.java:298)
	at com.kms.katalon.core.main.TestCaseExecutor.accessMainPhase(TestCaseExecutor.java:290)
	at com.kms.katalon.core.main.TestCaseExecutor.execute(TestCaseExecutor.java:224)
	at com.kms.katalon.core.main.TestSuiteExecutor.accessTestCaseMainPhase(TestSuiteExecutor.java:129)
	at com.kms.katalon.core.main.TestSuiteExecutor.accessTestSuiteMainPhase(TestSuiteExecutor.java:112)
	at com.kms.katalon.core.main.TestSuiteExecutor.execute(TestSuiteExecutor.java:81)
	at com.kms.katalon.core.main.TestCaseMain.startTestSuite(TestCaseMain.java:149)
	at com.kms.katalon.core.main.TestCaseMain$startTestSuite$0.call(Unknown Source)
	at TempTestSuite1565707895630.run(TempTestSuite1565707895630.groovy:36)


2019-08-13 11:09:22 - [MESSAGE][INFO] - Unable to find the element located by 'By.xpath: //li[contains(@class,'main-nav__list-item dropdown_column plus')]//a[contains(@class,'subsublink__title')][contains(text(),'Shop All')]'. Please recheck the objects properties to make sure the desired element is located. 

2019-08-13 11:09:23 - [MESSAGE][FAILED] - Unable to click on object 'Object Repository/CR-DESKTOP/Mega menu/plus - shop all' (Root cause: com.kms.katalon.core.webui.exception.WebElementNotFoundException: Web element with id: 'Object Repository/CR-DESKTOP/Mega menu/plus - shop all' located by 'By.xpath: //li[contains(@class,'main-nav__list-item dropdown_column plus')]//a[contains(@class,'subsublink__title')][contains(text(),'Shop All')]' not found)
[[ATTACHMENT|/Users/sumankompelly/git/CR-Desktop/Reports/suite-chrome/20190813_105135/1565708962919.png]]

2019-08-13 11:09:23 - [MESSAGE][FAILED] - click(findTestObject("CR-DESKTOP/Mega menu/plus - shop all")) FAILED.
Reason:
com.kms.katalon.core.exception.StepFailedException: Unable to click on object 'Object Repository/CR-DESKTOP/Mega menu/plus - shop all' (Root cause: com.kms.katalon.core.webui.exception.WebElementNotFoundException: Web element with id: 'Object Repository/CR-DESKTOP/Mega menu/plus - shop all' located by 'By.xpath: //li[contains(@class,'main-nav__list-item dropdown_column plus')]//a[contains(@class,'subsublink__title')][contains(text(),'Shop All')]' not found)
	at com.kms.katalon.core.keyword.internal.KeywordMain.stepFailed(KeywordMain.groovy:36)
	at com.kms.katalon.core.webui.keyword.internal.WebUIKeywordMain.stepFailed(WebUIKeywordMain.groovy:65)
	at com.kms.katalon.core.webui.keyword.internal.WebUIKeywordMain.runKeyword(WebUIKeywordMain.groovy:27)
	at com.kms.katalon.core.webui.keyword.builtin.ClickKeyword.click(ClickKeyword.groovy:86)
	at com.kms.katalon.core.webui.keyword.builtin.ClickKeyword.execute(ClickKeyword.groovy:67)
	at com.kms.katalon.core.keyword.internal.KeywordExecutor.executeKeywordForPlatform(KeywordExecutor.groovy:53)
	at com.kms.katalon.core.webui.keyword.WebUiBuiltInKeywords.click(WebUiBuiltInKeywords.groovy:616)
	at com.kms.katalon.core.webui.keyword.WebUiBuiltInKeywords$click$1.call(Unknown Source)
	at Mega menu navigation.run(Mega menu navigation:342)
	at com.kms.katalon.core.main.ScriptEngine.run(ScriptEngine.java:194)
	at com.kms.katalon.core.main.ScriptEngine.runScriptAsRawText(ScriptEngine.java:119)
	at com.kms.katalon.core.main.TestCaseExecutor.runScript(TestCaseExecutor.java:328)
	at com.kms.katalon.core.main.TestCaseExecutor.doExecute(TestCaseExecutor.java:319)
	at com.kms.katalon.core.main.TestCaseExecutor.processExecutionPhase(TestCaseExecutor.java:298)
	at com.kms.katalon.core.main.TestCaseExecutor.accessMainPhase(TestCaseExecutor.java:290)
	at com.kms.katalon.core.main.TestCaseExecutor.execute(TestCaseExecutor.java:224)
	at com.kms.katalon.core.main.TestSuiteExecutor.accessTestCaseMainPhase(TestSuiteExecutor.java:129)
	at com.kms.katalon.core.main.TestSuiteExecutor.accessTestSuiteMainPhase(TestSuiteExecutor.java:112)
	at com.kms.katalon.core.main.TestSuiteExecutor.execute(TestSuiteExecutor.java:81)
	at com.kms.katalon.core.main.TestCaseMain.startTestSuite(TestCaseMain.java:149)
	at com.kms.katalon.core.main.TestCaseMain$startTestSuite$0.call(Unknown Source)
	at TempTestSuite1565707895630.run(TempTestSuite1565707895630.groovy:36)]]></system-out>
         <system-err><![CDATA[2019-08-13 11:04:53 - [TEST_CASE][FAILED] - Test Cases/HOME PAGE/Mega menu navigation: Test Cases/HOME PAGE/Mega menu navigation FAILED.
Reason:
com.kms.katalon.core.exception.StepFailedException: Unable to click on object 'Object Repository/CR-DESKTOP/Mega menu/plus - shop all' (Root cause: com.kms.katalon.core.webui.exception.WebElementNotFoundException: Web element with id: 'Object Repository/CR-DESKTOP/Mega menu/plus - shop all' located by 'By.xpath: //li[contains(@class,'main-nav__list-item dropdown_column plus')]//a[contains(@class,'subsublink__title')][contains(text(),'Shop All')]' not found)
	at com.kms.katalon.core.keyword.internal.KeywordMain.stepFailed(KeywordMain.groovy:36)
	at com.kms.katalon.core.webui.keyword.internal.WebUIKeywordMain.stepFailed(WebUIKeywordMain.groovy:65)
	at com.kms.katalon.core.webui.keyword.internal.WebUIKeywordMain.runKeyword(WebUIKeywordMain.groovy:27)
	at com.kms.katalon.core.webui.keyword.builtin.ClickKeyword.click(ClickKeyword.groovy:86)
	at com.kms.katalon.core.webui.keyword.builtin.ClickKeyword.execute(ClickKeyword.groovy:67)
	at com.kms.katalon.core.keyword.internal.KeywordExecutor.executeKeywordForPlatform(KeywordExecutor.groovy:53)
	at com.kms.katalon.core.webui.keyword.WebUiBuiltInKeywords.click(WebUiBuiltInKeywords.groovy:616)
	at com.kms.katalon.core.webui.keyword.WebUiBuiltInKeywords$click$1.call(Unknown Source)
	at Mega menu navigation.run(Mega menu navigation:342)
	at com.kms.katalon.core.main.ScriptEngine.run(ScriptEngine.java:194)
	at com.kms.katalon.core.main.ScriptEngine.runScriptAsRawText(ScriptEngine.java:119)
	at com.kms.katalon.core.main.TestCaseExecutor.runScript(TestCaseExecutor.java:328)
	at com.kms.katalon.core.main.TestCaseExecutor.doExecute(TestCaseExecutor.java:319)
	at com.kms.katalon.core.main.TestCaseExecutor.processExecutionPhase(TestCaseExecutor.java:298)
	at com.kms.katalon.core.main.TestCaseExecutor.accessMainPhase(TestCaseExecutor.java:290)
	at com.kms.katalon.core.main.TestCaseExecutor.execute(TestCaseExecutor.java:224)
	at com.kms.katalon.core.main.TestSuiteExecutor.accessTestCaseMainPhase(TestSuiteExecutor.java:129)
	at com.kms.katalon.core.main.TestSuiteExecutor.accessTestSuiteMainPhase(TestSuiteExecutor.java:112)
	at com.kms.katalon.core.main.TestSuiteExecutor.execute(TestSuiteExecutor.java:81)
	at com.kms.katalon.core.main.TestCaseMain.startTestSuite(TestCaseMain.java:149)
	at com.kms.katalon.core.main.TestCaseMain$startTestSuite$0.call(Unknown Source)
	at TempTestSuite1565707895630.run(TempTestSuite1565707895630.groovy:36)]]></system-err>
      </testcase>
      <testcase name="Test Cases/HOME PAGE/Recommended for you" classname="Test Cases/HOME PAGE/Recommended for you" status="FAILED">
         <failure type="FAILED" message="Test Cases/HOME PAGE/Recommended for you FAILED.
Reason:
com.kms.katalon.core.exception.StepFailedException: Unable to click on object 'Object Repository/CR-DESKTOP/Home page/Recomended for you/Next button' (Root cause: org.openqa.selenium.WebDriverException: unknown error: Element &lt;button type=&quot;button&quot; class=&quot;pagination-arrow pagination-arrow--next slick-arrow&quot; aria-disabled=&quot;false&quot; style=&quot;display: block;&quot;>&lt;/button> is not clickable at point (1405, 14). Other element would receive the click: &lt;div class=&quot;sticky-nav sticky&quot; data-sticky=&quot;&quot;>...&lt;/div>
  (Session info: chrome=76.0.3809.100)
  (Driver info: chromedriver=2.43.600229 (3fae4d0cda5334b4f533bede5a4787f7b832d052),platform=Mac OS X 10.13.6 x86_64) (WARNING: The server did not provide any stacktrace information)
Command duration or timeout: 0 milliseconds
Build info: version: '3.7.1', revision: '8a0099a', time: '2017-11-06T21:07:36.161Z'
System info: host: 'sumans-MacBook-Pro.local', ip: 'fe80:0:0:0:101b:184c:e876:9570%en0', os.name: 'Mac OS X', os.arch: 'x86_64', os.version: '10.13.6', java.version: '1.8.0_181'
Driver info: com.kms.katalon.selenium.driver.CChromeDriver
Capabilities {acceptInsecureCerts: false, acceptSslCerts: false, applicationCacheEnabled: false, browserConnectionEnabled: false, browserName: chrome, chrome: {chromedriverVersion: 2.43.600229 (3fae4d0cda5334..., userDataDir: /var/folders/1t/c55l8xzs6gq...}, cssSelectorsEnabled: true, databaseEnabled: false, goog:chromeOptions: {debuggerAddress: localhost:56466}, handlesAlerts: true, hasTouchScreen: false, javascriptEnabled: true, locationContextEnabled: true, mobileEmulationEnabled: false, nativeEvents: true, networkConnectionEnabled: false, pageLoadStrategy: normal, platform: MAC, platformName: MAC, rotatable: false, setWindowRect: true, takesHeapSnapshot: true, takesScreenshot: true, unexpectedAlertBehaviour: , unhandledPromptBehavior: , version: 76.0.3809.100, webStorageEnabled: true}
Session ID: c6651d027d11e53b00f3c17b2b89136e)
	at com.kms.katalon.core.keyword.internal.KeywordMain.stepFailed(KeywordMain.groovy:36)
	at com.kms.katalon.core.webui.keyword.internal.WebUIKeywordMain.stepFailed(WebUIKeywordMain.groovy:65)
	at com.kms.katalon.core.webui.keyword.internal.WebUIKeywordMain.runKeyword(WebUIKeywordMain.groovy:27)
	at com.kms.katalon.core.webui.keyword.builtin.ClickKeyword.click(ClickKeyword.groovy:86)
	at com.kms.katalon.core.webui.keyword.builtin.ClickKeyword.execute(ClickKeyword.groovy:67)
	at com.kms.katalon.core.keyword.internal.KeywordExecutor.executeKeywordForPlatform(KeywordExecutor.groovy:53)
	at com.kms.katalon.core.webui.keyword.WebUiBuiltInKeywords.click(WebUiBuiltInKeywords.groovy:616)
	at com.kms.katalon.core.webui.keyword.WebUiBuiltInKeywords$click$1.call(Unknown Source)
	at Recommended for you.run(Recommended for you:27)
	at com.kms.katalon.core.main.ScriptEngine.run(ScriptEngine.java:194)
	at com.kms.katalon.core.main.ScriptEngine.runScriptAsRawText(ScriptEngine.java:119)
	at com.kms.katalon.core.main.TestCaseExecutor.runScript(TestCaseExecutor.java:328)
	at com.kms.katalon.core.main.TestCaseExecutor.doExecute(TestCaseExecutor.java:319)
	at com.kms.katalon.core.main.TestCaseExecutor.processExecutionPhase(TestCaseExecutor.java:298)
	at com.kms.katalon.core.main.TestCaseExecutor.accessMainPhase(TestCaseExecutor.java:290)
	at com.kms.katalon.core.main.TestCaseExecutor.execute(TestCaseExecutor.java:224)
	at com.kms.katalon.core.main.TestSuiteExecutor.accessTestCaseMainPhase(TestSuiteExecutor.java:129)
	at com.kms.katalon.core.main.TestSuiteExecutor.accessTestSuiteMainPhase(TestSuiteExecutor.java:112)
	at com.kms.katalon.core.main.TestSuiteExecutor.execute(TestSuiteExecutor.java:81)
	at com.kms.katalon.core.main.TestCaseMain.startTestSuite(TestCaseMain.java:149)
	at com.kms.katalon.core.main.TestCaseMain$startTestSuite$0.call(Unknown Source)
	at TempTestSuite1565707895630.run(TempTestSuite1565707895630.groovy:36)
"/>
         <system-out><![CDATA[2019-08-13 11:09:23 - [TEST_CASE][FAILED] - Test Cases/HOME PAGE/Recommended for you: Test Cases/HOME PAGE/Recommended for you FAILED.
Reason:
com.kms.katalon.core.exception.StepFailedException: Unable to click on object 'Object Repository/CR-DESKTOP/Home page/Recomended for you/Next button' (Root cause: org.openqa.selenium.WebDriverException: unknown error: Element <button type="button" class="pagination-arrow pagination-arrow--next slick-arrow" aria-disabled="false" style="display: block;"></button> is not clickable at point (1405, 14). Other element would receive the click: <div class="sticky-nav sticky" data-sticky="">...</div>
  (Session info: chrome=76.0.3809.100)
  (Driver info: chromedriver=2.43.600229 (3fae4d0cda5334b4f533bede5a4787f7b832d052),platform=Mac OS X 10.13.6 x86_64) (WARNING: The server did not provide any stacktrace information)
Command duration or timeout: 0 milliseconds
Build info: version: '3.7.1', revision: '8a0099a', time: '2017-11-06T21:07:36.161Z'
System info: host: 'sumans-MacBook-Pro.local', ip: 'fe80:0:0:0:101b:184c:e876:9570%en0', os.name: 'Mac OS X', os.arch: 'x86_64', os.version: '10.13.6', java.version: '1.8.0_181'
Driver info: com.kms.katalon.selenium.driver.CChromeDriver
Capabilities {acceptInsecureCerts: false, acceptSslCerts: false, applicationCacheEnabled: false, browserConnectionEnabled: false, browserName: chrome, chrome: {chromedriverVersion: 2.43.600229 (3fae4d0cda5334..., userDataDir: /var/folders/1t/c55l8xzs6gq...}, cssSelectorsEnabled: true, databaseEnabled: false, goog:chromeOptions: {debuggerAddress: localhost:56466}, handlesAlerts: true, hasTouchScreen: false, javascriptEnabled: true, locationContextEnabled: true, mobileEmulationEnabled: false, nativeEvents: true, networkConnectionEnabled: false, pageLoadStrategy: normal, platform: MAC, platformName: MAC, rotatable: false, setWindowRect: true, takesHeapSnapshot: true, takesScreenshot: true, unexpectedAlertBehaviour: , unhandledPromptBehavior: , version: 76.0.3809.100, webStorageEnabled: true}
Session ID: c6651d027d11e53b00f3c17b2b89136e)
	at com.kms.katalon.core.keyword.internal.KeywordMain.stepFailed(KeywordMain.groovy:36)
	at com.kms.katalon.core.webui.keyword.internal.WebUIKeywordMain.stepFailed(WebUIKeywordMain.groovy:65)
	at com.kms.katalon.core.webui.keyword.internal.WebUIKeywordMain.runKeyword(WebUIKeywordMain.groovy:27)
	at com.kms.katalon.core.webui.keyword.builtin.ClickKeyword.click(ClickKeyword.groovy:86)
	at com.kms.katalon.core.webui.keyword.builtin.ClickKeyword.execute(ClickKeyword.groovy:67)
	at com.kms.katalon.core.keyword.internal.KeywordExecutor.executeKeywordForPlatform(KeywordExecutor.groovy:53)
	at com.kms.katalon.core.webui.keyword.WebUiBuiltInKeywords.click(WebUiBuiltInKeywords.groovy:616)
	at com.kms.katalon.core.webui.keyword.WebUiBuiltInKeywords$click$1.call(Unknown Source)
	at Recommended for you.run(Recommended for you:27)
	at com.kms.katalon.core.main.ScriptEngine.run(ScriptEngine.java:194)
	at com.kms.katalon.core.main.ScriptEngine.runScriptAsRawText(ScriptEngine.java:119)
	at com.kms.katalon.core.main.TestCaseExecutor.runScript(TestCaseExecutor.java:328)
	at com.kms.katalon.core.main.TestCaseExecutor.doExecute(TestCaseExecutor.java:319)
	at com.kms.katalon.core.main.TestCaseExecutor.processExecutionPhase(TestCaseExecutor.java:298)
	at com.kms.katalon.core.main.TestCaseExecutor.accessMainPhase(TestCaseExecutor.java:290)
	at com.kms.katalon.core.main.TestCaseExecutor.execute(TestCaseExecutor.java:224)
	at com.kms.katalon.core.main.TestSuiteExecutor.accessTestCaseMainPhase(TestSuiteExecutor.java:129)
	at com.kms.katalon.core.main.TestSuiteExecutor.accessTestSuiteMainPhase(TestSuiteExecutor.java:112)
	at com.kms.katalon.core.main.TestSuiteExecutor.execute(TestSuiteExecutor.java:81)
	at com.kms.katalon.core.main.TestCaseMain.startTestSuite(TestCaseMain.java:149)
	at com.kms.katalon.core.main.TestCaseMain$startTestSuite$0.call(Unknown Source)
	at TempTestSuite1565707895630.run(TempTestSuite1565707895630.groovy:36)


2019-08-13 11:09:23 - [TEST_STEP][PASSED] - callTestCase(findTestCase("CALL-URL"), [:], STOP_ON_FAILURE): Call Test Case 'Test Cases/CALL-URL' successfully

2019-08-13 11:09:23 - [TEST_CASE][PASSED] - Test Cases/CALL-URL: Test Cases/CALL-URL

2019-08-13 11:09:23 - [TEST_STEP][PASSED] - openBrowser(""): Browser is opened with url: ''

2019-08-13 11:09:23 - [MESSAGE][WARNING] - A browser is already opened. Closing browser and opening a new one

2019-08-13 11:09:23 - [MESSAGE][INFO] - Starting 'Chrome' driver

2019-08-13 11:09:24 - [MESSAGE][PASSED] - Browser is opened with url: ''

2019-08-13 11:09:24 - [TEST_STEP][PASSED] - navigateToUrl("https://charlotterusse.com/"): Navigate to 'https://charlotterusse.com/' successfully

2019-08-13 11:09:27 - [MESSAGE][PASSED] - Navigate to 'https://charlotterusse.com/' successfully

2019-08-13 11:09:27 - [TEST_STEP][PASSED] - click(findTestObject("CR-DESKTOP/Window pop up/language- english")): Object: 'Object Repository/CR-DESKTOP/Window pop up/language- english' is clicked on

2019-08-13 11:09:27 - [MESSAGE][PASSED] - Object: 'Object Repository/CR-DESKTOP/Window pop up/language- english' is clicked on

2019-08-13 11:09:27 - [TEST_STEP][PASSED] - click(findTestObject("CR-DESKTOP/Window pop up/Pop up - close")): Object: 'Object Repository/CR-DESKTOP/Window pop up/Pop up - close' is clicked on

2019-08-13 11:09:27 - [MESSAGE][PASSED] - Object: 'Object Repository/CR-DESKTOP/Window pop up/Pop up - close' is clicked on

2019-08-13 11:09:27 - [TEST_STEP][PASSED] - maximizeWindow(): Current window maximized

2019-08-13 11:09:27 - [MESSAGE][PASSED] - Current window maximized

2019-08-13 11:09:27 - [MESSAGE][PASSED] - Call Test Case 'Test Cases/CALL-URL' successfully

2019-08-13 11:09:27 - [TEST_STEP][PASSED] - delay(2): Delayed 2 second(s)

2019-08-13 11:09:29 - [MESSAGE][PASSED] - Delayed 2 second(s)

2019-08-13 11:09:29 - [TEST_STEP][PASSED] - scrollToElement(findTestObject("CR-DESKTOP/Home page/Recomended for you/Recomended for you section"), 0): Scroll to object 'Object Repository/CR-DESKTOP/Home page/Recomended for you/Recomended for you section' successfully

2019-08-13 11:09:29 - [MESSAGE][WARNING] - Timeout '0' is invalid. Using default page load timeout: '30'

2019-08-13 11:09:29 - [MESSAGE][PASSED] - Scroll to object 'Object Repository/CR-DESKTOP/Home page/Recomended for you/Recomended for you section' successfully

2019-08-13 11:09:29 - [TEST_STEP][PASSED] - delay(2): Delayed 2 second(s)

2019-08-13 11:09:31 - [MESSAGE][PASSED] - Delayed 2 second(s)

2019-08-13 11:09:31 - [TEST_STEP][FAILED] - for ([i = 1, i <= 3, (i++)]): for ([i = 1, i <= 3, (i++)]) FAILED.
Reason:
com.kms.katalon.core.exception.StepFailedException: Unable to click on object 'Object Repository/CR-DESKTOP/Home page/Recomended for you/Next button' (Root cause: org.openqa.selenium.WebDriverException: unknown error: Element <button type="button" class="pagination-arrow pagination-arrow--next slick-arrow" aria-disabled="false" style="display: block;"></button> is not clickable at point (1405, 14). Other element would receive the click: <div class="sticky-nav sticky" data-sticky="">...</div>
  (Session info: chrome=76.0.3809.100)
  (Driver info: chromedriver=2.43.600229 (3fae4d0cda5334b4f533bede5a4787f7b832d052),platform=Mac OS X 10.13.6 x86_64) (WARNING: The server did not provide any stacktrace information)
Command duration or timeout: 0 milliseconds
Build info: version: '3.7.1', revision: '8a0099a', time: '2017-11-06T21:07:36.161Z'
System info: host: 'sumans-MacBook-Pro.local', ip: 'fe80:0:0:0:101b:184c:e876:9570%en0', os.name: 'Mac OS X', os.arch: 'x86_64', os.version: '10.13.6', java.version: '1.8.0_181'
Driver info: com.kms.katalon.selenium.driver.CChromeDriver
Capabilities {acceptInsecureCerts: false, acceptSslCerts: false, applicationCacheEnabled: false, browserConnectionEnabled: false, browserName: chrome, chrome: {chromedriverVersion: 2.43.600229 (3fae4d0cda5334..., userDataDir: /var/folders/1t/c55l8xzs6gq...}, cssSelectorsEnabled: true, databaseEnabled: false, goog:chromeOptions: {debuggerAddress: localhost:56466}, handlesAlerts: true, hasTouchScreen: false, javascriptEnabled: true, locationContextEnabled: true, mobileEmulationEnabled: false, nativeEvents: true, networkConnectionEnabled: false, pageLoadStrategy: normal, platform: MAC, platformName: MAC, rotatable: false, setWindowRect: true, takesHeapSnapshot: true, takesScreenshot: true, unexpectedAlertBehaviour: , unhandledPromptBehavior: , version: 76.0.3809.100, webStorageEnabled: true}
Session ID: c6651d027d11e53b00f3c17b2b89136e)
	at com.kms.katalon.core.keyword.internal.KeywordMain.stepFailed(KeywordMain.groovy:36)
	at com.kms.katalon.core.webui.keyword.internal.WebUIKeywordMain.stepFailed(WebUIKeywordMain.groovy:65)
	at com.kms.katalon.core.webui.keyword.internal.WebUIKeywordMain.runKeyword(WebUIKeywordMain.groovy:27)
	at com.kms.katalon.core.webui.keyword.builtin.ClickKeyword.click(ClickKeyword.groovy:86)
	at com.kms.katalon.core.webui.keyword.builtin.ClickKeyword.execute(ClickKeyword.groovy:67)
	at com.kms.katalon.core.keyword.internal.KeywordExecutor.executeKeywordForPlatform(KeywordExecutor.groovy:53)
	at com.kms.katalon.core.webui.keyword.WebUiBuiltInKeywords.click(WebUiBuiltInKeywords.groovy:616)
	at com.kms.katalon.core.webui.keyword.WebUiBuiltInKeywords$click$1.call(Unknown Source)
	at Recommended for you.run(Recommended for you:27)
	at com.kms.katalon.core.main.ScriptEngine.run(ScriptEngine.java:194)
	at com.kms.katalon.core.main.ScriptEngine.runScriptAsRawText(ScriptEngine.java:119)
	at com.kms.katalon.core.main.TestCaseExecutor.runScript(TestCaseExecutor.java:328)
	at com.kms.katalon.core.main.TestCaseExecutor.doExecute(TestCaseExecutor.java:319)
	at com.kms.katalon.core.main.TestCaseExecutor.processExecutionPhase(TestCaseExecutor.java:298)
	at com.kms.katalon.core.main.TestCaseExecutor.accessMainPhase(TestCaseExecutor.java:290)
	at com.kms.katalon.core.main.TestCaseExecutor.execute(TestCaseExecutor.java:224)
	at com.kms.katalon.core.main.TestSuiteExecutor.accessTestCaseMainPhase(TestSuiteExecutor.java:129)
	at com.kms.katalon.core.main.TestSuiteExecutor.accessTestSuiteMainPhase(TestSuiteExecutor.java:112)
	at com.kms.katalon.core.main.TestSuiteExecutor.execute(TestSuiteExecutor.java:81)
	at com.kms.katalon.core.main.TestCaseMain.startTestSuite(TestCaseMain.java:149)
	at com.kms.katalon.core.main.TestCaseMain$startTestSuite$0.call(Unknown Source)
	at TempTestSuite1565707895630.run(TempTestSuite1565707895630.groovy:36)


2019-08-13 11:09:31 - [TEST_STEP][PASSED] - delay(2): Delayed 2 second(s)

2019-08-13 11:09:33 - [MESSAGE][PASSED] - Delayed 2 second(s)

2019-08-13 11:09:33 - [TEST_STEP][FAILED] - click(findTestObject("CR-DESKTOP/Home page/Recomended for you/Next button")): for ([i = 1, i <= 3, (i++)]) FAILED.
Reason:
com.kms.katalon.core.exception.StepFailedException: Unable to click on object 'Object Repository/CR-DESKTOP/Home page/Recomended for you/Next button' (Root cause: org.openqa.selenium.WebDriverException: unknown error: Element <button type="button" class="pagination-arrow pagination-arrow--next slick-arrow" aria-disabled="false" style="display: block;"></button> is not clickable at point (1405, 14). Other element would receive the click: <div class="sticky-nav sticky" data-sticky="">...</div>
  (Session info: chrome=76.0.3809.100)
  (Driver info: chromedriver=2.43.600229 (3fae4d0cda5334b4f533bede5a4787f7b832d052),platform=Mac OS X 10.13.6 x86_64) (WARNING: The server did not provide any stacktrace information)
Command duration or timeout: 0 milliseconds
Build info: version: '3.7.1', revision: '8a0099a', time: '2017-11-06T21:07:36.161Z'
System info: host: 'sumans-MacBook-Pro.local', ip: 'fe80:0:0:0:101b:184c:e876:9570%en0', os.name: 'Mac OS X', os.arch: 'x86_64', os.version: '10.13.6', java.version: '1.8.0_181'
Driver info: com.kms.katalon.selenium.driver.CChromeDriver
Capabilities {acceptInsecureCerts: false, acceptSslCerts: false, applicationCacheEnabled: false, browserConnectionEnabled: false, browserName: chrome, chrome: {chromedriverVersion: 2.43.600229 (3fae4d0cda5334..., userDataDir: /var/folders/1t/c55l8xzs6gq...}, cssSelectorsEnabled: true, databaseEnabled: false, goog:chromeOptions: {debuggerAddress: localhost:56466}, handlesAlerts: true, hasTouchScreen: false, javascriptEnabled: true, locationContextEnabled: true, mobileEmulationEnabled: false, nativeEvents: true, networkConnectionEnabled: false, pageLoadStrategy: normal, platform: MAC, platformName: MAC, rotatable: false, setWindowRect: true, takesHeapSnapshot: true, takesScreenshot: true, unexpectedAlertBehaviour: , unhandledPromptBehavior: , version: 76.0.3809.100, webStorageEnabled: true}
Session ID: c6651d027d11e53b00f3c17b2b89136e)
	at com.kms.katalon.core.keyword.internal.KeywordMain.stepFailed(KeywordMain.groovy:36)
	at com.kms.katalon.core.webui.keyword.internal.WebUIKeywordMain.stepFailed(WebUIKeywordMain.groovy:65)
	at com.kms.katalon.core.webui.keyword.internal.WebUIKeywordMain.runKeyword(WebUIKeywordMain.groovy:27)
	at com.kms.katalon.core.webui.keyword.builtin.ClickKeyword.click(ClickKeyword.groovy:86)
	at com.kms.katalon.core.webui.keyword.builtin.ClickKeyword.execute(ClickKeyword.groovy:67)
	at com.kms.katalon.core.keyword.internal.KeywordExecutor.executeKeywordForPlatform(KeywordExecutor.groovy:53)
	at com.kms.katalon.core.webui.keyword.WebUiBuiltInKeywords.click(WebUiBuiltInKeywords.groovy:616)
	at com.kms.katalon.core.webui.keyword.WebUiBuiltInKeywords$click$1.call(Unknown Source)
	at Recommended for you.run(Recommended for you:27)
	at com.kms.katalon.core.main.ScriptEngine.run(ScriptEngine.java:194)
	at com.kms.katalon.core.main.ScriptEngine.runScriptAsRawText(ScriptEngine.java:119)
	at com.kms.katalon.core.main.TestCaseExecutor.runScript(TestCaseExecutor.java:328)
	at com.kms.katalon.core.main.TestCaseExecutor.doExecute(TestCaseExecutor.java:319)
	at com.kms.katalon.core.main.TestCaseExecutor.processExecutionPhase(TestCaseExecutor.java:298)
	at com.kms.katalon.core.main.TestCaseExecutor.accessMainPhase(TestCaseExecutor.java:290)
	at com.kms.katalon.core.main.TestCaseExecutor.execute(TestCaseExecutor.java:224)
	at com.kms.katalon.core.main.TestSuiteExecutor.accessTestCaseMainPhase(TestSuiteExecutor.java:129)
	at com.kms.katalon.core.main.TestSuiteExecutor.accessTestSuiteMainPhase(TestSuiteExecutor.java:112)
	at com.kms.katalon.core.main.TestSuiteExecutor.execute(TestSuiteExecutor.java:81)
	at com.kms.katalon.core.main.TestCaseMain.startTestSuite(TestCaseMain.java:149)
	at com.kms.katalon.core.main.TestCaseMain$startTestSuite$0.call(Unknown Source)
	at TempTestSuite1565707895630.run(TempTestSuite1565707895630.groovy:36)


2019-08-13 11:09:34 - [MESSAGE][FAILED] - Unable to click on object 'Object Repository/CR-DESKTOP/Home page/Recomended for you/Next button' (Root cause: org.openqa.selenium.WebDriverException: unknown error: Element <button type="button" class="pagination-arrow pagination-arrow--next slick-arrow" aria-disabled="false" style="display: block;"></button> is not clickable at point (1405, 14). Other element would receive the click: <div class="sticky-nav sticky" data-sticky="">...</div>
  (Session info: chrome=76.0.3809.100)
  (Driver info: chromedriver=2.43.600229 (3fae4d0cda5334b4f533bede5a4787f7b832d052),platform=Mac OS X 10.13.6 x86_64) (WARNING: The server did not provide any stacktrace information)
Command duration or timeout: 0 milliseconds
Build info: version: '3.7.1', revision: '8a0099a', time: '2017-11-06T21:07:36.161Z'
System info: host: 'sumans-MacBook-Pro.local', ip: 'fe80:0:0:0:101b:184c:e876:9570%en0', os.name: 'Mac OS X', os.arch: 'x86_64', os.version: '10.13.6', java.version: '1.8.0_181'
Driver info: com.kms.katalon.selenium.driver.CChromeDriver
Capabilities {acceptInsecureCerts: false, acceptSslCerts: false, applicationCacheEnabled: false, browserConnectionEnabled: false, browserName: chrome, chrome: {chromedriverVersion: 2.43.600229 (3fae4d0cda5334..., userDataDir: /var/folders/1t/c55l8xzs6gq...}, cssSelectorsEnabled: true, databaseEnabled: false, goog:chromeOptions: {debuggerAddress: localhost:56466}, handlesAlerts: true, hasTouchScreen: false, javascriptEnabled: true, locationContextEnabled: true, mobileEmulationEnabled: false, nativeEvents: true, networkConnectionEnabled: false, pageLoadStrategy: normal, platform: MAC, platformName: MAC, rotatable: false, setWindowRect: true, takesHeapSnapshot: true, takesScreenshot: true, unexpectedAlertBehaviour: , unhandledPromptBehavior: , version: 76.0.3809.100, webStorageEnabled: true}
Session ID: c6651d027d11e53b00f3c17b2b89136e)
[[ATTACHMENT|/Users/sumankompelly/git/CR-Desktop/Reports/suite-chrome/20190813_105135/1565708973759.png]]

2019-08-13 11:09:34 - [MESSAGE][FAILED] - for ([i = 1, i <= 3, (i++)]) FAILED.
Reason:
com.kms.katalon.core.exception.StepFailedException: Unable to click on object 'Object Repository/CR-DESKTOP/Home page/Recomended for you/Next button' (Root cause: org.openqa.selenium.WebDriverException: unknown error: Element <button type="button" class="pagination-arrow pagination-arrow--next slick-arrow" aria-disabled="false" style="display: block;"></button> is not clickable at point (1405, 14). Other element would receive the click: <div class="sticky-nav sticky" data-sticky="">...</div>
  (Session info: chrome=76.0.3809.100)
  (Driver info: chromedriver=2.43.600229 (3fae4d0cda5334b4f533bede5a4787f7b832d052),platform=Mac OS X 10.13.6 x86_64) (WARNING: The server did not provide any stacktrace information)
Command duration or timeout: 0 milliseconds
Build info: version: '3.7.1', revision: '8a0099a', time: '2017-11-06T21:07:36.161Z'
System info: host: 'sumans-MacBook-Pro.local', ip: 'fe80:0:0:0:101b:184c:e876:9570%en0', os.name: 'Mac OS X', os.arch: 'x86_64', os.version: '10.13.6', java.version: '1.8.0_181'
Driver info: com.kms.katalon.selenium.driver.CChromeDriver
Capabilities {acceptInsecureCerts: false, acceptSslCerts: false, applicationCacheEnabled: false, browserConnectionEnabled: false, browserName: chrome, chrome: {chromedriverVersion: 2.43.600229 (3fae4d0cda5334..., userDataDir: /var/folders/1t/c55l8xzs6gq...}, cssSelectorsEnabled: true, databaseEnabled: false, goog:chromeOptions: {debuggerAddress: localhost:56466}, handlesAlerts: true, hasTouchScreen: false, javascriptEnabled: true, locationContextEnabled: true, mobileEmulationEnabled: false, nativeEvents: true, networkConnectionEnabled: false, pageLoadStrategy: normal, platform: MAC, platformName: MAC, rotatable: false, setWindowRect: true, takesHeapSnapshot: true, takesScreenshot: true, unexpectedAlertBehaviour: , unhandledPromptBehavior: , version: 76.0.3809.100, webStorageEnabled: true}
Session ID: c6651d027d11e53b00f3c17b2b89136e)
	at com.kms.katalon.core.keyword.internal.KeywordMain.stepFailed(KeywordMain.groovy:36)
	at com.kms.katalon.core.webui.keyword.internal.WebUIKeywordMain.stepFailed(WebUIKeywordMain.groovy:65)
	at com.kms.katalon.core.webui.keyword.internal.WebUIKeywordMain.runKeyword(WebUIKeywordMain.groovy:27)
	at com.kms.katalon.core.webui.keyword.builtin.ClickKeyword.click(ClickKeyword.groovy:86)
	at com.kms.katalon.core.webui.keyword.builtin.ClickKeyword.execute(ClickKeyword.groovy:67)
	at com.kms.katalon.core.keyword.internal.KeywordExecutor.executeKeywordForPlatform(KeywordExecutor.groovy:53)
	at com.kms.katalon.core.webui.keyword.WebUiBuiltInKeywords.click(WebUiBuiltInKeywords.groovy:616)
	at com.kms.katalon.core.webui.keyword.WebUiBuiltInKeywords$click$1.call(Unknown Source)
	at Recommended for you.run(Recommended for you:27)
	at com.kms.katalon.core.main.ScriptEngine.run(ScriptEngine.java:194)
	at com.kms.katalon.core.main.ScriptEngine.runScriptAsRawText(ScriptEngine.java:119)
	at com.kms.katalon.core.main.TestCaseExecutor.runScript(TestCaseExecutor.java:328)
	at com.kms.katalon.core.main.TestCaseExecutor.doExecute(TestCaseExecutor.java:319)
	at com.kms.katalon.core.main.TestCaseExecutor.processExecutionPhase(TestCaseExecutor.java:298)
	at com.kms.katalon.core.main.TestCaseExecutor.accessMainPhase(TestCaseExecutor.java:290)
	at com.kms.katalon.core.main.TestCaseExecutor.execute(TestCaseExecutor.java:224)
	at com.kms.katalon.core.main.TestSuiteExecutor.accessTestCaseMainPhase(TestSuiteExecutor.java:129)
	at com.kms.katalon.core.main.TestSuiteExecutor.accessTestSuiteMainPhase(TestSuiteExecutor.java:112)
	at com.kms.katalon.core.main.TestSuiteExecutor.execute(TestSuiteExecutor.java:81)
	at com.kms.katalon.core.main.TestCaseMain.startTestSuite(TestCaseMain.java:149)
	at com.kms.katalon.core.main.TestCaseMain$startTestSuite$0.call(Unknown Source)
	at TempTestSuite1565707895630.run(TempTestSuite1565707895630.groovy:36)]]></system-out>
         <system-err><![CDATA[2019-08-13 11:09:23 - [TEST_CASE][FAILED] - Test Cases/HOME PAGE/Recommended for you: Test Cases/HOME PAGE/Recommended for you FAILED.
Reason:
com.kms.katalon.core.exception.StepFailedException: Unable to click on object 'Object Repository/CR-DESKTOP/Home page/Recomended for you/Next button' (Root cause: org.openqa.selenium.WebDriverException: unknown error: Element <button type="button" class="pagination-arrow pagination-arrow--next slick-arrow" aria-disabled="false" style="display: block;"></button> is not clickable at point (1405, 14). Other element would receive the click: <div class="sticky-nav sticky" data-sticky="">...</div>
  (Session info: chrome=76.0.3809.100)
  (Driver info: chromedriver=2.43.600229 (3fae4d0cda5334b4f533bede5a4787f7b832d052),platform=Mac OS X 10.13.6 x86_64) (WARNING: The server did not provide any stacktrace information)
Command duration or timeout: 0 milliseconds
Build info: version: '3.7.1', revision: '8a0099a', time: '2017-11-06T21:07:36.161Z'
System info: host: 'sumans-MacBook-Pro.local', ip: 'fe80:0:0:0:101b:184c:e876:9570%en0', os.name: 'Mac OS X', os.arch: 'x86_64', os.version: '10.13.6', java.version: '1.8.0_181'
Driver info: com.kms.katalon.selenium.driver.CChromeDriver
Capabilities {acceptInsecureCerts: false, acceptSslCerts: false, applicationCacheEnabled: false, browserConnectionEnabled: false, browserName: chrome, chrome: {chromedriverVersion: 2.43.600229 (3fae4d0cda5334..., userDataDir: /var/folders/1t/c55l8xzs6gq...}, cssSelectorsEnabled: true, databaseEnabled: false, goog:chromeOptions: {debuggerAddress: localhost:56466}, handlesAlerts: true, hasTouchScreen: false, javascriptEnabled: true, locationContextEnabled: true, mobileEmulationEnabled: false, nativeEvents: true, networkConnectionEnabled: false, pageLoadStrategy: normal, platform: MAC, platformName: MAC, rotatable: false, setWindowRect: true, takesHeapSnapshot: true, takesScreenshot: true, unexpectedAlertBehaviour: , unhandledPromptBehavior: , version: 76.0.3809.100, webStorageEnabled: true}
Session ID: c6651d027d11e53b00f3c17b2b89136e)
	at com.kms.katalon.core.keyword.internal.KeywordMain.stepFailed(KeywordMain.groovy:36)
	at com.kms.katalon.core.webui.keyword.internal.WebUIKeywordMain.stepFailed(WebUIKeywordMain.groovy:65)
	at com.kms.katalon.core.webui.keyword.internal.WebUIKeywordMain.runKeyword(WebUIKeywordMain.groovy:27)
	at com.kms.katalon.core.webui.keyword.builtin.ClickKeyword.click(ClickKeyword.groovy:86)
	at com.kms.katalon.core.webui.keyword.builtin.ClickKeyword.execute(ClickKeyword.groovy:67)
	at com.kms.katalon.core.keyword.internal.KeywordExecutor.executeKeywordForPlatform(KeywordExecutor.groovy:53)
	at com.kms.katalon.core.webui.keyword.WebUiBuiltInKeywords.click(WebUiBuiltInKeywords.groovy:616)
	at com.kms.katalon.core.webui.keyword.WebUiBuiltInKeywords$click$1.call(Unknown Source)
	at Recommended for you.run(Recommended for you:27)
	at com.kms.katalon.core.main.ScriptEngine.run(ScriptEngine.java:194)
	at com.kms.katalon.core.main.ScriptEngine.runScriptAsRawText(ScriptEngine.java:119)
	at com.kms.katalon.core.main.TestCaseExecutor.runScript(TestCaseExecutor.java:328)
	at com.kms.katalon.core.main.TestCaseExecutor.doExecute(TestCaseExecutor.java:319)
	at com.kms.katalon.core.main.TestCaseExecutor.processExecutionPhase(TestCaseExecutor.java:298)
	at com.kms.katalon.core.main.TestCaseExecutor.accessMainPhase(TestCaseExecutor.java:290)
	at com.kms.katalon.core.main.TestCaseExecutor.execute(TestCaseExecutor.java:224)
	at com.kms.katalon.core.main.TestSuiteExecutor.accessTestCaseMainPhase(TestSuiteExecutor.java:129)
	at com.kms.katalon.core.main.TestSuiteExecutor.accessTestSuiteMainPhase(TestSuiteExecutor.java:112)
	at com.kms.katalon.core.main.TestSuiteExecutor.execute(TestSuiteExecutor.java:81)
	at com.kms.katalon.core.main.TestCaseMain.startTestSuite(TestCaseMain.java:149)
	at com.kms.katalon.core.main.TestCaseMain$startTestSuite$0.call(Unknown Source)
	at TempTestSuite1565707895630.run(TempTestSuite1565707895630.groovy:36)]]></system-err>
      </testcase>
      <testcase name="Test Cases/HOME PAGE/Home page - CTA" classname="Test Cases/HOME PAGE/Home page - CTA" status="FAILED">
         <failure type="FAILED" message="Test Cases/HOME PAGE/Home page - CTA FAILED.
Reason:
com.kms.katalon.core.exception.StepFailedException: Unable to verify match between actual text 'a' and expected text 'k' (Root cause: com.kms.katalon.core.exception.StepFailedException: Actual text 'a' and expected text 'k' are not matched)
	at com.kms.katalon.core.keyword.internal.KeywordMain.stepFailed(KeywordMain.groovy:36)
	at com.kms.katalon.core.keyword.internal.KeywordMain.stepFailed(KeywordMain.groovy)
	at com.kms.katalon.core.keyword.internal.KeywordMain.runKeyword(KeywordMain.groovy:56)
	at com.kms.katalon.core.keyword.builtin.VerifyMatchKeyword.verifyMatch(VerifyMatchKeyword.groovy:60)
	at com.kms.katalon.core.keyword.builtin.VerifyMatchKeyword.execute(VerifyMatchKeyword.groovy:45)
	at com.kms.katalon.core.keyword.internal.KeywordExecutor.executeKeywordForPlatform(KeywordExecutor.groovy:53)
	at com.kms.katalon.core.keyword.BuiltinKeywords.verifyMatch(BuiltinKeywords.groovy:73)
	at Home page - CTA.run(Home page - CTA:48)
	at com.kms.katalon.core.main.ScriptEngine.run(ScriptEngine.java:194)
	at com.kms.katalon.core.main.ScriptEngine.runScriptAsRawText(ScriptEngine.java:119)
	at com.kms.katalon.core.main.TestCaseExecutor.runScript(TestCaseExecutor.java:328)
	at com.kms.katalon.core.main.TestCaseExecutor.doExecute(TestCaseExecutor.java:319)
	at com.kms.katalon.core.main.TestCaseExecutor.processExecutionPhase(TestCaseExecutor.java:298)
	at com.kms.katalon.core.main.TestCaseExecutor.accessMainPhase(TestCaseExecutor.java:290)
	at com.kms.katalon.core.main.TestCaseExecutor.execute(TestCaseExecutor.java:224)
	at com.kms.katalon.core.main.TestSuiteExecutor.accessTestCaseMainPhase(TestSuiteExecutor.java:129)
	at com.kms.katalon.core.main.TestSuiteExecutor.accessTestSuiteMainPhase(TestSuiteExecutor.java:112)
	at com.kms.katalon.core.main.TestSuiteExecutor.execute(TestSuiteExecutor.java:81)
	at com.kms.katalon.core.main.TestCaseMain.startTestSuite(TestCaseMain.java:149)
	at com.kms.katalon.core.main.TestCaseMain$startTestSuite$0.call(Unknown Source)
	at TempTestSuite1565707895630.run(TempTestSuite1565707895630.groovy:36)
"/>
         <system-out><![CDATA[2019-08-13 11:09:34 - [TEST_CASE][FAILED] - Test Cases/HOME PAGE/Home page - CTA: Test Cases/HOME PAGE/Home page - CTA FAILED.
Reason:
com.kms.katalon.core.exception.StepFailedException: Unable to verify match between actual text 'a' and expected text 'k' (Root cause: com.kms.katalon.core.exception.StepFailedException: Actual text 'a' and expected text 'k' are not matched)
	at com.kms.katalon.core.keyword.internal.KeywordMain.stepFailed(KeywordMain.groovy:36)
	at com.kms.katalon.core.keyword.internal.KeywordMain.stepFailed(KeywordMain.groovy)
	at com.kms.katalon.core.keyword.internal.KeywordMain.runKeyword(KeywordMain.groovy:56)
	at com.kms.katalon.core.keyword.builtin.VerifyMatchKeyword.verifyMatch(VerifyMatchKeyword.groovy:60)
	at com.kms.katalon.core.keyword.builtin.VerifyMatchKeyword.execute(VerifyMatchKeyword.groovy:45)
	at com.kms.katalon.core.keyword.internal.KeywordExecutor.executeKeywordForPlatform(KeywordExecutor.groovy:53)
	at com.kms.katalon.core.keyword.BuiltinKeywords.verifyMatch(BuiltinKeywords.groovy:73)
	at Home page - CTA.run(Home page - CTA:48)
	at com.kms.katalon.core.main.ScriptEngine.run(ScriptEngine.java:194)
	at com.kms.katalon.core.main.ScriptEngine.runScriptAsRawText(ScriptEngine.java:119)
	at com.kms.katalon.core.main.TestCaseExecutor.runScript(TestCaseExecutor.java:328)
	at com.kms.katalon.core.main.TestCaseExecutor.doExecute(TestCaseExecutor.java:319)
	at com.kms.katalon.core.main.TestCaseExecutor.processExecutionPhase(TestCaseExecutor.java:298)
	at com.kms.katalon.core.main.TestCaseExecutor.accessMainPhase(TestCaseExecutor.java:290)
	at com.kms.katalon.core.main.TestCaseExecutor.execute(TestCaseExecutor.java:224)
	at com.kms.katalon.core.main.TestSuiteExecutor.accessTestCaseMainPhase(TestSuiteExecutor.java:129)
	at com.kms.katalon.core.main.TestSuiteExecutor.accessTestSuiteMainPhase(TestSuiteExecutor.java:112)
	at com.kms.katalon.core.main.TestSuiteExecutor.execute(TestSuiteExecutor.java:81)
	at com.kms.katalon.core.main.TestCaseMain.startTestSuite(TestCaseMain.java:149)
	at com.kms.katalon.core.main.TestCaseMain$startTestSuite$0.call(Unknown Source)
	at TempTestSuite1565707895630.run(TempTestSuite1565707895630.groovy:36)


2019-08-13 11:09:34 - [TEST_STEP][PASSED] - callTestCase(findTestCase("CALL-URL"), [:], STOP_ON_FAILURE): Call Test Case 'Test Cases/CALL-URL' successfully

2019-08-13 11:09:34 - [TEST_CASE][PASSED] - Test Cases/CALL-URL: Test Cases/CALL-URL

2019-08-13 11:09:34 - [TEST_STEP][PASSED] - openBrowser(""): Browser is opened with url: ''

2019-08-13 11:09:34 - [MESSAGE][WARNING] - A browser is already opened. Closing browser and opening a new one

2019-08-13 11:09:34 - [MESSAGE][INFO] - Starting 'Chrome' driver

2019-08-13 11:09:35 - [MESSAGE][PASSED] - Browser is opened with url: ''

2019-08-13 11:09:35 - [TEST_STEP][PASSED] - navigateToUrl("https://charlotterusse.com/"): Navigate to 'https://charlotterusse.com/' successfully

2019-08-13 11:09:38 - [MESSAGE][PASSED] - Navigate to 'https://charlotterusse.com/' successfully

2019-08-13 11:09:38 - [TEST_STEP][PASSED] - click(findTestObject("CR-DESKTOP/Window pop up/language- english")): Object: 'Object Repository/CR-DESKTOP/Window pop up/language- english' is clicked on

2019-08-13 11:09:38 - [MESSAGE][PASSED] - Object: 'Object Repository/CR-DESKTOP/Window pop up/language- english' is clicked on

2019-08-13 11:09:38 - [TEST_STEP][PASSED] - click(findTestObject("CR-DESKTOP/Window pop up/Pop up - close")): Object: 'Object Repository/CR-DESKTOP/Window pop up/Pop up - close' is clicked on

2019-08-13 11:09:38 - [MESSAGE][PASSED] - Object: 'Object Repository/CR-DESKTOP/Window pop up/Pop up - close' is clicked on

2019-08-13 11:09:38 - [TEST_STEP][PASSED] - maximizeWindow(): Current window maximized

2019-08-13 11:09:38 - [MESSAGE][PASSED] - Current window maximized

2019-08-13 11:09:38 - [MESSAGE][PASSED] - Call Test Case 'Test Cases/CALL-URL' successfully

2019-08-13 11:09:38 - [TEST_STEP][PASSED] - delay(2): Delayed 2 second(s)

2019-08-13 11:09:40 - [MESSAGE][PASSED] - Delayed 2 second(s)

2019-08-13 11:09:40 - [TEST_STEP][PASSED] - click(findTestObject("CR-DESKTOP/Home page/Add prod - home page/Hero banner - 1 st")): Object: 'Object Repository/CR-DESKTOP/Home page/Add prod - home page/Hero banner - 1 st' is clicked on

2019-08-13 11:09:41 - [MESSAGE][PASSED] - Object: 'Object Repository/CR-DESKTOP/Home page/Add prod - home page/Hero banner - 1 st' is clicked on

2019-08-13 11:09:41 - [TEST_STEP][PASSED] - delay(2): Delayed 2 second(s)

2019-08-13 11:09:43 - [MESSAGE][PASSED] - Delayed 2 second(s)

2019-08-13 11:09:43 - [TEST_STEP][PASSED] - getWindowTitle(): Current window's title is: 'Charlotte Russe | New - Shop All New'

2019-08-13 11:09:43 - [MESSAGE][PASSED] - Current window's title is: 'Charlotte Russe | New - Shop All New'

2019-08-13 11:09:43 - [TEST_STEP][PASSED] - delay(2): Delayed 2 second(s)

2019-08-13 11:09:45 - [MESSAGE][PASSED] - Delayed 2 second(s)

2019-08-13 11:09:45 - [TEST_STEP][PASSED] - click(findTestObject("CR-DESKTOP/Home page/Add prod - home page/Charlotte russe icon")): Object: 'Object Repository/CR-DESKTOP/Home page/Add prod - home page/Charlotte russe icon' is clicked on

2019-08-13 11:09:46 - [MESSAGE][PASSED] - Object: 'Object Repository/CR-DESKTOP/Home page/Add prod - home page/Charlotte russe icon' is clicked on

2019-08-13 11:09:46 - [TEST_STEP][PASSED] - delay(2): Delayed 2 second(s)

2019-08-13 11:09:48 - [MESSAGE][PASSED] - Delayed 2 second(s)

2019-08-13 11:09:48 - [TEST_STEP][PASSED] - click(findTestObject("CR-DESKTOP/Home page/Add prod - home page/banner - slider")): Object: 'Object Repository/CR-DESKTOP/Home page/Add prod - home page/banner - slider' is clicked on

2019-08-13 11:09:48 - [MESSAGE][PASSED] - Object: 'Object Repository/CR-DESKTOP/Home page/Add prod - home page/banner - slider' is clicked on

2019-08-13 11:09:48 - [TEST_STEP][PASSED] - delay(2): Delayed 2 second(s)

2019-08-13 11:09:50 - [MESSAGE][PASSED] - Delayed 2 second(s)

2019-08-13 11:09:50 - [TEST_STEP][PASSED] - click(findTestObject("CR-DESKTOP/Home page/Add prod - home page/Hero banner - 2nd")): Object: 'Object Repository/CR-DESKTOP/Home page/Add prod - home page/Hero banner - 2nd' is clicked on

2019-08-13 11:09:52 - [MESSAGE][PASSED] - Object: 'Object Repository/CR-DESKTOP/Home page/Add prod - home page/Hero banner - 2nd' is clicked on

2019-08-13 11:09:52 - [TEST_STEP][PASSED] - delay(2): Delayed 2 second(s)

2019-08-13 11:09:54 - [MESSAGE][PASSED] - Delayed 2 second(s)

2019-08-13 11:09:54 - [TEST_STEP][PASSED] - a = getWindowTitle(): Current window's title is: 'Charlotte Russe | Dresses - Shop All Dresses'

2019-08-13 11:09:54 - [MESSAGE][PASSED] - Current window's title is: 'Charlotte Russe | Dresses - Shop All Dresses'

2019-08-13 11:09:54 - [TEST_STEP][PASSED] - comment("a=" + a): a=Charlotte Russe | Dresses - Shop All Dresses

2019-08-13 11:09:54 - [MESSAGE][INFO] - a=Charlotte Russe | Dresses - Shop All Dresses

2019-08-13 11:09:54 - [TEST_STEP][PASSED] - k = "Charlotte Russe | Dresses - Shop All Dresses ": null

2019-08-13 11:09:54 - [TEST_STEP][PASSED] - comment("k=" + k): k=Charlotte Russe | Dresses - Shop All Dresses 

2019-08-13 11:09:54 - [MESSAGE][INFO] - k=Charlotte Russe | Dresses - Shop All Dresses 

2019-08-13 11:09:54 - [TEST_STEP][FAILED] - verifyMatch("a", "k", false): verifyMatch("a", "k", false) FAILED.
Reason:
com.kms.katalon.core.exception.StepFailedException: Unable to verify match between actual text 'a' and expected text 'k' (Root cause: com.kms.katalon.core.exception.StepFailedException: Actual text 'a' and expected text 'k' are not matched)
	at com.kms.katalon.core.keyword.internal.KeywordMain.stepFailed(KeywordMain.groovy:36)
	at com.kms.katalon.core.keyword.internal.KeywordMain.stepFailed(KeywordMain.groovy)
	at com.kms.katalon.core.keyword.internal.KeywordMain.runKeyword(KeywordMain.groovy:56)
	at com.kms.katalon.core.keyword.builtin.VerifyMatchKeyword.verifyMatch(VerifyMatchKeyword.groovy:60)
	at com.kms.katalon.core.keyword.builtin.VerifyMatchKeyword.execute(VerifyMatchKeyword.groovy:45)
	at com.kms.katalon.core.keyword.internal.KeywordExecutor.executeKeywordForPlatform(KeywordExecutor.groovy:53)
	at com.kms.katalon.core.keyword.BuiltinKeywords.verifyMatch(BuiltinKeywords.groovy:73)
	at Home page - CTA.run(Home page - CTA:48)
	at com.kms.katalon.core.main.ScriptEngine.run(ScriptEngine.java:194)
	at com.kms.katalon.core.main.ScriptEngine.runScriptAsRawText(ScriptEngine.java:119)
	at com.kms.katalon.core.main.TestCaseExecutor.runScript(TestCaseExecutor.java:328)
	at com.kms.katalon.core.main.TestCaseExecutor.doExecute(TestCaseExecutor.java:319)
	at com.kms.katalon.core.main.TestCaseExecutor.processExecutionPhase(TestCaseExecutor.java:298)
	at com.kms.katalon.core.main.TestCaseExecutor.accessMainPhase(TestCaseExecutor.java:290)
	at com.kms.katalon.core.main.TestCaseExecutor.execute(TestCaseExecutor.java:224)
	at com.kms.katalon.core.main.TestSuiteExecutor.accessTestCaseMainPhase(TestSuiteExecutor.java:129)
	at com.kms.katalon.core.main.TestSuiteExecutor.accessTestSuiteMainPhase(TestSuiteExecutor.java:112)
	at com.kms.katalon.core.main.TestSuiteExecutor.execute(TestSuiteExecutor.java:81)
	at com.kms.katalon.core.main.TestCaseMain.startTestSuite(TestCaseMain.java:149)
	at com.kms.katalon.core.main.TestCaseMain$startTestSuite$0.call(Unknown Source)
	at TempTestSuite1565707895630.run(TempTestSuite1565707895630.groovy:36)


2019-08-13 11:09:54 - [MESSAGE][FAILED] - Unable to verify match between actual text 'a' and expected text 'k' (Root cause: com.kms.katalon.core.exception.StepFailedException: Actual text 'a' and expected text 'k' are not matched)

2019-08-13 11:09:54 - [MESSAGE][FAILED] - verifyMatch("a", "k", false) FAILED.
Reason:
com.kms.katalon.core.exception.StepFailedException: Unable to verify match between actual text 'a' and expected text 'k' (Root cause: com.kms.katalon.core.exception.StepFailedException: Actual text 'a' and expected text 'k' are not matched)
	at com.kms.katalon.core.keyword.internal.KeywordMain.stepFailed(KeywordMain.groovy:36)
	at com.kms.katalon.core.keyword.internal.KeywordMain.stepFailed(KeywordMain.groovy)
	at com.kms.katalon.core.keyword.internal.KeywordMain.runKeyword(KeywordMain.groovy:56)
	at com.kms.katalon.core.keyword.builtin.VerifyMatchKeyword.verifyMatch(VerifyMatchKeyword.groovy:60)
	at com.kms.katalon.core.keyword.builtin.VerifyMatchKeyword.execute(VerifyMatchKeyword.groovy:45)
	at com.kms.katalon.core.keyword.internal.KeywordExecutor.executeKeywordForPlatform(KeywordExecutor.groovy:53)
	at com.kms.katalon.core.keyword.BuiltinKeywords.verifyMatch(BuiltinKeywords.groovy:73)
	at Home page - CTA.run(Home page - CTA:48)
	at com.kms.katalon.core.main.ScriptEngine.run(ScriptEngine.java:194)
	at com.kms.katalon.core.main.ScriptEngine.runScriptAsRawText(ScriptEngine.java:119)
	at com.kms.katalon.core.main.TestCaseExecutor.runScript(TestCaseExecutor.java:328)
	at com.kms.katalon.core.main.TestCaseExecutor.doExecute(TestCaseExecutor.java:319)
	at com.kms.katalon.core.main.TestCaseExecutor.processExecutionPhase(TestCaseExecutor.java:298)
	at com.kms.katalon.core.main.TestCaseExecutor.accessMainPhase(TestCaseExecutor.java:290)
	at com.kms.katalon.core.main.TestCaseExecutor.execute(TestCaseExecutor.java:224)
	at com.kms.katalon.core.main.TestSuiteExecutor.accessTestCaseMainPhase(TestSuiteExecutor.java:129)
	at com.kms.katalon.core.main.TestSuiteExecutor.accessTestSuiteMainPhase(TestSuiteExecutor.java:112)
	at com.kms.katalon.core.main.TestSuiteExecutor.execute(TestSuiteExecutor.java:81)
	at com.kms.katalon.core.main.TestCaseMain.startTestSuite(TestCaseMain.java:149)
	at com.kms.katalon.core.main.TestCaseMain$startTestSuite$0.call(Unknown Source)
	at TempTestSuite1565707895630.run(TempTestSuite1565707895630.groovy:36)]]></system-out>
         <system-err><![CDATA[2019-08-13 11:09:34 - [TEST_CASE][FAILED] - Test Cases/HOME PAGE/Home page - CTA: Test Cases/HOME PAGE/Home page - CTA FAILED.
Reason:
com.kms.katalon.core.exception.StepFailedException: Unable to verify match between actual text 'a' and expected text 'k' (Root cause: com.kms.katalon.core.exception.StepFailedException: Actual text 'a' and expected text 'k' are not matched)
	at com.kms.katalon.core.keyword.internal.KeywordMain.stepFailed(KeywordMain.groovy:36)
	at com.kms.katalon.core.keyword.internal.KeywordMain.stepFailed(KeywordMain.groovy)
	at com.kms.katalon.core.keyword.internal.KeywordMain.runKeyword(KeywordMain.groovy:56)
	at com.kms.katalon.core.keyword.builtin.VerifyMatchKeyword.verifyMatch(VerifyMatchKeyword.groovy:60)
	at com.kms.katalon.core.keyword.builtin.VerifyMatchKeyword.execute(VerifyMatchKeyword.groovy:45)
	at com.kms.katalon.core.keyword.internal.KeywordExecutor.executeKeywordForPlatform(KeywordExecutor.groovy:53)
	at com.kms.katalon.core.keyword.BuiltinKeywords.verifyMatch(BuiltinKeywords.groovy:73)
	at Home page - CTA.run(Home page - CTA:48)
	at com.kms.katalon.core.main.ScriptEngine.run(ScriptEngine.java:194)
	at com.kms.katalon.core.main.ScriptEngine.runScriptAsRawText(ScriptEngine.java:119)
	at com.kms.katalon.core.main.TestCaseExecutor.runScript(TestCaseExecutor.java:328)
	at com.kms.katalon.core.main.TestCaseExecutor.doExecute(TestCaseExecutor.java:319)
	at com.kms.katalon.core.main.TestCaseExecutor.processExecutionPhase(TestCaseExecutor.java:298)
	at com.kms.katalon.core.main.TestCaseExecutor.accessMainPhase(TestCaseExecutor.java:290)
	at com.kms.katalon.core.main.TestCaseExecutor.execute(TestCaseExecutor.java:224)
	at com.kms.katalon.core.main.TestSuiteExecutor.accessTestCaseMainPhase(TestSuiteExecutor.java:129)
	at com.kms.katalon.core.main.TestSuiteExecutor.accessTestSuiteMainPhase(TestSuiteExecutor.java:112)
	at com.kms.katalon.core.main.TestSuiteExecutor.execute(TestSuiteExecutor.java:81)
	at com.kms.katalon.core.main.TestCaseMain.startTestSuite(TestCaseMain.java:149)
	at com.kms.katalon.core.main.TestCaseMain$startTestSuite$0.call(Unknown Source)
	at TempTestSuite1565707895630.run(TempTestSuite1565707895630.groovy:36)]]></system-err>
      </testcase>
      <testcase name="Test Cases/HOME PAGE/Language toggler" classname="Test Cases/HOME PAGE/Language toggler" status="PASSED">
         <system-out><![CDATA[2019-08-13 11:09:54 - [TEST_CASE][PASSED] - Test Cases/HOME PAGE/Language toggler: Test Cases/HOME PAGE/Language toggler

2019-08-13 11:09:54 - [TEST_STEP][PASSED] - callTestCase(findTestCase("CALL-URL"), [:], STOP_ON_FAILURE): Call Test Case 'Test Cases/CALL-URL' successfully

2019-08-13 11:09:54 - [TEST_CASE][PASSED] - Test Cases/CALL-URL: Test Cases/CALL-URL

2019-08-13 11:09:54 - [TEST_STEP][PASSED] - openBrowser(""): Browser is opened with url: ''

2019-08-13 11:09:54 - [MESSAGE][WARNING] - A browser is already opened. Closing browser and opening a new one

2019-08-13 11:09:55 - [MESSAGE][INFO] - Starting 'Chrome' driver

2019-08-13 11:09:56 - [MESSAGE][PASSED] - Browser is opened with url: ''

2019-08-13 11:09:56 - [TEST_STEP][PASSED] - navigateToUrl("https://charlotterusse.com/"): Navigate to 'https://charlotterusse.com/' successfully

2019-08-13 11:10:04 - [MESSAGE][PASSED] - Navigate to 'https://charlotterusse.com/' successfully

2019-08-13 11:10:04 - [TEST_STEP][PASSED] - click(findTestObject("CR-DESKTOP/Window pop up/language- english")): Object: 'Object Repository/CR-DESKTOP/Window pop up/language- english' is clicked on

2019-08-13 11:10:04 - [MESSAGE][PASSED] - Object: 'Object Repository/CR-DESKTOP/Window pop up/language- english' is clicked on

2019-08-13 11:10:04 - [TEST_STEP][PASSED] - click(findTestObject("CR-DESKTOP/Window pop up/Pop up - close")): Object: 'Object Repository/CR-DESKTOP/Window pop up/Pop up - close' is clicked on

2019-08-13 11:10:04 - [MESSAGE][PASSED] - Object: 'Object Repository/CR-DESKTOP/Window pop up/Pop up - close' is clicked on

2019-08-13 11:10:04 - [TEST_STEP][PASSED] - maximizeWindow(): Current window maximized

2019-08-13 11:10:04 - [MESSAGE][PASSED] - Current window maximized

2019-08-13 11:10:04 - [MESSAGE][PASSED] - Call Test Case 'Test Cases/CALL-URL' successfully

2019-08-13 11:10:04 - [TEST_STEP][PASSED] - delay(2): Delayed 2 second(s)

2019-08-13 11:10:06 - [MESSAGE][PASSED] - Delayed 2 second(s)

2019-08-13 11:10:06 - [TEST_STEP][PASSED] - click(findTestObject("CR-DESKTOP/Home page/Spanish")): Object: 'Object Repository/CR-DESKTOP/Home page/Spanish' is clicked on

2019-08-13 11:10:06 - [MESSAGE][PASSED] - Object: 'Object Repository/CR-DESKTOP/Home page/Spanish' is clicked on

2019-08-13 11:10:06 - [TEST_STEP][PASSED] - delay(2): Delayed 2 second(s)

2019-08-13 11:10:08 - [MESSAGE][PASSED] - Delayed 2 second(s)

2019-08-13 11:10:08 - [TEST_STEP][PASSED] - takeScreenshot(): Taking screenshot successfully

2019-08-13 11:10:11 - [MESSAGE][PASSED] - Taking screenshot successfully
[[ATTACHMENT|/Users/sumankompelly/git/CR-Desktop/Reports/suite-chrome/20190813_105135/1565709008874.png]]

2019-08-13 11:10:11 - [TEST_STEP][NOT_RUN] - executeJavaScript("var previewBar = document.getElementById("preview-bar-iframe"); previewBar.style.display = "none";", []): NOT_RUN: executeJavaScript("var previewBar = document.getElementById("preview-bar-iframe"); previewBar.style.display = "none";", [])

2019-08-13 11:10:11 - [MESSAGE][NOT_RUN] - NOT_RUN: executeJavaScript("var previewBar = document.getElementById("preview-bar-iframe"); previewBar.style.display = "none";", [])

2019-08-13 11:10:11 - [TEST_STEP][PASSED] - click(findTestObject("CR-DESKTOP/Home page/English")): Object: 'Object Repository/CR-DESKTOP/Home page/English' is clicked on

2019-08-13 11:10:11 - [MESSAGE][PASSED] - Object: 'Object Repository/CR-DESKTOP/Home page/English' is clicked on

2019-08-13 11:10:11 - [TEST_STEP][PASSED] - delay(5): Delayed 5 second(s)

2019-08-13 11:10:16 - [MESSAGE][PASSED] - Delayed 5 second(s)

2019-08-13 11:10:16 - [TEST_STEP][PASSED] - takeScreenshot(): Taking screenshot successfully

2019-08-13 11:10:17 - [MESSAGE][PASSED] - Taking screenshot successfully
[[ATTACHMENT|/Users/sumankompelly/git/CR-Desktop/Reports/suite-chrome/20190813_105135/1565709016674.png]]]]></system-out>
         <system-err><![CDATA[]]></system-err>
      </testcase>
      <testcase name="Test Cases/HOME PAGE/Footer" classname="Test Cases/HOME PAGE/Footer" status="PASSED">
         <system-out><![CDATA[2019-08-13 11:10:17 - [TEST_CASE][PASSED] - Test Cases/HOME PAGE/Footer: Test Cases/HOME PAGE/Footer

2019-08-13 11:10:17 - [TEST_STEP][PASSED] - callTestCase(findTestCase("CALL-URL"), [:], STOP_ON_FAILURE): Call Test Case 'Test Cases/CALL-URL' successfully

2019-08-13 11:10:17 - [TEST_CASE][PASSED] - Test Cases/CALL-URL: Test Cases/CALL-URL

2019-08-13 11:10:17 - [TEST_STEP][PASSED] - openBrowser(""): Browser is opened with url: ''

2019-08-13 11:10:17 - [MESSAGE][WARNING] - A browser is already opened. Closing browser and opening a new one

2019-08-13 11:10:17 - [MESSAGE][INFO] - Starting 'Chrome' driver

2019-08-13 11:10:18 - [MESSAGE][PASSED] - Browser is opened with url: ''

2019-08-13 11:10:18 - [TEST_STEP][PASSED] - navigateToUrl("https://charlotterusse.com/"): Navigate to 'https://charlotterusse.com/' successfully

2019-08-13 11:10:23 - [MESSAGE][PASSED] - Navigate to 'https://charlotterusse.com/' successfully

2019-08-13 11:10:23 - [TEST_STEP][PASSED] - click(findTestObject("CR-DESKTOP/Window pop up/language- english")): Object: 'Object Repository/CR-DESKTOP/Window pop up/language- english' is clicked on

2019-08-13 11:10:23 - [MESSAGE][PASSED] - Object: 'Object Repository/CR-DESKTOP/Window pop up/language- english' is clicked on

2019-08-13 11:10:23 - [TEST_STEP][PASSED] - click(findTestObject("CR-DESKTOP/Window pop up/Pop up - close")): Object: 'Object Repository/CR-DESKTOP/Window pop up/Pop up - close' is clicked on

2019-08-13 11:10:23 - [MESSAGE][PASSED] - Object: 'Object Repository/CR-DESKTOP/Window pop up/Pop up - close' is clicked on

2019-08-13 11:10:23 - [TEST_STEP][PASSED] - maximizeWindow(): Current window maximized

2019-08-13 11:10:24 - [MESSAGE][PASSED] - Current window maximized

2019-08-13 11:10:24 - [MESSAGE][PASSED] - Call Test Case 'Test Cases/CALL-URL' successfully

2019-08-13 11:10:24 - [TEST_STEP][PASSED] - delay(2): Delayed 2 second(s)

2019-08-13 11:10:26 - [MESSAGE][PASSED] - Delayed 2 second(s)

2019-08-13 11:10:26 - [TEST_STEP][PASSED] - click(findTestObject("CR-DESKTOP/Home page/Footer/a_Contact Us")): Object: 'Object Repository/CR-DESKTOP/Home page/Footer/a_Contact Us' is clicked on

2019-08-13 11:10:27 - [MESSAGE][PASSED] - Object: 'Object Repository/CR-DESKTOP/Home page/Footer/a_Contact Us' is clicked on

2019-08-13 11:10:27 - [TEST_STEP][PASSED] - delay(2): Delayed 2 second(s)

2019-08-13 11:10:29 - [MESSAGE][PASSED] - Delayed 2 second(s)

2019-08-13 11:10:29 - [TEST_STEP][PASSED] - click(findTestObject("CR-DESKTOP/Home page/Footer/a_Track Order")): Object: 'Object Repository/CR-DESKTOP/Home page/Footer/a_Track Order' is clicked on

2019-08-13 11:10:30 - [MESSAGE][PASSED] - Object: 'Object Repository/CR-DESKTOP/Home page/Footer/a_Track Order' is clicked on

2019-08-13 11:10:30 - [TEST_STEP][PASSED] - delay(2): Delayed 2 second(s)

2019-08-13 11:10:32 - [MESSAGE][PASSED] - Delayed 2 second(s)

2019-08-13 11:10:32 - [TEST_STEP][PASSED] - click(findTestObject("CR-DESKTOP/Home page/Footer/a_Shipping Info")): Object: 'Object Repository/CR-DESKTOP/Home page/Footer/a_Shipping Info' is clicked on

2019-08-13 11:10:34 - [MESSAGE][PASSED] - Object: 'Object Repository/CR-DESKTOP/Home page/Footer/a_Shipping Info' is clicked on

2019-08-13 11:10:34 - [TEST_STEP][PASSED] - delay(2): Delayed 2 second(s)

2019-08-13 11:10:36 - [MESSAGE][PASSED] - Delayed 2 second(s)

2019-08-13 11:10:36 - [TEST_STEP][PASSED] - click(findTestObject("CR-DESKTOP/Home page/Footer/a_Return Policy")): Object: 'Object Repository/CR-DESKTOP/Home page/Footer/a_Return Policy' is clicked on

2019-08-13 11:10:37 - [MESSAGE][PASSED] - Object: 'Object Repository/CR-DESKTOP/Home page/Footer/a_Return Policy' is clicked on

2019-08-13 11:10:37 - [TEST_STEP][PASSED] - delay(2): Delayed 2 second(s)

2019-08-13 11:10:39 - [MESSAGE][PASSED] - Delayed 2 second(s)

2019-08-13 11:10:39 - [TEST_STEP][PASSED] - click(findTestObject("CR-DESKTOP/Home page/Footer/a_About Us")): Object: 'Object Repository/CR-DESKTOP/Home page/Footer/a_About Us' is clicked on

2019-08-13 11:10:40 - [MESSAGE][PASSED] - Object: 'Object Repository/CR-DESKTOP/Home page/Footer/a_About Us' is clicked on

2019-08-13 11:10:40 - [TEST_STEP][PASSED] - delay(2): Delayed 2 second(s)

2019-08-13 11:10:42 - [MESSAGE][PASSED] - Delayed 2 second(s)

2019-08-13 11:10:42 - [TEST_STEP][PASSED] - click(findTestObject("CR-DESKTOP/Home page/Footer/a_Careers")): Object: 'Object Repository/CR-DESKTOP/Home page/Footer/a_Careers' is clicked on

2019-08-13 11:10:43 - [MESSAGE][PASSED] - Object: 'Object Repository/CR-DESKTOP/Home page/Footer/a_Careers' is clicked on

2019-08-13 11:10:43 - [TEST_STEP][PASSED] - delay(2): Delayed 2 second(s)

2019-08-13 11:10:45 - [MESSAGE][PASSED] - Delayed 2 second(s)

2019-08-13 11:10:45 - [TEST_STEP][PASSED] - click(findTestObject("CR-DESKTOP/Home page/Footer/a_Terms  Conditions")): Object: 'Object Repository/CR-DESKTOP/Home page/Footer/a_Terms  Conditions' is clicked on

2019-08-13 11:10:46 - [MESSAGE][PASSED] - Object: 'Object Repository/CR-DESKTOP/Home page/Footer/a_Terms  Conditions' is clicked on

2019-08-13 11:10:46 - [TEST_STEP][PASSED] - delay(2): Delayed 2 second(s)

2019-08-13 11:10:48 - [MESSAGE][PASSED] - Delayed 2 second(s)

2019-08-13 11:10:48 - [TEST_STEP][PASSED] - click(findTestObject("CR-DESKTOP/Home page/Footer/a_Privacy Policy")): Object: 'Object Repository/CR-DESKTOP/Home page/Footer/a_Privacy Policy' is clicked on

2019-08-13 11:10:49 - [MESSAGE][PASSED] - Object: 'Object Repository/CR-DESKTOP/Home page/Footer/a_Privacy Policy' is clicked on

2019-08-13 11:10:49 - [TEST_STEP][PASSED] - delay(2): Delayed 2 second(s)

2019-08-13 11:10:51 - [MESSAGE][PASSED] - Delayed 2 second(s)

2019-08-13 11:10:51 - [TEST_STEP][PASSED] - click(findTestObject("CR-DESKTOP/Home page/Footer/a_Social Media Policy")): Object: 'Object Repository/CR-DESKTOP/Home page/Footer/a_Social Media Policy' is clicked on

2019-08-13 11:10:52 - [MESSAGE][PASSED] - Object: 'Object Repository/CR-DESKTOP/Home page/Footer/a_Social Media Policy' is clicked on

2019-08-13 11:10:52 - [TEST_STEP][PASSED] - delay(2): Delayed 2 second(s)

2019-08-13 11:10:54 - [MESSAGE][PASSED] - Delayed 2 second(s)

2019-08-13 11:10:54 - [TEST_STEP][PASSED] - click(findTestObject("CR-DESKTOP/Home page/Footer/a_FAQs")): Object: 'Object Repository/CR-DESKTOP/Home page/Footer/a_FAQs' is clicked on

2019-08-13 11:10:55 - [MESSAGE][PASSED] - Object: 'Object Repository/CR-DESKTOP/Home page/Footer/a_FAQs' is clicked on

2019-08-13 11:10:55 - [TEST_STEP][PASSED] - delay(2): Delayed 2 second(s)

2019-08-13 11:10:57 - [MESSAGE][PASSED] - Delayed 2 second(s)

2019-08-13 11:10:57 - [TEST_STEP][PASSED] - click(findTestObject("CR-DESKTOP/Home page/Footer/a_Size Chart")): Object: 'Object Repository/CR-DESKTOP/Home page/Footer/a_Size Chart' is clicked on

2019-08-13 11:10:58 - [MESSAGE][PASSED] - Object: 'Object Repository/CR-DESKTOP/Home page/Footer/a_Size Chart' is clicked on

2019-08-13 11:10:58 - [TEST_STEP][PASSED] - delay(2): Delayed 2 second(s)

2019-08-13 11:11:00 - [MESSAGE][PASSED] - Delayed 2 second(s)

2019-08-13 11:11:00 - [TEST_STEP][PASSED] - click(findTestObject("CR-DESKTOP/Home page/Footer/a_Find a Store")): Object: 'Object Repository/CR-DESKTOP/Home page/Footer/a_Find a Store' is clicked on

2019-08-13 11:11:02 - [MESSAGE][PASSED] - Object: 'Object Repository/CR-DESKTOP/Home page/Footer/a_Find a Store' is clicked on

2019-08-13 11:11:02 - [TEST_STEP][PASSED] - delay(2): Delayed 2 second(s)

2019-08-13 11:11:04 - [MESSAGE][PASSED] - Delayed 2 second(s)

2019-08-13 11:11:04 - [TEST_STEP][PASSED] - click(findTestObject("CR-DESKTOP/Home page/Footer/Facebook")): Object: 'Object Repository/CR-DESKTOP/Home page/Footer/Facebook' is clicked on

2019-08-13 11:11:04 - [MESSAGE][PASSED] - Object: 'Object Repository/CR-DESKTOP/Home page/Footer/Facebook' is clicked on

2019-08-13 11:11:04 - [TEST_STEP][PASSED] - delay(2): Delayed 2 second(s)

2019-08-13 11:11:06 - [MESSAGE][PASSED] - Delayed 2 second(s)

2019-08-13 11:11:06 - [TEST_STEP][PASSED] - click(findTestObject("CR-DESKTOP/Home page/Footer/twitter")): Object: 'Object Repository/CR-DESKTOP/Home page/Footer/twitter' is clicked on

2019-08-13 11:11:11 - [MESSAGE][PASSED] - Object: 'Object Repository/CR-DESKTOP/Home page/Footer/twitter' is clicked on

2019-08-13 11:11:11 - [TEST_STEP][PASSED] - delay(2): Delayed 2 second(s)

2019-08-13 11:11:13 - [MESSAGE][PASSED] - Delayed 2 second(s)

2019-08-13 11:11:13 - [TEST_STEP][PASSED] - click(findTestObject("CR-DESKTOP/Home page/Footer/Instagram")): Object: 'Object Repository/CR-DESKTOP/Home page/Footer/Instagram' is clicked on

2019-08-13 11:11:18 - [MESSAGE][PASSED] - Object: 'Object Repository/CR-DESKTOP/Home page/Footer/Instagram' is clicked on

2019-08-13 11:11:18 - [TEST_STEP][PASSED] - delay(2): Delayed 2 second(s)

2019-08-13 11:11:20 - [MESSAGE][PASSED] - Delayed 2 second(s)

2019-08-13 11:11:20 - [TEST_STEP][PASSED] - click(findTestObject("CR-DESKTOP/Home page/Footer/Pintrest")): Object: 'Object Repository/CR-DESKTOP/Home page/Footer/Pintrest' is clicked on

2019-08-13 11:11:25 - [MESSAGE][PASSED] - Object: 'Object Repository/CR-DESKTOP/Home page/Footer/Pintrest' is clicked on

2019-08-13 11:11:25 - [TEST_STEP][PASSED] - delay(2): Delayed 2 second(s)

2019-08-13 11:11:27 - [MESSAGE][PASSED] - Delayed 2 second(s)

2019-08-13 11:11:27 - [TEST_STEP][PASSED] - click(findTestObject("CR-DESKTOP/Home page/Footer/youtube")): Object: 'Object Repository/CR-DESKTOP/Home page/Footer/youtube' is clicked on

2019-08-13 11:11:33 - [MESSAGE][PASSED] - Object: 'Object Repository/CR-DESKTOP/Home page/Footer/youtube' is clicked on

2019-08-13 11:11:33 - [TEST_STEP][PASSED] - delay(2): Delayed 2 second(s)

2019-08-13 11:11:35 - [MESSAGE][PASSED] - Delayed 2 second(s)

2019-08-13 11:11:35 - [TEST_STEP][PASSED] - setText(findTestObject("CR-DESKTOP/Home page/Footer/Input"), "suman@gmail.com"): Text 'suman@gmail.com' is set on object 'Object Repository/CR-DESKTOP/Home page/Footer/Input'

2019-08-13 11:11:35 - [MESSAGE][PASSED] - Text 'suman@gmail.com' is set on object 'Object Repository/CR-DESKTOP/Home page/Footer/Input'

2019-08-13 11:11:35 - [TEST_STEP][PASSED] - delay(2): Delayed 2 second(s)

2019-08-13 11:11:37 - [MESSAGE][PASSED] - Delayed 2 second(s)

2019-08-13 11:11:37 - [TEST_STEP][PASSED] - click(findTestObject("CR-DESKTOP/Home page/Footer/button_Sign Up")): Object: 'Object Repository/CR-DESKTOP/Home page/Footer/button_Sign Up' is clicked on

2019-08-13 11:11:42 - [MESSAGE][PASSED] - Object: 'Object Repository/CR-DESKTOP/Home page/Footer/button_Sign Up' is clicked on

2019-08-13 11:11:42 - [TEST_STEP][PASSED] - delay(2): Delayed 2 second(s)

2019-08-13 11:11:44 - [MESSAGE][PASSED] - Delayed 2 second(s)

2019-08-13 11:11:44 - [TEST_STEP][PASSED] - getText(findTestObject("CR-DESKTOP/Home page/Footer/div_Thank you for subscribing")): Text of object 'Object Repository/CR-DESKTOP/Home page/Footer/div_Thank you for subscribing' is: 'Thank you for subscribing!'

2019-08-13 11:11:44 - [MESSAGE][PASSED] - Text of object 'Object Repository/CR-DESKTOP/Home page/Footer/div_Thank you for subscribing' is: 'Thank you for subscribing!'

2019-08-13 11:11:44 - [TEST_STEP][PASSED] - delay(2): Delayed 2 second(s)

2019-08-13 11:11:46 - [MESSAGE][PASSED] - Delayed 2 second(s)

2019-08-13 11:11:46 - [TEST_STEP][PASSED] - click(findTestObject("CR-DESKTOP/Home page/Footer/Store locator")): Object: 'Object Repository/CR-DESKTOP/Home page/Footer/Store locator' is clicked on

2019-08-13 11:11:52 - [MESSAGE][PASSED] - Object: 'Object Repository/CR-DESKTOP/Home page/Footer/Store locator' is clicked on

2019-08-13 11:11:52 - [TEST_STEP][PASSED] - delay(2): Delayed 2 second(s)

2019-08-13 11:11:54 - [MESSAGE][PASSED] - Delayed 2 second(s)

2019-08-13 11:11:54 - [TEST_STEP][PASSED] - click(findTestObject("CR-DESKTOP/Home page/Footer/Contact us")): Object: 'Object Repository/CR-DESKTOP/Home page/Footer/Contact us' is clicked on

2019-08-13 11:11:56 - [MESSAGE][PASSED] - Object: 'Object Repository/CR-DESKTOP/Home page/Footer/Contact us' is clicked on

2019-08-13 11:11:56 - [TEST_STEP][PASSED] - delay(2): Delayed 2 second(s)

2019-08-13 11:11:58 - [MESSAGE][PASSED] - Delayed 2 second(s)

2019-08-13 11:11:58 - [TEST_STEP][PASSED] - click(findTestObject("CR-DESKTOP/Home page/Footer/Track package")): Object: 'Object Repository/CR-DESKTOP/Home page/Footer/Track package' is clicked on

2019-08-13 11:11:59 - [MESSAGE][PASSED] - Object: 'Object Repository/CR-DESKTOP/Home page/Footer/Track package' is clicked on]]></system-out>
         <system-err><![CDATA[]]></system-err>
      </testcase>
      <testcase name="Test Cases/HOME PAGE/Cart flyout opening" classname="Test Cases/HOME PAGE/Cart flyout opening" status="ERROR">
         <error type="ERROR" message="Test Cases/HOME PAGE/Cart flyout opening FAILED.
Reason:
java.lang.IllegalArgumentException: Cannot find test case 'Test Cases/CALL - URL'
	at com.kms.katalon.core.testcase.TestCaseFactory.findTestCase(TestCaseFactory.java:72)
	at com.kms.katalon.core.testcase.TestCaseFactory$findTestCase.callStatic(Unknown Source)
	at Cart flyout opening.run(Cart flyout opening:16)
	at com.kms.katalon.core.main.ScriptEngine.run(ScriptEngine.java:194)
	at com.kms.katalon.core.main.ScriptEngine.runScriptAsRawText(ScriptEngine.java:119)
	at com.kms.katalon.core.main.TestCaseExecutor.runScript(TestCaseExecutor.java:328)
	at com.kms.katalon.core.main.TestCaseExecutor.doExecute(TestCaseExecutor.java:319)
	at com.kms.katalon.core.main.TestCaseExecutor.processExecutionPhase(TestCaseExecutor.java:298)
	at com.kms.katalon.core.main.TestCaseExecutor.accessMainPhase(TestCaseExecutor.java:290)
	at com.kms.katalon.core.main.TestCaseExecutor.execute(TestCaseExecutor.java:224)
	at com.kms.katalon.core.main.TestSuiteExecutor.accessTestCaseMainPhase(TestSuiteExecutor.java:129)
	at com.kms.katalon.core.main.TestSuiteExecutor.accessTestSuiteMainPhase(TestSuiteExecutor.java:112)
	at com.kms.katalon.core.main.TestSuiteExecutor.execute(TestSuiteExecutor.java:81)
	at com.kms.katalon.core.main.TestCaseMain.startTestSuite(TestCaseMain.java:149)
	at com.kms.katalon.core.main.TestCaseMain$startTestSuite$0.call(Unknown Source)
	at TempTestSuite1565707895630.run(TempTestSuite1565707895630.groovy:36)
"/>
         <system-out><![CDATA[2019-08-13 11:11:59 - [TEST_CASE][ERROR] - Test Cases/HOME PAGE/Cart flyout opening: Test Cases/HOME PAGE/Cart flyout opening FAILED.
Reason:
java.lang.IllegalArgumentException: Cannot find test case 'Test Cases/CALL - URL'
	at com.kms.katalon.core.testcase.TestCaseFactory.findTestCase(TestCaseFactory.java:72)
	at com.kms.katalon.core.testcase.TestCaseFactory$findTestCase.callStatic(Unknown Source)
	at Cart flyout opening.run(Cart flyout opening:16)
	at com.kms.katalon.core.main.ScriptEngine.run(ScriptEngine.java:194)
	at com.kms.katalon.core.main.ScriptEngine.runScriptAsRawText(ScriptEngine.java:119)
	at com.kms.katalon.core.main.TestCaseExecutor.runScript(TestCaseExecutor.java:328)
	at com.kms.katalon.core.main.TestCaseExecutor.doExecute(TestCaseExecutor.java:319)
	at com.kms.katalon.core.main.TestCaseExecutor.processExecutionPhase(TestCaseExecutor.java:298)
	at com.kms.katalon.core.main.TestCaseExecutor.accessMainPhase(TestCaseExecutor.java:290)
	at com.kms.katalon.core.main.TestCaseExecutor.execute(TestCaseExecutor.java:224)
	at com.kms.katalon.core.main.TestSuiteExecutor.accessTestCaseMainPhase(TestSuiteExecutor.java:129)
	at com.kms.katalon.core.main.TestSuiteExecutor.accessTestSuiteMainPhase(TestSuiteExecutor.java:112)
	at com.kms.katalon.core.main.TestSuiteExecutor.execute(TestSuiteExecutor.java:81)
	at com.kms.katalon.core.main.TestCaseMain.startTestSuite(TestCaseMain.java:149)
	at com.kms.katalon.core.main.TestCaseMain$startTestSuite$0.call(Unknown Source)
	at TempTestSuite1565707895630.run(TempTestSuite1565707895630.groovy:36)


2019-08-13 11:11:59 - [TEST_STEP][ERROR] - callTestCase(findTestCase("CALL - URL"), [:], STOP_ON_FAILURE): callTestCase(findTestCase("CALL - URL"), [:], STOP_ON_FAILURE) FAILED.
Reason:
java.lang.IllegalArgumentException: Cannot find test case 'Test Cases/CALL - URL'
	at com.kms.katalon.core.testcase.TestCaseFactory.findTestCase(TestCaseFactory.java:72)
	at com.kms.katalon.core.testcase.TestCaseFactory$findTestCase.callStatic(Unknown Source)
	at Cart flyout opening.run(Cart flyout opening:16)
	at com.kms.katalon.core.main.ScriptEngine.run(ScriptEngine.java:194)
	at com.kms.katalon.core.main.ScriptEngine.runScriptAsRawText(ScriptEngine.java:119)
	at com.kms.katalon.core.main.TestCaseExecutor.runScript(TestCaseExecutor.java:328)
	at com.kms.katalon.core.main.TestCaseExecutor.doExecute(TestCaseExecutor.java:319)
	at com.kms.katalon.core.main.TestCaseExecutor.processExecutionPhase(TestCaseExecutor.java:298)
	at com.kms.katalon.core.main.TestCaseExecutor.accessMainPhase(TestCaseExecutor.java:290)
	at com.kms.katalon.core.main.TestCaseExecutor.execute(TestCaseExecutor.java:224)
	at com.kms.katalon.core.main.TestSuiteExecutor.accessTestCaseMainPhase(TestSuiteExecutor.java:129)
	at com.kms.katalon.core.main.TestSuiteExecutor.accessTestSuiteMainPhase(TestSuiteExecutor.java:112)
	at com.kms.katalon.core.main.TestSuiteExecutor.execute(TestSuiteExecutor.java:81)
	at com.kms.katalon.core.main.TestCaseMain.startTestSuite(TestCaseMain.java:149)
	at com.kms.katalon.core.main.TestCaseMain$startTestSuite$0.call(Unknown Source)
	at TempTestSuite1565707895630.run(TempTestSuite1565707895630.groovy:36)


2019-08-13 11:11:59 - [MESSAGE][ERROR] - callTestCase(findTestCase("CALL - URL"), [:], STOP_ON_FAILURE) FAILED.
Reason:
java.lang.IllegalArgumentException: Cannot find test case 'Test Cases/CALL - URL'
	at com.kms.katalon.core.testcase.TestCaseFactory.findTestCase(TestCaseFactory.java:72)
	at com.kms.katalon.core.testcase.TestCaseFactory$findTestCase.callStatic(Unknown Source)
	at Cart flyout opening.run(Cart flyout opening:16)
	at com.kms.katalon.core.main.ScriptEngine.run(ScriptEngine.java:194)
	at com.kms.katalon.core.main.ScriptEngine.runScriptAsRawText(ScriptEngine.java:119)
	at com.kms.katalon.core.main.TestCaseExecutor.runScript(TestCaseExecutor.java:328)
	at com.kms.katalon.core.main.TestCaseExecutor.doExecute(TestCaseExecutor.java:319)
	at com.kms.katalon.core.main.TestCaseExecutor.processExecutionPhase(TestCaseExecutor.java:298)
	at com.kms.katalon.core.main.TestCaseExecutor.accessMainPhase(TestCaseExecutor.java:290)
	at com.kms.katalon.core.main.TestCaseExecutor.execute(TestCaseExecutor.java:224)
	at com.kms.katalon.core.main.TestSuiteExecutor.accessTestCaseMainPhase(TestSuiteExecutor.java:129)
	at com.kms.katalon.core.main.TestSuiteExecutor.accessTestSuiteMainPhase(TestSuiteExecutor.java:112)
	at com.kms.katalon.core.main.TestSuiteExecutor.execute(TestSuiteExecutor.java:81)
	at com.kms.katalon.core.main.TestCaseMain.startTestSuite(TestCaseMain.java:149)
	at com.kms.katalon.core.main.TestCaseMain$startTestSuite$0.call(Unknown Source)
	at TempTestSuite1565707895630.run(TempTestSuite1565707895630.groovy:36)]]></system-out>
         <system-err><![CDATA[2019-08-13 11:11:59 - [TEST_CASE][ERROR] - Test Cases/HOME PAGE/Cart flyout opening: Test Cases/HOME PAGE/Cart flyout opening FAILED.
Reason:
java.lang.IllegalArgumentException: Cannot find test case 'Test Cases/CALL - URL'
	at com.kms.katalon.core.testcase.TestCaseFactory.findTestCase(TestCaseFactory.java:72)
	at com.kms.katalon.core.testcase.TestCaseFactory$findTestCase.callStatic(Unknown Source)
	at Cart flyout opening.run(Cart flyout opening:16)
	at com.kms.katalon.core.main.ScriptEngine.run(ScriptEngine.java:194)
	at com.kms.katalon.core.main.ScriptEngine.runScriptAsRawText(ScriptEngine.java:119)
	at com.kms.katalon.core.main.TestCaseExecutor.runScript(TestCaseExecutor.java:328)
	at com.kms.katalon.core.main.TestCaseExecutor.doExecute(TestCaseExecutor.java:319)
	at com.kms.katalon.core.main.TestCaseExecutor.processExecutionPhase(TestCaseExecutor.java:298)
	at com.kms.katalon.core.main.TestCaseExecutor.accessMainPhase(TestCaseExecutor.java:290)
	at com.kms.katalon.core.main.TestCaseExecutor.execute(TestCaseExecutor.java:224)
	at com.kms.katalon.core.main.TestSuiteExecutor.accessTestCaseMainPhase(TestSuiteExecutor.java:129)
	at com.kms.katalon.core.main.TestSuiteExecutor.accessTestSuiteMainPhase(TestSuiteExecutor.java:112)
	at com.kms.katalon.core.main.TestSuiteExecutor.execute(TestSuiteExecutor.java:81)
	at com.kms.katalon.core.main.TestCaseMain.startTestSuite(TestCaseMain.java:149)
	at com.kms.katalon.core.main.TestCaseMain$startTestSuite$0.call(Unknown Source)
	at TempTestSuite1565707895630.run(TempTestSuite1565707895630.groovy:36)]]></system-err>
      </testcase>
      <testcase name="Test Cases/PRODUCT PAGE/Product - breadcrumb" classname="Test Cases/PRODUCT PAGE/Product - breadcrumb" status="PASSED">
         <system-out><![CDATA[2019-08-13 11:11:59 - [TEST_CASE][PASSED] - Test Cases/PRODUCT PAGE/Product - breadcrumb: Test Cases/PRODUCT PAGE/Product - breadcrumb

2019-08-13 11:11:59 - [TEST_STEP][PASSED] - callTestCase(findTestCase("CALL-URL"), [:], STOP_ON_FAILURE): Call Test Case 'Test Cases/CALL-URL' successfully

2019-08-13 11:11:59 - [TEST_CASE][PASSED] - Test Cases/CALL-URL: Test Cases/CALL-URL

2019-08-13 11:11:59 - [TEST_STEP][PASSED] - openBrowser(""): Browser is opened with url: ''

2019-08-13 11:11:59 - [MESSAGE][WARNING] - A browser is already opened. Closing browser and opening a new one

2019-08-13 11:11:59 - [MESSAGE][INFO] - Starting 'Chrome' driver

2019-08-13 11:12:00 - [MESSAGE][PASSED] - Browser is opened with url: ''

2019-08-13 11:12:00 - [TEST_STEP][PASSED] - navigateToUrl("https://charlotterusse.com/"): Navigate to 'https://charlotterusse.com/' successfully

2019-08-13 11:12:03 - [MESSAGE][PASSED] - Navigate to 'https://charlotterusse.com/' successfully

2019-08-13 11:12:03 - [TEST_STEP][PASSED] - click(findTestObject("CR-DESKTOP/Window pop up/language- english")): Object: 'Object Repository/CR-DESKTOP/Window pop up/language- english' is clicked on

2019-08-13 11:12:03 - [MESSAGE][PASSED] - Object: 'Object Repository/CR-DESKTOP/Window pop up/language- english' is clicked on

2019-08-13 11:12:03 - [TEST_STEP][PASSED] - click(findTestObject("CR-DESKTOP/Window pop up/Pop up - close")): Object: 'Object Repository/CR-DESKTOP/Window pop up/Pop up - close' is clicked on

2019-08-13 11:12:04 - [MESSAGE][PASSED] - Object: 'Object Repository/CR-DESKTOP/Window pop up/Pop up - close' is clicked on

2019-08-13 11:12:04 - [TEST_STEP][PASSED] - maximizeWindow(): Current window maximized

2019-08-13 11:12:04 - [MESSAGE][PASSED] - Current window maximized

2019-08-13 11:12:04 - [MESSAGE][PASSED] - Call Test Case 'Test Cases/CALL-URL' successfully

2019-08-13 11:12:04 - [TEST_STEP][PASSED] - delay(2): Delayed 2 second(s)

2019-08-13 11:12:06 - [MESSAGE][PASSED] - Delayed 2 second(s)

2019-08-13 11:12:06 - [TEST_STEP][PASSED] - mouseOver(findTestObject("CR-DESKTOP/Mega menu/SHOES")): Object: 'Object Repository/CR-DESKTOP/Mega menu/SHOES' is hovered

2019-08-13 11:12:06 - [MESSAGE][PASSED] - Object: 'Object Repository/CR-DESKTOP/Mega menu/SHOES' is hovered

2019-08-13 11:12:06 - [TEST_STEP][PASSED] - delay(2): Delayed 2 second(s)

2019-08-13 11:12:08 - [MESSAGE][PASSED] - Delayed 2 second(s)

2019-08-13 11:12:08 - [TEST_STEP][PASSED] - click(findTestObject("CR-DESKTOP/Mega menu/shoes - sneakers")): Object: 'Object Repository/CR-DESKTOP/Mega menu/shoes - sneakers' is clicked on

2019-08-13 11:12:10 - [MESSAGE][PASSED] - Object: 'Object Repository/CR-DESKTOP/Mega menu/shoes - sneakers' is clicked on

2019-08-13 11:12:10 - [TEST_STEP][PASSED] - delay(2): Delayed 2 second(s)

2019-08-13 11:12:12 - [MESSAGE][PASSED] - Delayed 2 second(s)

2019-08-13 11:12:12 - [TEST_STEP][PASSED] - click(findTestObject("CR-DESKTOP/Collection page/product 3")): Object: 'Object Repository/CR-DESKTOP/Collection page/product 3' is clicked on

2019-08-13 11:12:14 - [MESSAGE][PASSED] - Object: 'Object Repository/CR-DESKTOP/Collection page/product 3' is clicked on

2019-08-13 11:12:14 - [TEST_STEP][PASSED] - delay(2): Delayed 2 second(s)

2019-08-13 11:12:16 - [MESSAGE][PASSED] - Delayed 2 second(s)

2019-08-13 11:12:16 - [TEST_STEP][PASSED] - d = getWindowTitle(): Current window's title is: 'Mesh Perspex Sneaker – Charlotte Russe'

2019-08-13 11:12:16 - [MESSAGE][PASSED] - Current window's title is: 'Mesh Perspex Sneaker – Charlotte Russe'

2019-08-13 11:12:16 - [TEST_STEP][PASSED] - comment(" d= " + d):  d= Mesh Perspex Sneaker – Charlotte Russe

2019-08-13 11:12:16 - [MESSAGE][INFO] -  d= Mesh Perspex Sneaker – Charlotte Russe

2019-08-13 11:12:16 - [TEST_STEP][PASSED] - k5 = "Quilted Faux-Leather Slip On Sneaker – Charlotte Russe": null

2019-08-13 11:12:16 - [TEST_STEP][PASSED] - comment(" k5= " + k5):  k5= Quilted Faux-Leather Slip On Sneaker – Charlotte Russe

2019-08-13 11:12:16 - [MESSAGE][INFO] -  k5= Quilted Faux-Leather Slip On Sneaker – Charlotte Russe

2019-08-13 11:12:16 - [TEST_STEP][PASSED] - if (d == k5): null

2019-08-13 11:12:16 - [TEST_STEP][PASSED] - click(findTestObject("CR-DESKTOP/product page/Sneakers lin k")): Object: 'Object Repository/CR-DESKTOP/product page/Sneakers lin k' is clicked on

2019-08-13 11:12:18 - [MESSAGE][PASSED] - Object: 'Object Repository/CR-DESKTOP/product page/Sneakers lin k' is clicked on

2019-08-13 11:12:18 - [TEST_STEP][PASSED] - a = getWindowTitle(): Current window's title is: 'Charlotte Russe | Shoes - Shop Sneakers'

2019-08-13 11:12:18 - [MESSAGE][PASSED] - Current window's title is: 'Charlotte Russe | Shoes - Shop Sneakers'

2019-08-13 11:12:18 - [TEST_STEP][PASSED] - comment(" a= " + a):  a= Charlotte Russe | Shoes - Shop Sneakers

2019-08-13 11:12:18 - [MESSAGE][INFO] -  a= Charlotte Russe | Shoes - Shop Sneakers

2019-08-13 11:12:18 - [TEST_STEP][PASSED] - k = "Charlotte Russe | Shoes - Shop Sneakers": null

2019-08-13 11:12:18 - [TEST_STEP][PASSED] - comment(" k= " + k):  k= Charlotte Russe | Shoes - Shop Sneakers

2019-08-13 11:12:18 - [MESSAGE][INFO] -  k= Charlotte Russe | Shoes - Shop Sneakers

2019-08-13 11:12:18 - [TEST_STEP][PASSED] - if (a == k): right page 

2019-08-13 11:12:18 - [TEST_STEP][PASSED] - comment("right page "): right page 

2019-08-13 11:12:18 - [MESSAGE][INFO] - right page 

2019-08-13 11:12:18 - [TEST_STEP][PASSED] - click(findTestObject("CR-DESKTOP/Collection page/shoes link")): Object: 'Object Repository/CR-DESKTOP/Collection page/shoes link' is clicked on

2019-08-13 11:12:21 - [MESSAGE][PASSED] - Object: 'Object Repository/CR-DESKTOP/Collection page/shoes link' is clicked on

2019-08-13 11:12:21 - [TEST_STEP][PASSED] - b = getWindowTitle(): Current window's title is: 'Charlotte Russe | Shoes - Shop All Shoes'

2019-08-13 11:12:21 - [MESSAGE][PASSED] - Current window's title is: 'Charlotte Russe | Shoes - Shop All Shoes'

2019-08-13 11:12:21 - [TEST_STEP][PASSED] - comment(" b= " + b):  b= Charlotte Russe | Shoes - Shop All Shoes

2019-08-13 11:12:21 - [MESSAGE][INFO] -  b= Charlotte Russe | Shoes - Shop All Shoes

2019-08-13 11:12:21 - [TEST_STEP][PASSED] - k1 = "Charlotte Russe | Shoes - Shop All Shoes": null

2019-08-13 11:12:21 - [TEST_STEP][PASSED] - comment(" k1= " + k1):  k1= Charlotte Russe | Shoes - Shop All Shoes

2019-08-13 11:12:21 - [MESSAGE][INFO] -  k1= Charlotte Russe | Shoes - Shop All Shoes

2019-08-13 11:12:21 - [TEST_STEP][PASSED] - if (b == k1): right page 

2019-08-13 11:12:21 - [TEST_STEP][PASSED] - comment("right page "): right page 

2019-08-13 11:12:21 - [MESSAGE][INFO] - right page 

2019-08-13 11:12:21 - [TEST_STEP][PASSED] - click(findTestObject("CR-DESKTOP/Collection page/Home link")): Object: 'Object Repository/CR-DESKTOP/Collection page/Home link' is clicked on

2019-08-13 11:12:22 - [MESSAGE][PASSED] - Object: 'Object Repository/CR-DESKTOP/Collection page/Home link' is clicked on

2019-08-13 11:12:22 - [TEST_STEP][PASSED] - c = getWindowTitle(): Current window's title is: 'Charlotte Russe'

2019-08-13 11:12:22 - [MESSAGE][PASSED] - Current window's title is: 'Charlotte Russe'

2019-08-13 11:12:22 - [TEST_STEP][PASSED] - comment(" c= " + c):  c= Charlotte Russe

2019-08-13 11:12:22 - [MESSAGE][INFO] -  c= Charlotte Russe

2019-08-13 11:12:22 - [TEST_STEP][PASSED] - k3 = "Charlotte Russe": null

2019-08-13 11:12:22 - [TEST_STEP][PASSED] - comment(" k3= " + k3):  k3= Charlotte Russe

2019-08-13 11:12:22 - [MESSAGE][INFO] -  k3= Charlotte Russe

2019-08-13 11:12:22 - [TEST_STEP][PASSED] - if (c == k3): right page 

2019-08-13 11:12:22 - [TEST_STEP][PASSED] - comment("right page "): right page 

2019-08-13 11:12:22 - [MESSAGE][INFO] - right page]]></system-out>
         <system-err><![CDATA[]]></system-err>
      </testcase>
      <testcase name="Test Cases/PRODUCT PAGE/You may also like - Other customers viewed" classname="Test Cases/PRODUCT PAGE/You may also like - Other customers viewed" status="PASSED">
         <system-out><![CDATA[2019-08-13 11:12:22 - [TEST_CASE][PASSED] - Test Cases/PRODUCT PAGE/You may also like - Other customers viewed: Test Cases/PRODUCT PAGE/You may also like - Other customers viewed

2019-08-13 11:12:22 - [TEST_STEP][PASSED] - callTestCase(findTestCase("CALL-URL"), [:], STOP_ON_FAILURE): Call Test Case 'Test Cases/CALL-URL' successfully

2019-08-13 11:12:22 - [TEST_CASE][PASSED] - Test Cases/CALL-URL: Test Cases/CALL-URL

2019-08-13 11:12:22 - [TEST_STEP][PASSED] - openBrowser(""): Browser is opened with url: ''

2019-08-13 11:12:22 - [MESSAGE][WARNING] - A browser is already opened. Closing browser and opening a new one

2019-08-13 11:12:22 - [MESSAGE][INFO] - Starting 'Chrome' driver

2019-08-13 11:12:23 - [MESSAGE][PASSED] - Browser is opened with url: ''

2019-08-13 11:12:23 - [TEST_STEP][PASSED] - navigateToUrl("https://charlotterusse.com/"): Navigate to 'https://charlotterusse.com/' successfully

2019-08-13 11:12:26 - [MESSAGE][PASSED] - Navigate to 'https://charlotterusse.com/' successfully

2019-08-13 11:12:26 - [TEST_STEP][PASSED] - click(findTestObject("CR-DESKTOP/Window pop up/language- english")): Object: 'Object Repository/CR-DESKTOP/Window pop up/language- english' is clicked on

2019-08-13 11:12:26 - [MESSAGE][PASSED] - Object: 'Object Repository/CR-DESKTOP/Window pop up/language- english' is clicked on

2019-08-13 11:12:26 - [TEST_STEP][PASSED] - click(findTestObject("CR-DESKTOP/Window pop up/Pop up - close")): Object: 'Object Repository/CR-DESKTOP/Window pop up/Pop up - close' is clicked on

2019-08-13 11:12:26 - [MESSAGE][PASSED] - Object: 'Object Repository/CR-DESKTOP/Window pop up/Pop up - close' is clicked on

2019-08-13 11:12:26 - [TEST_STEP][PASSED] - maximizeWindow(): Current window maximized

2019-08-13 11:12:26 - [MESSAGE][PASSED] - Current window maximized

2019-08-13 11:12:26 - [MESSAGE][PASSED] - Call Test Case 'Test Cases/CALL-URL' successfully

2019-08-13 11:12:26 - [TEST_STEP][PASSED] - delay(2): Delayed 2 second(s)

2019-08-13 11:12:28 - [MESSAGE][PASSED] - Delayed 2 second(s)

2019-08-13 11:12:28 - [TEST_STEP][PASSED] - mouseOver(findTestObject("CR-DESKTOP/Mega menu/SHOES")): Object: 'Object Repository/CR-DESKTOP/Mega menu/SHOES' is hovered

2019-08-13 11:12:28 - [MESSAGE][PASSED] - Object: 'Object Repository/CR-DESKTOP/Mega menu/SHOES' is hovered

2019-08-13 11:12:28 - [TEST_STEP][PASSED] - delay(2): Delayed 2 second(s)

2019-08-13 11:12:30 - [MESSAGE][PASSED] - Delayed 2 second(s)

2019-08-13 11:12:30 - [TEST_STEP][PASSED] - click(findTestObject("CR-DESKTOP/Mega menu/shoes - sneakers")): Object: 'Object Repository/CR-DESKTOP/Mega menu/shoes - sneakers' is clicked on

2019-08-13 11:12:32 - [MESSAGE][PASSED] - Object: 'Object Repository/CR-DESKTOP/Mega menu/shoes - sneakers' is clicked on

2019-08-13 11:12:32 - [TEST_STEP][PASSED] - delay(2): Delayed 2 second(s)

2019-08-13 11:12:34 - [MESSAGE][PASSED] - Delayed 2 second(s)

2019-08-13 11:12:34 - [TEST_STEP][PASSED] - click(findTestObject("CR-DESKTOP/Collection page/product 3")): Object: 'Object Repository/CR-DESKTOP/Collection page/product 3' is clicked on

2019-08-13 11:12:36 - [MESSAGE][PASSED] - Object: 'Object Repository/CR-DESKTOP/Collection page/product 3' is clicked on

2019-08-13 11:12:36 - [TEST_STEP][PASSED] - delay(2): Delayed 2 second(s)

2019-08-13 11:12:38 - [MESSAGE][PASSED] - Delayed 2 second(s)

2019-08-13 11:12:38 - [TEST_STEP][PASSED] - scrollToElement(findTestObject("CR-DESKTOP/product page/You may also like - Other customers viewed/you mayy also like"), 0): Scroll to object 'Object Repository/CR-DESKTOP/product page/You may also like - Other customers viewed/you mayy also like' successfully

2019-08-13 11:12:38 - [MESSAGE][WARNING] - Timeout '0' is invalid. Using default page load timeout: '30'

2019-08-13 11:12:38 - [MESSAGE][PASSED] - Scroll to object 'Object Repository/CR-DESKTOP/product page/You may also like - Other customers viewed/you mayy also like' successfully

2019-08-13 11:12:38 - [TEST_STEP][PASSED] - delay(2): Delayed 2 second(s)

2019-08-13 11:12:40 - [MESSAGE][PASSED] - Delayed 2 second(s)

2019-08-13 11:12:40 - [TEST_STEP][PASSED] - click(findTestObject("CR-DESKTOP/product page/You may also like - Other customers viewed/Next arrow")): Object: 'Object Repository/CR-DESKTOP/product page/You may also like - Other customers viewed/Next arrow' is clicked on

2019-08-13 11:12:40 - [MESSAGE][PASSED] - Object: 'Object Repository/CR-DESKTOP/product page/You may also like - Other customers viewed/Next arrow' is clicked on

2019-08-13 11:12:40 - [TEST_STEP][PASSED] - delay(2): Delayed 2 second(s)

2019-08-13 11:12:42 - [MESSAGE][PASSED] - Delayed 2 second(s)

2019-08-13 11:12:42 - [TEST_STEP][PASSED] - click(findTestObject("CR-DESKTOP/product page/You may also like - Other customers viewed/Next arrow")): Object: 'Object Repository/CR-DESKTOP/product page/You may also like - Other customers viewed/Next arrow' is clicked on

2019-08-13 11:12:42 - [MESSAGE][PASSED] - Object: 'Object Repository/CR-DESKTOP/product page/You may also like - Other customers viewed/Next arrow' is clicked on

2019-08-13 11:12:42 - [TEST_STEP][PASSED] - delay(2): Delayed 2 second(s)

2019-08-13 11:12:44 - [MESSAGE][PASSED] - Delayed 2 second(s)

2019-08-13 11:12:44 - [TEST_STEP][PASSED] - click(findTestObject("CR-DESKTOP/product page/You may also like - Other customers viewed/previous arrow")): Object: 'Object Repository/CR-DESKTOP/product page/You may also like - Other customers viewed/previous arrow' is clicked on

2019-08-13 11:12:44 - [MESSAGE][PASSED] - Object: 'Object Repository/CR-DESKTOP/product page/You may also like - Other customers viewed/previous arrow' is clicked on

2019-08-13 11:12:44 - [TEST_STEP][PASSED] - delay(2): Delayed 2 second(s)

2019-08-13 11:12:46 - [MESSAGE][PASSED] - Delayed 2 second(s)

2019-08-13 11:12:46 - [TEST_STEP][PASSED] - click(findTestObject("CR-DESKTOP/product page/You may also like - Other customers viewed/Next arrow - other")): Object: 'Object Repository/CR-DESKTOP/product page/You may also like - Other customers viewed/Next arrow - other' is clicked on

2019-08-13 11:12:46 - [MESSAGE][PASSED] - Object: 'Object Repository/CR-DESKTOP/product page/You may also like - Other customers viewed/Next arrow - other' is clicked on

2019-08-13 11:12:46 - [TEST_STEP][PASSED] - delay(2): Delayed 2 second(s)

2019-08-13 11:12:48 - [MESSAGE][PASSED] - Delayed 2 second(s)

2019-08-13 11:12:48 - [TEST_STEP][PASSED] - click(findTestObject("CR-DESKTOP/product page/You may also like - Other customers viewed/Next arrow - other")): Object: 'Object Repository/CR-DESKTOP/product page/You may also like - Other customers viewed/Next arrow - other' is clicked on

2019-08-13 11:12:48 - [MESSAGE][PASSED] - Object: 'Object Repository/CR-DESKTOP/product page/You may also like - Other customers viewed/Next arrow - other' is clicked on

2019-08-13 11:12:48 - [TEST_STEP][PASSED] - delay(2): Delayed 2 second(s)

2019-08-13 11:12:50 - [MESSAGE][PASSED] - Delayed 2 second(s)

2019-08-13 11:12:50 - [TEST_STEP][PASSED] - click(findTestObject("CR-DESKTOP/product page/You may also like - Other customers viewed/previous arrow - other")): Object: 'Object Repository/CR-DESKTOP/product page/You may also like - Other customers viewed/previous arrow - other' is clicked on

2019-08-13 11:12:50 - [MESSAGE][PASSED] - Object: 'Object Repository/CR-DESKTOP/product page/You may also like - Other customers viewed/previous arrow - other' is clicked on

2019-08-13 11:12:50 - [TEST_STEP][PASSED] - delay(2): Delayed 2 second(s)

2019-08-13 11:12:52 - [MESSAGE][PASSED] - Delayed 2 second(s)

2019-08-13 11:12:52 - [TEST_STEP][PASSED] - click(findTestObject("CR-DESKTOP/product page/You may also like - Other customers viewed/scroll down")): Object: 'Object Repository/CR-DESKTOP/product page/You may also like - Other customers viewed/scroll down' is clicked on

2019-08-13 11:12:52 - [MESSAGE][PASSED] - Object: 'Object Repository/CR-DESKTOP/product page/You may also like - Other customers viewed/scroll down' is clicked on

2019-08-13 11:12:52 - [TEST_STEP][PASSED] - delay(2): Delayed 2 second(s)

2019-08-13 11:12:54 - [MESSAGE][PASSED] - Delayed 2 second(s)

2019-08-13 11:12:54 - [TEST_STEP][PASSED] - click(findTestObject("CR-DESKTOP/product page/You may also like - Other customers viewed/2")): Object: 'Object Repository/CR-DESKTOP/product page/You may also like - Other customers viewed/2' is clicked on

2019-08-13 11:12:54 - [MESSAGE][PASSED] - Object: 'Object Repository/CR-DESKTOP/product page/You may also like - Other customers viewed/2' is clicked on

2019-08-13 11:12:54 - [TEST_STEP][PASSED] - delay(2): Delayed 2 second(s)

2019-08-13 11:12:56 - [MESSAGE][PASSED] - Delayed 2 second(s)

2019-08-13 11:12:56 - [TEST_STEP][PASSED] - click(findTestObject("CR-DESKTOP/product page/You may also like - Other customers viewed/3")): Object: 'Object Repository/CR-DESKTOP/product page/You may also like - Other customers viewed/3' is clicked on

2019-08-13 11:12:56 - [MESSAGE][PASSED] - Object: 'Object Repository/CR-DESKTOP/product page/You may also like - Other customers viewed/3' is clicked on

2019-08-13 11:12:56 - [TEST_STEP][PASSED] - delay(2): Delayed 2 second(s)

2019-08-13 11:12:58 - [MESSAGE][PASSED] - Delayed 2 second(s)

2019-08-13 11:12:58 - [TEST_STEP][PASSED] - click(findTestObject("CR-DESKTOP/product page/You may also like - Other customers viewed/4")): Object: 'Object Repository/CR-DESKTOP/product page/You may also like - Other customers viewed/4' is clicked on

2019-08-13 11:12:58 - [MESSAGE][PASSED] - Object: 'Object Repository/CR-DESKTOP/product page/You may also like - Other customers viewed/4' is clicked on

2019-08-13 11:12:58 - [TEST_STEP][PASSED] - delay(2): Delayed 2 second(s)

2019-08-13 11:13:00 - [MESSAGE][PASSED] - Delayed 2 second(s)

2019-08-13 11:13:00 - [TEST_STEP][PASSED] - click(findTestObject("CR-DESKTOP/product page/You may also like - Other customers viewed/1")): Object: 'Object Repository/CR-DESKTOP/product page/You may also like - Other customers viewed/1' is clicked on

2019-08-13 11:13:00 - [MESSAGE][PASSED] - Object: 'Object Repository/CR-DESKTOP/product page/You may also like - Other customers viewed/1' is clicked on

2019-08-13 11:13:00 - [TEST_STEP][PASSED] - delay(2): Delayed 2 second(s)

2019-08-13 11:13:02 - [MESSAGE][PASSED] - Delayed 2 second(s)

2019-08-13 11:13:02 - [TEST_STEP][PASSED] - delay(2): Delayed 2 second(s)

2019-08-13 11:13:04 - [MESSAGE][PASSED] - Delayed 2 second(s)

2019-08-13 11:13:04 - [TEST_STEP][PASSED] - click(findTestObject("CR-DESKTOP/product page/You may also like - Other customers viewed/1 - Copy")): Object: 'Object Repository/CR-DESKTOP/product page/You may also like - Other customers viewed/1 - Copy' is clicked on

2019-08-13 11:13:04 - [MESSAGE][PASSED] - Object: 'Object Repository/CR-DESKTOP/product page/You may also like - Other customers viewed/1 - Copy' is clicked on

2019-08-13 11:13:04 - [TEST_STEP][PASSED] - delay(2): Delayed 2 second(s)

2019-08-13 11:13:06 - [MESSAGE][PASSED] - Delayed 2 second(s)

2019-08-13 11:13:06 - [TEST_STEP][PASSED] - click(findTestObject("CR-DESKTOP/product page/You may also like - Other customers viewed/2 - Copy")): Object: 'Object Repository/CR-DESKTOP/product page/You may also like - Other customers viewed/2 - Copy' is clicked on

2019-08-13 11:13:06 - [MESSAGE][PASSED] - Object: 'Object Repository/CR-DESKTOP/product page/You may also like - Other customers viewed/2 - Copy' is clicked on

2019-08-13 11:13:06 - [TEST_STEP][PASSED] - delay(2): Delayed 2 second(s)

2019-08-13 11:13:08 - [MESSAGE][PASSED] - Delayed 2 second(s)

2019-08-13 11:13:08 - [TEST_STEP][PASSED] - click(findTestObject("CR-DESKTOP/product page/You may also like - Other customers viewed/3 - Copy")): Object: 'Object Repository/CR-DESKTOP/product page/You may also like - Other customers viewed/3 - Copy' is clicked on

2019-08-13 11:13:09 - [MESSAGE][PASSED] - Object: 'Object Repository/CR-DESKTOP/product page/You may also like - Other customers viewed/3 - Copy' is clicked on

2019-08-13 11:13:09 - [TEST_STEP][PASSED] - delay(2): Delayed 2 second(s)

2019-08-13 11:13:11 - [MESSAGE][PASSED] - Delayed 2 second(s)

2019-08-13 11:13:11 - [TEST_STEP][PASSED] - click(findTestObject("CR-DESKTOP/product page/You may also like - Other customers viewed/4 - Copy")): Object: 'Object Repository/CR-DESKTOP/product page/You may also like - Other customers viewed/4 - Copy' is clicked on

2019-08-13 11:13:11 - [MESSAGE][PASSED] - Object: 'Object Repository/CR-DESKTOP/product page/You may also like - Other customers viewed/4 - Copy' is clicked on

2019-08-13 11:13:11 - [TEST_STEP][PASSED] - delay(2): Delayed 2 second(s)

2019-08-13 11:13:13 - [MESSAGE][PASSED] - Delayed 2 second(s)]]></system-out>
         <system-err><![CDATA[]]></system-err>
      </testcase>
      <testcase name="Test Cases/PRODUCT PAGE/Add to wishlist" classname="Test Cases/PRODUCT PAGE/Add to wishlist" status="FAILED">
         <failure type="FAILED" message="Test Cases/PRODUCT PAGE/Add to wishlist FAILED.
Reason:
com.kms.katalon.core.exception.StepFailedException: Unable to click on object 'Object Repository/CR-DESKTOP/product page/Specs Tab' (Root cause: com.kms.katalon.core.webui.exception.WebElementNotFoundException: Web element with id: 'Object Repository/CR-DESKTOP/product page/Specs Tab' located by 'By.xpath: //li[@class='resp-tab-item resp-element']' not found)
	at com.kms.katalon.core.keyword.internal.KeywordMain.stepFailed(KeywordMain.groovy:36)
	at com.kms.katalon.core.webui.keyword.internal.WebUIKeywordMain.stepFailed(WebUIKeywordMain.groovy:65)
	at com.kms.katalon.core.webui.keyword.internal.WebUIKeywordMain.runKeyword(WebUIKeywordMain.groovy:27)
	at com.kms.katalon.core.webui.keyword.builtin.ClickKeyword.click(ClickKeyword.groovy:86)
	at com.kms.katalon.core.webui.keyword.builtin.ClickKeyword.execute(ClickKeyword.groovy:67)
	at com.kms.katalon.core.keyword.internal.KeywordExecutor.executeKeywordForPlatform(KeywordExecutor.groovy:53)
	at com.kms.katalon.core.webui.keyword.WebUiBuiltInKeywords.click(WebUiBuiltInKeywords.groovy:616)
	at com.kms.katalon.core.webui.keyword.WebUiBuiltInKeywords$click$1.call(Unknown Source)
	at Add to wishlist.run(Add to wishlist:92)
	at com.kms.katalon.core.main.ScriptEngine.run(ScriptEngine.java:194)
	at com.kms.katalon.core.main.ScriptEngine.runScriptAsRawText(ScriptEngine.java:119)
	at com.kms.katalon.core.main.TestCaseExecutor.runScript(TestCaseExecutor.java:328)
	at com.kms.katalon.core.main.TestCaseExecutor.doExecute(TestCaseExecutor.java:319)
	at com.kms.katalon.core.main.TestCaseExecutor.processExecutionPhase(TestCaseExecutor.java:298)
	at com.kms.katalon.core.main.TestCaseExecutor.accessMainPhase(TestCaseExecutor.java:290)
	at com.kms.katalon.core.main.TestCaseExecutor.execute(TestCaseExecutor.java:224)
	at com.kms.katalon.core.main.TestSuiteExecutor.accessTestCaseMainPhase(TestSuiteExecutor.java:129)
	at com.kms.katalon.core.main.TestSuiteExecutor.accessTestSuiteMainPhase(TestSuiteExecutor.java:112)
	at com.kms.katalon.core.main.TestSuiteExecutor.execute(TestSuiteExecutor.java:81)
	at com.kms.katalon.core.main.TestCaseMain.startTestSuite(TestCaseMain.java:149)
	at com.kms.katalon.core.main.TestCaseMain$startTestSuite$0.call(Unknown Source)
	at TempTestSuite1565707895630.run(TempTestSuite1565707895630.groovy:36)
"/>
         <system-out><![CDATA[2019-08-13 11:13:13 - [TEST_CASE][FAILED] - Test Cases/PRODUCT PAGE/Add to wishlist: Test Cases/PRODUCT PAGE/Add to wishlist FAILED.
Reason:
com.kms.katalon.core.exception.StepFailedException: Unable to click on object 'Object Repository/CR-DESKTOP/product page/Specs Tab' (Root cause: com.kms.katalon.core.webui.exception.WebElementNotFoundException: Web element with id: 'Object Repository/CR-DESKTOP/product page/Specs Tab' located by 'By.xpath: //li[@class='resp-tab-item resp-element']' not found)
	at com.kms.katalon.core.keyword.internal.KeywordMain.stepFailed(KeywordMain.groovy:36)
	at com.kms.katalon.core.webui.keyword.internal.WebUIKeywordMain.stepFailed(WebUIKeywordMain.groovy:65)
	at com.kms.katalon.core.webui.keyword.internal.WebUIKeywordMain.runKeyword(WebUIKeywordMain.groovy:27)
	at com.kms.katalon.core.webui.keyword.builtin.ClickKeyword.click(ClickKeyword.groovy:86)
	at com.kms.katalon.core.webui.keyword.builtin.ClickKeyword.execute(ClickKeyword.groovy:67)
	at com.kms.katalon.core.keyword.internal.KeywordExecutor.executeKeywordForPlatform(KeywordExecutor.groovy:53)
	at com.kms.katalon.core.webui.keyword.WebUiBuiltInKeywords.click(WebUiBuiltInKeywords.groovy:616)
	at com.kms.katalon.core.webui.keyword.WebUiBuiltInKeywords$click$1.call(Unknown Source)
	at Add to wishlist.run(Add to wishlist:92)
	at com.kms.katalon.core.main.ScriptEngine.run(ScriptEngine.java:194)
	at com.kms.katalon.core.main.ScriptEngine.runScriptAsRawText(ScriptEngine.java:119)
	at com.kms.katalon.core.main.TestCaseExecutor.runScript(TestCaseExecutor.java:328)
	at com.kms.katalon.core.main.TestCaseExecutor.doExecute(TestCaseExecutor.java:319)
	at com.kms.katalon.core.main.TestCaseExecutor.processExecutionPhase(TestCaseExecutor.java:298)
	at com.kms.katalon.core.main.TestCaseExecutor.accessMainPhase(TestCaseExecutor.java:290)
	at com.kms.katalon.core.main.TestCaseExecutor.execute(TestCaseExecutor.java:224)
	at com.kms.katalon.core.main.TestSuiteExecutor.accessTestCaseMainPhase(TestSuiteExecutor.java:129)
	at com.kms.katalon.core.main.TestSuiteExecutor.accessTestSuiteMainPhase(TestSuiteExecutor.java:112)
	at com.kms.katalon.core.main.TestSuiteExecutor.execute(TestSuiteExecutor.java:81)
	at com.kms.katalon.core.main.TestCaseMain.startTestSuite(TestCaseMain.java:149)
	at com.kms.katalon.core.main.TestCaseMain$startTestSuite$0.call(Unknown Source)
	at TempTestSuite1565707895630.run(TempTestSuite1565707895630.groovy:36)


2019-08-13 11:13:13 - [TEST_STEP][PASSED] - callTestCase(findTestCase("CALL-URL"), [:], STOP_ON_FAILURE): Call Test Case 'Test Cases/CALL-URL' successfully

2019-08-13 11:13:13 - [TEST_CASE][PASSED] - Test Cases/CALL-URL: Test Cases/CALL-URL

2019-08-13 11:13:13 - [TEST_STEP][PASSED] - openBrowser(""): Browser is opened with url: ''

2019-08-13 11:13:13 - [MESSAGE][WARNING] - A browser is already opened. Closing browser and opening a new one

2019-08-13 11:13:13 - [MESSAGE][INFO] - Starting 'Chrome' driver

2019-08-13 11:13:14 - [MESSAGE][PASSED] - Browser is opened with url: ''

2019-08-13 11:13:14 - [TEST_STEP][PASSED] - navigateToUrl("https://charlotterusse.com/"): Navigate to 'https://charlotterusse.com/' successfully

2019-08-13 11:13:16 - [MESSAGE][PASSED] - Navigate to 'https://charlotterusse.com/' successfully

2019-08-13 11:13:16 - [TEST_STEP][PASSED] - click(findTestObject("CR-DESKTOP/Window pop up/language- english")): Object: 'Object Repository/CR-DESKTOP/Window pop up/language- english' is clicked on

2019-08-13 11:13:16 - [MESSAGE][PASSED] - Object: 'Object Repository/CR-DESKTOP/Window pop up/language- english' is clicked on

2019-08-13 11:13:16 - [TEST_STEP][PASSED] - click(findTestObject("CR-DESKTOP/Window pop up/Pop up - close")): Object: 'Object Repository/CR-DESKTOP/Window pop up/Pop up - close' is clicked on

2019-08-13 11:13:16 - [MESSAGE][PASSED] - Object: 'Object Repository/CR-DESKTOP/Window pop up/Pop up - close' is clicked on

2019-08-13 11:13:16 - [TEST_STEP][PASSED] - maximizeWindow(): Current window maximized

2019-08-13 11:13:17 - [MESSAGE][PASSED] - Current window maximized

2019-08-13 11:13:17 - [MESSAGE][PASSED] - Call Test Case 'Test Cases/CALL-URL' successfully

2019-08-13 11:13:17 - [TEST_STEP][PASSED] - delay(2): Delayed 2 second(s)

2019-08-13 11:13:19 - [MESSAGE][PASSED] - Delayed 2 second(s)

2019-08-13 11:13:19 - [TEST_STEP][PASSED] - click(findTestObject("CR-DESKTOP/Home page/Login/Account icon")): Object: 'Object Repository/CR-DESKTOP/Home page/Login/Account icon' is clicked on

2019-08-13 11:13:20 - [MESSAGE][PASSED] - Object: 'Object Repository/CR-DESKTOP/Home page/Login/Account icon' is clicked on

2019-08-13 11:13:20 - [TEST_STEP][PASSED] - delay(2): Delayed 2 second(s)

2019-08-13 11:13:22 - [MESSAGE][PASSED] - Delayed 2 second(s)

2019-08-13 11:13:22 - [TEST_STEP][PASSED] - setText(findTestObject("CR-DESKTOP/Home page/Login/Email"), "suman.kompelly+1@diffagency.com"): Text 'suman.kompelly+1@diffagency.com' is set on object 'Object Repository/CR-DESKTOP/Home page/Login/Email'

2019-08-13 11:13:22 - [MESSAGE][PASSED] - Text 'suman.kompelly+1@diffagency.com' is set on object 'Object Repository/CR-DESKTOP/Home page/Login/Email'

2019-08-13 11:13:22 - [TEST_STEP][PASSED] - delay(2): Delayed 2 second(s)

2019-08-13 11:13:24 - [MESSAGE][PASSED] - Delayed 2 second(s)

2019-08-13 11:13:24 - [TEST_STEP][PASSED] - setEncryptedText(findTestObject("CR-DESKTOP/Home page/Login/Password"), "5xx1bkCcAlw="): Text ****** has been set on object 'Object Repository/CR-DESKTOP/Home page/Login/Password'

2019-08-13 11:13:24 - [MESSAGE][PASSED] - Text ****** has been set on object 'Object Repository/CR-DESKTOP/Home page/Login/Password'

2019-08-13 11:13:24 - [TEST_STEP][PASSED] - delay(2): Delayed 2 second(s)

2019-08-13 11:13:26 - [MESSAGE][PASSED] - Delayed 2 second(s)

2019-08-13 11:13:26 - [TEST_STEP][PASSED] - click(findTestObject("CR-DESKTOP/Home page/Login/Login button")): Object: 'Object Repository/CR-DESKTOP/Home page/Login/Login button' is clicked on

2019-08-13 11:13:26 - [MESSAGE][PASSED] - Object: 'Object Repository/CR-DESKTOP/Home page/Login/Login button' is clicked on

2019-08-13 11:13:26 - [TEST_STEP][PASSED] - delay(2): Delayed 2 second(s)

2019-08-13 11:13:28 - [MESSAGE][PASSED] - Delayed 2 second(s)

2019-08-13 11:13:28 - [TEST_STEP][PASSED] - click(findTestObject("CR-DESKTOP/Home page/Add prod - home page/Charlotte russe icon")): Object: 'Object Repository/CR-DESKTOP/Home page/Add prod - home page/Charlotte russe icon' is clicked on

2019-08-13 11:13:31 - [MESSAGE][PASSED] - Object: 'Object Repository/CR-DESKTOP/Home page/Add prod - home page/Charlotte russe icon' is clicked on

2019-08-13 11:13:31 - [TEST_STEP][PASSED] - delay(2): Delayed 2 second(s)

2019-08-13 11:13:33 - [MESSAGE][PASSED] - Delayed 2 second(s)

2019-08-13 11:13:33 - [TEST_STEP][PASSED] - mouseOver(findTestObject("CR-DESKTOP/Mega menu/SHOES")): Object: 'Object Repository/CR-DESKTOP/Mega menu/SHOES' is hovered

2019-08-13 11:13:33 - [MESSAGE][PASSED] - Object: 'Object Repository/CR-DESKTOP/Mega menu/SHOES' is hovered

2019-08-13 11:13:33 - [TEST_STEP][PASSED] - delay(2): Delayed 2 second(s)

2019-08-13 11:13:35 - [MESSAGE][PASSED] - Delayed 2 second(s)

2019-08-13 11:13:35 - [TEST_STEP][PASSED] - click(findTestObject("CR-DESKTOP/Mega menu/shoes - sneakers")): Object: 'Object Repository/CR-DESKTOP/Mega menu/shoes - sneakers' is clicked on

2019-08-13 11:13:37 - [MESSAGE][PASSED] - Object: 'Object Repository/CR-DESKTOP/Mega menu/shoes - sneakers' is clicked on

2019-08-13 11:13:37 - [TEST_STEP][PASSED] - delay(2): Delayed 2 second(s)

2019-08-13 11:13:39 - [MESSAGE][PASSED] - Delayed 2 second(s)

2019-08-13 11:13:39 - [TEST_STEP][PASSED] - click(findTestObject("CR-DESKTOP/Collection page/product 3")): Object: 'Object Repository/CR-DESKTOP/Collection page/product 3' is clicked on

2019-08-13 11:13:41 - [MESSAGE][PASSED] - Object: 'Object Repository/CR-DESKTOP/Collection page/product 3' is clicked on

2019-08-13 11:13:41 - [TEST_STEP][PASSED] - delay(2): Delayed 2 second(s)

2019-08-13 11:13:43 - [MESSAGE][PASSED] - Delayed 2 second(s)

2019-08-13 11:13:43 - [TEST_STEP][PASSED] - click(findTestObject("CR-DESKTOP/product page/Add to wishlist")): Object: 'Object Repository/CR-DESKTOP/product page/Add to wishlist' is clicked on

2019-08-13 11:13:43 - [MESSAGE][PASSED] - Object: 'Object Repository/CR-DESKTOP/product page/Add to wishlist' is clicked on

2019-08-13 11:13:43 - [TEST_STEP][PASSED] - delay(2): Delayed 2 second(s)

2019-08-13 11:13:45 - [MESSAGE][PASSED] - Delayed 2 second(s)

2019-08-13 11:13:45 - [TEST_STEP][PASSED] - click(findTestObject("CR-DESKTOP/Home page/Add prod - home page/Charlotte russe icon")): Object: 'Object Repository/CR-DESKTOP/Home page/Add prod - home page/Charlotte russe icon' is clicked on

2019-08-13 11:13:46 - [MESSAGE][PASSED] - Object: 'Object Repository/CR-DESKTOP/Home page/Add prod - home page/Charlotte russe icon' is clicked on

2019-08-13 11:13:46 - [TEST_STEP][PASSED] - delay(2): Delayed 2 second(s)

2019-08-13 11:13:48 - [MESSAGE][PASSED] - Delayed 2 second(s)

2019-08-13 11:13:48 - [TEST_STEP][PASSED] - click(findTestObject("CR-DESKTOP/Home page/Login/Account icon")): Object: 'Object Repository/CR-DESKTOP/Home page/Login/Account icon' is clicked on

2019-08-13 11:13:49 - [MESSAGE][PASSED] - Object: 'Object Repository/CR-DESKTOP/Home page/Login/Account icon' is clicked on

2019-08-13 11:13:49 - [TEST_STEP][PASSED] - delay(2): Delayed 2 second(s)

2019-08-13 11:13:51 - [MESSAGE][PASSED] - Delayed 2 second(s)

2019-08-13 11:13:51 - [TEST_STEP][PASSED] - click(findTestObject("CR-DESKTOP/Home page/Login/a_Wishlist")): Object: 'Object Repository/CR-DESKTOP/Home page/Login/a_Wishlist' is clicked on

2019-08-13 11:13:54 - [MESSAGE][PASSED] - Object: 'Object Repository/CR-DESKTOP/Home page/Login/a_Wishlist' is clicked on

2019-08-13 11:13:54 - [TEST_STEP][PASSED] - takeScreenshot(): Taking screenshot successfully

2019-08-13 11:13:55 - [MESSAGE][PASSED] - Taking screenshot successfully
[[ATTACHMENT|/Users/sumankompelly/git/CR-Desktop/Reports/suite-chrome/20190813_105135/1565709234711.png]]

2019-08-13 11:13:55 - [TEST_STEP][PASSED] - delay(2): Delayed 2 second(s)

2019-08-13 11:13:57 - [MESSAGE][PASSED] - Delayed 2 second(s)

2019-08-13 11:13:57 - [TEST_STEP][PASSED] - mouseOver(findTestObject("CR-DESKTOP/Mega menu/SHOES")): Object: 'Object Repository/CR-DESKTOP/Mega menu/SHOES' is hovered

2019-08-13 11:13:57 - [MESSAGE][PASSED] - Object: 'Object Repository/CR-DESKTOP/Mega menu/SHOES' is hovered

2019-08-13 11:13:57 - [TEST_STEP][PASSED] - delay(2): Delayed 2 second(s)

2019-08-13 11:13:59 - [MESSAGE][PASSED] - Delayed 2 second(s)

2019-08-13 11:13:59 - [TEST_STEP][PASSED] - click(findTestObject("CR-DESKTOP/Mega menu/shoes - sneakers")): Object: 'Object Repository/CR-DESKTOP/Mega menu/shoes - sneakers' is clicked on

2019-08-13 11:14:01 - [MESSAGE][PASSED] - Object: 'Object Repository/CR-DESKTOP/Mega menu/shoes - sneakers' is clicked on

2019-08-13 11:14:01 - [TEST_STEP][PASSED] - delay(2): Delayed 2 second(s)

2019-08-13 11:14:03 - [MESSAGE][PASSED] - Delayed 2 second(s)

2019-08-13 11:14:03 - [TEST_STEP][PASSED] - click(findTestObject("CR-DESKTOP/Collection page/product 3")): Object: 'Object Repository/CR-DESKTOP/Collection page/product 3' is clicked on

2019-08-13 11:14:05 - [MESSAGE][PASSED] - Object: 'Object Repository/CR-DESKTOP/Collection page/product 3' is clicked on

2019-08-13 11:14:05 - [TEST_STEP][PASSED] - delay(2): Delayed 2 second(s)

2019-08-13 11:14:07 - [MESSAGE][PASSED] - Delayed 2 second(s)

2019-08-13 11:14:07 - [TEST_STEP][PASSED] - click(findTestObject("CR-DESKTOP/product page/fast delivery - More info")): Object: 'Object Repository/CR-DESKTOP/product page/fast delivery - More info' is clicked on

2019-08-13 11:14:08 - [MESSAGE][PASSED] - Object: 'Object Repository/CR-DESKTOP/product page/fast delivery - More info' is clicked on

2019-08-13 11:14:08 - [TEST_STEP][PASSED] - delay(2): Delayed 2 second(s)

2019-08-13 11:14:10 - [MESSAGE][PASSED] - Delayed 2 second(s)

2019-08-13 11:14:10 - [TEST_STEP][PASSED] - back(): Navigate back successfully

2019-08-13 11:14:12 - [MESSAGE][PASSED] - Navigate back successfully

2019-08-13 11:14:12 - [TEST_STEP][PASSED] - click(findTestObject("CR-DESKTOP/product page/Easy returns - More info")): Object: 'Object Repository/CR-DESKTOP/product page/Easy returns - More info' is clicked on

2019-08-13 11:14:13 - [MESSAGE][PASSED] - Object: 'Object Repository/CR-DESKTOP/product page/Easy returns - More info' is clicked on

2019-08-13 11:14:13 - [TEST_STEP][PASSED] - delay(2): Delayed 2 second(s)

2019-08-13 11:14:15 - [MESSAGE][PASSED] - Delayed 2 second(s)

2019-08-13 11:14:15 - [TEST_STEP][FAILED] - click(findTestObject("CR-DESKTOP/product page/Specs Tab")): click(findTestObject("CR-DESKTOP/product page/Specs Tab")) FAILED.
Reason:
com.kms.katalon.core.exception.StepFailedException: Unable to click on object 'Object Repository/CR-DESKTOP/product page/Specs Tab' (Root cause: com.kms.katalon.core.webui.exception.WebElementNotFoundException: Web element with id: 'Object Repository/CR-DESKTOP/product page/Specs Tab' located by 'By.xpath: //li[@class='resp-tab-item resp-element']' not found)
	at com.kms.katalon.core.keyword.internal.KeywordMain.stepFailed(KeywordMain.groovy:36)
	at com.kms.katalon.core.webui.keyword.internal.WebUIKeywordMain.stepFailed(WebUIKeywordMain.groovy:65)
	at com.kms.katalon.core.webui.keyword.internal.WebUIKeywordMain.runKeyword(WebUIKeywordMain.groovy:27)
	at com.kms.katalon.core.webui.keyword.builtin.ClickKeyword.click(ClickKeyword.groovy:86)
	at com.kms.katalon.core.webui.keyword.builtin.ClickKeyword.execute(ClickKeyword.groovy:67)
	at com.kms.katalon.core.keyword.internal.KeywordExecutor.executeKeywordForPlatform(KeywordExecutor.groovy:53)
	at com.kms.katalon.core.webui.keyword.WebUiBuiltInKeywords.click(WebUiBuiltInKeywords.groovy:616)
	at com.kms.katalon.core.webui.keyword.WebUiBuiltInKeywords$click$1.call(Unknown Source)
	at Add to wishlist.run(Add to wishlist:92)
	at com.kms.katalon.core.main.ScriptEngine.run(ScriptEngine.java:194)
	at com.kms.katalon.core.main.ScriptEngine.runScriptAsRawText(ScriptEngine.java:119)
	at com.kms.katalon.core.main.TestCaseExecutor.runScript(TestCaseExecutor.java:328)
	at com.kms.katalon.core.main.TestCaseExecutor.doExecute(TestCaseExecutor.java:319)
	at com.kms.katalon.core.main.TestCaseExecutor.processExecutionPhase(TestCaseExecutor.java:298)
	at com.kms.katalon.core.main.TestCaseExecutor.accessMainPhase(TestCaseExecutor.java:290)
	at com.kms.katalon.core.main.TestCaseExecutor.execute(TestCaseExecutor.java:224)
	at com.kms.katalon.core.main.TestSuiteExecutor.accessTestCaseMainPhase(TestSuiteExecutor.java:129)
	at com.kms.katalon.core.main.TestSuiteExecutor.accessTestSuiteMainPhase(TestSuiteExecutor.java:112)
	at com.kms.katalon.core.main.TestSuiteExecutor.execute(TestSuiteExecutor.java:81)
	at com.kms.katalon.core.main.TestCaseMain.startTestSuite(TestCaseMain.java:149)
	at com.kms.katalon.core.main.TestCaseMain$startTestSuite$0.call(Unknown Source)
	at TempTestSuite1565707895630.run(TempTestSuite1565707895630.groovy:36)


2019-08-13 11:14:46 - [MESSAGE][INFO] - Unable to find the element located by 'By.xpath: //li[@class='resp-tab-item resp-element']'. Please recheck the objects properties to make sure the desired element is located. 

2019-08-13 11:14:46 - [MESSAGE][FAILED] - Unable to click on object 'Object Repository/CR-DESKTOP/product page/Specs Tab' (Root cause: com.kms.katalon.core.webui.exception.WebElementNotFoundException: Web element with id: 'Object Repository/CR-DESKTOP/product page/Specs Tab' located by 'By.xpath: //li[@class='resp-tab-item resp-element']' not found)
[[ATTACHMENT|/Users/sumankompelly/git/CR-Desktop/Reports/suite-chrome/20190813_105135/1565709286004.png]]

2019-08-13 11:14:46 - [MESSAGE][FAILED] - click(findTestObject("CR-DESKTOP/product page/Specs Tab")) FAILED.
Reason:
com.kms.katalon.core.exception.StepFailedException: Unable to click on object 'Object Repository/CR-DESKTOP/product page/Specs Tab' (Root cause: com.kms.katalon.core.webui.exception.WebElementNotFoundException: Web element with id: 'Object Repository/CR-DESKTOP/product page/Specs Tab' located by 'By.xpath: //li[@class='resp-tab-item resp-element']' not found)
	at com.kms.katalon.core.keyword.internal.KeywordMain.stepFailed(KeywordMain.groovy:36)
	at com.kms.katalon.core.webui.keyword.internal.WebUIKeywordMain.stepFailed(WebUIKeywordMain.groovy:65)
	at com.kms.katalon.core.webui.keyword.internal.WebUIKeywordMain.runKeyword(WebUIKeywordMain.groovy:27)
	at com.kms.katalon.core.webui.keyword.builtin.ClickKeyword.click(ClickKeyword.groovy:86)
	at com.kms.katalon.core.webui.keyword.builtin.ClickKeyword.execute(ClickKeyword.groovy:67)
	at com.kms.katalon.core.keyword.internal.KeywordExecutor.executeKeywordForPlatform(KeywordExecutor.groovy:53)
	at com.kms.katalon.core.webui.keyword.WebUiBuiltInKeywords.click(WebUiBuiltInKeywords.groovy:616)
	at com.kms.katalon.core.webui.keyword.WebUiBuiltInKeywords$click$1.call(Unknown Source)
	at Add to wishlist.run(Add to wishlist:92)
	at com.kms.katalon.core.main.ScriptEngine.run(ScriptEngine.java:194)
	at com.kms.katalon.core.main.ScriptEngine.runScriptAsRawText(ScriptEngine.java:119)
	at com.kms.katalon.core.main.TestCaseExecutor.runScript(TestCaseExecutor.java:328)
	at com.kms.katalon.core.main.TestCaseExecutor.doExecute(TestCaseExecutor.java:319)
	at com.kms.katalon.core.main.TestCaseExecutor.processExecutionPhase(TestCaseExecutor.java:298)
	at com.kms.katalon.core.main.TestCaseExecutor.accessMainPhase(TestCaseExecutor.java:290)
	at com.kms.katalon.core.main.TestCaseExecutor.execute(TestCaseExecutor.java:224)
	at com.kms.katalon.core.main.TestSuiteExecutor.accessTestCaseMainPhase(TestSuiteExecutor.java:129)
	at com.kms.katalon.core.main.TestSuiteExecutor.accessTestSuiteMainPhase(TestSuiteExecutor.java:112)
	at com.kms.katalon.core.main.TestSuiteExecutor.execute(TestSuiteExecutor.java:81)
	at com.kms.katalon.core.main.TestCaseMain.startTestSuite(TestCaseMain.java:149)
	at com.kms.katalon.core.main.TestCaseMain$startTestSuite$0.call(Unknown Source)
	at TempTestSuite1565707895630.run(TempTestSuite1565707895630.groovy:36)]]></system-out>
         <system-err><![CDATA[2019-08-13 11:13:13 - [TEST_CASE][FAILED] - Test Cases/PRODUCT PAGE/Add to wishlist: Test Cases/PRODUCT PAGE/Add to wishlist FAILED.
Reason:
com.kms.katalon.core.exception.StepFailedException: Unable to click on object 'Object Repository/CR-DESKTOP/product page/Specs Tab' (Root cause: com.kms.katalon.core.webui.exception.WebElementNotFoundException: Web element with id: 'Object Repository/CR-DESKTOP/product page/Specs Tab' located by 'By.xpath: //li[@class='resp-tab-item resp-element']' not found)
	at com.kms.katalon.core.keyword.internal.KeywordMain.stepFailed(KeywordMain.groovy:36)
	at com.kms.katalon.core.webui.keyword.internal.WebUIKeywordMain.stepFailed(WebUIKeywordMain.groovy:65)
	at com.kms.katalon.core.webui.keyword.internal.WebUIKeywordMain.runKeyword(WebUIKeywordMain.groovy:27)
	at com.kms.katalon.core.webui.keyword.builtin.ClickKeyword.click(ClickKeyword.groovy:86)
	at com.kms.katalon.core.webui.keyword.builtin.ClickKeyword.execute(ClickKeyword.groovy:67)
	at com.kms.katalon.core.keyword.internal.KeywordExecutor.executeKeywordForPlatform(KeywordExecutor.groovy:53)
	at com.kms.katalon.core.webui.keyword.WebUiBuiltInKeywords.click(WebUiBuiltInKeywords.groovy:616)
	at com.kms.katalon.core.webui.keyword.WebUiBuiltInKeywords$click$1.call(Unknown Source)
	at Add to wishlist.run(Add to wishlist:92)
	at com.kms.katalon.core.main.ScriptEngine.run(ScriptEngine.java:194)
	at com.kms.katalon.core.main.ScriptEngine.runScriptAsRawText(ScriptEngine.java:119)
	at com.kms.katalon.core.main.TestCaseExecutor.runScript(TestCaseExecutor.java:328)
	at com.kms.katalon.core.main.TestCaseExecutor.doExecute(TestCaseExecutor.java:319)
	at com.kms.katalon.core.main.TestCaseExecutor.processExecutionPhase(TestCaseExecutor.java:298)
	at com.kms.katalon.core.main.TestCaseExecutor.accessMainPhase(TestCaseExecutor.java:290)
	at com.kms.katalon.core.main.TestCaseExecutor.execute(TestCaseExecutor.java:224)
	at com.kms.katalon.core.main.TestSuiteExecutor.accessTestCaseMainPhase(TestSuiteExecutor.java:129)
	at com.kms.katalon.core.main.TestSuiteExecutor.accessTestSuiteMainPhase(TestSuiteExecutor.java:112)
	at com.kms.katalon.core.main.TestSuiteExecutor.execute(TestSuiteExecutor.java:81)
	at com.kms.katalon.core.main.TestCaseMain.startTestSuite(TestCaseMain.java:149)
	at com.kms.katalon.core.main.TestCaseMain$startTestSuite$0.call(Unknown Source)
	at TempTestSuite1565707895630.run(TempTestSuite1565707895630.groovy:36)]]></system-err>
      </testcase>
      <testcase name="Test Cases/PRODUCT PAGE/product image sliders - hovering" classname="Test Cases/PRODUCT PAGE/product image sliders - hovering" status="PASSED">
         <system-out><![CDATA[2019-08-13 11:14:46 - [TEST_CASE][PASSED] - Test Cases/PRODUCT PAGE/product image sliders - hovering: Test Cases/PRODUCT PAGE/product image sliders - hovering

2019-08-13 11:14:46 - [TEST_STEP][PASSED] - callTestCase(findTestCase("CALL-URL"), [:], STOP_ON_FAILURE): Call Test Case 'Test Cases/CALL-URL' successfully

2019-08-13 11:14:46 - [TEST_CASE][PASSED] - Test Cases/CALL-URL: Test Cases/CALL-URL

2019-08-13 11:14:46 - [TEST_STEP][PASSED] - openBrowser(""): Browser is opened with url: ''

2019-08-13 11:14:46 - [MESSAGE][WARNING] - A browser is already opened. Closing browser and opening a new one

2019-08-13 11:14:46 - [MESSAGE][INFO] - Starting 'Chrome' driver

2019-08-13 11:14:47 - [MESSAGE][PASSED] - Browser is opened with url: ''

2019-08-13 11:14:47 - [TEST_STEP][PASSED] - navigateToUrl("https://charlotterusse.com/"): Navigate to 'https://charlotterusse.com/' successfully

2019-08-13 11:14:52 - [MESSAGE][PASSED] - Navigate to 'https://charlotterusse.com/' successfully

2019-08-13 11:14:52 - [TEST_STEP][PASSED] - click(findTestObject("CR-DESKTOP/Window pop up/language- english")): Object: 'Object Repository/CR-DESKTOP/Window pop up/language- english' is clicked on

2019-08-13 11:14:52 - [MESSAGE][PASSED] - Object: 'Object Repository/CR-DESKTOP/Window pop up/language- english' is clicked on

2019-08-13 11:14:52 - [TEST_STEP][PASSED] - click(findTestObject("CR-DESKTOP/Window pop up/Pop up - close")): Object: 'Object Repository/CR-DESKTOP/Window pop up/Pop up - close' is clicked on

2019-08-13 11:14:52 - [MESSAGE][PASSED] - Object: 'Object Repository/CR-DESKTOP/Window pop up/Pop up - close' is clicked on

2019-08-13 11:14:52 - [TEST_STEP][PASSED] - maximizeWindow(): Current window maximized

2019-08-13 11:14:52 - [MESSAGE][PASSED] - Current window maximized

2019-08-13 11:14:52 - [MESSAGE][PASSED] - Call Test Case 'Test Cases/CALL-URL' successfully

2019-08-13 11:14:52 - [TEST_STEP][PASSED] - delay(2): Delayed 2 second(s)

2019-08-13 11:14:54 - [MESSAGE][PASSED] - Delayed 2 second(s)

2019-08-13 11:14:54 - [TEST_STEP][PASSED] - mouseOver(findTestObject("CR-DESKTOP/Mega menu/SHOES")): Object: 'Object Repository/CR-DESKTOP/Mega menu/SHOES' is hovered

2019-08-13 11:14:54 - [MESSAGE][PASSED] - Object: 'Object Repository/CR-DESKTOP/Mega menu/SHOES' is hovered

2019-08-13 11:14:54 - [TEST_STEP][PASSED] - delay(2): Delayed 2 second(s)

2019-08-13 11:14:56 - [MESSAGE][PASSED] - Delayed 2 second(s)

2019-08-13 11:14:56 - [TEST_STEP][PASSED] - click(findTestObject("CR-DESKTOP/Mega menu/shoes - sneakers")): Object: 'Object Repository/CR-DESKTOP/Mega menu/shoes - sneakers' is clicked on

2019-08-13 11:14:58 - [MESSAGE][PASSED] - Object: 'Object Repository/CR-DESKTOP/Mega menu/shoes - sneakers' is clicked on

2019-08-13 11:14:58 - [TEST_STEP][PASSED] - delay(2): Delayed 2 second(s)

2019-08-13 11:15:00 - [MESSAGE][PASSED] - Delayed 2 second(s)

2019-08-13 11:15:00 - [TEST_STEP][PASSED] - click(findTestObject("CR-DESKTOP/Collection page/product 3")): Object: 'Object Repository/CR-DESKTOP/Collection page/product 3' is clicked on

2019-08-13 11:15:02 - [MESSAGE][PASSED] - Object: 'Object Repository/CR-DESKTOP/Collection page/product 3' is clicked on

2019-08-13 11:15:02 - [TEST_STEP][PASSED] - delay(2): Delayed 2 second(s)

2019-08-13 11:15:04 - [MESSAGE][PASSED] - Delayed 2 second(s)

2019-08-13 11:15:04 - [TEST_STEP][PASSED] - click(findTestObject("CR-DESKTOP/product page/Thumbnail -1")): Object: 'Object Repository/CR-DESKTOP/product page/Thumbnail -1' is clicked on

2019-08-13 11:15:04 - [MESSAGE][PASSED] - Object: 'Object Repository/CR-DESKTOP/product page/Thumbnail -1' is clicked on

2019-08-13 11:15:04 - [TEST_STEP][PASSED] - delay(2): Delayed 2 second(s)

2019-08-13 11:15:06 - [MESSAGE][PASSED] - Delayed 2 second(s)

2019-08-13 11:15:06 - [TEST_STEP][PASSED] - mouseOver(findTestObject("CR-DESKTOP/product page/Hover the image")): Object: 'Object Repository/CR-DESKTOP/product page/Hover the image' is hovered

2019-08-13 11:15:06 - [MESSAGE][PASSED] - Object: 'Object Repository/CR-DESKTOP/product page/Hover the image' is hovered

2019-08-13 11:15:06 - [TEST_STEP][PASSED] - delay(2): Delayed 2 second(s)

2019-08-13 11:15:08 - [MESSAGE][PASSED] - Delayed 2 second(s)

2019-08-13 11:15:08 - [TEST_STEP][PASSED] - click(findTestObject("CR-DESKTOP/product page/Thumbnail -2")): Object: 'Object Repository/CR-DESKTOP/product page/Thumbnail -2' is clicked on

2019-08-13 11:15:08 - [MESSAGE][PASSED] - Object: 'Object Repository/CR-DESKTOP/product page/Thumbnail -2' is clicked on

2019-08-13 11:15:08 - [TEST_STEP][PASSED] - delay(2): Delayed 2 second(s)

2019-08-13 11:15:10 - [MESSAGE][PASSED] - Delayed 2 second(s)

2019-08-13 11:15:10 - [TEST_STEP][PASSED] - mouseOver(findTestObject("CR-DESKTOP/product page/Hover the image")): Object: 'Object Repository/CR-DESKTOP/product page/Hover the image' is hovered

2019-08-13 11:15:10 - [MESSAGE][PASSED] - Object: 'Object Repository/CR-DESKTOP/product page/Hover the image' is hovered

2019-08-13 11:15:10 - [TEST_STEP][PASSED] - delay(2): Delayed 2 second(s)

2019-08-13 11:15:12 - [MESSAGE][PASSED] - Delayed 2 second(s)

2019-08-13 11:15:12 - [TEST_STEP][PASSED] - click(findTestObject("CR-DESKTOP/product page/Thumbnail -3")): Object: 'Object Repository/CR-DESKTOP/product page/Thumbnail -3' is clicked on

2019-08-13 11:15:12 - [MESSAGE][PASSED] - Object: 'Object Repository/CR-DESKTOP/product page/Thumbnail -3' is clicked on

2019-08-13 11:15:12 - [TEST_STEP][PASSED] - delay(2): Delayed 2 second(s)

2019-08-13 11:15:14 - [MESSAGE][PASSED] - Delayed 2 second(s)

2019-08-13 11:15:14 - [TEST_STEP][PASSED] - mouseOver(findTestObject("CR-DESKTOP/product page/Hover the image")): Object: 'Object Repository/CR-DESKTOP/product page/Hover the image' is hovered

2019-08-13 11:15:14 - [MESSAGE][PASSED] - Object: 'Object Repository/CR-DESKTOP/product page/Hover the image' is hovered]]></system-out>
         <system-err><![CDATA[]]></system-err>
      </testcase>
      <testcase name="Test Cases/PRODUCT PAGE/Recently viewed" classname="Test Cases/PRODUCT PAGE/Recently viewed" status="PASSED">
         <system-out><![CDATA[2019-08-13 11:15:14 - [TEST_CASE][PASSED] - Test Cases/PRODUCT PAGE/Recently viewed: Test Cases/PRODUCT PAGE/Recently viewed

2019-08-13 11:15:14 - [TEST_STEP][PASSED] - callTestCase(findTestCase("CALL-URL"), [:], STOP_ON_FAILURE): Call Test Case 'Test Cases/CALL-URL' successfully

2019-08-13 11:15:14 - [TEST_CASE][PASSED] - Test Cases/CALL-URL: Test Cases/CALL-URL

2019-08-13 11:15:14 - [TEST_STEP][PASSED] - openBrowser(""): Browser is opened with url: ''

2019-08-13 11:15:14 - [MESSAGE][WARNING] - A browser is already opened. Closing browser and opening a new one

2019-08-13 11:15:15 - [MESSAGE][INFO] - Starting 'Chrome' driver

2019-08-13 11:15:16 - [MESSAGE][PASSED] - Browser is opened with url: ''

2019-08-13 11:15:16 - [TEST_STEP][PASSED] - navigateToUrl("https://charlotterusse.com/"): Navigate to 'https://charlotterusse.com/' successfully

2019-08-13 11:15:19 - [MESSAGE][PASSED] - Navigate to 'https://charlotterusse.com/' successfully

2019-08-13 11:15:19 - [TEST_STEP][PASSED] - click(findTestObject("CR-DESKTOP/Window pop up/language- english")): Object: 'Object Repository/CR-DESKTOP/Window pop up/language- english' is clicked on

2019-08-13 11:15:19 - [MESSAGE][PASSED] - Object: 'Object Repository/CR-DESKTOP/Window pop up/language- english' is clicked on

2019-08-13 11:15:19 - [TEST_STEP][PASSED] - click(findTestObject("CR-DESKTOP/Window pop up/Pop up - close")): Object: 'Object Repository/CR-DESKTOP/Window pop up/Pop up - close' is clicked on

2019-08-13 11:15:19 - [MESSAGE][PASSED] - Object: 'Object Repository/CR-DESKTOP/Window pop up/Pop up - close' is clicked on

2019-08-13 11:15:19 - [TEST_STEP][PASSED] - maximizeWindow(): Current window maximized

2019-08-13 11:15:19 - [MESSAGE][PASSED] - Current window maximized

2019-08-13 11:15:19 - [MESSAGE][PASSED] - Call Test Case 'Test Cases/CALL-URL' successfully

2019-08-13 11:15:19 - [TEST_STEP][PASSED] - delay(2): Delayed 2 second(s)

2019-08-13 11:15:21 - [MESSAGE][PASSED] - Delayed 2 second(s)

2019-08-13 11:15:21 - [TEST_STEP][PASSED] - mouseOver(findTestObject("CR-DESKTOP/Mega menu/SHOES")): Object: 'Object Repository/CR-DESKTOP/Mega menu/SHOES' is hovered

2019-08-13 11:15:21 - [MESSAGE][PASSED] - Object: 'Object Repository/CR-DESKTOP/Mega menu/SHOES' is hovered

2019-08-13 11:15:21 - [TEST_STEP][PASSED] - delay(2): Delayed 2 second(s)

2019-08-13 11:15:23 - [MESSAGE][PASSED] - Delayed 2 second(s)

2019-08-13 11:15:23 - [TEST_STEP][PASSED] - click(findTestObject("CR-DESKTOP/Mega menu/shoes - sneakers")): Object: 'Object Repository/CR-DESKTOP/Mega menu/shoes - sneakers' is clicked on

2019-08-13 11:15:25 - [MESSAGE][PASSED] - Object: 'Object Repository/CR-DESKTOP/Mega menu/shoes - sneakers' is clicked on

2019-08-13 11:15:25 - [TEST_STEP][PASSED] - delay(2): Delayed 2 second(s)

2019-08-13 11:15:27 - [MESSAGE][PASSED] - Delayed 2 second(s)

2019-08-13 11:15:27 - [TEST_STEP][PASSED] - click(findTestObject("CR-DESKTOP/Collection page/product 3")): Object: 'Object Repository/CR-DESKTOP/Collection page/product 3' is clicked on

2019-08-13 11:15:29 - [MESSAGE][PASSED] - Object: 'Object Repository/CR-DESKTOP/Collection page/product 3' is clicked on

2019-08-13 11:15:29 - [TEST_STEP][PASSED] - delay(2): Delayed 2 second(s)

2019-08-13 11:15:31 - [MESSAGE][PASSED] - Delayed 2 second(s)

2019-08-13 11:15:31 - [TEST_STEP][PASSED] - click(findTestObject("CR-DESKTOP/product page/Recently viewed")): Object: 'Object Repository/CR-DESKTOP/product page/Recently viewed' is clicked on

2019-08-13 11:15:31 - [MESSAGE][PASSED] - Object: 'Object Repository/CR-DESKTOP/product page/Recently viewed' is clicked on

2019-08-13 11:15:31 - [TEST_STEP][PASSED] - delay(2): Delayed 2 second(s)

2019-08-13 11:15:33 - [MESSAGE][PASSED] - Delayed 2 second(s)

2019-08-13 11:15:33 - [TEST_STEP][PASSED] - click(findTestObject("CR-DESKTOP/product page/Product image - recently viewed")): Object: 'Object Repository/CR-DESKTOP/product page/Product image - recently viewed' is clicked on

2019-08-13 11:15:36 - [MESSAGE][PASSED] - Object: 'Object Repository/CR-DESKTOP/product page/Product image - recently viewed' is clicked on

2019-08-13 11:15:36 - [TEST_STEP][PASSED] - delay(2): Delayed 2 second(s)

2019-08-13 11:15:38 - [MESSAGE][PASSED] - Delayed 2 second(s)

2019-08-13 11:15:38 - [TEST_STEP][PASSED] - mouseOver(findTestObject("CR-DESKTOP/Mega menu/SHOES")): Object: 'Object Repository/CR-DESKTOP/Mega menu/SHOES' is hovered

2019-08-13 11:15:38 - [MESSAGE][PASSED] - Object: 'Object Repository/CR-DESKTOP/Mega menu/SHOES' is hovered

2019-08-13 11:15:38 - [TEST_STEP][PASSED] - delay(2): Delayed 2 second(s)

2019-08-13 11:15:40 - [MESSAGE][PASSED] - Delayed 2 second(s)

2019-08-13 11:15:40 - [TEST_STEP][PASSED] - click(findTestObject("CR-DESKTOP/Mega menu/shoes - sneakers")): Object: 'Object Repository/CR-DESKTOP/Mega menu/shoes - sneakers' is clicked on

2019-08-13 11:15:42 - [MESSAGE][PASSED] - Object: 'Object Repository/CR-DESKTOP/Mega menu/shoes - sneakers' is clicked on

2019-08-13 11:15:42 - [TEST_STEP][PASSED] - delay(2): Delayed 2 second(s)

2019-08-13 11:15:44 - [MESSAGE][PASSED] - Delayed 2 second(s)

2019-08-13 11:15:44 - [TEST_STEP][PASSED] - click(findTestObject("CR-DESKTOP/Collection page/product 3")): Object: 'Object Repository/CR-DESKTOP/Collection page/product 3' is clicked on

2019-08-13 11:15:44 - [MESSAGE][PASSED] - Object: 'Object Repository/CR-DESKTOP/Collection page/product 3' is clicked on

2019-08-13 11:15:44 - [TEST_STEP][PASSED] - delay(2): Delayed 2 second(s)

2019-08-13 11:15:46 - [MESSAGE][PASSED] - Delayed 2 second(s)

2019-08-13 11:15:46 - [TEST_STEP][PASSED] - click(findTestObject("CR-DESKTOP/product page/Size guide link")): Object: 'Object Repository/CR-DESKTOP/product page/Size guide link' is clicked on

2019-08-13 11:15:46 - [MESSAGE][PASSED] - Object: 'Object Repository/CR-DESKTOP/product page/Size guide link' is clicked on

2019-08-13 11:15:46 - [TEST_STEP][PASSED] - delay(2): Delayed 2 second(s)

2019-08-13 11:15:48 - [MESSAGE][PASSED] - Delayed 2 second(s)

2019-08-13 11:15:48 - [TEST_STEP][PASSED] - click(findTestObject("CR-DESKTOP/product page/Size guide close")): Object: 'Object Repository/CR-DESKTOP/product page/Size guide close' is clicked on

2019-08-13 11:15:49 - [MESSAGE][PASSED] - Object: 'Object Repository/CR-DESKTOP/product page/Size guide close' is clicked on]]></system-out>
         <system-err><![CDATA[]]></system-err>
      </testcase>
      <testcase name="Test Cases/CRITICAL PATH/Increase quantity - cart page" classname="Test Cases/CRITICAL PATH/Increase quantity - cart page" status="FAILED">
         <failure type="FAILED" message="Test Cases/CRITICAL PATH/Increase quantity - cart page FAILED.
Reason:
com.kms.katalon.core.exception.StepFailedException: Unable to click on object 'Object Repository/CR-DESKTOP/product page/White color variant' (Root cause: com.kms.katalon.core.webui.exception.WebElementNotFoundException: Web element with id: 'Object Repository/CR-DESKTOP/product page/White color variant' located by 'By.xpath: //label[contains(@class,'swatch-white color')]' not found)
	at com.kms.katalon.core.keyword.internal.KeywordMain.stepFailed(KeywordMain.groovy:36)
	at com.kms.katalon.core.webui.keyword.internal.WebUIKeywordMain.stepFailed(WebUIKeywordMain.groovy:65)
	at com.kms.katalon.core.webui.keyword.internal.WebUIKeywordMain.runKeyword(WebUIKeywordMain.groovy:27)
	at com.kms.katalon.core.webui.keyword.builtin.ClickKeyword.click(ClickKeyword.groovy:86)
	at com.kms.katalon.core.webui.keyword.builtin.ClickKeyword.execute(ClickKeyword.groovy:67)
	at com.kms.katalon.core.keyword.internal.KeywordExecutor.executeKeywordForPlatform(KeywordExecutor.groovy:53)
	at com.kms.katalon.core.webui.keyword.WebUiBuiltInKeywords.click(WebUiBuiltInKeywords.groovy:616)
	at com.kms.katalon.core.webui.keyword.WebUiBuiltInKeywords$click$1.call(Unknown Source)
	at Increase quantity - cart page.run(Increase quantity - cart page:32)
	at com.kms.katalon.core.main.ScriptEngine.run(ScriptEngine.java:194)
	at com.kms.katalon.core.main.ScriptEngine.runScriptAsRawText(ScriptEngine.java:119)
	at com.kms.katalon.core.main.TestCaseExecutor.runScript(TestCaseExecutor.java:328)
	at com.kms.katalon.core.main.TestCaseExecutor.doExecute(TestCaseExecutor.java:319)
	at com.kms.katalon.core.main.TestCaseExecutor.processExecutionPhase(TestCaseExecutor.java:298)
	at com.kms.katalon.core.main.TestCaseExecutor.accessMainPhase(TestCaseExecutor.java:290)
	at com.kms.katalon.core.main.TestCaseExecutor.execute(TestCaseExecutor.java:224)
	at com.kms.katalon.core.main.TestSuiteExecutor.accessTestCaseMainPhase(TestSuiteExecutor.java:129)
	at com.kms.katalon.core.main.TestSuiteExecutor.accessTestSuiteMainPhase(TestSuiteExecutor.java:112)
	at com.kms.katalon.core.main.TestSuiteExecutor.execute(TestSuiteExecutor.java:81)
	at com.kms.katalon.core.main.TestCaseMain.startTestSuite(TestCaseMain.java:149)
	at com.kms.katalon.core.main.TestCaseMain$startTestSuite$0.call(Unknown Source)
	at TempTestSuite1565707895630.run(TempTestSuite1565707895630.groovy:36)
"/>
         <system-out><![CDATA[2019-08-13 11:15:49 - [TEST_CASE][FAILED] - Test Cases/CRITICAL PATH/Increase quantity - cart page: Test Cases/CRITICAL PATH/Increase quantity - cart page FAILED.
Reason:
com.kms.katalon.core.exception.StepFailedException: Unable to click on object 'Object Repository/CR-DESKTOP/product page/White color variant' (Root cause: com.kms.katalon.core.webui.exception.WebElementNotFoundException: Web element with id: 'Object Repository/CR-DESKTOP/product page/White color variant' located by 'By.xpath: //label[contains(@class,'swatch-white color')]' not found)
	at com.kms.katalon.core.keyword.internal.KeywordMain.stepFailed(KeywordMain.groovy:36)
	at com.kms.katalon.core.webui.keyword.internal.WebUIKeywordMain.stepFailed(WebUIKeywordMain.groovy:65)
	at com.kms.katalon.core.webui.keyword.internal.WebUIKeywordMain.runKeyword(WebUIKeywordMain.groovy:27)
	at com.kms.katalon.core.webui.keyword.builtin.ClickKeyword.click(ClickKeyword.groovy:86)
	at com.kms.katalon.core.webui.keyword.builtin.ClickKeyword.execute(ClickKeyword.groovy:67)
	at com.kms.katalon.core.keyword.internal.KeywordExecutor.executeKeywordForPlatform(KeywordExecutor.groovy:53)
	at com.kms.katalon.core.webui.keyword.WebUiBuiltInKeywords.click(WebUiBuiltInKeywords.groovy:616)
	at com.kms.katalon.core.webui.keyword.WebUiBuiltInKeywords$click$1.call(Unknown Source)
	at Increase quantity - cart page.run(Increase quantity - cart page:32)
	at com.kms.katalon.core.main.ScriptEngine.run(ScriptEngine.java:194)
	at com.kms.katalon.core.main.ScriptEngine.runScriptAsRawText(ScriptEngine.java:119)
	at com.kms.katalon.core.main.TestCaseExecutor.runScript(TestCaseExecutor.java:328)
	at com.kms.katalon.core.main.TestCaseExecutor.doExecute(TestCaseExecutor.java:319)
	at com.kms.katalon.core.main.TestCaseExecutor.processExecutionPhase(TestCaseExecutor.java:298)
	at com.kms.katalon.core.main.TestCaseExecutor.accessMainPhase(TestCaseExecutor.java:290)
	at com.kms.katalon.core.main.TestCaseExecutor.execute(TestCaseExecutor.java:224)
	at com.kms.katalon.core.main.TestSuiteExecutor.accessTestCaseMainPhase(TestSuiteExecutor.java:129)
	at com.kms.katalon.core.main.TestSuiteExecutor.accessTestSuiteMainPhase(TestSuiteExecutor.java:112)
	at com.kms.katalon.core.main.TestSuiteExecutor.execute(TestSuiteExecutor.java:81)
	at com.kms.katalon.core.main.TestCaseMain.startTestSuite(TestCaseMain.java:149)
	at com.kms.katalon.core.main.TestCaseMain$startTestSuite$0.call(Unknown Source)
	at TempTestSuite1565707895630.run(TempTestSuite1565707895630.groovy:36)


2019-08-13 11:15:49 - [TEST_STEP][PASSED] - callTestCase(findTestCase("CALL-URL"), [:], STOP_ON_FAILURE): Call Test Case 'Test Cases/CALL-URL' successfully

2019-08-13 11:15:49 - [TEST_CASE][PASSED] - Test Cases/CALL-URL: Test Cases/CALL-URL

2019-08-13 11:15:49 - [TEST_STEP][PASSED] - openBrowser(""): Browser is opened with url: ''

2019-08-13 11:15:49 - [MESSAGE][WARNING] - A browser is already opened. Closing browser and opening a new one

2019-08-13 11:15:49 - [MESSAGE][INFO] - Starting 'Chrome' driver

2019-08-13 11:15:50 - [MESSAGE][PASSED] - Browser is opened with url: ''

2019-08-13 11:15:50 - [TEST_STEP][PASSED] - navigateToUrl("https://charlotterusse.com/"): Navigate to 'https://charlotterusse.com/' successfully

2019-08-13 11:15:52 - [MESSAGE][PASSED] - Navigate to 'https://charlotterusse.com/' successfully

2019-08-13 11:15:52 - [TEST_STEP][PASSED] - click(findTestObject("CR-DESKTOP/Window pop up/language- english")): Object: 'Object Repository/CR-DESKTOP/Window pop up/language- english' is clicked on

2019-08-13 11:15:52 - [MESSAGE][PASSED] - Object: 'Object Repository/CR-DESKTOP/Window pop up/language- english' is clicked on

2019-08-13 11:15:52 - [TEST_STEP][PASSED] - click(findTestObject("CR-DESKTOP/Window pop up/Pop up - close")): Object: 'Object Repository/CR-DESKTOP/Window pop up/Pop up - close' is clicked on

2019-08-13 11:15:52 - [MESSAGE][PASSED] - Object: 'Object Repository/CR-DESKTOP/Window pop up/Pop up - close' is clicked on

2019-08-13 11:15:52 - [TEST_STEP][PASSED] - maximizeWindow(): Current window maximized

2019-08-13 11:15:53 - [MESSAGE][PASSED] - Current window maximized

2019-08-13 11:15:53 - [MESSAGE][PASSED] - Call Test Case 'Test Cases/CALL-URL' successfully

2019-08-13 11:15:53 - [TEST_STEP][PASSED] - delay(2): Delayed 2 second(s)

2019-08-13 11:15:55 - [MESSAGE][PASSED] - Delayed 2 second(s)

2019-08-13 11:15:55 - [TEST_STEP][PASSED] - mouseOver(findTestObject("CR-DESKTOP/Mega menu/SHOES")): Object: 'Object Repository/CR-DESKTOP/Mega menu/SHOES' is hovered

2019-08-13 11:15:55 - [MESSAGE][PASSED] - Object: 'Object Repository/CR-DESKTOP/Mega menu/SHOES' is hovered

2019-08-13 11:15:55 - [TEST_STEP][PASSED] - delay(2): Delayed 2 second(s)

2019-08-13 11:15:57 - [MESSAGE][PASSED] - Delayed 2 second(s)

2019-08-13 11:15:57 - [TEST_STEP][PASSED] - click(findTestObject("CR-DESKTOP/Mega menu/shoes - sneakers")): Object: 'Object Repository/CR-DESKTOP/Mega menu/shoes - sneakers' is clicked on

2019-08-13 11:15:57 - [MESSAGE][PASSED] - Object: 'Object Repository/CR-DESKTOP/Mega menu/shoes - sneakers' is clicked on

2019-08-13 11:15:57 - [TEST_STEP][PASSED] - delay(2): Delayed 2 second(s)

2019-08-13 11:16:00 - [MESSAGE][PASSED] - Delayed 2 second(s)

2019-08-13 11:16:00 - [TEST_STEP][PASSED] - click(findTestObject("CR-DESKTOP/Collection page/product 3")): Object: 'Object Repository/CR-DESKTOP/Collection page/product 3' is clicked on

2019-08-13 11:16:01 - [MESSAGE][PASSED] - Object: 'Object Repository/CR-DESKTOP/Collection page/product 3' is clicked on

2019-08-13 11:16:01 - [TEST_STEP][PASSED] - delay(2): Delayed 2 second(s)

2019-08-13 11:16:03 - [MESSAGE][PASSED] - Delayed 2 second(s)

2019-08-13 11:16:03 - [TEST_STEP][FAILED] - click(findTestObject("CR-DESKTOP/product page/White color variant")): click(findTestObject("CR-DESKTOP/product page/White color variant")) FAILED.
Reason:
com.kms.katalon.core.exception.StepFailedException: Unable to click on object 'Object Repository/CR-DESKTOP/product page/White color variant' (Root cause: com.kms.katalon.core.webui.exception.WebElementNotFoundException: Web element with id: 'Object Repository/CR-DESKTOP/product page/White color variant' located by 'By.xpath: //label[contains(@class,'swatch-white color')]' not found)
	at com.kms.katalon.core.keyword.internal.KeywordMain.stepFailed(KeywordMain.groovy:36)
	at com.kms.katalon.core.webui.keyword.internal.WebUIKeywordMain.stepFailed(WebUIKeywordMain.groovy:65)
	at com.kms.katalon.core.webui.keyword.internal.WebUIKeywordMain.runKeyword(WebUIKeywordMain.groovy:27)
	at com.kms.katalon.core.webui.keyword.builtin.ClickKeyword.click(ClickKeyword.groovy:86)
	at com.kms.katalon.core.webui.keyword.builtin.ClickKeyword.execute(ClickKeyword.groovy:67)
	at com.kms.katalon.core.keyword.internal.KeywordExecutor.executeKeywordForPlatform(KeywordExecutor.groovy:53)
	at com.kms.katalon.core.webui.keyword.WebUiBuiltInKeywords.click(WebUiBuiltInKeywords.groovy:616)
	at com.kms.katalon.core.webui.keyword.WebUiBuiltInKeywords$click$1.call(Unknown Source)
	at Increase quantity - cart page.run(Increase quantity - cart page:32)
	at com.kms.katalon.core.main.ScriptEngine.run(ScriptEngine.java:194)
	at com.kms.katalon.core.main.ScriptEngine.runScriptAsRawText(ScriptEngine.java:119)
	at com.kms.katalon.core.main.TestCaseExecutor.runScript(TestCaseExecutor.java:328)
	at com.kms.katalon.core.main.TestCaseExecutor.doExecute(TestCaseExecutor.java:319)
	at com.kms.katalon.core.main.TestCaseExecutor.processExecutionPhase(TestCaseExecutor.java:298)
	at com.kms.katalon.core.main.TestCaseExecutor.accessMainPhase(TestCaseExecutor.java:290)
	at com.kms.katalon.core.main.TestCaseExecutor.execute(TestCaseExecutor.java:224)
	at com.kms.katalon.core.main.TestSuiteExecutor.accessTestCaseMainPhase(TestSuiteExecutor.java:129)
	at com.kms.katalon.core.main.TestSuiteExecutor.accessTestSuiteMainPhase(TestSuiteExecutor.java:112)
	at com.kms.katalon.core.main.TestSuiteExecutor.execute(TestSuiteExecutor.java:81)
	at com.kms.katalon.core.main.TestCaseMain.startTestSuite(TestCaseMain.java:149)
	at com.kms.katalon.core.main.TestCaseMain$startTestSuite$0.call(Unknown Source)
	at TempTestSuite1565707895630.run(TempTestSuite1565707895630.groovy:36)


2019-08-13 11:16:34 - [MESSAGE][INFO] - Unable to find the element located by 'By.xpath: //label[contains(@class,'swatch-white color')]'. Please recheck the objects properties to make sure the desired element is located. 

2019-08-13 11:16:35 - [MESSAGE][FAILED] - Unable to click on object 'Object Repository/CR-DESKTOP/product page/White color variant' (Root cause: com.kms.katalon.core.webui.exception.WebElementNotFoundException: Web element with id: 'Object Repository/CR-DESKTOP/product page/White color variant' located by 'By.xpath: //label[contains(@class,'swatch-white color')]' not found)
[[ATTACHMENT|/Users/sumankompelly/git/CR-Desktop/Reports/suite-chrome/20190813_105135/1565709394766.png]]

2019-08-13 11:16:35 - [MESSAGE][FAILED] - click(findTestObject("CR-DESKTOP/product page/White color variant")) FAILED.
Reason:
com.kms.katalon.core.exception.StepFailedException: Unable to click on object 'Object Repository/CR-DESKTOP/product page/White color variant' (Root cause: com.kms.katalon.core.webui.exception.WebElementNotFoundException: Web element with id: 'Object Repository/CR-DESKTOP/product page/White color variant' located by 'By.xpath: //label[contains(@class,'swatch-white color')]' not found)
	at com.kms.katalon.core.keyword.internal.KeywordMain.stepFailed(KeywordMain.groovy:36)
	at com.kms.katalon.core.webui.keyword.internal.WebUIKeywordMain.stepFailed(WebUIKeywordMain.groovy:65)
	at com.kms.katalon.core.webui.keyword.internal.WebUIKeywordMain.runKeyword(WebUIKeywordMain.groovy:27)
	at com.kms.katalon.core.webui.keyword.builtin.ClickKeyword.click(ClickKeyword.groovy:86)
	at com.kms.katalon.core.webui.keyword.builtin.ClickKeyword.execute(ClickKeyword.groovy:67)
	at com.kms.katalon.core.keyword.internal.KeywordExecutor.executeKeywordForPlatform(KeywordExecutor.groovy:53)
	at com.kms.katalon.core.webui.keyword.WebUiBuiltInKeywords.click(WebUiBuiltInKeywords.groovy:616)
	at com.kms.katalon.core.webui.keyword.WebUiBuiltInKeywords$click$1.call(Unknown Source)
	at Increase quantity - cart page.run(Increase quantity - cart page:32)
	at com.kms.katalon.core.main.ScriptEngine.run(ScriptEngine.java:194)
	at com.kms.katalon.core.main.ScriptEngine.runScriptAsRawText(ScriptEngine.java:119)
	at com.kms.katalon.core.main.TestCaseExecutor.runScript(TestCaseExecutor.java:328)
	at com.kms.katalon.core.main.TestCaseExecutor.doExecute(TestCaseExecutor.java:319)
	at com.kms.katalon.core.main.TestCaseExecutor.processExecutionPhase(TestCaseExecutor.java:298)
	at com.kms.katalon.core.main.TestCaseExecutor.accessMainPhase(TestCaseExecutor.java:290)
	at com.kms.katalon.core.main.TestCaseExecutor.execute(TestCaseExecutor.java:224)
	at com.kms.katalon.core.main.TestSuiteExecutor.accessTestCaseMainPhase(TestSuiteExecutor.java:129)
	at com.kms.katalon.core.main.TestSuiteExecutor.accessTestSuiteMainPhase(TestSuiteExecutor.java:112)
	at com.kms.katalon.core.main.TestSuiteExecutor.execute(TestSuiteExecutor.java:81)
	at com.kms.katalon.core.main.TestCaseMain.startTestSuite(TestCaseMain.java:149)
	at com.kms.katalon.core.main.TestCaseMain$startTestSuite$0.call(Unknown Source)
	at TempTestSuite1565707895630.run(TempTestSuite1565707895630.groovy:36)]]></system-out>
         <system-err><![CDATA[2019-08-13 11:15:49 - [TEST_CASE][FAILED] - Test Cases/CRITICAL PATH/Increase quantity - cart page: Test Cases/CRITICAL PATH/Increase quantity - cart page FAILED.
Reason:
com.kms.katalon.core.exception.StepFailedException: Unable to click on object 'Object Repository/CR-DESKTOP/product page/White color variant' (Root cause: com.kms.katalon.core.webui.exception.WebElementNotFoundException: Web element with id: 'Object Repository/CR-DESKTOP/product page/White color variant' located by 'By.xpath: //label[contains(@class,'swatch-white color')]' not found)
	at com.kms.katalon.core.keyword.internal.KeywordMain.stepFailed(KeywordMain.groovy:36)
	at com.kms.katalon.core.webui.keyword.internal.WebUIKeywordMain.stepFailed(WebUIKeywordMain.groovy:65)
	at com.kms.katalon.core.webui.keyword.internal.WebUIKeywordMain.runKeyword(WebUIKeywordMain.groovy:27)
	at com.kms.katalon.core.webui.keyword.builtin.ClickKeyword.click(ClickKeyword.groovy:86)
	at com.kms.katalon.core.webui.keyword.builtin.ClickKeyword.execute(ClickKeyword.groovy:67)
	at com.kms.katalon.core.keyword.internal.KeywordExecutor.executeKeywordForPlatform(KeywordExecutor.groovy:53)
	at com.kms.katalon.core.webui.keyword.WebUiBuiltInKeywords.click(WebUiBuiltInKeywords.groovy:616)
	at com.kms.katalon.core.webui.keyword.WebUiBuiltInKeywords$click$1.call(Unknown Source)
	at Increase quantity - cart page.run(Increase quantity - cart page:32)
	at com.kms.katalon.core.main.ScriptEngine.run(ScriptEngine.java:194)
	at com.kms.katalon.core.main.ScriptEngine.runScriptAsRawText(ScriptEngine.java:119)
	at com.kms.katalon.core.main.TestCaseExecutor.runScript(TestCaseExecutor.java:328)
	at com.kms.katalon.core.main.TestCaseExecutor.doExecute(TestCaseExecutor.java:319)
	at com.kms.katalon.core.main.TestCaseExecutor.processExecutionPhase(TestCaseExecutor.java:298)
	at com.kms.katalon.core.main.TestCaseExecutor.accessMainPhase(TestCaseExecutor.java:290)
	at com.kms.katalon.core.main.TestCaseExecutor.execute(TestCaseExecutor.java:224)
	at com.kms.katalon.core.main.TestSuiteExecutor.accessTestCaseMainPhase(TestSuiteExecutor.java:129)
	at com.kms.katalon.core.main.TestSuiteExecutor.accessTestSuiteMainPhase(TestSuiteExecutor.java:112)
	at com.kms.katalon.core.main.TestSuiteExecutor.execute(TestSuiteExecutor.java:81)
	at com.kms.katalon.core.main.TestCaseMain.startTestSuite(TestCaseMain.java:149)
	at com.kms.katalon.core.main.TestCaseMain$startTestSuite$0.call(Unknown Source)
	at TempTestSuite1565707895630.run(TempTestSuite1565707895630.groovy:36)]]></system-err>
      </testcase>
      <testcase name="Test Cases/CRITICAL PATH/Increase quantity - cart flyout" classname="Test Cases/CRITICAL PATH/Increase quantity - cart flyout" status="FAILED">
         <failure type="FAILED" message="Test Cases/CRITICAL PATH/Increase quantity - cart flyout FAILED.
Reason:
com.kms.katalon.core.exception.StepFailedException: Unable to click on object 'Object Repository/CR-DESKTOP/product page/White color variant' (Root cause: com.kms.katalon.core.webui.exception.WebElementNotFoundException: Web element with id: 'Object Repository/CR-DESKTOP/product page/White color variant' located by 'By.xpath: //label[contains(@class,'swatch-white color')]' not found)
	at com.kms.katalon.core.keyword.internal.KeywordMain.stepFailed(KeywordMain.groovy:36)
	at com.kms.katalon.core.webui.keyword.internal.WebUIKeywordMain.stepFailed(WebUIKeywordMain.groovy:65)
	at com.kms.katalon.core.webui.keyword.internal.WebUIKeywordMain.runKeyword(WebUIKeywordMain.groovy:27)
	at com.kms.katalon.core.webui.keyword.builtin.ClickKeyword.click(ClickKeyword.groovy:86)
	at com.kms.katalon.core.webui.keyword.builtin.ClickKeyword.execute(ClickKeyword.groovy:67)
	at com.kms.katalon.core.keyword.internal.KeywordExecutor.executeKeywordForPlatform(KeywordExecutor.groovy:53)
	at com.kms.katalon.core.webui.keyword.WebUiBuiltInKeywords.click(WebUiBuiltInKeywords.groovy:616)
	at com.kms.katalon.core.webui.keyword.WebUiBuiltInKeywords$click$1.call(Unknown Source)
	at Increase quantity - cart flyout.run(Increase quantity - cart flyout:32)
	at com.kms.katalon.core.main.ScriptEngine.run(ScriptEngine.java:194)
	at com.kms.katalon.core.main.ScriptEngine.runScriptAsRawText(ScriptEngine.java:119)
	at com.kms.katalon.core.main.TestCaseExecutor.runScript(TestCaseExecutor.java:328)
	at com.kms.katalon.core.main.TestCaseExecutor.doExecute(TestCaseExecutor.java:319)
	at com.kms.katalon.core.main.TestCaseExecutor.processExecutionPhase(TestCaseExecutor.java:298)
	at com.kms.katalon.core.main.TestCaseExecutor.accessMainPhase(TestCaseExecutor.java:290)
	at com.kms.katalon.core.main.TestCaseExecutor.execute(TestCaseExecutor.java:224)
	at com.kms.katalon.core.main.TestSuiteExecutor.accessTestCaseMainPhase(TestSuiteExecutor.java:129)
	at com.kms.katalon.core.main.TestSuiteExecutor.accessTestSuiteMainPhase(TestSuiteExecutor.java:112)
	at com.kms.katalon.core.main.TestSuiteExecutor.execute(TestSuiteExecutor.java:81)
	at com.kms.katalon.core.main.TestCaseMain.startTestSuite(TestCaseMain.java:149)
	at com.kms.katalon.core.main.TestCaseMain$startTestSuite$0.call(Unknown Source)
	at TempTestSuite1565707895630.run(TempTestSuite1565707895630.groovy:36)
"/>
         <system-out><![CDATA[2019-08-13 11:16:35 - [TEST_CASE][FAILED] - Test Cases/CRITICAL PATH/Increase quantity - cart flyout: Test Cases/CRITICAL PATH/Increase quantity - cart flyout FAILED.
Reason:
com.kms.katalon.core.exception.StepFailedException: Unable to click on object 'Object Repository/CR-DESKTOP/product page/White color variant' (Root cause: com.kms.katalon.core.webui.exception.WebElementNotFoundException: Web element with id: 'Object Repository/CR-DESKTOP/product page/White color variant' located by 'By.xpath: //label[contains(@class,'swatch-white color')]' not found)
	at com.kms.katalon.core.keyword.internal.KeywordMain.stepFailed(KeywordMain.groovy:36)
	at com.kms.katalon.core.webui.keyword.internal.WebUIKeywordMain.stepFailed(WebUIKeywordMain.groovy:65)
	at com.kms.katalon.core.webui.keyword.internal.WebUIKeywordMain.runKeyword(WebUIKeywordMain.groovy:27)
	at com.kms.katalon.core.webui.keyword.builtin.ClickKeyword.click(ClickKeyword.groovy:86)
	at com.kms.katalon.core.webui.keyword.builtin.ClickKeyword.execute(ClickKeyword.groovy:67)
	at com.kms.katalon.core.keyword.internal.KeywordExecutor.executeKeywordForPlatform(KeywordExecutor.groovy:53)
	at com.kms.katalon.core.webui.keyword.WebUiBuiltInKeywords.click(WebUiBuiltInKeywords.groovy:616)
	at com.kms.katalon.core.webui.keyword.WebUiBuiltInKeywords$click$1.call(Unknown Source)
	at Increase quantity - cart flyout.run(Increase quantity - cart flyout:32)
	at com.kms.katalon.core.main.ScriptEngine.run(ScriptEngine.java:194)
	at com.kms.katalon.core.main.ScriptEngine.runScriptAsRawText(ScriptEngine.java:119)
	at com.kms.katalon.core.main.TestCaseExecutor.runScript(TestCaseExecutor.java:328)
	at com.kms.katalon.core.main.TestCaseExecutor.doExecute(TestCaseExecutor.java:319)
	at com.kms.katalon.core.main.TestCaseExecutor.processExecutionPhase(TestCaseExecutor.java:298)
	at com.kms.katalon.core.main.TestCaseExecutor.accessMainPhase(TestCaseExecutor.java:290)
	at com.kms.katalon.core.main.TestCaseExecutor.execute(TestCaseExecutor.java:224)
	at com.kms.katalon.core.main.TestSuiteExecutor.accessTestCaseMainPhase(TestSuiteExecutor.java:129)
	at com.kms.katalon.core.main.TestSuiteExecutor.accessTestSuiteMainPhase(TestSuiteExecutor.java:112)
	at com.kms.katalon.core.main.TestSuiteExecutor.execute(TestSuiteExecutor.java:81)
	at com.kms.katalon.core.main.TestCaseMain.startTestSuite(TestCaseMain.java:149)
	at com.kms.katalon.core.main.TestCaseMain$startTestSuite$0.call(Unknown Source)
	at TempTestSuite1565707895630.run(TempTestSuite1565707895630.groovy:36)


2019-08-13 11:16:35 - [TEST_STEP][PASSED] - callTestCase(findTestCase("CALL-URL"), [:], STOP_ON_FAILURE): Call Test Case 'Test Cases/CALL-URL' successfully

2019-08-13 11:16:35 - [TEST_CASE][PASSED] - Test Cases/CALL-URL: Test Cases/CALL-URL

2019-08-13 11:16:35 - [TEST_STEP][PASSED] - openBrowser(""): Browser is opened with url: ''

2019-08-13 11:16:35 - [MESSAGE][WARNING] - A browser is already opened. Closing browser and opening a new one

2019-08-13 11:16:35 - [MESSAGE][INFO] - Starting 'Chrome' driver

2019-08-13 11:16:36 - [MESSAGE][PASSED] - Browser is opened with url: ''

2019-08-13 11:16:36 - [TEST_STEP][PASSED] - navigateToUrl("https://charlotterusse.com/"): Navigate to 'https://charlotterusse.com/' successfully

2019-08-13 11:16:40 - [MESSAGE][PASSED] - Navigate to 'https://charlotterusse.com/' successfully

2019-08-13 11:16:40 - [TEST_STEP][PASSED] - click(findTestObject("CR-DESKTOP/Window pop up/language- english")): Object: 'Object Repository/CR-DESKTOP/Window pop up/language- english' is clicked on

2019-08-13 11:16:40 - [MESSAGE][PASSED] - Object: 'Object Repository/CR-DESKTOP/Window pop up/language- english' is clicked on

2019-08-13 11:16:40 - [TEST_STEP][PASSED] - click(findTestObject("CR-DESKTOP/Window pop up/Pop up - close")): Object: 'Object Repository/CR-DESKTOP/Window pop up/Pop up - close' is clicked on

2019-08-13 11:16:40 - [MESSAGE][PASSED] - Object: 'Object Repository/CR-DESKTOP/Window pop up/Pop up - close' is clicked on

2019-08-13 11:16:40 - [TEST_STEP][PASSED] - maximizeWindow(): Current window maximized

2019-08-13 11:16:40 - [MESSAGE][PASSED] - Current window maximized

2019-08-13 11:16:40 - [MESSAGE][PASSED] - Call Test Case 'Test Cases/CALL-URL' successfully

2019-08-13 11:16:40 - [TEST_STEP][PASSED] - delay(2): Delayed 2 second(s)

2019-08-13 11:16:42 - [MESSAGE][PASSED] - Delayed 2 second(s)

2019-08-13 11:16:42 - [TEST_STEP][PASSED] - mouseOver(findTestObject("CR-DESKTOP/Mega menu/SHOES")): Object: 'Object Repository/CR-DESKTOP/Mega menu/SHOES' is hovered

2019-08-13 11:16:42 - [MESSAGE][PASSED] - Object: 'Object Repository/CR-DESKTOP/Mega menu/SHOES' is hovered

2019-08-13 11:16:42 - [TEST_STEP][PASSED] - delay(2): Delayed 2 second(s)

2019-08-13 11:16:44 - [MESSAGE][PASSED] - Delayed 2 second(s)

2019-08-13 11:16:44 - [TEST_STEP][PASSED] - click(findTestObject("CR-DESKTOP/Mega menu/shoes - sneakers")): Object: 'Object Repository/CR-DESKTOP/Mega menu/shoes - sneakers' is clicked on

2019-08-13 11:16:48 - [MESSAGE][PASSED] - Object: 'Object Repository/CR-DESKTOP/Mega menu/shoes - sneakers' is clicked on

2019-08-13 11:16:48 - [TEST_STEP][PASSED] - delay(2): Delayed 2 second(s)

2019-08-13 11:16:50 - [MESSAGE][PASSED] - Delayed 2 second(s)

2019-08-13 11:16:50 - [TEST_STEP][PASSED] - click(findTestObject("CR-DESKTOP/Collection page/product 3")): Object: 'Object Repository/CR-DESKTOP/Collection page/product 3' is clicked on

2019-08-13 11:16:52 - [MESSAGE][PASSED] - Object: 'Object Repository/CR-DESKTOP/Collection page/product 3' is clicked on

2019-08-13 11:16:52 - [TEST_STEP][PASSED] - delay(2): Delayed 2 second(s)

2019-08-13 11:16:54 - [MESSAGE][PASSED] - Delayed 2 second(s)

2019-08-13 11:16:54 - [TEST_STEP][FAILED] - click(findTestObject("CR-DESKTOP/product page/White color variant")): click(findTestObject("CR-DESKTOP/product page/White color variant")) FAILED.
Reason:
com.kms.katalon.core.exception.StepFailedException: Unable to click on object 'Object Repository/CR-DESKTOP/product page/White color variant' (Root cause: com.kms.katalon.core.webui.exception.WebElementNotFoundException: Web element with id: 'Object Repository/CR-DESKTOP/product page/White color variant' located by 'By.xpath: //label[contains(@class,'swatch-white color')]' not found)
	at com.kms.katalon.core.keyword.internal.KeywordMain.stepFailed(KeywordMain.groovy:36)
	at com.kms.katalon.core.webui.keyword.internal.WebUIKeywordMain.stepFailed(WebUIKeywordMain.groovy:65)
	at com.kms.katalon.core.webui.keyword.internal.WebUIKeywordMain.runKeyword(WebUIKeywordMain.groovy:27)
	at com.kms.katalon.core.webui.keyword.builtin.ClickKeyword.click(ClickKeyword.groovy:86)
	at com.kms.katalon.core.webui.keyword.builtin.ClickKeyword.execute(ClickKeyword.groovy:67)
	at com.kms.katalon.core.keyword.internal.KeywordExecutor.executeKeywordForPlatform(KeywordExecutor.groovy:53)
	at com.kms.katalon.core.webui.keyword.WebUiBuiltInKeywords.click(WebUiBuiltInKeywords.groovy:616)
	at com.kms.katalon.core.webui.keyword.WebUiBuiltInKeywords$click$1.call(Unknown Source)
	at Increase quantity - cart flyout.run(Increase quantity - cart flyout:32)
	at com.kms.katalon.core.main.ScriptEngine.run(ScriptEngine.java:194)
	at com.kms.katalon.core.main.ScriptEngine.runScriptAsRawText(ScriptEngine.java:119)
	at com.kms.katalon.core.main.TestCaseExecutor.runScript(TestCaseExecutor.java:328)
	at com.kms.katalon.core.main.TestCaseExecutor.doExecute(TestCaseExecutor.java:319)
	at com.kms.katalon.core.main.TestCaseExecutor.processExecutionPhase(TestCaseExecutor.java:298)
	at com.kms.katalon.core.main.TestCaseExecutor.accessMainPhase(TestCaseExecutor.java:290)
	at com.kms.katalon.core.main.TestCaseExecutor.execute(TestCaseExecutor.java:224)
	at com.kms.katalon.core.main.TestSuiteExecutor.accessTestCaseMainPhase(TestSuiteExecutor.java:129)
	at com.kms.katalon.core.main.TestSuiteExecutor.accessTestSuiteMainPhase(TestSuiteExecutor.java:112)
	at com.kms.katalon.core.main.TestSuiteExecutor.execute(TestSuiteExecutor.java:81)
	at com.kms.katalon.core.main.TestCaseMain.startTestSuite(TestCaseMain.java:149)
	at com.kms.katalon.core.main.TestCaseMain$startTestSuite$0.call(Unknown Source)
	at TempTestSuite1565707895630.run(TempTestSuite1565707895630.groovy:36)


2019-08-13 11:17:25 - [MESSAGE][INFO] - Unable to find the element located by 'By.xpath: //label[contains(@class,'swatch-white color')]'. Please recheck the objects properties to make sure the desired element is located. 

2019-08-13 11:17:25 - [MESSAGE][FAILED] - Unable to click on object 'Object Repository/CR-DESKTOP/product page/White color variant' (Root cause: com.kms.katalon.core.webui.exception.WebElementNotFoundException: Web element with id: 'Object Repository/CR-DESKTOP/product page/White color variant' located by 'By.xpath: //label[contains(@class,'swatch-white color')]' not found)
[[ATTACHMENT|/Users/sumankompelly/git/CR-Desktop/Reports/suite-chrome/20190813_105135/1565709445252.png]]

2019-08-13 11:17:25 - [MESSAGE][FAILED] - click(findTestObject("CR-DESKTOP/product page/White color variant")) FAILED.
Reason:
com.kms.katalon.core.exception.StepFailedException: Unable to click on object 'Object Repository/CR-DESKTOP/product page/White color variant' (Root cause: com.kms.katalon.core.webui.exception.WebElementNotFoundException: Web element with id: 'Object Repository/CR-DESKTOP/product page/White color variant' located by 'By.xpath: //label[contains(@class,'swatch-white color')]' not found)
	at com.kms.katalon.core.keyword.internal.KeywordMain.stepFailed(KeywordMain.groovy:36)
	at com.kms.katalon.core.webui.keyword.internal.WebUIKeywordMain.stepFailed(WebUIKeywordMain.groovy:65)
	at com.kms.katalon.core.webui.keyword.internal.WebUIKeywordMain.runKeyword(WebUIKeywordMain.groovy:27)
	at com.kms.katalon.core.webui.keyword.builtin.ClickKeyword.click(ClickKeyword.groovy:86)
	at com.kms.katalon.core.webui.keyword.builtin.ClickKeyword.execute(ClickKeyword.groovy:67)
	at com.kms.katalon.core.keyword.internal.KeywordExecutor.executeKeywordForPlatform(KeywordExecutor.groovy:53)
	at com.kms.katalon.core.webui.keyword.WebUiBuiltInKeywords.click(WebUiBuiltInKeywords.groovy:616)
	at com.kms.katalon.core.webui.keyword.WebUiBuiltInKeywords$click$1.call(Unknown Source)
	at Increase quantity - cart flyout.run(Increase quantity - cart flyout:32)
	at com.kms.katalon.core.main.ScriptEngine.run(ScriptEngine.java:194)
	at com.kms.katalon.core.main.ScriptEngine.runScriptAsRawText(ScriptEngine.java:119)
	at com.kms.katalon.core.main.TestCaseExecutor.runScript(TestCaseExecutor.java:328)
	at com.kms.katalon.core.main.TestCaseExecutor.doExecute(TestCaseExecutor.java:319)
	at com.kms.katalon.core.main.TestCaseExecutor.processExecutionPhase(TestCaseExecutor.java:298)
	at com.kms.katalon.core.main.TestCaseExecutor.accessMainPhase(TestCaseExecutor.java:290)
	at com.kms.katalon.core.main.TestCaseExecutor.execute(TestCaseExecutor.java:224)
	at com.kms.katalon.core.main.TestSuiteExecutor.accessTestCaseMainPhase(TestSuiteExecutor.java:129)
	at com.kms.katalon.core.main.TestSuiteExecutor.accessTestSuiteMainPhase(TestSuiteExecutor.java:112)
	at com.kms.katalon.core.main.TestSuiteExecutor.execute(TestSuiteExecutor.java:81)
	at com.kms.katalon.core.main.TestCaseMain.startTestSuite(TestCaseMain.java:149)
	at com.kms.katalon.core.main.TestCaseMain$startTestSuite$0.call(Unknown Source)
	at TempTestSuite1565707895630.run(TempTestSuite1565707895630.groovy:36)]]></system-out>
         <system-err><![CDATA[2019-08-13 11:16:35 - [TEST_CASE][FAILED] - Test Cases/CRITICAL PATH/Increase quantity - cart flyout: Test Cases/CRITICAL PATH/Increase quantity - cart flyout FAILED.
Reason:
com.kms.katalon.core.exception.StepFailedException: Unable to click on object 'Object Repository/CR-DESKTOP/product page/White color variant' (Root cause: com.kms.katalon.core.webui.exception.WebElementNotFoundException: Web element with id: 'Object Repository/CR-DESKTOP/product page/White color variant' located by 'By.xpath: //label[contains(@class,'swatch-white color')]' not found)
	at com.kms.katalon.core.keyword.internal.KeywordMain.stepFailed(KeywordMain.groovy:36)
	at com.kms.katalon.core.webui.keyword.internal.WebUIKeywordMain.stepFailed(WebUIKeywordMain.groovy:65)
	at com.kms.katalon.core.webui.keyword.internal.WebUIKeywordMain.runKeyword(WebUIKeywordMain.groovy:27)
	at com.kms.katalon.core.webui.keyword.builtin.ClickKeyword.click(ClickKeyword.groovy:86)
	at com.kms.katalon.core.webui.keyword.builtin.ClickKeyword.execute(ClickKeyword.groovy:67)
	at com.kms.katalon.core.keyword.internal.KeywordExecutor.executeKeywordForPlatform(KeywordExecutor.groovy:53)
	at com.kms.katalon.core.webui.keyword.WebUiBuiltInKeywords.click(WebUiBuiltInKeywords.groovy:616)
	at com.kms.katalon.core.webui.keyword.WebUiBuiltInKeywords$click$1.call(Unknown Source)
	at Increase quantity - cart flyout.run(Increase quantity - cart flyout:32)
	at com.kms.katalon.core.main.ScriptEngine.run(ScriptEngine.java:194)
	at com.kms.katalon.core.main.ScriptEngine.runScriptAsRawText(ScriptEngine.java:119)
	at com.kms.katalon.core.main.TestCaseExecutor.runScript(TestCaseExecutor.java:328)
	at com.kms.katalon.core.main.TestCaseExecutor.doExecute(TestCaseExecutor.java:319)
	at com.kms.katalon.core.main.TestCaseExecutor.processExecutionPhase(TestCaseExecutor.java:298)
	at com.kms.katalon.core.main.TestCaseExecutor.accessMainPhase(TestCaseExecutor.java:290)
	at com.kms.katalon.core.main.TestCaseExecutor.execute(TestCaseExecutor.java:224)
	at com.kms.katalon.core.main.TestSuiteExecutor.accessTestCaseMainPhase(TestSuiteExecutor.java:129)
	at com.kms.katalon.core.main.TestSuiteExecutor.accessTestSuiteMainPhase(TestSuiteExecutor.java:112)
	at com.kms.katalon.core.main.TestSuiteExecutor.execute(TestSuiteExecutor.java:81)
	at com.kms.katalon.core.main.TestCaseMain.startTestSuite(TestCaseMain.java:149)
	at com.kms.katalon.core.main.TestCaseMain$startTestSuite$0.call(Unknown Source)
	at TempTestSuite1565707895630.run(TempTestSuite1565707895630.groovy:36)]]></system-err>
      </testcase>
      <testcase name="Test Cases/CRITICAL PATH/Quick add" classname="Test Cases/CRITICAL PATH/Quick add" status="FAILED">
         <failure type="FAILED" message="Test Cases/CRITICAL PATH/Quick add FAILED.
Reason:
com.kms.katalon.core.exception.StepFailedException: Unable to click on object 'Object Repository/CR-DESKTOP/Cart flyout/Checkout' (Root cause: org.openqa.selenium.ElementNotVisibleException: element not interactable
  (Session info: chrome=76.0.3809.100)
  (Driver info: chromedriver=2.43.600229 (3fae4d0cda5334b4f533bede5a4787f7b832d052),platform=Mac OS X 10.13.6 x86_64) (WARNING: The server did not provide any stacktrace information)
Command duration or timeout: 0 milliseconds
Build info: version: '3.7.1', revision: '8a0099a', time: '2017-11-06T21:07:36.161Z'
System info: host: 'sumans-MacBook-Pro.local', ip: 'fe80:0:0:0:101b:184c:e876:9570%en0', os.name: 'Mac OS X', os.arch: 'x86_64', os.version: '10.13.6', java.version: '1.8.0_181'
Driver info: com.kms.katalon.selenium.driver.CChromeDriver
Capabilities {acceptInsecureCerts: false, acceptSslCerts: false, applicationCacheEnabled: false, browserConnectionEnabled: false, browserName: chrome, chrome: {chromedriverVersion: 2.43.600229 (3fae4d0cda5334..., userDataDir: /var/folders/1t/c55l8xzs6gq...}, cssSelectorsEnabled: true, databaseEnabled: false, goog:chromeOptions: {debuggerAddress: localhost:57135}, handlesAlerts: true, hasTouchScreen: false, javascriptEnabled: true, locationContextEnabled: true, mobileEmulationEnabled: false, nativeEvents: true, networkConnectionEnabled: false, pageLoadStrategy: normal, platform: MAC, platformName: MAC, rotatable: false, setWindowRect: true, takesHeapSnapshot: true, takesScreenshot: true, unexpectedAlertBehaviour: , unhandledPromptBehavior: , version: 76.0.3809.100, webStorageEnabled: true}
Session ID: 7896818a7385bd3a020640aee4039888)
	at com.kms.katalon.core.keyword.internal.KeywordMain.stepFailed(KeywordMain.groovy:36)
	at com.kms.katalon.core.webui.keyword.internal.WebUIKeywordMain.stepFailed(WebUIKeywordMain.groovy:65)
	at com.kms.katalon.core.webui.keyword.internal.WebUIKeywordMain.runKeyword(WebUIKeywordMain.groovy:27)
	at com.kms.katalon.core.webui.keyword.builtin.ClickKeyword.click(ClickKeyword.groovy:86)
	at com.kms.katalon.core.webui.keyword.builtin.ClickKeyword.execute(ClickKeyword.groovy:67)
	at com.kms.katalon.core.keyword.internal.KeywordExecutor.executeKeywordForPlatform(KeywordExecutor.groovy:53)
	at com.kms.katalon.core.webui.keyword.WebUiBuiltInKeywords.click(WebUiBuiltInKeywords.groovy:616)
	at com.kms.katalon.core.webui.keyword.WebUiBuiltInKeywords$click$1.call(Unknown Source)
	at Quick add.run(Quick add:40)
	at com.kms.katalon.core.main.ScriptEngine.run(ScriptEngine.java:194)
	at com.kms.katalon.core.main.ScriptEngine.runScriptAsRawText(ScriptEngine.java:119)
	at com.kms.katalon.core.main.TestCaseExecutor.runScript(TestCaseExecutor.java:328)
	at com.kms.katalon.core.main.TestCaseExecutor.doExecute(TestCaseExecutor.java:319)
	at com.kms.katalon.core.main.TestCaseExecutor.processExecutionPhase(TestCaseExecutor.java:298)
	at com.kms.katalon.core.main.TestCaseExecutor.accessMainPhase(TestCaseExecutor.java:290)
	at com.kms.katalon.core.main.TestCaseExecutor.execute(TestCaseExecutor.java:224)
	at com.kms.katalon.core.main.TestSuiteExecutor.accessTestCaseMainPhase(TestSuiteExecutor.java:129)
	at com.kms.katalon.core.main.TestSuiteExecutor.accessTestSuiteMainPhase(TestSuiteExecutor.java:112)
	at com.kms.katalon.core.main.TestSuiteExecutor.execute(TestSuiteExecutor.java:81)
	at com.kms.katalon.core.main.TestCaseMain.startTestSuite(TestCaseMain.java:149)
	at com.kms.katalon.core.main.TestCaseMain$startTestSuite$0.call(Unknown Source)
	at TempTestSuite1565707895630.run(TempTestSuite1565707895630.groovy:36)
"/>
         <system-out><![CDATA[2019-08-13 11:17:25 - [TEST_CASE][FAILED] - Test Cases/CRITICAL PATH/Quick add: Test Cases/CRITICAL PATH/Quick add FAILED.
Reason:
com.kms.katalon.core.exception.StepFailedException: Unable to click on object 'Object Repository/CR-DESKTOP/Cart flyout/Checkout' (Root cause: org.openqa.selenium.ElementNotVisibleException: element not interactable
  (Session info: chrome=76.0.3809.100)
  (Driver info: chromedriver=2.43.600229 (3fae4d0cda5334b4f533bede5a4787f7b832d052),platform=Mac OS X 10.13.6 x86_64) (WARNING: The server did not provide any stacktrace information)
Command duration or timeout: 0 milliseconds
Build info: version: '3.7.1', revision: '8a0099a', time: '2017-11-06T21:07:36.161Z'
System info: host: 'sumans-MacBook-Pro.local', ip: 'fe80:0:0:0:101b:184c:e876:9570%en0', os.name: 'Mac OS X', os.arch: 'x86_64', os.version: '10.13.6', java.version: '1.8.0_181'
Driver info: com.kms.katalon.selenium.driver.CChromeDriver
Capabilities {acceptInsecureCerts: false, acceptSslCerts: false, applicationCacheEnabled: false, browserConnectionEnabled: false, browserName: chrome, chrome: {chromedriverVersion: 2.43.600229 (3fae4d0cda5334..., userDataDir: /var/folders/1t/c55l8xzs6gq...}, cssSelectorsEnabled: true, databaseEnabled: false, goog:chromeOptions: {debuggerAddress: localhost:57135}, handlesAlerts: true, hasTouchScreen: false, javascriptEnabled: true, locationContextEnabled: true, mobileEmulationEnabled: false, nativeEvents: true, networkConnectionEnabled: false, pageLoadStrategy: normal, platform: MAC, platformName: MAC, rotatable: false, setWindowRect: true, takesHeapSnapshot: true, takesScreenshot: true, unexpectedAlertBehaviour: , unhandledPromptBehavior: , version: 76.0.3809.100, webStorageEnabled: true}
Session ID: 7896818a7385bd3a020640aee4039888)
	at com.kms.katalon.core.keyword.internal.KeywordMain.stepFailed(KeywordMain.groovy:36)
	at com.kms.katalon.core.webui.keyword.internal.WebUIKeywordMain.stepFailed(WebUIKeywordMain.groovy:65)
	at com.kms.katalon.core.webui.keyword.internal.WebUIKeywordMain.runKeyword(WebUIKeywordMain.groovy:27)
	at com.kms.katalon.core.webui.keyword.builtin.ClickKeyword.click(ClickKeyword.groovy:86)
	at com.kms.katalon.core.webui.keyword.builtin.ClickKeyword.execute(ClickKeyword.groovy:67)
	at com.kms.katalon.core.keyword.internal.KeywordExecutor.executeKeywordForPlatform(KeywordExecutor.groovy:53)
	at com.kms.katalon.core.webui.keyword.WebUiBuiltInKeywords.click(WebUiBuiltInKeywords.groovy:616)
	at com.kms.katalon.core.webui.keyword.WebUiBuiltInKeywords$click$1.call(Unknown Source)
	at Quick add.run(Quick add:40)
	at com.kms.katalon.core.main.ScriptEngine.run(ScriptEngine.java:194)
	at com.kms.katalon.core.main.ScriptEngine.runScriptAsRawText(ScriptEngine.java:119)
	at com.kms.katalon.core.main.TestCaseExecutor.runScript(TestCaseExecutor.java:328)
	at com.kms.katalon.core.main.TestCaseExecutor.doExecute(TestCaseExecutor.java:319)
	at com.kms.katalon.core.main.TestCaseExecutor.processExecutionPhase(TestCaseExecutor.java:298)
	at com.kms.katalon.core.main.TestCaseExecutor.accessMainPhase(TestCaseExecutor.java:290)
	at com.kms.katalon.core.main.TestCaseExecutor.execute(TestCaseExecutor.java:224)
	at com.kms.katalon.core.main.TestSuiteExecutor.accessTestCaseMainPhase(TestSuiteExecutor.java:129)
	at com.kms.katalon.core.main.TestSuiteExecutor.accessTestSuiteMainPhase(TestSuiteExecutor.java:112)
	at com.kms.katalon.core.main.TestSuiteExecutor.execute(TestSuiteExecutor.java:81)
	at com.kms.katalon.core.main.TestCaseMain.startTestSuite(TestCaseMain.java:149)
	at com.kms.katalon.core.main.TestCaseMain$startTestSuite$0.call(Unknown Source)
	at TempTestSuite1565707895630.run(TempTestSuite1565707895630.groovy:36)


2019-08-13 11:17:25 - [TEST_STEP][PASSED] - callTestCase(findTestCase("CALL-URL"), [:], STOP_ON_FAILURE): Call Test Case 'Test Cases/CALL-URL' successfully

2019-08-13 11:17:25 - [TEST_CASE][PASSED] - Test Cases/CALL-URL: Test Cases/CALL-URL

2019-08-13 11:17:25 - [TEST_STEP][PASSED] - openBrowser(""): Browser is opened with url: ''

2019-08-13 11:17:25 - [MESSAGE][WARNING] - A browser is already opened. Closing browser and opening a new one

2019-08-13 11:17:25 - [MESSAGE][INFO] - Starting 'Chrome' driver

2019-08-13 11:17:26 - [MESSAGE][PASSED] - Browser is opened with url: ''

2019-08-13 11:17:26 - [TEST_STEP][PASSED] - navigateToUrl("https://charlotterusse.com/"): Navigate to 'https://charlotterusse.com/' successfully

2019-08-13 11:17:29 - [MESSAGE][PASSED] - Navigate to 'https://charlotterusse.com/' successfully

2019-08-13 11:17:29 - [TEST_STEP][PASSED] - click(findTestObject("CR-DESKTOP/Window pop up/language- english")): Object: 'Object Repository/CR-DESKTOP/Window pop up/language- english' is clicked on

2019-08-13 11:17:29 - [MESSAGE][PASSED] - Object: 'Object Repository/CR-DESKTOP/Window pop up/language- english' is clicked on

2019-08-13 11:17:29 - [TEST_STEP][PASSED] - click(findTestObject("CR-DESKTOP/Window pop up/Pop up - close")): Object: 'Object Repository/CR-DESKTOP/Window pop up/Pop up - close' is clicked on

2019-08-13 11:17:29 - [MESSAGE][PASSED] - Object: 'Object Repository/CR-DESKTOP/Window pop up/Pop up - close' is clicked on

2019-08-13 11:17:29 - [TEST_STEP][PASSED] - maximizeWindow(): Current window maximized

2019-08-13 11:17:29 - [MESSAGE][PASSED] - Current window maximized

2019-08-13 11:17:29 - [MESSAGE][PASSED] - Call Test Case 'Test Cases/CALL-URL' successfully

2019-08-13 11:17:29 - [TEST_STEP][PASSED] - delay(2): Delayed 2 second(s)

2019-08-13 11:17:31 - [MESSAGE][PASSED] - Delayed 2 second(s)

2019-08-13 11:17:31 - [TEST_STEP][PASSED] - mouseOver(findTestObject("CR-DESKTOP/Mega menu/SHOES")): Object: 'Object Repository/CR-DESKTOP/Mega menu/SHOES' is hovered

2019-08-13 11:17:31 - [MESSAGE][PASSED] - Object: 'Object Repository/CR-DESKTOP/Mega menu/SHOES' is hovered

2019-08-13 11:17:31 - [TEST_STEP][PASSED] - delay(2): Delayed 2 second(s)

2019-08-13 11:17:33 - [MESSAGE][PASSED] - Delayed 2 second(s)

2019-08-13 11:17:33 - [TEST_STEP][PASSED] - click(findTestObject("CR-DESKTOP/Mega menu/shoes - sneakers")): Object: 'Object Repository/CR-DESKTOP/Mega menu/shoes - sneakers' is clicked on

2019-08-13 11:17:36 - [MESSAGE][PASSED] - Object: 'Object Repository/CR-DESKTOP/Mega menu/shoes - sneakers' is clicked on

2019-08-13 11:17:36 - [TEST_STEP][PASSED] - delay(2): Delayed 2 second(s)

2019-08-13 11:17:38 - [MESSAGE][PASSED] - Delayed 2 second(s)

2019-08-13 11:17:38 - [TEST_STEP][PASSED] - mouseOver(findTestObject("CR-DESKTOP/Collection page/product 3")): Object: 'Object Repository/CR-DESKTOP/Collection page/product 3' is hovered

2019-08-13 11:17:38 - [MESSAGE][PASSED] - Object: 'Object Repository/CR-DESKTOP/Collection page/product 3' is hovered

2019-08-13 11:17:38 - [TEST_STEP][PASSED] - delay(2): Delayed 2 second(s)

2019-08-13 11:17:40 - [MESSAGE][PASSED] - Delayed 2 second(s)

2019-08-13 11:17:40 - [TEST_STEP][PASSED] - click(findTestObject("CR-DESKTOP/product page/Quick add")): Object: 'Object Repository/CR-DESKTOP/product page/Quick add' is clicked on

2019-08-13 11:17:40 - [MESSAGE][PASSED] - Object: 'Object Repository/CR-DESKTOP/product page/Quick add' is clicked on

2019-08-13 11:17:40 - [TEST_STEP][PASSED] - delay(2): Delayed 2 second(s)

2019-08-13 11:17:42 - [MESSAGE][PASSED] - Delayed 2 second(s)

2019-08-13 11:17:42 - [TEST_STEP][PASSED] - click(findTestObject("CR-DESKTOP/product page/Quick add - size - 6")): Object: 'Object Repository/CR-DESKTOP/product page/Quick add - size - 6' is clicked on

2019-08-13 11:17:42 - [MESSAGE][PASSED] - Object: 'Object Repository/CR-DESKTOP/product page/Quick add - size - 6' is clicked on

2019-08-13 11:17:42 - [TEST_STEP][PASSED] - delay(2): Delayed 2 second(s)

2019-08-13 11:17:44 - [MESSAGE][PASSED] - Delayed 2 second(s)

2019-08-13 11:17:44 - [TEST_STEP][FAILED] - click(findTestObject("CR-DESKTOP/Cart flyout/Checkout")): click(findTestObject("CR-DESKTOP/Cart flyout/Checkout")) FAILED.
Reason:
com.kms.katalon.core.exception.StepFailedException: Unable to click on object 'Object Repository/CR-DESKTOP/Cart flyout/Checkout' (Root cause: org.openqa.selenium.ElementNotVisibleException: element not interactable
  (Session info: chrome=76.0.3809.100)
  (Driver info: chromedriver=2.43.600229 (3fae4d0cda5334b4f533bede5a4787f7b832d052),platform=Mac OS X 10.13.6 x86_64) (WARNING: The server did not provide any stacktrace information)
Command duration or timeout: 0 milliseconds
Build info: version: '3.7.1', revision: '8a0099a', time: '2017-11-06T21:07:36.161Z'
System info: host: 'sumans-MacBook-Pro.local', ip: 'fe80:0:0:0:101b:184c:e876:9570%en0', os.name: 'Mac OS X', os.arch: 'x86_64', os.version: '10.13.6', java.version: '1.8.0_181'
Driver info: com.kms.katalon.selenium.driver.CChromeDriver
Capabilities {acceptInsecureCerts: false, acceptSslCerts: false, applicationCacheEnabled: false, browserConnectionEnabled: false, browserName: chrome, chrome: {chromedriverVersion: 2.43.600229 (3fae4d0cda5334..., userDataDir: /var/folders/1t/c55l8xzs6gq...}, cssSelectorsEnabled: true, databaseEnabled: false, goog:chromeOptions: {debuggerAddress: localhost:57135}, handlesAlerts: true, hasTouchScreen: false, javascriptEnabled: true, locationContextEnabled: true, mobileEmulationEnabled: false, nativeEvents: true, networkConnectionEnabled: false, pageLoadStrategy: normal, platform: MAC, platformName: MAC, rotatable: false, setWindowRect: true, takesHeapSnapshot: true, takesScreenshot: true, unexpectedAlertBehaviour: , unhandledPromptBehavior: , version: 76.0.3809.100, webStorageEnabled: true}
Session ID: 7896818a7385bd3a020640aee4039888)
	at com.kms.katalon.core.keyword.internal.KeywordMain.stepFailed(KeywordMain.groovy:36)
	at com.kms.katalon.core.webui.keyword.internal.WebUIKeywordMain.stepFailed(WebUIKeywordMain.groovy:65)
	at com.kms.katalon.core.webui.keyword.internal.WebUIKeywordMain.runKeyword(WebUIKeywordMain.groovy:27)
	at com.kms.katalon.core.webui.keyword.builtin.ClickKeyword.click(ClickKeyword.groovy:86)
	at com.kms.katalon.core.webui.keyword.builtin.ClickKeyword.execute(ClickKeyword.groovy:67)
	at com.kms.katalon.core.keyword.internal.KeywordExecutor.executeKeywordForPlatform(KeywordExecutor.groovy:53)
	at com.kms.katalon.core.webui.keyword.WebUiBuiltInKeywords.click(WebUiBuiltInKeywords.groovy:616)
	at com.kms.katalon.core.webui.keyword.WebUiBuiltInKeywords$click$1.call(Unknown Source)
	at Quick add.run(Quick add:40)
	at com.kms.katalon.core.main.ScriptEngine.run(ScriptEngine.java:194)
	at com.kms.katalon.core.main.ScriptEngine.runScriptAsRawText(ScriptEngine.java:119)
	at com.kms.katalon.core.main.TestCaseExecutor.runScript(TestCaseExecutor.java:328)
	at com.kms.katalon.core.main.TestCaseExecutor.doExecute(TestCaseExecutor.java:319)
	at com.kms.katalon.core.main.TestCaseExecutor.processExecutionPhase(TestCaseExecutor.java:298)
	at com.kms.katalon.core.main.TestCaseExecutor.accessMainPhase(TestCaseExecutor.java:290)
	at com.kms.katalon.core.main.TestCaseExecutor.execute(TestCaseExecutor.java:224)
	at com.kms.katalon.core.main.TestSuiteExecutor.accessTestCaseMainPhase(TestSuiteExecutor.java:129)
	at com.kms.katalon.core.main.TestSuiteExecutor.accessTestSuiteMainPhase(TestSuiteExecutor.java:112)
	at com.kms.katalon.core.main.TestSuiteExecutor.execute(TestSuiteExecutor.java:81)
	at com.kms.katalon.core.main.TestCaseMain.startTestSuite(TestCaseMain.java:149)
	at com.kms.katalon.core.main.TestCaseMain$startTestSuite$0.call(Unknown Source)
	at TempTestSuite1565707895630.run(TempTestSuite1565707895630.groovy:36)


2019-08-13 11:17:45 - [MESSAGE][FAILED] - Unable to click on object 'Object Repository/CR-DESKTOP/Cart flyout/Checkout' (Root cause: org.openqa.selenium.ElementNotVisibleException: element not interactable
  (Session info: chrome=76.0.3809.100)
  (Driver info: chromedriver=2.43.600229 (3fae4d0cda5334b4f533bede5a4787f7b832d052),platform=Mac OS X 10.13.6 x86_64) (WARNING: The server did not provide any stacktrace information)
Command duration or timeout: 0 milliseconds
Build info: version: '3.7.1', revision: '8a0099a', time: '2017-11-06T21:07:36.161Z'
System info: host: 'sumans-MacBook-Pro.local', ip: 'fe80:0:0:0:101b:184c:e876:9570%en0', os.name: 'Mac OS X', os.arch: 'x86_64', os.version: '10.13.6', java.version: '1.8.0_181'
Driver info: com.kms.katalon.selenium.driver.CChromeDriver
Capabilities {acceptInsecureCerts: false, acceptSslCerts: false, applicationCacheEnabled: false, browserConnectionEnabled: false, browserName: chrome, chrome: {chromedriverVersion: 2.43.600229 (3fae4d0cda5334..., userDataDir: /var/folders/1t/c55l8xzs6gq...}, cssSelectorsEnabled: true, databaseEnabled: false, goog:chromeOptions: {debuggerAddress: localhost:57135}, handlesAlerts: true, hasTouchScreen: false, javascriptEnabled: true, locationContextEnabled: true, mobileEmulationEnabled: false, nativeEvents: true, networkConnectionEnabled: false, pageLoadStrategy: normal, platform: MAC, platformName: MAC, rotatable: false, setWindowRect: true, takesHeapSnapshot: true, takesScreenshot: true, unexpectedAlertBehaviour: , unhandledPromptBehavior: , version: 76.0.3809.100, webStorageEnabled: true}
Session ID: 7896818a7385bd3a020640aee4039888)
[[ATTACHMENT|/Users/sumankompelly/git/CR-Desktop/Reports/suite-chrome/20190813_105135/1565709464937.png]]

2019-08-13 11:17:45 - [MESSAGE][FAILED] - click(findTestObject("CR-DESKTOP/Cart flyout/Checkout")) FAILED.
Reason:
com.kms.katalon.core.exception.StepFailedException: Unable to click on object 'Object Repository/CR-DESKTOP/Cart flyout/Checkout' (Root cause: org.openqa.selenium.ElementNotVisibleException: element not interactable
  (Session info: chrome=76.0.3809.100)
  (Driver info: chromedriver=2.43.600229 (3fae4d0cda5334b4f533bede5a4787f7b832d052),platform=Mac OS X 10.13.6 x86_64) (WARNING: The server did not provide any stacktrace information)
Command duration or timeout: 0 milliseconds
Build info: version: '3.7.1', revision: '8a0099a', time: '2017-11-06T21:07:36.161Z'
System info: host: 'sumans-MacBook-Pro.local', ip: 'fe80:0:0:0:101b:184c:e876:9570%en0', os.name: 'Mac OS X', os.arch: 'x86_64', os.version: '10.13.6', java.version: '1.8.0_181'
Driver info: com.kms.katalon.selenium.driver.CChromeDriver
Capabilities {acceptInsecureCerts: false, acceptSslCerts: false, applicationCacheEnabled: false, browserConnectionEnabled: false, browserName: chrome, chrome: {chromedriverVersion: 2.43.600229 (3fae4d0cda5334..., userDataDir: /var/folders/1t/c55l8xzs6gq...}, cssSelectorsEnabled: true, databaseEnabled: false, goog:chromeOptions: {debuggerAddress: localhost:57135}, handlesAlerts: true, hasTouchScreen: false, javascriptEnabled: true, locationContextEnabled: true, mobileEmulationEnabled: false, nativeEvents: true, networkConnectionEnabled: false, pageLoadStrategy: normal, platform: MAC, platformName: MAC, rotatable: false, setWindowRect: true, takesHeapSnapshot: true, takesScreenshot: true, unexpectedAlertBehaviour: , unhandledPromptBehavior: , version: 76.0.3809.100, webStorageEnabled: true}
Session ID: 7896818a7385bd3a020640aee4039888)
	at com.kms.katalon.core.keyword.internal.KeywordMain.stepFailed(KeywordMain.groovy:36)
	at com.kms.katalon.core.webui.keyword.internal.WebUIKeywordMain.stepFailed(WebUIKeywordMain.groovy:65)
	at com.kms.katalon.core.webui.keyword.internal.WebUIKeywordMain.runKeyword(WebUIKeywordMain.groovy:27)
	at com.kms.katalon.core.webui.keyword.builtin.ClickKeyword.click(ClickKeyword.groovy:86)
	at com.kms.katalon.core.webui.keyword.builtin.ClickKeyword.execute(ClickKeyword.groovy:67)
	at com.kms.katalon.core.keyword.internal.KeywordExecutor.executeKeywordForPlatform(KeywordExecutor.groovy:53)
	at com.kms.katalon.core.webui.keyword.WebUiBuiltInKeywords.click(WebUiBuiltInKeywords.groovy:616)
	at com.kms.katalon.core.webui.keyword.WebUiBuiltInKeywords$click$1.call(Unknown Source)
	at Quick add.run(Quick add:40)
	at com.kms.katalon.core.main.ScriptEngine.run(ScriptEngine.java:194)
	at com.kms.katalon.core.main.ScriptEngine.runScriptAsRawText(ScriptEngine.java:119)
	at com.kms.katalon.core.main.TestCaseExecutor.runScript(TestCaseExecutor.java:328)
	at com.kms.katalon.core.main.TestCaseExecutor.doExecute(TestCaseExecutor.java:319)
	at com.kms.katalon.core.main.TestCaseExecutor.processExecutionPhase(TestCaseExecutor.java:298)
	at com.kms.katalon.core.main.TestCaseExecutor.accessMainPhase(TestCaseExecutor.java:290)
	at com.kms.katalon.core.main.TestCaseExecutor.execute(TestCaseExecutor.java:224)
	at com.kms.katalon.core.main.TestSuiteExecutor.accessTestCaseMainPhase(TestSuiteExecutor.java:129)
	at com.kms.katalon.core.main.TestSuiteExecutor.accessTestSuiteMainPhase(TestSuiteExecutor.java:112)
	at com.kms.katalon.core.main.TestSuiteExecutor.execute(TestSuiteExecutor.java:81)
	at com.kms.katalon.core.main.TestCaseMain.startTestSuite(TestCaseMain.java:149)
	at com.kms.katalon.core.main.TestCaseMain$startTestSuite$0.call(Unknown Source)
	at TempTestSuite1565707895630.run(TempTestSuite1565707895630.groovy:36)]]></system-out>
         <system-err><![CDATA[2019-08-13 11:17:25 - [TEST_CASE][FAILED] - Test Cases/CRITICAL PATH/Quick add: Test Cases/CRITICAL PATH/Quick add FAILED.
Reason:
com.kms.katalon.core.exception.StepFailedException: Unable to click on object 'Object Repository/CR-DESKTOP/Cart flyout/Checkout' (Root cause: org.openqa.selenium.ElementNotVisibleException: element not interactable
  (Session info: chrome=76.0.3809.100)
  (Driver info: chromedriver=2.43.600229 (3fae4d0cda5334b4f533bede5a4787f7b832d052),platform=Mac OS X 10.13.6 x86_64) (WARNING: The server did not provide any stacktrace information)
Command duration or timeout: 0 milliseconds
Build info: version: '3.7.1', revision: '8a0099a', time: '2017-11-06T21:07:36.161Z'
System info: host: 'sumans-MacBook-Pro.local', ip: 'fe80:0:0:0:101b:184c:e876:9570%en0', os.name: 'Mac OS X', os.arch: 'x86_64', os.version: '10.13.6', java.version: '1.8.0_181'
Driver info: com.kms.katalon.selenium.driver.CChromeDriver
Capabilities {acceptInsecureCerts: false, acceptSslCerts: false, applicationCacheEnabled: false, browserConnectionEnabled: false, browserName: chrome, chrome: {chromedriverVersion: 2.43.600229 (3fae4d0cda5334..., userDataDir: /var/folders/1t/c55l8xzs6gq...}, cssSelectorsEnabled: true, databaseEnabled: false, goog:chromeOptions: {debuggerAddress: localhost:57135}, handlesAlerts: true, hasTouchScreen: false, javascriptEnabled: true, locationContextEnabled: true, mobileEmulationEnabled: false, nativeEvents: true, networkConnectionEnabled: false, pageLoadStrategy: normal, platform: MAC, platformName: MAC, rotatable: false, setWindowRect: true, takesHeapSnapshot: true, takesScreenshot: true, unexpectedAlertBehaviour: , unhandledPromptBehavior: , version: 76.0.3809.100, webStorageEnabled: true}
Session ID: 7896818a7385bd3a020640aee4039888)
	at com.kms.katalon.core.keyword.internal.KeywordMain.stepFailed(KeywordMain.groovy:36)
	at com.kms.katalon.core.webui.keyword.internal.WebUIKeywordMain.stepFailed(WebUIKeywordMain.groovy:65)
	at com.kms.katalon.core.webui.keyword.internal.WebUIKeywordMain.runKeyword(WebUIKeywordMain.groovy:27)
	at com.kms.katalon.core.webui.keyword.builtin.ClickKeyword.click(ClickKeyword.groovy:86)
	at com.kms.katalon.core.webui.keyword.builtin.ClickKeyword.execute(ClickKeyword.groovy:67)
	at com.kms.katalon.core.keyword.internal.KeywordExecutor.executeKeywordForPlatform(KeywordExecutor.groovy:53)
	at com.kms.katalon.core.webui.keyword.WebUiBuiltInKeywords.click(WebUiBuiltInKeywords.groovy:616)
	at com.kms.katalon.core.webui.keyword.WebUiBuiltInKeywords$click$1.call(Unknown Source)
	at Quick add.run(Quick add:40)
	at com.kms.katalon.core.main.ScriptEngine.run(ScriptEngine.java:194)
	at com.kms.katalon.core.main.ScriptEngine.runScriptAsRawText(ScriptEngine.java:119)
	at com.kms.katalon.core.main.TestCaseExecutor.runScript(TestCaseExecutor.java:328)
	at com.kms.katalon.core.main.TestCaseExecutor.doExecute(TestCaseExecutor.java:319)
	at com.kms.katalon.core.main.TestCaseExecutor.processExecutionPhase(TestCaseExecutor.java:298)
	at com.kms.katalon.core.main.TestCaseExecutor.accessMainPhase(TestCaseExecutor.java:290)
	at com.kms.katalon.core.main.TestCaseExecutor.execute(TestCaseExecutor.java:224)
	at com.kms.katalon.core.main.TestSuiteExecutor.accessTestCaseMainPhase(TestSuiteExecutor.java:129)
	at com.kms.katalon.core.main.TestSuiteExecutor.accessTestSuiteMainPhase(TestSuiteExecutor.java:112)
	at com.kms.katalon.core.main.TestSuiteExecutor.execute(TestSuiteExecutor.java:81)
	at com.kms.katalon.core.main.TestCaseMain.startTestSuite(TestCaseMain.java:149)
	at com.kms.katalon.core.main.TestCaseMain$startTestSuite$0.call(Unknown Source)
	at TempTestSuite1565707895630.run(TempTestSuite1565707895630.groovy:36)]]></system-err>
      </testcase>
      <testcase name="Test Cases/CRITICAL PATH/Price comparison - cart page" classname="Test Cases/CRITICAL PATH/Price comparison - cart page" status="FAILED">
         <failure type="FAILED" message="Test Cases/CRITICAL PATH/Price comparison - cart page FAILED.
Reason:
com.kms.katalon.core.exception.StepFailedException: Unable to click on object 'Object Repository/CR-DESKTOP/product page/White color variant' (Root cause: com.kms.katalon.core.webui.exception.WebElementNotFoundException: Web element with id: 'Object Repository/CR-DESKTOP/product page/White color variant' located by 'By.xpath: //label[contains(@class,'swatch-white color')]' not found)
	at com.kms.katalon.core.keyword.internal.KeywordMain.stepFailed(KeywordMain.groovy:36)
	at com.kms.katalon.core.webui.keyword.internal.WebUIKeywordMain.stepFailed(WebUIKeywordMain.groovy:65)
	at com.kms.katalon.core.webui.keyword.internal.WebUIKeywordMain.runKeyword(WebUIKeywordMain.groovy:27)
	at com.kms.katalon.core.webui.keyword.builtin.ClickKeyword.click(ClickKeyword.groovy:86)
	at com.kms.katalon.core.webui.keyword.builtin.ClickKeyword.execute(ClickKeyword.groovy:67)
	at com.kms.katalon.core.keyword.internal.KeywordExecutor.executeKeywordForPlatform(KeywordExecutor.groovy:53)
	at com.kms.katalon.core.webui.keyword.WebUiBuiltInKeywords.click(WebUiBuiltInKeywords.groovy:616)
	at com.kms.katalon.core.webui.keyword.WebUiBuiltInKeywords$click$1.call(Unknown Source)
	at Price comparison - cart page.run(Price comparison - cart page:32)
	at com.kms.katalon.core.main.ScriptEngine.run(ScriptEngine.java:194)
	at com.kms.katalon.core.main.ScriptEngine.runScriptAsRawText(ScriptEngine.java:119)
	at com.kms.katalon.core.main.TestCaseExecutor.runScript(TestCaseExecutor.java:328)
	at com.kms.katalon.core.main.TestCaseExecutor.doExecute(TestCaseExecutor.java:319)
	at com.kms.katalon.core.main.TestCaseExecutor.processExecutionPhase(TestCaseExecutor.java:298)
	at com.kms.katalon.core.main.TestCaseExecutor.accessMainPhase(TestCaseExecutor.java:290)
	at com.kms.katalon.core.main.TestCaseExecutor.execute(TestCaseExecutor.java:224)
	at com.kms.katalon.core.main.TestSuiteExecutor.accessTestCaseMainPhase(TestSuiteExecutor.java:129)
	at com.kms.katalon.core.main.TestSuiteExecutor.accessTestSuiteMainPhase(TestSuiteExecutor.java:112)
	at com.kms.katalon.core.main.TestSuiteExecutor.execute(TestSuiteExecutor.java:81)
	at com.kms.katalon.core.main.TestCaseMain.startTestSuite(TestCaseMain.java:149)
	at com.kms.katalon.core.main.TestCaseMain$startTestSuite$0.call(Unknown Source)
	at TempTestSuite1565707895630.run(TempTestSuite1565707895630.groovy:36)
"/>
         <system-out><![CDATA[2019-08-13 11:17:45 - [TEST_CASE][FAILED] - Test Cases/CRITICAL PATH/Price comparison - cart page: Test Cases/CRITICAL PATH/Price comparison - cart page FAILED.
Reason:
com.kms.katalon.core.exception.StepFailedException: Unable to click on object 'Object Repository/CR-DESKTOP/product page/White color variant' (Root cause: com.kms.katalon.core.webui.exception.WebElementNotFoundException: Web element with id: 'Object Repository/CR-DESKTOP/product page/White color variant' located by 'By.xpath: //label[contains(@class,'swatch-white color')]' not found)
	at com.kms.katalon.core.keyword.internal.KeywordMain.stepFailed(KeywordMain.groovy:36)
	at com.kms.katalon.core.webui.keyword.internal.WebUIKeywordMain.stepFailed(WebUIKeywordMain.groovy:65)
	at com.kms.katalon.core.webui.keyword.internal.WebUIKeywordMain.runKeyword(WebUIKeywordMain.groovy:27)
	at com.kms.katalon.core.webui.keyword.builtin.ClickKeyword.click(ClickKeyword.groovy:86)
	at com.kms.katalon.core.webui.keyword.builtin.ClickKeyword.execute(ClickKeyword.groovy:67)
	at com.kms.katalon.core.keyword.internal.KeywordExecutor.executeKeywordForPlatform(KeywordExecutor.groovy:53)
	at com.kms.katalon.core.webui.keyword.WebUiBuiltInKeywords.click(WebUiBuiltInKeywords.groovy:616)
	at com.kms.katalon.core.webui.keyword.WebUiBuiltInKeywords$click$1.call(Unknown Source)
	at Price comparison - cart page.run(Price comparison - cart page:32)
	at com.kms.katalon.core.main.ScriptEngine.run(ScriptEngine.java:194)
	at com.kms.katalon.core.main.ScriptEngine.runScriptAsRawText(ScriptEngine.java:119)
	at com.kms.katalon.core.main.TestCaseExecutor.runScript(TestCaseExecutor.java:328)
	at com.kms.katalon.core.main.TestCaseExecutor.doExecute(TestCaseExecutor.java:319)
	at com.kms.katalon.core.main.TestCaseExecutor.processExecutionPhase(TestCaseExecutor.java:298)
	at com.kms.katalon.core.main.TestCaseExecutor.accessMainPhase(TestCaseExecutor.java:290)
	at com.kms.katalon.core.main.TestCaseExecutor.execute(TestCaseExecutor.java:224)
	at com.kms.katalon.core.main.TestSuiteExecutor.accessTestCaseMainPhase(TestSuiteExecutor.java:129)
	at com.kms.katalon.core.main.TestSuiteExecutor.accessTestSuiteMainPhase(TestSuiteExecutor.java:112)
	at com.kms.katalon.core.main.TestSuiteExecutor.execute(TestSuiteExecutor.java:81)
	at com.kms.katalon.core.main.TestCaseMain.startTestSuite(TestCaseMain.java:149)
	at com.kms.katalon.core.main.TestCaseMain$startTestSuite$0.call(Unknown Source)
	at TempTestSuite1565707895630.run(TempTestSuite1565707895630.groovy:36)


2019-08-13 11:17:45 - [TEST_STEP][PASSED] - callTestCase(findTestCase("CALL-URL"), [:], STOP_ON_FAILURE): Call Test Case 'Test Cases/CALL-URL' successfully

2019-08-13 11:17:45 - [TEST_CASE][PASSED] - Test Cases/CALL-URL: Test Cases/CALL-URL

2019-08-13 11:17:45 - [TEST_STEP][PASSED] - openBrowser(""): Browser is opened with url: ''

2019-08-13 11:17:45 - [MESSAGE][WARNING] - A browser is already opened. Closing browser and opening a new one

2019-08-13 11:17:45 - [MESSAGE][INFO] - Starting 'Chrome' driver

2019-08-13 11:17:46 - [MESSAGE][PASSED] - Browser is opened with url: ''

2019-08-13 11:17:46 - [TEST_STEP][PASSED] - navigateToUrl("https://charlotterusse.com/"): Navigate to 'https://charlotterusse.com/' successfully

2019-08-13 11:17:49 - [MESSAGE][PASSED] - Navigate to 'https://charlotterusse.com/' successfully

2019-08-13 11:17:49 - [TEST_STEP][PASSED] - click(findTestObject("CR-DESKTOP/Window pop up/language- english")): Object: 'Object Repository/CR-DESKTOP/Window pop up/language- english' is clicked on

2019-08-13 11:17:49 - [MESSAGE][PASSED] - Object: 'Object Repository/CR-DESKTOP/Window pop up/language- english' is clicked on

2019-08-13 11:17:49 - [TEST_STEP][PASSED] - click(findTestObject("CR-DESKTOP/Window pop up/Pop up - close")): Object: 'Object Repository/CR-DESKTOP/Window pop up/Pop up - close' is clicked on

2019-08-13 11:17:49 - [MESSAGE][PASSED] - Object: 'Object Repository/CR-DESKTOP/Window pop up/Pop up - close' is clicked on

2019-08-13 11:17:49 - [TEST_STEP][PASSED] - maximizeWindow(): Current window maximized

2019-08-13 11:17:50 - [MESSAGE][PASSED] - Current window maximized

2019-08-13 11:17:50 - [MESSAGE][PASSED] - Call Test Case 'Test Cases/CALL-URL' successfully

2019-08-13 11:17:50 - [TEST_STEP][PASSED] - delay(2): Delayed 2 second(s)

2019-08-13 11:17:52 - [MESSAGE][PASSED] - Delayed 2 second(s)

2019-08-13 11:17:52 - [TEST_STEP][PASSED] - mouseOver(findTestObject("CR-DESKTOP/Mega menu/SHOES")): Object: 'Object Repository/CR-DESKTOP/Mega menu/SHOES' is hovered

2019-08-13 11:17:52 - [MESSAGE][PASSED] - Object: 'Object Repository/CR-DESKTOP/Mega menu/SHOES' is hovered

2019-08-13 11:17:52 - [TEST_STEP][PASSED] - delay(2): Delayed 2 second(s)

2019-08-13 11:17:54 - [MESSAGE][PASSED] - Delayed 2 second(s)

2019-08-13 11:17:54 - [TEST_STEP][PASSED] - click(findTestObject("CR-DESKTOP/Mega menu/shoes - sneakers")): Object: 'Object Repository/CR-DESKTOP/Mega menu/shoes - sneakers' is clicked on

2019-08-13 11:17:54 - [MESSAGE][PASSED] - Object: 'Object Repository/CR-DESKTOP/Mega menu/shoes - sneakers' is clicked on

2019-08-13 11:17:54 - [TEST_STEP][PASSED] - delay(2): Delayed 2 second(s)

2019-08-13 11:17:56 - [MESSAGE][PASSED] - Delayed 2 second(s)

2019-08-13 11:17:56 - [TEST_STEP][PASSED] - click(findTestObject("CR-DESKTOP/Collection page/product 3")): Object: 'Object Repository/CR-DESKTOP/Collection page/product 3' is clicked on

2019-08-13 11:17:58 - [MESSAGE][PASSED] - Object: 'Object Repository/CR-DESKTOP/Collection page/product 3' is clicked on

2019-08-13 11:17:58 - [TEST_STEP][PASSED] - delay(2): Delayed 2 second(s)

2019-08-13 11:18:00 - [MESSAGE][PASSED] - Delayed 2 second(s)

2019-08-13 11:18:00 - [TEST_STEP][FAILED] - click(findTestObject("CR-DESKTOP/product page/White color variant")): click(findTestObject("CR-DESKTOP/product page/White color variant")) FAILED.
Reason:
com.kms.katalon.core.exception.StepFailedException: Unable to click on object 'Object Repository/CR-DESKTOP/product page/White color variant' (Root cause: com.kms.katalon.core.webui.exception.WebElementNotFoundException: Web element with id: 'Object Repository/CR-DESKTOP/product page/White color variant' located by 'By.xpath: //label[contains(@class,'swatch-white color')]' not found)
	at com.kms.katalon.core.keyword.internal.KeywordMain.stepFailed(KeywordMain.groovy:36)
	at com.kms.katalon.core.webui.keyword.internal.WebUIKeywordMain.stepFailed(WebUIKeywordMain.groovy:65)
	at com.kms.katalon.core.webui.keyword.internal.WebUIKeywordMain.runKeyword(WebUIKeywordMain.groovy:27)
	at com.kms.katalon.core.webui.keyword.builtin.ClickKeyword.click(ClickKeyword.groovy:86)
	at com.kms.katalon.core.webui.keyword.builtin.ClickKeyword.execute(ClickKeyword.groovy:67)
	at com.kms.katalon.core.keyword.internal.KeywordExecutor.executeKeywordForPlatform(KeywordExecutor.groovy:53)
	at com.kms.katalon.core.webui.keyword.WebUiBuiltInKeywords.click(WebUiBuiltInKeywords.groovy:616)
	at com.kms.katalon.core.webui.keyword.WebUiBuiltInKeywords$click$1.call(Unknown Source)
	at Price comparison - cart page.run(Price comparison - cart page:32)
	at com.kms.katalon.core.main.ScriptEngine.run(ScriptEngine.java:194)
	at com.kms.katalon.core.main.ScriptEngine.runScriptAsRawText(ScriptEngine.java:119)
	at com.kms.katalon.core.main.TestCaseExecutor.runScript(TestCaseExecutor.java:328)
	at com.kms.katalon.core.main.TestCaseExecutor.doExecute(TestCaseExecutor.java:319)
	at com.kms.katalon.core.main.TestCaseExecutor.processExecutionPhase(TestCaseExecutor.java:298)
	at com.kms.katalon.core.main.TestCaseExecutor.accessMainPhase(TestCaseExecutor.java:290)
	at com.kms.katalon.core.main.TestCaseExecutor.execute(TestCaseExecutor.java:224)
	at com.kms.katalon.core.main.TestSuiteExecutor.accessTestCaseMainPhase(TestSuiteExecutor.java:129)
	at com.kms.katalon.core.main.TestSuiteExecutor.accessTestSuiteMainPhase(TestSuiteExecutor.java:112)
	at com.kms.katalon.core.main.TestSuiteExecutor.execute(TestSuiteExecutor.java:81)
	at com.kms.katalon.core.main.TestCaseMain.startTestSuite(TestCaseMain.java:149)
	at com.kms.katalon.core.main.TestCaseMain$startTestSuite$0.call(Unknown Source)
	at TempTestSuite1565707895630.run(TempTestSuite1565707895630.groovy:36)


2019-08-13 11:18:31 - [MESSAGE][INFO] - Unable to find the element located by 'By.xpath: //label[contains(@class,'swatch-white color')]'. Please recheck the objects properties to make sure the desired element is located. 

2019-08-13 11:18:31 - [MESSAGE][FAILED] - Unable to click on object 'Object Repository/CR-DESKTOP/product page/White color variant' (Root cause: com.kms.katalon.core.webui.exception.WebElementNotFoundException: Web element with id: 'Object Repository/CR-DESKTOP/product page/White color variant' located by 'By.xpath: //label[contains(@class,'swatch-white color')]' not found)
[[ATTACHMENT|/Users/sumankompelly/git/CR-Desktop/Reports/suite-chrome/20190813_105135/1565709511163.png]]

2019-08-13 11:18:31 - [MESSAGE][FAILED] - click(findTestObject("CR-DESKTOP/product page/White color variant")) FAILED.
Reason:
com.kms.katalon.core.exception.StepFailedException: Unable to click on object 'Object Repository/CR-DESKTOP/product page/White color variant' (Root cause: com.kms.katalon.core.webui.exception.WebElementNotFoundException: Web element with id: 'Object Repository/CR-DESKTOP/product page/White color variant' located by 'By.xpath: //label[contains(@class,'swatch-white color')]' not found)
	at com.kms.katalon.core.keyword.internal.KeywordMain.stepFailed(KeywordMain.groovy:36)
	at com.kms.katalon.core.webui.keyword.internal.WebUIKeywordMain.stepFailed(WebUIKeywordMain.groovy:65)
	at com.kms.katalon.core.webui.keyword.internal.WebUIKeywordMain.runKeyword(WebUIKeywordMain.groovy:27)
	at com.kms.katalon.core.webui.keyword.builtin.ClickKeyword.click(ClickKeyword.groovy:86)
	at com.kms.katalon.core.webui.keyword.builtin.ClickKeyword.execute(ClickKeyword.groovy:67)
	at com.kms.katalon.core.keyword.internal.KeywordExecutor.executeKeywordForPlatform(KeywordExecutor.groovy:53)
	at com.kms.katalon.core.webui.keyword.WebUiBuiltInKeywords.click(WebUiBuiltInKeywords.groovy:616)
	at com.kms.katalon.core.webui.keyword.WebUiBuiltInKeywords$click$1.call(Unknown Source)
	at Price comparison - cart page.run(Price comparison - cart page:32)
	at com.kms.katalon.core.main.ScriptEngine.run(ScriptEngine.java:194)
	at com.kms.katalon.core.main.ScriptEngine.runScriptAsRawText(ScriptEngine.java:119)
	at com.kms.katalon.core.main.TestCaseExecutor.runScript(TestCaseExecutor.java:328)
	at com.kms.katalon.core.main.TestCaseExecutor.doExecute(TestCaseExecutor.java:319)
	at com.kms.katalon.core.main.TestCaseExecutor.processExecutionPhase(TestCaseExecutor.java:298)
	at com.kms.katalon.core.main.TestCaseExecutor.accessMainPhase(TestCaseExecutor.java:290)
	at com.kms.katalon.core.main.TestCaseExecutor.execute(TestCaseExecutor.java:224)
	at com.kms.katalon.core.main.TestSuiteExecutor.accessTestCaseMainPhase(TestSuiteExecutor.java:129)
	at com.kms.katalon.core.main.TestSuiteExecutor.accessTestSuiteMainPhase(TestSuiteExecutor.java:112)
	at com.kms.katalon.core.main.TestSuiteExecutor.execute(TestSuiteExecutor.java:81)
	at com.kms.katalon.core.main.TestCaseMain.startTestSuite(TestCaseMain.java:149)
	at com.kms.katalon.core.main.TestCaseMain$startTestSuite$0.call(Unknown Source)
	at TempTestSuite1565707895630.run(TempTestSuite1565707895630.groovy:36)]]></system-out>
         <system-err><![CDATA[2019-08-13 11:17:45 - [TEST_CASE][FAILED] - Test Cases/CRITICAL PATH/Price comparison - cart page: Test Cases/CRITICAL PATH/Price comparison - cart page FAILED.
Reason:
com.kms.katalon.core.exception.StepFailedException: Unable to click on object 'Object Repository/CR-DESKTOP/product page/White color variant' (Root cause: com.kms.katalon.core.webui.exception.WebElementNotFoundException: Web element with id: 'Object Repository/CR-DESKTOP/product page/White color variant' located by 'By.xpath: //label[contains(@class,'swatch-white color')]' not found)
	at com.kms.katalon.core.keyword.internal.KeywordMain.stepFailed(KeywordMain.groovy:36)
	at com.kms.katalon.core.webui.keyword.internal.WebUIKeywordMain.stepFailed(WebUIKeywordMain.groovy:65)
	at com.kms.katalon.core.webui.keyword.internal.WebUIKeywordMain.runKeyword(WebUIKeywordMain.groovy:27)
	at com.kms.katalon.core.webui.keyword.builtin.ClickKeyword.click(ClickKeyword.groovy:86)
	at com.kms.katalon.core.webui.keyword.builtin.ClickKeyword.execute(ClickKeyword.groovy:67)
	at com.kms.katalon.core.keyword.internal.KeywordExecutor.executeKeywordForPlatform(KeywordExecutor.groovy:53)
	at com.kms.katalon.core.webui.keyword.WebUiBuiltInKeywords.click(WebUiBuiltInKeywords.groovy:616)
	at com.kms.katalon.core.webui.keyword.WebUiBuiltInKeywords$click$1.call(Unknown Source)
	at Price comparison - cart page.run(Price comparison - cart page:32)
	at com.kms.katalon.core.main.ScriptEngine.run(ScriptEngine.java:194)
	at com.kms.katalon.core.main.ScriptEngine.runScriptAsRawText(ScriptEngine.java:119)
	at com.kms.katalon.core.main.TestCaseExecutor.runScript(TestCaseExecutor.java:328)
	at com.kms.katalon.core.main.TestCaseExecutor.doExecute(TestCaseExecutor.java:319)
	at com.kms.katalon.core.main.TestCaseExecutor.processExecutionPhase(TestCaseExecutor.java:298)
	at com.kms.katalon.core.main.TestCaseExecutor.accessMainPhase(TestCaseExecutor.java:290)
	at com.kms.katalon.core.main.TestCaseExecutor.execute(TestCaseExecutor.java:224)
	at com.kms.katalon.core.main.TestSuiteExecutor.accessTestCaseMainPhase(TestSuiteExecutor.java:129)
	at com.kms.katalon.core.main.TestSuiteExecutor.accessTestSuiteMainPhase(TestSuiteExecutor.java:112)
	at com.kms.katalon.core.main.TestSuiteExecutor.execute(TestSuiteExecutor.java:81)
	at com.kms.katalon.core.main.TestCaseMain.startTestSuite(TestCaseMain.java:149)
	at com.kms.katalon.core.main.TestCaseMain$startTestSuite$0.call(Unknown Source)
	at TempTestSuite1565707895630.run(TempTestSuite1565707895630.groovy:36)]]></system-err>
      </testcase>
      <testcase name="Test Cases/CRITICAL PATH/Decrease quantity - cart page" classname="Test Cases/CRITICAL PATH/Decrease quantity - cart page" status="FAILED">
         <failure type="FAILED" message="Test Cases/CRITICAL PATH/Decrease quantity - cart page FAILED.
Reason:
com.kms.katalon.core.exception.StepFailedException: Unable to click on object 'Object Repository/CR-DESKTOP/product page/White color variant' (Root cause: com.kms.katalon.core.webui.exception.WebElementNotFoundException: Web element with id: 'Object Repository/CR-DESKTOP/product page/White color variant' located by 'By.xpath: //label[contains(@class,'swatch-white color')]' not found)
	at com.kms.katalon.core.keyword.internal.KeywordMain.stepFailed(KeywordMain.groovy:36)
	at com.kms.katalon.core.webui.keyword.internal.WebUIKeywordMain.stepFailed(WebUIKeywordMain.groovy:65)
	at com.kms.katalon.core.webui.keyword.internal.WebUIKeywordMain.runKeyword(WebUIKeywordMain.groovy:27)
	at com.kms.katalon.core.webui.keyword.builtin.ClickKeyword.click(ClickKeyword.groovy:86)
	at com.kms.katalon.core.webui.keyword.builtin.ClickKeyword.execute(ClickKeyword.groovy:67)
	at com.kms.katalon.core.keyword.internal.KeywordExecutor.executeKeywordForPlatform(KeywordExecutor.groovy:53)
	at com.kms.katalon.core.webui.keyword.WebUiBuiltInKeywords.click(WebUiBuiltInKeywords.groovy:616)
	at com.kms.katalon.core.webui.keyword.WebUiBuiltInKeywords$click$1.call(Unknown Source)
	at Decrease quantity - cart page.run(Decrease quantity - cart page:32)
	at com.kms.katalon.core.main.ScriptEngine.run(ScriptEngine.java:194)
	at com.kms.katalon.core.main.ScriptEngine.runScriptAsRawText(ScriptEngine.java:119)
	at com.kms.katalon.core.main.TestCaseExecutor.runScript(TestCaseExecutor.java:328)
	at com.kms.katalon.core.main.TestCaseExecutor.doExecute(TestCaseExecutor.java:319)
	at com.kms.katalon.core.main.TestCaseExecutor.processExecutionPhase(TestCaseExecutor.java:298)
	at com.kms.katalon.core.main.TestCaseExecutor.accessMainPhase(TestCaseExecutor.java:290)
	at com.kms.katalon.core.main.TestCaseExecutor.execute(TestCaseExecutor.java:224)
	at com.kms.katalon.core.main.TestSuiteExecutor.accessTestCaseMainPhase(TestSuiteExecutor.java:129)
	at com.kms.katalon.core.main.TestSuiteExecutor.accessTestSuiteMainPhase(TestSuiteExecutor.java:112)
	at com.kms.katalon.core.main.TestSuiteExecutor.execute(TestSuiteExecutor.java:81)
	at com.kms.katalon.core.main.TestCaseMain.startTestSuite(TestCaseMain.java:149)
	at com.kms.katalon.core.main.TestCaseMain$startTestSuite$0.call(Unknown Source)
	at TempTestSuite1565707895630.run(TempTestSuite1565707895630.groovy:36)
"/>
         <system-out><![CDATA[2019-08-13 11:18:31 - [TEST_CASE][FAILED] - Test Cases/CRITICAL PATH/Decrease quantity - cart page: Test Cases/CRITICAL PATH/Decrease quantity - cart page FAILED.
Reason:
com.kms.katalon.core.exception.StepFailedException: Unable to click on object 'Object Repository/CR-DESKTOP/product page/White color variant' (Root cause: com.kms.katalon.core.webui.exception.WebElementNotFoundException: Web element with id: 'Object Repository/CR-DESKTOP/product page/White color variant' located by 'By.xpath: //label[contains(@class,'swatch-white color')]' not found)
	at com.kms.katalon.core.keyword.internal.KeywordMain.stepFailed(KeywordMain.groovy:36)
	at com.kms.katalon.core.webui.keyword.internal.WebUIKeywordMain.stepFailed(WebUIKeywordMain.groovy:65)
	at com.kms.katalon.core.webui.keyword.internal.WebUIKeywordMain.runKeyword(WebUIKeywordMain.groovy:27)
	at com.kms.katalon.core.webui.keyword.builtin.ClickKeyword.click(ClickKeyword.groovy:86)
	at com.kms.katalon.core.webui.keyword.builtin.ClickKeyword.execute(ClickKeyword.groovy:67)
	at com.kms.katalon.core.keyword.internal.KeywordExecutor.executeKeywordForPlatform(KeywordExecutor.groovy:53)
	at com.kms.katalon.core.webui.keyword.WebUiBuiltInKeywords.click(WebUiBuiltInKeywords.groovy:616)
	at com.kms.katalon.core.webui.keyword.WebUiBuiltInKeywords$click$1.call(Unknown Source)
	at Decrease quantity - cart page.run(Decrease quantity - cart page:32)
	at com.kms.katalon.core.main.ScriptEngine.run(ScriptEngine.java:194)
	at com.kms.katalon.core.main.ScriptEngine.runScriptAsRawText(ScriptEngine.java:119)
	at com.kms.katalon.core.main.TestCaseExecutor.runScript(TestCaseExecutor.java:328)
	at com.kms.katalon.core.main.TestCaseExecutor.doExecute(TestCaseExecutor.java:319)
	at com.kms.katalon.core.main.TestCaseExecutor.processExecutionPhase(TestCaseExecutor.java:298)
	at com.kms.katalon.core.main.TestCaseExecutor.accessMainPhase(TestCaseExecutor.java:290)
	at com.kms.katalon.core.main.TestCaseExecutor.execute(TestCaseExecutor.java:224)
	at com.kms.katalon.core.main.TestSuiteExecutor.accessTestCaseMainPhase(TestSuiteExecutor.java:129)
	at com.kms.katalon.core.main.TestSuiteExecutor.accessTestSuiteMainPhase(TestSuiteExecutor.java:112)
	at com.kms.katalon.core.main.TestSuiteExecutor.execute(TestSuiteExecutor.java:81)
	at com.kms.katalon.core.main.TestCaseMain.startTestSuite(TestCaseMain.java:149)
	at com.kms.katalon.core.main.TestCaseMain$startTestSuite$0.call(Unknown Source)
	at TempTestSuite1565707895630.run(TempTestSuite1565707895630.groovy:36)


2019-08-13 11:18:31 - [TEST_STEP][PASSED] - callTestCase(findTestCase("CALL-URL"), [:], STOP_ON_FAILURE): Call Test Case 'Test Cases/CALL-URL' successfully

2019-08-13 11:18:31 - [TEST_CASE][PASSED] - Test Cases/CALL-URL: Test Cases/CALL-URL

2019-08-13 11:18:31 - [TEST_STEP][PASSED] - openBrowser(""): Browser is opened with url: ''

2019-08-13 11:18:31 - [MESSAGE][WARNING] - A browser is already opened. Closing browser and opening a new one

2019-08-13 11:18:31 - [MESSAGE][INFO] - Starting 'Chrome' driver

2019-08-13 11:18:32 - [MESSAGE][PASSED] - Browser is opened with url: ''

2019-08-13 11:18:32 - [TEST_STEP][PASSED] - navigateToUrl("https://charlotterusse.com/"): Navigate to 'https://charlotterusse.com/' successfully

2019-08-13 11:18:38 - [MESSAGE][PASSED] - Navigate to 'https://charlotterusse.com/' successfully

2019-08-13 11:18:38 - [TEST_STEP][PASSED] - click(findTestObject("CR-DESKTOP/Window pop up/language- english")): Object: 'Object Repository/CR-DESKTOP/Window pop up/language- english' is clicked on

2019-08-13 11:18:39 - [MESSAGE][PASSED] - Object: 'Object Repository/CR-DESKTOP/Window pop up/language- english' is clicked on

2019-08-13 11:18:39 - [TEST_STEP][PASSED] - click(findTestObject("CR-DESKTOP/Window pop up/Pop up - close")): Object: 'Object Repository/CR-DESKTOP/Window pop up/Pop up - close' is clicked on

2019-08-13 11:18:39 - [MESSAGE][PASSED] - Object: 'Object Repository/CR-DESKTOP/Window pop up/Pop up - close' is clicked on

2019-08-13 11:18:39 - [TEST_STEP][PASSED] - maximizeWindow(): Current window maximized

2019-08-13 11:18:39 - [MESSAGE][PASSED] - Current window maximized

2019-08-13 11:18:39 - [MESSAGE][PASSED] - Call Test Case 'Test Cases/CALL-URL' successfully

2019-08-13 11:18:39 - [TEST_STEP][PASSED] - delay(2): Delayed 2 second(s)

2019-08-13 11:18:41 - [MESSAGE][PASSED] - Delayed 2 second(s)

2019-08-13 11:18:41 - [TEST_STEP][PASSED] - mouseOver(findTestObject("CR-DESKTOP/Mega menu/SHOES")): Object: 'Object Repository/CR-DESKTOP/Mega menu/SHOES' is hovered

2019-08-13 11:18:41 - [MESSAGE][PASSED] - Object: 'Object Repository/CR-DESKTOP/Mega menu/SHOES' is hovered

2019-08-13 11:18:41 - [TEST_STEP][PASSED] - delay(2): Delayed 2 second(s)

2019-08-13 11:18:43 - [MESSAGE][PASSED] - Delayed 2 second(s)

2019-08-13 11:18:43 - [TEST_STEP][PASSED] - click(findTestObject("CR-DESKTOP/Mega menu/shoes - sneakers")): Object: 'Object Repository/CR-DESKTOP/Mega menu/shoes - sneakers' is clicked on

2019-08-13 11:18:45 - [MESSAGE][PASSED] - Object: 'Object Repository/CR-DESKTOP/Mega menu/shoes - sneakers' is clicked on

2019-08-13 11:18:45 - [TEST_STEP][PASSED] - delay(2): Delayed 2 second(s)

2019-08-13 11:18:47 - [MESSAGE][PASSED] - Delayed 2 second(s)

2019-08-13 11:18:47 - [TEST_STEP][PASSED] - click(findTestObject("CR-DESKTOP/Collection page/product 3")): Object: 'Object Repository/CR-DESKTOP/Collection page/product 3' is clicked on

2019-08-13 11:18:50 - [MESSAGE][PASSED] - Object: 'Object Repository/CR-DESKTOP/Collection page/product 3' is clicked on

2019-08-13 11:18:50 - [TEST_STEP][PASSED] - delay(2): Delayed 2 second(s)

2019-08-13 11:18:52 - [MESSAGE][PASSED] - Delayed 2 second(s)

2019-08-13 11:18:52 - [TEST_STEP][FAILED] - click(findTestObject("CR-DESKTOP/product page/White color variant")): click(findTestObject("CR-DESKTOP/product page/White color variant")) FAILED.
Reason:
com.kms.katalon.core.exception.StepFailedException: Unable to click on object 'Object Repository/CR-DESKTOP/product page/White color variant' (Root cause: com.kms.katalon.core.webui.exception.WebElementNotFoundException: Web element with id: 'Object Repository/CR-DESKTOP/product page/White color variant' located by 'By.xpath: //label[contains(@class,'swatch-white color')]' not found)
	at com.kms.katalon.core.keyword.internal.KeywordMain.stepFailed(KeywordMain.groovy:36)
	at com.kms.katalon.core.webui.keyword.internal.WebUIKeywordMain.stepFailed(WebUIKeywordMain.groovy:65)
	at com.kms.katalon.core.webui.keyword.internal.WebUIKeywordMain.runKeyword(WebUIKeywordMain.groovy:27)
	at com.kms.katalon.core.webui.keyword.builtin.ClickKeyword.click(ClickKeyword.groovy:86)
	at com.kms.katalon.core.webui.keyword.builtin.ClickKeyword.execute(ClickKeyword.groovy:67)
	at com.kms.katalon.core.keyword.internal.KeywordExecutor.executeKeywordForPlatform(KeywordExecutor.groovy:53)
	at com.kms.katalon.core.webui.keyword.WebUiBuiltInKeywords.click(WebUiBuiltInKeywords.groovy:616)
	at com.kms.katalon.core.webui.keyword.WebUiBuiltInKeywords$click$1.call(Unknown Source)
	at Decrease quantity - cart page.run(Decrease quantity - cart page:32)
	at com.kms.katalon.core.main.ScriptEngine.run(ScriptEngine.java:194)
	at com.kms.katalon.core.main.ScriptEngine.runScriptAsRawText(ScriptEngine.java:119)
	at com.kms.katalon.core.main.TestCaseExecutor.runScript(TestCaseExecutor.java:328)
	at com.kms.katalon.core.main.TestCaseExecutor.doExecute(TestCaseExecutor.java:319)
	at com.kms.katalon.core.main.TestCaseExecutor.processExecutionPhase(TestCaseExecutor.java:298)
	at com.kms.katalon.core.main.TestCaseExecutor.accessMainPhase(TestCaseExecutor.java:290)
	at com.kms.katalon.core.main.TestCaseExecutor.execute(TestCaseExecutor.java:224)
	at com.kms.katalon.core.main.TestSuiteExecutor.accessTestCaseMainPhase(TestSuiteExecutor.java:129)
	at com.kms.katalon.core.main.TestSuiteExecutor.accessTestSuiteMainPhase(TestSuiteExecutor.java:112)
	at com.kms.katalon.core.main.TestSuiteExecutor.execute(TestSuiteExecutor.java:81)
	at com.kms.katalon.core.main.TestCaseMain.startTestSuite(TestCaseMain.java:149)
	at com.kms.katalon.core.main.TestCaseMain$startTestSuite$0.call(Unknown Source)
	at TempTestSuite1565707895630.run(TempTestSuite1565707895630.groovy:36)


2019-08-13 11:19:22 - [MESSAGE][INFO] - Unable to find the element located by 'By.xpath: //label[contains(@class,'swatch-white color')]'. Please recheck the objects properties to make sure the desired element is located. 

2019-08-13 11:19:23 - [MESSAGE][FAILED] - Unable to click on object 'Object Repository/CR-DESKTOP/product page/White color variant' (Root cause: com.kms.katalon.core.webui.exception.WebElementNotFoundException: Web element with id: 'Object Repository/CR-DESKTOP/product page/White color variant' located by 'By.xpath: //label[contains(@class,'swatch-white color')]' not found)
[[ATTACHMENT|/Users/sumankompelly/git/CR-Desktop/Reports/suite-chrome/20190813_105135/1565709562757.png]]

2019-08-13 11:19:23 - [MESSAGE][FAILED] - click(findTestObject("CR-DESKTOP/product page/White color variant")) FAILED.
Reason:
com.kms.katalon.core.exception.StepFailedException: Unable to click on object 'Object Repository/CR-DESKTOP/product page/White color variant' (Root cause: com.kms.katalon.core.webui.exception.WebElementNotFoundException: Web element with id: 'Object Repository/CR-DESKTOP/product page/White color variant' located by 'By.xpath: //label[contains(@class,'swatch-white color')]' not found)
	at com.kms.katalon.core.keyword.internal.KeywordMain.stepFailed(KeywordMain.groovy:36)
	at com.kms.katalon.core.webui.keyword.internal.WebUIKeywordMain.stepFailed(WebUIKeywordMain.groovy:65)
	at com.kms.katalon.core.webui.keyword.internal.WebUIKeywordMain.runKeyword(WebUIKeywordMain.groovy:27)
	at com.kms.katalon.core.webui.keyword.builtin.ClickKeyword.click(ClickKeyword.groovy:86)
	at com.kms.katalon.core.webui.keyword.builtin.ClickKeyword.execute(ClickKeyword.groovy:67)
	at com.kms.katalon.core.keyword.internal.KeywordExecutor.executeKeywordForPlatform(KeywordExecutor.groovy:53)
	at com.kms.katalon.core.webui.keyword.WebUiBuiltInKeywords.click(WebUiBuiltInKeywords.groovy:616)
	at com.kms.katalon.core.webui.keyword.WebUiBuiltInKeywords$click$1.call(Unknown Source)
	at Decrease quantity - cart page.run(Decrease quantity - cart page:32)
	at com.kms.katalon.core.main.ScriptEngine.run(ScriptEngine.java:194)
	at com.kms.katalon.core.main.ScriptEngine.runScriptAsRawText(ScriptEngine.java:119)
	at com.kms.katalon.core.main.TestCaseExecutor.runScript(TestCaseExecutor.java:328)
	at com.kms.katalon.core.main.TestCaseExecutor.doExecute(TestCaseExecutor.java:319)
	at com.kms.katalon.core.main.TestCaseExecutor.processExecutionPhase(TestCaseExecutor.java:298)
	at com.kms.katalon.core.main.TestCaseExecutor.accessMainPhase(TestCaseExecutor.java:290)
	at com.kms.katalon.core.main.TestCaseExecutor.execute(TestCaseExecutor.java:224)
	at com.kms.katalon.core.main.TestSuiteExecutor.accessTestCaseMainPhase(TestSuiteExecutor.java:129)
	at com.kms.katalon.core.main.TestSuiteExecutor.accessTestSuiteMainPhase(TestSuiteExecutor.java:112)
	at com.kms.katalon.core.main.TestSuiteExecutor.execute(TestSuiteExecutor.java:81)
	at com.kms.katalon.core.main.TestCaseMain.startTestSuite(TestCaseMain.java:149)
	at com.kms.katalon.core.main.TestCaseMain$startTestSuite$0.call(Unknown Source)
	at TempTestSuite1565707895630.run(TempTestSuite1565707895630.groovy:36)]]></system-out>
         <system-err><![CDATA[2019-08-13 11:18:31 - [TEST_CASE][FAILED] - Test Cases/CRITICAL PATH/Decrease quantity - cart page: Test Cases/CRITICAL PATH/Decrease quantity - cart page FAILED.
Reason:
com.kms.katalon.core.exception.StepFailedException: Unable to click on object 'Object Repository/CR-DESKTOP/product page/White color variant' (Root cause: com.kms.katalon.core.webui.exception.WebElementNotFoundException: Web element with id: 'Object Repository/CR-DESKTOP/product page/White color variant' located by 'By.xpath: //label[contains(@class,'swatch-white color')]' not found)
	at com.kms.katalon.core.keyword.internal.KeywordMain.stepFailed(KeywordMain.groovy:36)
	at com.kms.katalon.core.webui.keyword.internal.WebUIKeywordMain.stepFailed(WebUIKeywordMain.groovy:65)
	at com.kms.katalon.core.webui.keyword.internal.WebUIKeywordMain.runKeyword(WebUIKeywordMain.groovy:27)
	at com.kms.katalon.core.webui.keyword.builtin.ClickKeyword.click(ClickKeyword.groovy:86)
	at com.kms.katalon.core.webui.keyword.builtin.ClickKeyword.execute(ClickKeyword.groovy:67)
	at com.kms.katalon.core.keyword.internal.KeywordExecutor.executeKeywordForPlatform(KeywordExecutor.groovy:53)
	at com.kms.katalon.core.webui.keyword.WebUiBuiltInKeywords.click(WebUiBuiltInKeywords.groovy:616)
	at com.kms.katalon.core.webui.keyword.WebUiBuiltInKeywords$click$1.call(Unknown Source)
	at Decrease quantity - cart page.run(Decrease quantity - cart page:32)
	at com.kms.katalon.core.main.ScriptEngine.run(ScriptEngine.java:194)
	at com.kms.katalon.core.main.ScriptEngine.runScriptAsRawText(ScriptEngine.java:119)
	at com.kms.katalon.core.main.TestCaseExecutor.runScript(TestCaseExecutor.java:328)
	at com.kms.katalon.core.main.TestCaseExecutor.doExecute(TestCaseExecutor.java:319)
	at com.kms.katalon.core.main.TestCaseExecutor.processExecutionPhase(TestCaseExecutor.java:298)
	at com.kms.katalon.core.main.TestCaseExecutor.accessMainPhase(TestCaseExecutor.java:290)
	at com.kms.katalon.core.main.TestCaseExecutor.execute(TestCaseExecutor.java:224)
	at com.kms.katalon.core.main.TestSuiteExecutor.accessTestCaseMainPhase(TestSuiteExecutor.java:129)
	at com.kms.katalon.core.main.TestSuiteExecutor.accessTestSuiteMainPhase(TestSuiteExecutor.java:112)
	at com.kms.katalon.core.main.TestSuiteExecutor.execute(TestSuiteExecutor.java:81)
	at com.kms.katalon.core.main.TestCaseMain.startTestSuite(TestCaseMain.java:149)
	at com.kms.katalon.core.main.TestCaseMain$startTestSuite$0.call(Unknown Source)
	at TempTestSuite1565707895630.run(TempTestSuite1565707895630.groovy:36)]]></system-err>
      </testcase>
      <testcase name="Test Cases/CRITICAL PATH/Login and Logout" classname="Test Cases/CRITICAL PATH/Login and Logout" status="PASSED">
         <system-out><![CDATA[2019-08-13 11:19:23 - [TEST_CASE][PASSED] - Test Cases/CRITICAL PATH/Login and Logout: Test Cases/CRITICAL PATH/Login and Logout

2019-08-13 11:19:23 - [TEST_STEP][PASSED] - callTestCase(findTestCase("CALL-URL"), [:], STOP_ON_FAILURE): Call Test Case 'Test Cases/CALL-URL' successfully

2019-08-13 11:19:23 - [TEST_CASE][PASSED] - Test Cases/CALL-URL: Test Cases/CALL-URL

2019-08-13 11:19:23 - [TEST_STEP][PASSED] - openBrowser(""): Browser is opened with url: ''

2019-08-13 11:19:23 - [MESSAGE][WARNING] - A browser is already opened. Closing browser and opening a new one

2019-08-13 11:19:23 - [MESSAGE][INFO] - Starting 'Chrome' driver

2019-08-13 11:19:24 - [MESSAGE][PASSED] - Browser is opened with url: ''

2019-08-13 11:19:24 - [TEST_STEP][PASSED] - navigateToUrl("https://charlotterusse.com/"): Navigate to 'https://charlotterusse.com/' successfully

2019-08-13 11:19:27 - [MESSAGE][PASSED] - Navigate to 'https://charlotterusse.com/' successfully

2019-08-13 11:19:27 - [TEST_STEP][PASSED] - click(findTestObject("CR-DESKTOP/Window pop up/language- english")): Object: 'Object Repository/CR-DESKTOP/Window pop up/language- english' is clicked on

2019-08-13 11:19:27 - [MESSAGE][PASSED] - Object: 'Object Repository/CR-DESKTOP/Window pop up/language- english' is clicked on

2019-08-13 11:19:27 - [TEST_STEP][PASSED] - click(findTestObject("CR-DESKTOP/Window pop up/Pop up - close")): Object: 'Object Repository/CR-DESKTOP/Window pop up/Pop up - close' is clicked on

2019-08-13 11:19:27 - [MESSAGE][PASSED] - Object: 'Object Repository/CR-DESKTOP/Window pop up/Pop up - close' is clicked on

2019-08-13 11:19:27 - [TEST_STEP][PASSED] - maximizeWindow(): Current window maximized

2019-08-13 11:19:27 - [MESSAGE][PASSED] - Current window maximized

2019-08-13 11:19:27 - [MESSAGE][PASSED] - Call Test Case 'Test Cases/CALL-URL' successfully

2019-08-13 11:19:27 - [TEST_STEP][PASSED] - delay(2): Delayed 2 second(s)

2019-08-13 11:19:29 - [MESSAGE][PASSED] - Delayed 2 second(s)

2019-08-13 11:19:29 - [TEST_STEP][PASSED] - click(findTestObject("CR-DESKTOP/Home page/Login/Account icon")): Object: 'Object Repository/CR-DESKTOP/Home page/Login/Account icon' is clicked on

2019-08-13 11:19:31 - [MESSAGE][PASSED] - Object: 'Object Repository/CR-DESKTOP/Home page/Login/Account icon' is clicked on

2019-08-13 11:19:31 - [TEST_STEP][PASSED] - delay(2): Delayed 2 second(s)

2019-08-13 11:19:33 - [MESSAGE][PASSED] - Delayed 2 second(s)

2019-08-13 11:19:33 - [TEST_STEP][PASSED] - setText(findTestObject("CR-DESKTOP/Home page/Login/Email"), "suman.kompelly+1@diffagency.com"): Text 'suman.kompelly+1@diffagency.com' is set on object 'Object Repository/CR-DESKTOP/Home page/Login/Email'

2019-08-13 11:19:33 - [MESSAGE][PASSED] - Text 'suman.kompelly+1@diffagency.com' is set on object 'Object Repository/CR-DESKTOP/Home page/Login/Email'

2019-08-13 11:19:33 - [TEST_STEP][PASSED] - delay(2): Delayed 2 second(s)

2019-08-13 11:19:35 - [MESSAGE][PASSED] - Delayed 2 second(s)

2019-08-13 11:19:35 - [TEST_STEP][PASSED] - setEncryptedText(findTestObject("CR-DESKTOP/Home page/Login/Password"), "5xx1bkCcAlw="): Text ****** has been set on object 'Object Repository/CR-DESKTOP/Home page/Login/Password'

2019-08-13 11:19:35 - [MESSAGE][PASSED] - Text ****** has been set on object 'Object Repository/CR-DESKTOP/Home page/Login/Password'

2019-08-13 11:19:35 - [TEST_STEP][PASSED] - delay(2): Delayed 2 second(s)

2019-08-13 11:19:37 - [MESSAGE][PASSED] - Delayed 2 second(s)

2019-08-13 11:19:37 - [TEST_STEP][PASSED] - click(findTestObject("CR-DESKTOP/Home page/Login/Login button")): Object: 'Object Repository/CR-DESKTOP/Home page/Login/Login button' is clicked on

2019-08-13 11:19:37 - [MESSAGE][PASSED] - Object: 'Object Repository/CR-DESKTOP/Home page/Login/Login button' is clicked on

2019-08-13 11:19:37 - [TEST_STEP][PASSED] - delay(2): Delayed 2 second(s)

2019-08-13 11:19:39 - [MESSAGE][PASSED] - Delayed 2 second(s)

2019-08-13 11:19:39 - [TEST_STEP][PASSED] - click(findTestObject("CR-DESKTOP/Home page/Login/a_View Addresses (0)")): Object: 'Object Repository/CR-DESKTOP/Home page/Login/a_View Addresses (0)' is clicked on

2019-08-13 11:19:42 - [MESSAGE][PASSED] - Object: 'Object Repository/CR-DESKTOP/Home page/Login/a_View Addresses (0)' is clicked on

2019-08-13 11:19:42 - [TEST_STEP][PASSED] - delay(2): Delayed 2 second(s)

2019-08-13 11:19:44 - [MESSAGE][PASSED] - Delayed 2 second(s)

2019-08-13 11:19:44 - [TEST_STEP][NOT_RUN] - click(findTestObject("CR-DESKTOP/Home page/Login/Add new address/button_Add a New Address")): NOT_RUN: click(findTestObject("CR-DESKTOP/Home page/Login/Add new address/button_Add a New Address"))

2019-08-13 11:19:44 - [MESSAGE][NOT_RUN] - NOT_RUN: click(findTestObject("CR-DESKTOP/Home page/Login/Add new address/button_Add a New Address"))

2019-08-13 11:19:44 - [TEST_STEP][NOT_RUN] - setText(findTestObject("CR-DESKTOP/Home page/Login/Add new address/input_First Name_addressfirst_"), "xxx"): NOT_RUN: setText(findTestObject("CR-DESKTOP/Home page/Login/Add new address/input_First Name_addressfirst_"), "xxx")

2019-08-13 11:19:44 - [MESSAGE][NOT_RUN] - NOT_RUN: setText(findTestObject("CR-DESKTOP/Home page/Login/Add new address/input_First Name_addressfirst_"), "xxx")

2019-08-13 11:19:44 - [TEST_STEP][NOT_RUN] - setText(findTestObject("CR-DESKTOP/Home page/Login/Add new address/input_Last Name_addresslast_na"), "yyy"): NOT_RUN: setText(findTestObject("CR-DESKTOP/Home page/Login/Add new address/input_Last Name_addresslast_na"), "yyy")

2019-08-13 11:19:44 - [MESSAGE][NOT_RUN] - NOT_RUN: setText(findTestObject("CR-DESKTOP/Home page/Login/Add new address/input_Last Name_addresslast_na"), "yyy")

2019-08-13 11:19:44 - [TEST_STEP][NOT_RUN] - setText(findTestObject("CR-DESKTOP/Home page/Login/Add new address/input_Company_addresscompany"), "zzzz"): NOT_RUN: setText(findTestObject("CR-DESKTOP/Home page/Login/Add new address/input_Company_addresscompany"), "zzzz")

2019-08-13 11:19:44 - [MESSAGE][NOT_RUN] - NOT_RUN: setText(findTestObject("CR-DESKTOP/Home page/Login/Add new address/input_Company_addresscompany"), "zzzz")

2019-08-13 11:19:44 - [TEST_STEP][NOT_RUN] - setText(findTestObject("CR-DESKTOP/Home page/Login/Add new address/input_Address 1_addressaddress"), "1435 saint alxendre"): NOT_RUN: setText(findTestObject("CR-DESKTOP/Home page/Login/Add new address/input_Address 1_addressaddress"), "1435 saint alxendre")

2019-08-13 11:19:44 - [MESSAGE][NOT_RUN] - NOT_RUN: setText(findTestObject("CR-DESKTOP/Home page/Login/Add new address/input_Address 1_addressaddress"), "1435 saint alxendre")

2019-08-13 11:19:44 - [TEST_STEP][NOT_RUN] - setText(findTestObject("CR-DESKTOP/Home page/Login/Add new address/input_Address 2_addressaddress"), "399"): NOT_RUN: setText(findTestObject("CR-DESKTOP/Home page/Login/Add new address/input_Address 2_addressaddress"), "399")

2019-08-13 11:19:44 - [MESSAGE][NOT_RUN] - NOT_RUN: setText(findTestObject("CR-DESKTOP/Home page/Login/Add new address/input_Address 2_addressaddress"), "399")

2019-08-13 11:19:44 - [TEST_STEP][NOT_RUN] - setText(findTestObject("CR-DESKTOP/Home page/Login/Add new address/input_City_addresscity"), "montreal"): NOT_RUN: setText(findTestObject("CR-DESKTOP/Home page/Login/Add new address/input_City_addresscity"), "montreal")

2019-08-13 11:19:44 - [MESSAGE][NOT_RUN] - NOT_RUN: setText(findTestObject("CR-DESKTOP/Home page/Login/Add new address/input_City_addresscity"), "montreal")

2019-08-13 11:19:44 - [TEST_STEP][NOT_RUN] - selectOptionByValue(findTestObject("CR-DESKTOP/Home page/Login/Add new address/select_AlabamaAlaskaAmerican S"), "New Jersey", true): NOT_RUN: selectOptionByValue(findTestObject("CR-DESKTOP/Home page/Login/Add new address/select_AlabamaAlaskaAmerican S"), "New Jersey", true)

2019-08-13 11:19:44 - [MESSAGE][NOT_RUN] - NOT_RUN: selectOptionByValue(findTestObject("CR-DESKTOP/Home page/Login/Add new address/select_AlabamaAlaskaAmerican S"), "New Jersey", true)

2019-08-13 11:19:44 - [TEST_STEP][NOT_RUN] - setText(findTestObject("CR-DESKTOP/Home page/Login/Add new address/input_PostalZip Code_addresszi"), "07057"): NOT_RUN: setText(findTestObject("CR-DESKTOP/Home page/Login/Add new address/input_PostalZip Code_addresszi"), "07057")

2019-08-13 11:19:44 - [MESSAGE][NOT_RUN] - NOT_RUN: setText(findTestObject("CR-DESKTOP/Home page/Login/Add new address/input_PostalZip Code_addresszi"), "07057")

2019-08-13 11:19:44 - [TEST_STEP][NOT_RUN] - setText(findTestObject("CR-DESKTOP/Home page/Login/Add new address/input_Phone_addressphone"), "5144493883"): NOT_RUN: setText(findTestObject("CR-DESKTOP/Home page/Login/Add new address/input_Phone_addressphone"), "5144493883")

2019-08-13 11:19:44 - [MESSAGE][NOT_RUN] - NOT_RUN: setText(findTestObject("CR-DESKTOP/Home page/Login/Add new address/input_Phone_addressphone"), "5144493883")

2019-08-13 11:19:44 - [TEST_STEP][NOT_RUN] - click(findTestObject("CR-DESKTOP/Home page/Login/Add new address/input_Set as default address_b")): NOT_RUN: click(findTestObject("CR-DESKTOP/Home page/Login/Add new address/input_Set as default address_b"))

2019-08-13 11:19:44 - [MESSAGE][NOT_RUN] - NOT_RUN: click(findTestObject("CR-DESKTOP/Home page/Login/Add new address/input_Set as default address_b"))

2019-08-13 11:19:44 - [TEST_STEP][NOT_RUN] - delay(2): NOT_RUN: delay(2)

2019-08-13 11:19:44 - [MESSAGE][NOT_RUN] - NOT_RUN: delay(2)

2019-08-13 11:19:44 - [TEST_STEP][NOT_RUN] - click(findTestObject("CR-DESKTOP/Home page/Login/Delete button")): NOT_RUN: click(findTestObject("CR-DESKTOP/Home page/Login/Delete button"))

2019-08-13 11:19:44 - [MESSAGE][NOT_RUN] - NOT_RUN: click(findTestObject("CR-DESKTOP/Home page/Login/Delete button"))

2019-08-13 11:19:44 - [TEST_STEP][PASSED] - delay(2): Delayed 2 second(s)

2019-08-13 11:19:46 - [MESSAGE][PASSED] - Delayed 2 second(s)

2019-08-13 11:19:46 - [TEST_STEP][PASSED] - click(findTestObject("CR-DESKTOP/Home page/Login/a_Return to Account Details")): Object: 'Object Repository/CR-DESKTOP/Home page/Login/a_Return to Account Details' is clicked on

2019-08-13 11:19:48 - [MESSAGE][PASSED] - Object: 'Object Repository/CR-DESKTOP/Home page/Login/a_Return to Account Details' is clicked on

2019-08-13 11:19:48 - [TEST_STEP][PASSED] - delay(2): Delayed 2 second(s)

2019-08-13 11:19:50 - [MESSAGE][PASSED] - Delayed 2 second(s)

2019-08-13 11:19:50 - [TEST_STEP][PASSED] - click(findTestObject("CR-DESKTOP/Home page/Login/a_Wishlist")): Object: 'Object Repository/CR-DESKTOP/Home page/Login/a_Wishlist' is clicked on

2019-08-13 11:19:51 - [MESSAGE][PASSED] - Object: 'Object Repository/CR-DESKTOP/Home page/Login/a_Wishlist' is clicked on

2019-08-13 11:19:51 - [TEST_STEP][PASSED] - back(): Navigate back successfully

2019-08-13 11:19:52 - [MESSAGE][PASSED] - Navigate back successfully

2019-08-13 11:19:52 - [TEST_STEP][PASSED] - delay(2): Delayed 2 second(s)

2019-08-13 11:19:54 - [MESSAGE][PASSED] - Delayed 2 second(s)

2019-08-13 11:19:54 - [TEST_STEP][PASSED] - click(findTestObject("CR-DESKTOP/Home page/Login/a_Logout")): Object: 'Object Repository/CR-DESKTOP/Home page/Login/a_Logout' is clicked on

2019-08-13 11:19:55 - [MESSAGE][PASSED] - Object: 'Object Repository/CR-DESKTOP/Home page/Login/a_Logout' is clicked on]]></system-out>
         <system-err><![CDATA[]]></system-err>
      </testcase>
      <testcase name="Test Cases/CRITICAL PATH/Decrease quantity - cart flyout" classname="Test Cases/CRITICAL PATH/Decrease quantity - cart flyout" status="FAILED">
         <failure type="FAILED" message="Test Cases/CRITICAL PATH/Decrease quantity - cart flyout FAILED.
Reason:
com.kms.katalon.core.exception.StepFailedException: Unable to click on object 'Object Repository/CR-DESKTOP/product page/White color variant' (Root cause: com.kms.katalon.core.webui.exception.WebElementNotFoundException: Web element with id: 'Object Repository/CR-DESKTOP/product page/White color variant' located by 'By.xpath: //label[contains(@class,'swatch-white color')]' not found)
	at com.kms.katalon.core.keyword.internal.KeywordMain.stepFailed(KeywordMain.groovy:36)
	at com.kms.katalon.core.webui.keyword.internal.WebUIKeywordMain.stepFailed(WebUIKeywordMain.groovy:65)
	at com.kms.katalon.core.webui.keyword.internal.WebUIKeywordMain.runKeyword(WebUIKeywordMain.groovy:27)
	at com.kms.katalon.core.webui.keyword.builtin.ClickKeyword.click(ClickKeyword.groovy:86)
	at com.kms.katalon.core.webui.keyword.builtin.ClickKeyword.execute(ClickKeyword.groovy:67)
	at com.kms.katalon.core.keyword.internal.KeywordExecutor.executeKeywordForPlatform(KeywordExecutor.groovy:53)
	at com.kms.katalon.core.webui.keyword.WebUiBuiltInKeywords.click(WebUiBuiltInKeywords.groovy:616)
	at com.kms.katalon.core.webui.keyword.WebUiBuiltInKeywords$click$1.call(Unknown Source)
	at Decrease quantity - cart flyout.run(Decrease quantity - cart flyout:32)
	at com.kms.katalon.core.main.ScriptEngine.run(ScriptEngine.java:194)
	at com.kms.katalon.core.main.ScriptEngine.runScriptAsRawText(ScriptEngine.java:119)
	at com.kms.katalon.core.main.TestCaseExecutor.runScript(TestCaseExecutor.java:328)
	at com.kms.katalon.core.main.TestCaseExecutor.doExecute(TestCaseExecutor.java:319)
	at com.kms.katalon.core.main.TestCaseExecutor.processExecutionPhase(TestCaseExecutor.java:298)
	at com.kms.katalon.core.main.TestCaseExecutor.accessMainPhase(TestCaseExecutor.java:290)
	at com.kms.katalon.core.main.TestCaseExecutor.execute(TestCaseExecutor.java:224)
	at com.kms.katalon.core.main.TestSuiteExecutor.accessTestCaseMainPhase(TestSuiteExecutor.java:129)
	at com.kms.katalon.core.main.TestSuiteExecutor.accessTestSuiteMainPhase(TestSuiteExecutor.java:112)
	at com.kms.katalon.core.main.TestSuiteExecutor.execute(TestSuiteExecutor.java:81)
	at com.kms.katalon.core.main.TestCaseMain.startTestSuite(TestCaseMain.java:149)
	at com.kms.katalon.core.main.TestCaseMain$startTestSuite$0.call(Unknown Source)
	at TempTestSuite1565707895630.run(TempTestSuite1565707895630.groovy:36)
"/>
         <system-out><![CDATA[2019-08-13 11:19:55 - [TEST_CASE][FAILED] - Test Cases/CRITICAL PATH/Decrease quantity - cart flyout: Test Cases/CRITICAL PATH/Decrease quantity - cart flyout FAILED.
Reason:
com.kms.katalon.core.exception.StepFailedException: Unable to click on object 'Object Repository/CR-DESKTOP/product page/White color variant' (Root cause: com.kms.katalon.core.webui.exception.WebElementNotFoundException: Web element with id: 'Object Repository/CR-DESKTOP/product page/White color variant' located by 'By.xpath: //label[contains(@class,'swatch-white color')]' not found)
	at com.kms.katalon.core.keyword.internal.KeywordMain.stepFailed(KeywordMain.groovy:36)
	at com.kms.katalon.core.webui.keyword.internal.WebUIKeywordMain.stepFailed(WebUIKeywordMain.groovy:65)
	at com.kms.katalon.core.webui.keyword.internal.WebUIKeywordMain.runKeyword(WebUIKeywordMain.groovy:27)
	at com.kms.katalon.core.webui.keyword.builtin.ClickKeyword.click(ClickKeyword.groovy:86)
	at com.kms.katalon.core.webui.keyword.builtin.ClickKeyword.execute(ClickKeyword.groovy:67)
	at com.kms.katalon.core.keyword.internal.KeywordExecutor.executeKeywordForPlatform(KeywordExecutor.groovy:53)
	at com.kms.katalon.core.webui.keyword.WebUiBuiltInKeywords.click(WebUiBuiltInKeywords.groovy:616)
	at com.kms.katalon.core.webui.keyword.WebUiBuiltInKeywords$click$1.call(Unknown Source)
	at Decrease quantity - cart flyout.run(Decrease quantity - cart flyout:32)
	at com.kms.katalon.core.main.ScriptEngine.run(ScriptEngine.java:194)
	at com.kms.katalon.core.main.ScriptEngine.runScriptAsRawText(ScriptEngine.java:119)
	at com.kms.katalon.core.main.TestCaseExecutor.runScript(TestCaseExecutor.java:328)
	at com.kms.katalon.core.main.TestCaseExecutor.doExecute(TestCaseExecutor.java:319)
	at com.kms.katalon.core.main.TestCaseExecutor.processExecutionPhase(TestCaseExecutor.java:298)
	at com.kms.katalon.core.main.TestCaseExecutor.accessMainPhase(TestCaseExecutor.java:290)
	at com.kms.katalon.core.main.TestCaseExecutor.execute(TestCaseExecutor.java:224)
	at com.kms.katalon.core.main.TestSuiteExecutor.accessTestCaseMainPhase(TestSuiteExecutor.java:129)
	at com.kms.katalon.core.main.TestSuiteExecutor.accessTestSuiteMainPhase(TestSuiteExecutor.java:112)
	at com.kms.katalon.core.main.TestSuiteExecutor.execute(TestSuiteExecutor.java:81)
	at com.kms.katalon.core.main.TestCaseMain.startTestSuite(TestCaseMain.java:149)
	at com.kms.katalon.core.main.TestCaseMain$startTestSuite$0.call(Unknown Source)
	at TempTestSuite1565707895630.run(TempTestSuite1565707895630.groovy:36)


2019-08-13 11:19:55 - [TEST_STEP][PASSED] - callTestCase(findTestCase("CALL-URL"), [:], STOP_ON_FAILURE): Call Test Case 'Test Cases/CALL-URL' successfully

2019-08-13 11:19:55 - [TEST_CASE][PASSED] - Test Cases/CALL-URL: Test Cases/CALL-URL

2019-08-13 11:19:55 - [TEST_STEP][PASSED] - openBrowser(""): Browser is opened with url: ''

2019-08-13 11:19:55 - [MESSAGE][WARNING] - A browser is already opened. Closing browser and opening a new one

2019-08-13 11:19:55 - [MESSAGE][INFO] - Starting 'Chrome' driver

2019-08-13 11:19:56 - [MESSAGE][PASSED] - Browser is opened with url: ''

2019-08-13 11:19:56 - [TEST_STEP][PASSED] - navigateToUrl("https://charlotterusse.com/"): Navigate to 'https://charlotterusse.com/' successfully

2019-08-13 11:20:00 - [MESSAGE][PASSED] - Navigate to 'https://charlotterusse.com/' successfully

2019-08-13 11:20:00 - [TEST_STEP][PASSED] - click(findTestObject("CR-DESKTOP/Window pop up/language- english")): Object: 'Object Repository/CR-DESKTOP/Window pop up/language- english' is clicked on

2019-08-13 11:20:00 - [MESSAGE][PASSED] - Object: 'Object Repository/CR-DESKTOP/Window pop up/language- english' is clicked on

2019-08-13 11:20:00 - [TEST_STEP][PASSED] - click(findTestObject("CR-DESKTOP/Window pop up/Pop up - close")): Object: 'Object Repository/CR-DESKTOP/Window pop up/Pop up - close' is clicked on

2019-08-13 11:20:00 - [MESSAGE][PASSED] - Object: 'Object Repository/CR-DESKTOP/Window pop up/Pop up - close' is clicked on

2019-08-13 11:20:00 - [TEST_STEP][PASSED] - maximizeWindow(): Current window maximized

2019-08-13 11:20:00 - [MESSAGE][PASSED] - Current window maximized

2019-08-13 11:20:00 - [MESSAGE][PASSED] - Call Test Case 'Test Cases/CALL-URL' successfully

2019-08-13 11:20:00 - [TEST_STEP][PASSED] - delay(2): Delayed 2 second(s)

2019-08-13 11:20:02 - [MESSAGE][PASSED] - Delayed 2 second(s)

2019-08-13 11:20:02 - [TEST_STEP][PASSED] - mouseOver(findTestObject("CR-DESKTOP/Mega menu/SHOES")): Object: 'Object Repository/CR-DESKTOP/Mega menu/SHOES' is hovered

2019-08-13 11:20:02 - [MESSAGE][PASSED] - Object: 'Object Repository/CR-DESKTOP/Mega menu/SHOES' is hovered

2019-08-13 11:20:02 - [TEST_STEP][PASSED] - delay(2): Delayed 2 second(s)

2019-08-13 11:20:04 - [MESSAGE][PASSED] - Delayed 2 second(s)

2019-08-13 11:20:04 - [TEST_STEP][PASSED] - click(findTestObject("CR-DESKTOP/Mega menu/shoes - sneakers")): Object: 'Object Repository/CR-DESKTOP/Mega menu/shoes - sneakers' is clicked on

2019-08-13 11:20:05 - [MESSAGE][PASSED] - Object: 'Object Repository/CR-DESKTOP/Mega menu/shoes - sneakers' is clicked on

2019-08-13 11:20:05 - [TEST_STEP][PASSED] - delay(2): Delayed 2 second(s)

2019-08-13 11:20:07 - [MESSAGE][PASSED] - Delayed 2 second(s)

2019-08-13 11:20:07 - [TEST_STEP][PASSED] - click(findTestObject("CR-DESKTOP/Collection page/product 3")): Object: 'Object Repository/CR-DESKTOP/Collection page/product 3' is clicked on

2019-08-13 11:20:08 - [MESSAGE][PASSED] - Object: 'Object Repository/CR-DESKTOP/Collection page/product 3' is clicked on

2019-08-13 11:20:08 - [TEST_STEP][PASSED] - delay(2): Delayed 2 second(s)

2019-08-13 11:20:10 - [MESSAGE][PASSED] - Delayed 2 second(s)

2019-08-13 11:20:10 - [TEST_STEP][FAILED] - click(findTestObject("CR-DESKTOP/product page/White color variant")): click(findTestObject("CR-DESKTOP/product page/White color variant")) FAILED.
Reason:
com.kms.katalon.core.exception.StepFailedException: Unable to click on object 'Object Repository/CR-DESKTOP/product page/White color variant' (Root cause: com.kms.katalon.core.webui.exception.WebElementNotFoundException: Web element with id: 'Object Repository/CR-DESKTOP/product page/White color variant' located by 'By.xpath: //label[contains(@class,'swatch-white color')]' not found)
	at com.kms.katalon.core.keyword.internal.KeywordMain.stepFailed(KeywordMain.groovy:36)
	at com.kms.katalon.core.webui.keyword.internal.WebUIKeywordMain.stepFailed(WebUIKeywordMain.groovy:65)
	at com.kms.katalon.core.webui.keyword.internal.WebUIKeywordMain.runKeyword(WebUIKeywordMain.groovy:27)
	at com.kms.katalon.core.webui.keyword.builtin.ClickKeyword.click(ClickKeyword.groovy:86)
	at com.kms.katalon.core.webui.keyword.builtin.ClickKeyword.execute(ClickKeyword.groovy:67)
	at com.kms.katalon.core.keyword.internal.KeywordExecutor.executeKeywordForPlatform(KeywordExecutor.groovy:53)
	at com.kms.katalon.core.webui.keyword.WebUiBuiltInKeywords.click(WebUiBuiltInKeywords.groovy:616)
	at com.kms.katalon.core.webui.keyword.WebUiBuiltInKeywords$click$1.call(Unknown Source)
	at Decrease quantity - cart flyout.run(Decrease quantity - cart flyout:32)
	at com.kms.katalon.core.main.ScriptEngine.run(ScriptEngine.java:194)
	at com.kms.katalon.core.main.ScriptEngine.runScriptAsRawText(ScriptEngine.java:119)
	at com.kms.katalon.core.main.TestCaseExecutor.runScript(TestCaseExecutor.java:328)
	at com.kms.katalon.core.main.TestCaseExecutor.doExecute(TestCaseExecutor.java:319)
	at com.kms.katalon.core.main.TestCaseExecutor.processExecutionPhase(TestCaseExecutor.java:298)
	at com.kms.katalon.core.main.TestCaseExecutor.accessMainPhase(TestCaseExecutor.java:290)
	at com.kms.katalon.core.main.TestCaseExecutor.execute(TestCaseExecutor.java:224)
	at com.kms.katalon.core.main.TestSuiteExecutor.accessTestCaseMainPhase(TestSuiteExecutor.java:129)
	at com.kms.katalon.core.main.TestSuiteExecutor.accessTestSuiteMainPhase(TestSuiteExecutor.java:112)
	at com.kms.katalon.core.main.TestSuiteExecutor.execute(TestSuiteExecutor.java:81)
	at com.kms.katalon.core.main.TestCaseMain.startTestSuite(TestCaseMain.java:149)
	at com.kms.katalon.core.main.TestCaseMain$startTestSuite$0.call(Unknown Source)
	at TempTestSuite1565707895630.run(TempTestSuite1565707895630.groovy:36)


2019-08-13 11:20:41 - [MESSAGE][INFO] - Unable to find the element located by 'By.xpath: //label[contains(@class,'swatch-white color')]'. Please recheck the objects properties to make sure the desired element is located. 

2019-08-13 11:20:41 - [MESSAGE][FAILED] - Unable to click on object 'Object Repository/CR-DESKTOP/product page/White color variant' (Root cause: com.kms.katalon.core.webui.exception.WebElementNotFoundException: Web element with id: 'Object Repository/CR-DESKTOP/product page/White color variant' located by 'By.xpath: //label[contains(@class,'swatch-white color')]' not found)
[[ATTACHMENT|/Users/sumankompelly/git/CR-Desktop/Reports/suite-chrome/20190813_105135/1565709641492.png]]

2019-08-13 11:20:41 - [MESSAGE][FAILED] - click(findTestObject("CR-DESKTOP/product page/White color variant")) FAILED.
Reason:
com.kms.katalon.core.exception.StepFailedException: Unable to click on object 'Object Repository/CR-DESKTOP/product page/White color variant' (Root cause: com.kms.katalon.core.webui.exception.WebElementNotFoundException: Web element with id: 'Object Repository/CR-DESKTOP/product page/White color variant' located by 'By.xpath: //label[contains(@class,'swatch-white color')]' not found)
	at com.kms.katalon.core.keyword.internal.KeywordMain.stepFailed(KeywordMain.groovy:36)
	at com.kms.katalon.core.webui.keyword.internal.WebUIKeywordMain.stepFailed(WebUIKeywordMain.groovy:65)
	at com.kms.katalon.core.webui.keyword.internal.WebUIKeywordMain.runKeyword(WebUIKeywordMain.groovy:27)
	at com.kms.katalon.core.webui.keyword.builtin.ClickKeyword.click(ClickKeyword.groovy:86)
	at com.kms.katalon.core.webui.keyword.builtin.ClickKeyword.execute(ClickKeyword.groovy:67)
	at com.kms.katalon.core.keyword.internal.KeywordExecutor.executeKeywordForPlatform(KeywordExecutor.groovy:53)
	at com.kms.katalon.core.webui.keyword.WebUiBuiltInKeywords.click(WebUiBuiltInKeywords.groovy:616)
	at com.kms.katalon.core.webui.keyword.WebUiBuiltInKeywords$click$1.call(Unknown Source)
	at Decrease quantity - cart flyout.run(Decrease quantity - cart flyout:32)
	at com.kms.katalon.core.main.ScriptEngine.run(ScriptEngine.java:194)
	at com.kms.katalon.core.main.ScriptEngine.runScriptAsRawText(ScriptEngine.java:119)
	at com.kms.katalon.core.main.TestCaseExecutor.runScript(TestCaseExecutor.java:328)
	at com.kms.katalon.core.main.TestCaseExecutor.doExecute(TestCaseExecutor.java:319)
	at com.kms.katalon.core.main.TestCaseExecutor.processExecutionPhase(TestCaseExecutor.java:298)
	at com.kms.katalon.core.main.TestCaseExecutor.accessMainPhase(TestCaseExecutor.java:290)
	at com.kms.katalon.core.main.TestCaseExecutor.execute(TestCaseExecutor.java:224)
	at com.kms.katalon.core.main.TestSuiteExecutor.accessTestCaseMainPhase(TestSuiteExecutor.java:129)
	at com.kms.katalon.core.main.TestSuiteExecutor.accessTestSuiteMainPhase(TestSuiteExecutor.java:112)
	at com.kms.katalon.core.main.TestSuiteExecutor.execute(TestSuiteExecutor.java:81)
	at com.kms.katalon.core.main.TestCaseMain.startTestSuite(TestCaseMain.java:149)
	at com.kms.katalon.core.main.TestCaseMain$startTestSuite$0.call(Unknown Source)
	at TempTestSuite1565707895630.run(TempTestSuite1565707895630.groovy:36)]]></system-out>
         <system-err><![CDATA[2019-08-13 11:19:55 - [TEST_CASE][FAILED] - Test Cases/CRITICAL PATH/Decrease quantity - cart flyout: Test Cases/CRITICAL PATH/Decrease quantity - cart flyout FAILED.
Reason:
com.kms.katalon.core.exception.StepFailedException: Unable to click on object 'Object Repository/CR-DESKTOP/product page/White color variant' (Root cause: com.kms.katalon.core.webui.exception.WebElementNotFoundException: Web element with id: 'Object Repository/CR-DESKTOP/product page/White color variant' located by 'By.xpath: //label[contains(@class,'swatch-white color')]' not found)
	at com.kms.katalon.core.keyword.internal.KeywordMain.stepFailed(KeywordMain.groovy:36)
	at com.kms.katalon.core.webui.keyword.internal.WebUIKeywordMain.stepFailed(WebUIKeywordMain.groovy:65)
	at com.kms.katalon.core.webui.keyword.internal.WebUIKeywordMain.runKeyword(WebUIKeywordMain.groovy:27)
	at com.kms.katalon.core.webui.keyword.builtin.ClickKeyword.click(ClickKeyword.groovy:86)
	at com.kms.katalon.core.webui.keyword.builtin.ClickKeyword.execute(ClickKeyword.groovy:67)
	at com.kms.katalon.core.keyword.internal.KeywordExecutor.executeKeywordForPlatform(KeywordExecutor.groovy:53)
	at com.kms.katalon.core.webui.keyword.WebUiBuiltInKeywords.click(WebUiBuiltInKeywords.groovy:616)
	at com.kms.katalon.core.webui.keyword.WebUiBuiltInKeywords$click$1.call(Unknown Source)
	at Decrease quantity - cart flyout.run(Decrease quantity - cart flyout:32)
	at com.kms.katalon.core.main.ScriptEngine.run(ScriptEngine.java:194)
	at com.kms.katalon.core.main.ScriptEngine.runScriptAsRawText(ScriptEngine.java:119)
	at com.kms.katalon.core.main.TestCaseExecutor.runScript(TestCaseExecutor.java:328)
	at com.kms.katalon.core.main.TestCaseExecutor.doExecute(TestCaseExecutor.java:319)
	at com.kms.katalon.core.main.TestCaseExecutor.processExecutionPhase(TestCaseExecutor.java:298)
	at com.kms.katalon.core.main.TestCaseExecutor.accessMainPhase(TestCaseExecutor.java:290)
	at com.kms.katalon.core.main.TestCaseExecutor.execute(TestCaseExecutor.java:224)
	at com.kms.katalon.core.main.TestSuiteExecutor.accessTestCaseMainPhase(TestSuiteExecutor.java:129)
	at com.kms.katalon.core.main.TestSuiteExecutor.accessTestSuiteMainPhase(TestSuiteExecutor.java:112)
	at com.kms.katalon.core.main.TestSuiteExecutor.execute(TestSuiteExecutor.java:81)
	at com.kms.katalon.core.main.TestCaseMain.startTestSuite(TestCaseMain.java:149)
	at com.kms.katalon.core.main.TestCaseMain$startTestSuite$0.call(Unknown Source)
	at TempTestSuite1565707895630.run(TempTestSuite1565707895630.groovy:36)]]></system-err>
      </testcase>
      <testcase name="Test Cases/CRITICAL PATH/Adding products - Search flyout" classname="Test Cases/CRITICAL PATH/Adding products - Search flyout" status="ERROR">
         <error type="ERROR" message="Test Cases/CRITICAL PATH/Adding products - Search flyout FAILED.
Reason:
groovy.lang.MissingPropertyException: No such property: Keys for class: Script1563481209663
	at Adding products - Search flyout.run(Adding products - Search flyout:28)
	at com.kms.katalon.core.main.ScriptEngine.run(ScriptEngine.java:194)
	at com.kms.katalon.core.main.ScriptEngine.runScriptAsRawText(ScriptEngine.java:119)
	at com.kms.katalon.core.main.TestCaseExecutor.runScript(TestCaseExecutor.java:328)
	at com.kms.katalon.core.main.TestCaseExecutor.doExecute(TestCaseExecutor.java:319)
	at com.kms.katalon.core.main.TestCaseExecutor.processExecutionPhase(TestCaseExecutor.java:298)
	at com.kms.katalon.core.main.TestCaseExecutor.accessMainPhase(TestCaseExecutor.java:290)
	at com.kms.katalon.core.main.TestCaseExecutor.execute(TestCaseExecutor.java:224)
	at com.kms.katalon.core.main.TestSuiteExecutor.accessTestCaseMainPhase(TestSuiteExecutor.java:129)
	at com.kms.katalon.core.main.TestSuiteExecutor.accessTestSuiteMainPhase(TestSuiteExecutor.java:112)
	at com.kms.katalon.core.main.TestSuiteExecutor.execute(TestSuiteExecutor.java:81)
	at com.kms.katalon.core.main.TestCaseMain.startTestSuite(TestCaseMain.java:149)
	at com.kms.katalon.core.main.TestCaseMain$startTestSuite$0.call(Unknown Source)
	at TempTestSuite1565707895630.run(TempTestSuite1565707895630.groovy:36)
"/>
         <system-out><![CDATA[2019-08-13 11:20:41 - [TEST_CASE][ERROR] - Test Cases/CRITICAL PATH/Adding products - Search flyout: Test Cases/CRITICAL PATH/Adding products - Search flyout FAILED.
Reason:
groovy.lang.MissingPropertyException: No such property: Keys for class: Script1563481209663
	at Adding products - Search flyout.run(Adding products - Search flyout:28)
	at com.kms.katalon.core.main.ScriptEngine.run(ScriptEngine.java:194)
	at com.kms.katalon.core.main.ScriptEngine.runScriptAsRawText(ScriptEngine.java:119)
	at com.kms.katalon.core.main.TestCaseExecutor.runScript(TestCaseExecutor.java:328)
	at com.kms.katalon.core.main.TestCaseExecutor.doExecute(TestCaseExecutor.java:319)
	at com.kms.katalon.core.main.TestCaseExecutor.processExecutionPhase(TestCaseExecutor.java:298)
	at com.kms.katalon.core.main.TestCaseExecutor.accessMainPhase(TestCaseExecutor.java:290)
	at com.kms.katalon.core.main.TestCaseExecutor.execute(TestCaseExecutor.java:224)
	at com.kms.katalon.core.main.TestSuiteExecutor.accessTestCaseMainPhase(TestSuiteExecutor.java:129)
	at com.kms.katalon.core.main.TestSuiteExecutor.accessTestSuiteMainPhase(TestSuiteExecutor.java:112)
	at com.kms.katalon.core.main.TestSuiteExecutor.execute(TestSuiteExecutor.java:81)
	at com.kms.katalon.core.main.TestCaseMain.startTestSuite(TestCaseMain.java:149)
	at com.kms.katalon.core.main.TestCaseMain$startTestSuite$0.call(Unknown Source)
	at TempTestSuite1565707895630.run(TempTestSuite1565707895630.groovy:36)


2019-08-13 11:20:42 - [TEST_STEP][PASSED] - callTestCase(findTestCase("CALL-URL"), [:], STOP_ON_FAILURE): Call Test Case 'Test Cases/CALL-URL' successfully

2019-08-13 11:20:42 - [TEST_CASE][PASSED] - Test Cases/CALL-URL: Test Cases/CALL-URL

2019-08-13 11:20:42 - [TEST_STEP][PASSED] - openBrowser(""): Browser is opened with url: ''

2019-08-13 11:20:42 - [MESSAGE][WARNING] - A browser is already opened. Closing browser and opening a new one

2019-08-13 11:20:42 - [MESSAGE][INFO] - Starting 'Chrome' driver

2019-08-13 11:20:43 - [MESSAGE][PASSED] - Browser is opened with url: ''

2019-08-13 11:20:43 - [TEST_STEP][PASSED] - navigateToUrl("https://charlotterusse.com/"): Navigate to 'https://charlotterusse.com/' successfully

2019-08-13 11:20:46 - [MESSAGE][PASSED] - Navigate to 'https://charlotterusse.com/' successfully

2019-08-13 11:20:46 - [TEST_STEP][PASSED] - click(findTestObject("CR-DESKTOP/Window pop up/language- english")): Object: 'Object Repository/CR-DESKTOP/Window pop up/language- english' is clicked on

2019-08-13 11:20:46 - [MESSAGE][PASSED] - Object: 'Object Repository/CR-DESKTOP/Window pop up/language- english' is clicked on

2019-08-13 11:20:46 - [TEST_STEP][PASSED] - click(findTestObject("CR-DESKTOP/Window pop up/Pop up - close")): Object: 'Object Repository/CR-DESKTOP/Window pop up/Pop up - close' is clicked on

2019-08-13 11:20:46 - [MESSAGE][PASSED] - Object: 'Object Repository/CR-DESKTOP/Window pop up/Pop up - close' is clicked on

2019-08-13 11:20:46 - [TEST_STEP][PASSED] - maximizeWindow(): Current window maximized

2019-08-13 11:20:46 - [MESSAGE][PASSED] - Current window maximized

2019-08-13 11:20:46 - [MESSAGE][PASSED] - Call Test Case 'Test Cases/CALL-URL' successfully

2019-08-13 11:20:46 - [TEST_STEP][PASSED] - delay(2): Delayed 2 second(s)

2019-08-13 11:20:48 - [MESSAGE][PASSED] - Delayed 2 second(s)

2019-08-13 11:20:48 - [TEST_STEP][PASSED] - click(findTestObject("CR-DESKTOP/Home page/Search flyout")): Object: 'Object Repository/CR-DESKTOP/Home page/Search flyout' is clicked on

2019-08-13 11:20:48 - [MESSAGE][PASSED] - Object: 'Object Repository/CR-DESKTOP/Home page/Search flyout' is clicked on

2019-08-13 11:20:48 - [TEST_STEP][PASSED] - delay(2): Delayed 2 second(s)

2019-08-13 11:20:50 - [MESSAGE][PASSED] - Delayed 2 second(s)

2019-08-13 11:20:50 - [TEST_STEP][PASSED] - setText(findTestObject("CR-DESKTOP/Home page/Search flyout"), "heels"): Text 'heels' is set on object 'Object Repository/CR-DESKTOP/Home page/Search flyout'

2019-08-13 11:20:50 - [MESSAGE][PASSED] - Text 'heels' is set on object 'Object Repository/CR-DESKTOP/Home page/Search flyout'

2019-08-13 11:20:50 - [TEST_STEP][PASSED] - delay(2): Delayed 2 second(s)

2019-08-13 11:20:52 - [MESSAGE][PASSED] - Delayed 2 second(s)

2019-08-13 11:20:52 - [TEST_STEP][ERROR] - sendKeys(findTestObject("CR-DESKTOP/Home page/Search button"), Keys.chord(ENTER)): sendKeys(findTestObject("CR-DESKTOP/Home page/Search button"), Keys.chord(ENTER)) FAILED.
Reason:
groovy.lang.MissingPropertyException: No such property: Keys for class: Script1563481209663
	at Adding products - Search flyout.run(Adding products - Search flyout:28)
	at com.kms.katalon.core.main.ScriptEngine.run(ScriptEngine.java:194)
	at com.kms.katalon.core.main.ScriptEngine.runScriptAsRawText(ScriptEngine.java:119)
	at com.kms.katalon.core.main.TestCaseExecutor.runScript(TestCaseExecutor.java:328)
	at com.kms.katalon.core.main.TestCaseExecutor.doExecute(TestCaseExecutor.java:319)
	at com.kms.katalon.core.main.TestCaseExecutor.processExecutionPhase(TestCaseExecutor.java:298)
	at com.kms.katalon.core.main.TestCaseExecutor.accessMainPhase(TestCaseExecutor.java:290)
	at com.kms.katalon.core.main.TestCaseExecutor.execute(TestCaseExecutor.java:224)
	at com.kms.katalon.core.main.TestSuiteExecutor.accessTestCaseMainPhase(TestSuiteExecutor.java:129)
	at com.kms.katalon.core.main.TestSuiteExecutor.accessTestSuiteMainPhase(TestSuiteExecutor.java:112)
	at com.kms.katalon.core.main.TestSuiteExecutor.execute(TestSuiteExecutor.java:81)
	at com.kms.katalon.core.main.TestCaseMain.startTestSuite(TestCaseMain.java:149)
	at com.kms.katalon.core.main.TestCaseMain$startTestSuite$0.call(Unknown Source)
	at TempTestSuite1565707895630.run(TempTestSuite1565707895630.groovy:36)


2019-08-13 11:20:52 - [MESSAGE][ERROR] - sendKeys(findTestObject("CR-DESKTOP/Home page/Search button"), Keys.chord(ENTER)) FAILED.
Reason:
groovy.lang.MissingPropertyException: No such property: Keys for class: Script1563481209663
	at Adding products - Search flyout.run(Adding products - Search flyout:28)
	at com.kms.katalon.core.main.ScriptEngine.run(ScriptEngine.java:194)
	at com.kms.katalon.core.main.ScriptEngine.runScriptAsRawText(ScriptEngine.java:119)
	at com.kms.katalon.core.main.TestCaseExecutor.runScript(TestCaseExecutor.java:328)
	at com.kms.katalon.core.main.TestCaseExecutor.doExecute(TestCaseExecutor.java:319)
	at com.kms.katalon.core.main.TestCaseExecutor.processExecutionPhase(TestCaseExecutor.java:298)
	at com.kms.katalon.core.main.TestCaseExecutor.accessMainPhase(TestCaseExecutor.java:290)
	at com.kms.katalon.core.main.TestCaseExecutor.execute(TestCaseExecutor.java:224)
	at com.kms.katalon.core.main.TestSuiteExecutor.accessTestCaseMainPhase(TestSuiteExecutor.java:129)
	at com.kms.katalon.core.main.TestSuiteExecutor.accessTestSuiteMainPhase(TestSuiteExecutor.java:112)
	at com.kms.katalon.core.main.TestSuiteExecutor.execute(TestSuiteExecutor.java:81)
	at com.kms.katalon.core.main.TestCaseMain.startTestSuite(TestCaseMain.java:149)
	at com.kms.katalon.core.main.TestCaseMain$startTestSuite$0.call(Unknown Source)
	at TempTestSuite1565707895630.run(TempTestSuite1565707895630.groovy:36)]]></system-out>
         <system-err><![CDATA[2019-08-13 11:20:41 - [TEST_CASE][ERROR] - Test Cases/CRITICAL PATH/Adding products - Search flyout: Test Cases/CRITICAL PATH/Adding products - Search flyout FAILED.
Reason:
groovy.lang.MissingPropertyException: No such property: Keys for class: Script1563481209663
	at Adding products - Search flyout.run(Adding products - Search flyout:28)
	at com.kms.katalon.core.main.ScriptEngine.run(ScriptEngine.java:194)
	at com.kms.katalon.core.main.ScriptEngine.runScriptAsRawText(ScriptEngine.java:119)
	at com.kms.katalon.core.main.TestCaseExecutor.runScript(TestCaseExecutor.java:328)
	at com.kms.katalon.core.main.TestCaseExecutor.doExecute(TestCaseExecutor.java:319)
	at com.kms.katalon.core.main.TestCaseExecutor.processExecutionPhase(TestCaseExecutor.java:298)
	at com.kms.katalon.core.main.TestCaseExecutor.accessMainPhase(TestCaseExecutor.java:290)
	at com.kms.katalon.core.main.TestCaseExecutor.execute(TestCaseExecutor.java:224)
	at com.kms.katalon.core.main.TestSuiteExecutor.accessTestCaseMainPhase(TestSuiteExecutor.java:129)
	at com.kms.katalon.core.main.TestSuiteExecutor.accessTestSuiteMainPhase(TestSuiteExecutor.java:112)
	at com.kms.katalon.core.main.TestSuiteExecutor.execute(TestSuiteExecutor.java:81)
	at com.kms.katalon.core.main.TestCaseMain.startTestSuite(TestCaseMain.java:149)
	at com.kms.katalon.core.main.TestCaseMain$startTestSuite$0.call(Unknown Source)
	at TempTestSuite1565707895630.run(TempTestSuite1565707895630.groovy:36)]]></system-err>
      </testcase>
      <testcase name="Test Cases/CRITICAL PATH/Adding products - home page" classname="Test Cases/CRITICAL PATH/Adding products - home page" status="FAILED">
         <failure type="FAILED" message="Test Cases/CRITICAL PATH/Adding products - home page FAILED.
Reason:
com.kms.katalon.core.exception.StepFailedException: Unable to click on object 'Object Repository/CR-DESKTOP/Home page/Add prod - home page/1 st product' (Root cause: org.openqa.selenium.WebDriverException: unknown error: Element &lt;img class=&quot;featured_collection__image&quot; alt=&quot;Crushed Velvet Pajama Jogger&quot; src=&quot;//cdn.shopify.com/s/files/1/0074/5124/6676/products/072803031203-45-0_270x400_crop_center.jpg?v=1565646227&quot;> is not clickable at point (450, 478). Other element would receive the click: &lt;div class=&quot;language-popup__cover&quot; data-lang-popup-close=&quot;&quot; style=&quot;opacity: 0.75; display: block;&quot;>&lt;/div>
  (Session info: chrome=76.0.3809.100)
  (Driver info: chromedriver=2.43.600229 (3fae4d0cda5334b4f533bede5a4787f7b832d052),platform=Mac OS X 10.13.6 x86_64) (WARNING: The server did not provide any stacktrace information)
Command duration or timeout: 0 milliseconds
Build info: version: '3.7.1', revision: '8a0099a', time: '2017-11-06T21:07:36.161Z'
System info: host: 'sumans-MacBook-Pro.local', ip: 'fe80:0:0:0:101b:184c:e876:9570%en0', os.name: 'Mac OS X', os.arch: 'x86_64', os.version: '10.13.6', java.version: '1.8.0_181'
Driver info: com.kms.katalon.selenium.driver.CChromeDriver
Capabilities {acceptInsecureCerts: false, acceptSslCerts: false, applicationCacheEnabled: false, browserConnectionEnabled: false, browserName: chrome, chrome: {chromedriverVersion: 2.43.600229 (3fae4d0cda5334..., userDataDir: /var/folders/1t/c55l8xzs6gq...}, cssSelectorsEnabled: true, databaseEnabled: false, goog:chromeOptions: {debuggerAddress: localhost:57462}, handlesAlerts: true, hasTouchScreen: false, javascriptEnabled: true, locationContextEnabled: true, mobileEmulationEnabled: false, nativeEvents: true, networkConnectionEnabled: false, pageLoadStrategy: normal, platform: MAC, platformName: MAC, rotatable: false, setWindowRect: true, takesHeapSnapshot: true, takesScreenshot: true, unexpectedAlertBehaviour: , unhandledPromptBehavior: , version: 76.0.3809.100, webStorageEnabled: true}
Session ID: 23d5be5474e48be924e0538f9d04b0b1)
	at com.kms.katalon.core.keyword.internal.KeywordMain.stepFailed(KeywordMain.groovy:36)
	at com.kms.katalon.core.webui.keyword.internal.WebUIKeywordMain.stepFailed(WebUIKeywordMain.groovy:65)
	at com.kms.katalon.core.webui.keyword.internal.WebUIKeywordMain.runKeyword(WebUIKeywordMain.groovy:27)
	at com.kms.katalon.core.webui.keyword.builtin.ClickKeyword.click(ClickKeyword.groovy:86)
	at com.kms.katalon.core.webui.keyword.builtin.ClickKeyword.execute(ClickKeyword.groovy:67)
	at com.kms.katalon.core.keyword.internal.KeywordExecutor.executeKeywordForPlatform(KeywordExecutor.groovy:53)
	at com.kms.katalon.core.webui.keyword.WebUiBuiltInKeywords.click(WebUiBuiltInKeywords.groovy:616)
	at com.kms.katalon.core.webui.keyword.WebUiBuiltInKeywords$click$1.call(Unknown Source)
	at Adding products - home page.run(Adding products - home page:24)
	at com.kms.katalon.core.main.ScriptEngine.run(ScriptEngine.java:194)
	at com.kms.katalon.core.main.ScriptEngine.runScriptAsRawText(ScriptEngine.java:119)
	at com.kms.katalon.core.main.TestCaseExecutor.runScript(TestCaseExecutor.java:328)
	at com.kms.katalon.core.main.TestCaseExecutor.doExecute(TestCaseExecutor.java:319)
	at com.kms.katalon.core.main.TestCaseExecutor.processExecutionPhase(TestCaseExecutor.java:298)
	at com.kms.katalon.core.main.TestCaseExecutor.accessMainPhase(TestCaseExecutor.java:290)
	at com.kms.katalon.core.main.TestCaseExecutor.execute(TestCaseExecutor.java:224)
	at com.kms.katalon.core.main.TestSuiteExecutor.accessTestCaseMainPhase(TestSuiteExecutor.java:129)
	at com.kms.katalon.core.main.TestSuiteExecutor.accessTestSuiteMainPhase(TestSuiteExecutor.java:112)
	at com.kms.katalon.core.main.TestSuiteExecutor.execute(TestSuiteExecutor.java:81)
	at com.kms.katalon.core.main.TestCaseMain.startTestSuite(TestCaseMain.java:149)
	at com.kms.katalon.core.main.TestCaseMain$startTestSuite$0.call(Unknown Source)
	at TempTestSuite1565707895630.run(TempTestSuite1565707895630.groovy:36)
"/>
         <system-out><![CDATA[2019-08-13 11:20:52 - [TEST_CASE][FAILED] - Test Cases/CRITICAL PATH/Adding products - home page: Test Cases/CRITICAL PATH/Adding products - home page FAILED.
Reason:
com.kms.katalon.core.exception.StepFailedException: Unable to click on object 'Object Repository/CR-DESKTOP/Home page/Add prod - home page/1 st product' (Root cause: org.openqa.selenium.WebDriverException: unknown error: Element <img class="featured_collection__image" alt="Crushed Velvet Pajama Jogger" src="//cdn.shopify.com/s/files/1/0074/5124/6676/products/072803031203-45-0_270x400_crop_center.jpg?v=1565646227"> is not clickable at point (450, 478). Other element would receive the click: <div class="language-popup__cover" data-lang-popup-close="" style="opacity: 0.75; display: block;"></div>
  (Session info: chrome=76.0.3809.100)
  (Driver info: chromedriver=2.43.600229 (3fae4d0cda5334b4f533bede5a4787f7b832d052),platform=Mac OS X 10.13.6 x86_64) (WARNING: The server did not provide any stacktrace information)
Command duration or timeout: 0 milliseconds
Build info: version: '3.7.1', revision: '8a0099a', time: '2017-11-06T21:07:36.161Z'
System info: host: 'sumans-MacBook-Pro.local', ip: 'fe80:0:0:0:101b:184c:e876:9570%en0', os.name: 'Mac OS X', os.arch: 'x86_64', os.version: '10.13.6', java.version: '1.8.0_181'
Driver info: com.kms.katalon.selenium.driver.CChromeDriver
Capabilities {acceptInsecureCerts: false, acceptSslCerts: false, applicationCacheEnabled: false, browserConnectionEnabled: false, browserName: chrome, chrome: {chromedriverVersion: 2.43.600229 (3fae4d0cda5334..., userDataDir: /var/folders/1t/c55l8xzs6gq...}, cssSelectorsEnabled: true, databaseEnabled: false, goog:chromeOptions: {debuggerAddress: localhost:57462}, handlesAlerts: true, hasTouchScreen: false, javascriptEnabled: true, locationContextEnabled: true, mobileEmulationEnabled: false, nativeEvents: true, networkConnectionEnabled: false, pageLoadStrategy: normal, platform: MAC, platformName: MAC, rotatable: false, setWindowRect: true, takesHeapSnapshot: true, takesScreenshot: true, unexpectedAlertBehaviour: , unhandledPromptBehavior: , version: 76.0.3809.100, webStorageEnabled: true}
Session ID: 23d5be5474e48be924e0538f9d04b0b1)
	at com.kms.katalon.core.keyword.internal.KeywordMain.stepFailed(KeywordMain.groovy:36)
	at com.kms.katalon.core.webui.keyword.internal.WebUIKeywordMain.stepFailed(WebUIKeywordMain.groovy:65)
	at com.kms.katalon.core.webui.keyword.internal.WebUIKeywordMain.runKeyword(WebUIKeywordMain.groovy:27)
	at com.kms.katalon.core.webui.keyword.builtin.ClickKeyword.click(ClickKeyword.groovy:86)
	at com.kms.katalon.core.webui.keyword.builtin.ClickKeyword.execute(ClickKeyword.groovy:67)
	at com.kms.katalon.core.keyword.internal.KeywordExecutor.executeKeywordForPlatform(KeywordExecutor.groovy:53)
	at com.kms.katalon.core.webui.keyword.WebUiBuiltInKeywords.click(WebUiBuiltInKeywords.groovy:616)
	at com.kms.katalon.core.webui.keyword.WebUiBuiltInKeywords$click$1.call(Unknown Source)
	at Adding products - home page.run(Adding products - home page:24)
	at com.kms.katalon.core.main.ScriptEngine.run(ScriptEngine.java:194)
	at com.kms.katalon.core.main.ScriptEngine.runScriptAsRawText(ScriptEngine.java:119)
	at com.kms.katalon.core.main.TestCaseExecutor.runScript(TestCaseExecutor.java:328)
	at com.kms.katalon.core.main.TestCaseExecutor.doExecute(TestCaseExecutor.java:319)
	at com.kms.katalon.core.main.TestCaseExecutor.processExecutionPhase(TestCaseExecutor.java:298)
	at com.kms.katalon.core.main.TestCaseExecutor.accessMainPhase(TestCaseExecutor.java:290)
	at com.kms.katalon.core.main.TestCaseExecutor.execute(TestCaseExecutor.java:224)
	at com.kms.katalon.core.main.TestSuiteExecutor.accessTestCaseMainPhase(TestSuiteExecutor.java:129)
	at com.kms.katalon.core.main.TestSuiteExecutor.accessTestSuiteMainPhase(TestSuiteExecutor.java:112)
	at com.kms.katalon.core.main.TestSuiteExecutor.execute(TestSuiteExecutor.java:81)
	at com.kms.katalon.core.main.TestCaseMain.startTestSuite(TestCaseMain.java:149)
	at com.kms.katalon.core.main.TestCaseMain$startTestSuite$0.call(Unknown Source)
	at TempTestSuite1565707895630.run(TempTestSuite1565707895630.groovy:36)


2019-08-13 11:20:53 - [TEST_STEP][PASSED] - callTestCase(findTestCase("CALL-URL"), [:], STOP_ON_FAILURE): Call Test Case 'Test Cases/CALL-URL' successfully

2019-08-13 11:20:53 - [TEST_CASE][PASSED] - Test Cases/CALL-URL: Test Cases/CALL-URL

2019-08-13 11:20:53 - [TEST_STEP][PASSED] - openBrowser(""): Browser is opened with url: ''

2019-08-13 11:20:53 - [MESSAGE][WARNING] - A browser is already opened. Closing browser and opening a new one

2019-08-13 11:20:53 - [MESSAGE][INFO] - Starting 'Chrome' driver

2019-08-13 11:20:54 - [MESSAGE][PASSED] - Browser is opened with url: ''

2019-08-13 11:20:54 - [TEST_STEP][PASSED] - navigateToUrl("https://charlotterusse.com/"): Navigate to 'https://charlotterusse.com/' successfully

2019-08-13 11:20:57 - [MESSAGE][PASSED] - Navigate to 'https://charlotterusse.com/' successfully

2019-08-13 11:20:57 - [TEST_STEP][PASSED] - click(findTestObject("CR-DESKTOP/Window pop up/language- english")): Object: 'Object Repository/CR-DESKTOP/Window pop up/language- english' is clicked on

2019-08-13 11:20:57 - [MESSAGE][PASSED] - Object: 'Object Repository/CR-DESKTOP/Window pop up/language- english' is clicked on

2019-08-13 11:20:57 - [TEST_STEP][PASSED] - click(findTestObject("CR-DESKTOP/Window pop up/Pop up - close")): Object: 'Object Repository/CR-DESKTOP/Window pop up/Pop up - close' is clicked on

2019-08-13 11:20:57 - [MESSAGE][PASSED] - Object: 'Object Repository/CR-DESKTOP/Window pop up/Pop up - close' is clicked on

2019-08-13 11:20:57 - [TEST_STEP][PASSED] - maximizeWindow(): Current window maximized

2019-08-13 11:20:57 - [MESSAGE][PASSED] - Current window maximized

2019-08-13 11:20:57 - [MESSAGE][PASSED] - Call Test Case 'Test Cases/CALL-URL' successfully

2019-08-13 11:20:57 - [TEST_STEP][PASSED] - delay(2): Delayed 2 second(s)

2019-08-13 11:20:59 - [MESSAGE][PASSED] - Delayed 2 second(s)

2019-08-13 11:20:59 - [TEST_STEP][PASSED] - click(findTestObject("CR-DESKTOP/Home page/Add prod - home page/Hero banner - 1 st")): Object: 'Object Repository/CR-DESKTOP/Home page/Add prod - home page/Hero banner - 1 st' is clicked on

2019-08-13 11:21:00 - [MESSAGE][PASSED] - Object: 'Object Repository/CR-DESKTOP/Home page/Add prod - home page/Hero banner - 1 st' is clicked on

2019-08-13 11:21:00 - [TEST_STEP][PASSED] - delay(2): Delayed 2 second(s)

2019-08-13 11:21:02 - [MESSAGE][PASSED] - Delayed 2 second(s)

2019-08-13 11:21:02 - [TEST_STEP][FAILED] - click(findTestObject("CR-DESKTOP/Home page/Add prod - home page/1 st product")): click(findTestObject("CR-DESKTOP/Home page/Add prod - home page/1 st product")) FAILED.
Reason:
com.kms.katalon.core.exception.StepFailedException: Unable to click on object 'Object Repository/CR-DESKTOP/Home page/Add prod - home page/1 st product' (Root cause: org.openqa.selenium.WebDriverException: unknown error: Element <img class="featured_collection__image" alt="Crushed Velvet Pajama Jogger" src="//cdn.shopify.com/s/files/1/0074/5124/6676/products/072803031203-45-0_270x400_crop_center.jpg?v=1565646227"> is not clickable at point (450, 478). Other element would receive the click: <div class="language-popup__cover" data-lang-popup-close="" style="opacity: 0.75; display: block;"></div>
  (Session info: chrome=76.0.3809.100)
  (Driver info: chromedriver=2.43.600229 (3fae4d0cda5334b4f533bede5a4787f7b832d052),platform=Mac OS X 10.13.6 x86_64) (WARNING: The server did not provide any stacktrace information)
Command duration or timeout: 0 milliseconds
Build info: version: '3.7.1', revision: '8a0099a', time: '2017-11-06T21:07:36.161Z'
System info: host: 'sumans-MacBook-Pro.local', ip: 'fe80:0:0:0:101b:184c:e876:9570%en0', os.name: 'Mac OS X', os.arch: 'x86_64', os.version: '10.13.6', java.version: '1.8.0_181'
Driver info: com.kms.katalon.selenium.driver.CChromeDriver
Capabilities {acceptInsecureCerts: false, acceptSslCerts: false, applicationCacheEnabled: false, browserConnectionEnabled: false, browserName: chrome, chrome: {chromedriverVersion: 2.43.600229 (3fae4d0cda5334..., userDataDir: /var/folders/1t/c55l8xzs6gq...}, cssSelectorsEnabled: true, databaseEnabled: false, goog:chromeOptions: {debuggerAddress: localhost:57462}, handlesAlerts: true, hasTouchScreen: false, javascriptEnabled: true, locationContextEnabled: true, mobileEmulationEnabled: false, nativeEvents: true, networkConnectionEnabled: false, pageLoadStrategy: normal, platform: MAC, platformName: MAC, rotatable: false, setWindowRect: true, takesHeapSnapshot: true, takesScreenshot: true, unexpectedAlertBehaviour: , unhandledPromptBehavior: , version: 76.0.3809.100, webStorageEnabled: true}
Session ID: 23d5be5474e48be924e0538f9d04b0b1)
	at com.kms.katalon.core.keyword.internal.KeywordMain.stepFailed(KeywordMain.groovy:36)
	at com.kms.katalon.core.webui.keyword.internal.WebUIKeywordMain.stepFailed(WebUIKeywordMain.groovy:65)
	at com.kms.katalon.core.webui.keyword.internal.WebUIKeywordMain.runKeyword(WebUIKeywordMain.groovy:27)
	at com.kms.katalon.core.webui.keyword.builtin.ClickKeyword.click(ClickKeyword.groovy:86)
	at com.kms.katalon.core.webui.keyword.builtin.ClickKeyword.execute(ClickKeyword.groovy:67)
	at com.kms.katalon.core.keyword.internal.KeywordExecutor.executeKeywordForPlatform(KeywordExecutor.groovy:53)
	at com.kms.katalon.core.webui.keyword.WebUiBuiltInKeywords.click(WebUiBuiltInKeywords.groovy:616)
	at com.kms.katalon.core.webui.keyword.WebUiBuiltInKeywords$click$1.call(Unknown Source)
	at Adding products - home page.run(Adding products - home page:24)
	at com.kms.katalon.core.main.ScriptEngine.run(ScriptEngine.java:194)
	at com.kms.katalon.core.main.ScriptEngine.runScriptAsRawText(ScriptEngine.java:119)
	at com.kms.katalon.core.main.TestCaseExecutor.runScript(TestCaseExecutor.java:328)
	at com.kms.katalon.core.main.TestCaseExecutor.doExecute(TestCaseExecutor.java:319)
	at com.kms.katalon.core.main.TestCaseExecutor.processExecutionPhase(TestCaseExecutor.java:298)
	at com.kms.katalon.core.main.TestCaseExecutor.accessMainPhase(TestCaseExecutor.java:290)
	at com.kms.katalon.core.main.TestCaseExecutor.execute(TestCaseExecutor.java:224)
	at com.kms.katalon.core.main.TestSuiteExecutor.accessTestCaseMainPhase(TestSuiteExecutor.java:129)
	at com.kms.katalon.core.main.TestSuiteExecutor.accessTestSuiteMainPhase(TestSuiteExecutor.java:112)
	at com.kms.katalon.core.main.TestSuiteExecutor.execute(TestSuiteExecutor.java:81)
	at com.kms.katalon.core.main.TestCaseMain.startTestSuite(TestCaseMain.java:149)
	at com.kms.katalon.core.main.TestCaseMain$startTestSuite$0.call(Unknown Source)
	at TempTestSuite1565707895630.run(TempTestSuite1565707895630.groovy:36)


2019-08-13 11:21:03 - [MESSAGE][FAILED] - Unable to click on object 'Object Repository/CR-DESKTOP/Home page/Add prod - home page/1 st product' (Root cause: org.openqa.selenium.WebDriverException: unknown error: Element <img class="featured_collection__image" alt="Crushed Velvet Pajama Jogger" src="//cdn.shopify.com/s/files/1/0074/5124/6676/products/072803031203-45-0_270x400_crop_center.jpg?v=1565646227"> is not clickable at point (450, 478). Other element would receive the click: <div class="language-popup__cover" data-lang-popup-close="" style="opacity: 0.75; display: block;"></div>
  (Session info: chrome=76.0.3809.100)
  (Driver info: chromedriver=2.43.600229 (3fae4d0cda5334b4f533bede5a4787f7b832d052),platform=Mac OS X 10.13.6 x86_64) (WARNING: The server did not provide any stacktrace information)
Command duration or timeout: 0 milliseconds
Build info: version: '3.7.1', revision: '8a0099a', time: '2017-11-06T21:07:36.161Z'
System info: host: 'sumans-MacBook-Pro.local', ip: 'fe80:0:0:0:101b:184c:e876:9570%en0', os.name: 'Mac OS X', os.arch: 'x86_64', os.version: '10.13.6', java.version: '1.8.0_181'
Driver info: com.kms.katalon.selenium.driver.CChromeDriver
Capabilities {acceptInsecureCerts: false, acceptSslCerts: false, applicationCacheEnabled: false, browserConnectionEnabled: false, browserName: chrome, chrome: {chromedriverVersion: 2.43.600229 (3fae4d0cda5334..., userDataDir: /var/folders/1t/c55l8xzs6gq...}, cssSelectorsEnabled: true, databaseEnabled: false, goog:chromeOptions: {debuggerAddress: localhost:57462}, handlesAlerts: true, hasTouchScreen: false, javascriptEnabled: true, locationContextEnabled: true, mobileEmulationEnabled: false, nativeEvents: true, networkConnectionEnabled: false, pageLoadStrategy: normal, platform: MAC, platformName: MAC, rotatable: false, setWindowRect: true, takesHeapSnapshot: true, takesScreenshot: true, unexpectedAlertBehaviour: , unhandledPromptBehavior: , version: 76.0.3809.100, webStorageEnabled: true}
Session ID: 23d5be5474e48be924e0538f9d04b0b1)
[[ATTACHMENT|/Users/sumankompelly/git/CR-Desktop/Reports/suite-chrome/20190813_105135/1565709662495.png]]

2019-08-13 11:21:03 - [MESSAGE][FAILED] - click(findTestObject("CR-DESKTOP/Home page/Add prod - home page/1 st product")) FAILED.
Reason:
com.kms.katalon.core.exception.StepFailedException: Unable to click on object 'Object Repository/CR-DESKTOP/Home page/Add prod - home page/1 st product' (Root cause: org.openqa.selenium.WebDriverException: unknown error: Element <img class="featured_collection__image" alt="Crushed Velvet Pajama Jogger" src="//cdn.shopify.com/s/files/1/0074/5124/6676/products/072803031203-45-0_270x400_crop_center.jpg?v=1565646227"> is not clickable at point (450, 478). Other element would receive the click: <div class="language-popup__cover" data-lang-popup-close="" style="opacity: 0.75; display: block;"></div>
  (Session info: chrome=76.0.3809.100)
  (Driver info: chromedriver=2.43.600229 (3fae4d0cda5334b4f533bede5a4787f7b832d052),platform=Mac OS X 10.13.6 x86_64) (WARNING: The server did not provide any stacktrace information)
Command duration or timeout: 0 milliseconds
Build info: version: '3.7.1', revision: '8a0099a', time: '2017-11-06T21:07:36.161Z'
System info: host: 'sumans-MacBook-Pro.local', ip: 'fe80:0:0:0:101b:184c:e876:9570%en0', os.name: 'Mac OS X', os.arch: 'x86_64', os.version: '10.13.6', java.version: '1.8.0_181'
Driver info: com.kms.katalon.selenium.driver.CChromeDriver
Capabilities {acceptInsecureCerts: false, acceptSslCerts: false, applicationCacheEnabled: false, browserConnectionEnabled: false, browserName: chrome, chrome: {chromedriverVersion: 2.43.600229 (3fae4d0cda5334..., userDataDir: /var/folders/1t/c55l8xzs6gq...}, cssSelectorsEnabled: true, databaseEnabled: false, goog:chromeOptions: {debuggerAddress: localhost:57462}, handlesAlerts: true, hasTouchScreen: false, javascriptEnabled: true, locationContextEnabled: true, mobileEmulationEnabled: false, nativeEvents: true, networkConnectionEnabled: false, pageLoadStrategy: normal, platform: MAC, platformName: MAC, rotatable: false, setWindowRect: true, takesHeapSnapshot: true, takesScreenshot: true, unexpectedAlertBehaviour: , unhandledPromptBehavior: , version: 76.0.3809.100, webStorageEnabled: true}
Session ID: 23d5be5474e48be924e0538f9d04b0b1)
	at com.kms.katalon.core.keyword.internal.KeywordMain.stepFailed(KeywordMain.groovy:36)
	at com.kms.katalon.core.webui.keyword.internal.WebUIKeywordMain.stepFailed(WebUIKeywordMain.groovy:65)
	at com.kms.katalon.core.webui.keyword.internal.WebUIKeywordMain.runKeyword(WebUIKeywordMain.groovy:27)
	at com.kms.katalon.core.webui.keyword.builtin.ClickKeyword.click(ClickKeyword.groovy:86)
	at com.kms.katalon.core.webui.keyword.builtin.ClickKeyword.execute(ClickKeyword.groovy:67)
	at com.kms.katalon.core.keyword.internal.KeywordExecutor.executeKeywordForPlatform(KeywordExecutor.groovy:53)
	at com.kms.katalon.core.webui.keyword.WebUiBuiltInKeywords.click(WebUiBuiltInKeywords.groovy:616)
	at com.kms.katalon.core.webui.keyword.WebUiBuiltInKeywords$click$1.call(Unknown Source)
	at Adding products - home page.run(Adding products - home page:24)
	at com.kms.katalon.core.main.ScriptEngine.run(ScriptEngine.java:194)
	at com.kms.katalon.core.main.ScriptEngine.runScriptAsRawText(ScriptEngine.java:119)
	at com.kms.katalon.core.main.TestCaseExecutor.runScript(TestCaseExecutor.java:328)
	at com.kms.katalon.core.main.TestCaseExecutor.doExecute(TestCaseExecutor.java:319)
	at com.kms.katalon.core.main.TestCaseExecutor.processExecutionPhase(TestCaseExecutor.java:298)
	at com.kms.katalon.core.main.TestCaseExecutor.accessMainPhase(TestCaseExecutor.java:290)
	at com.kms.katalon.core.main.TestCaseExecutor.execute(TestCaseExecutor.java:224)
	at com.kms.katalon.core.main.TestSuiteExecutor.accessTestCaseMainPhase(TestSuiteExecutor.java:129)
	at com.kms.katalon.core.main.TestSuiteExecutor.accessTestSuiteMainPhase(TestSuiteExecutor.java:112)
	at com.kms.katalon.core.main.TestSuiteExecutor.execute(TestSuiteExecutor.java:81)
	at com.kms.katalon.core.main.TestCaseMain.startTestSuite(TestCaseMain.java:149)
	at com.kms.katalon.core.main.TestCaseMain$startTestSuite$0.call(Unknown Source)
	at TempTestSuite1565707895630.run(TempTestSuite1565707895630.groovy:36)]]></system-out>
         <system-err><![CDATA[2019-08-13 11:20:52 - [TEST_CASE][FAILED] - Test Cases/CRITICAL PATH/Adding products - home page: Test Cases/CRITICAL PATH/Adding products - home page FAILED.
Reason:
com.kms.katalon.core.exception.StepFailedException: Unable to click on object 'Object Repository/CR-DESKTOP/Home page/Add prod - home page/1 st product' (Root cause: org.openqa.selenium.WebDriverException: unknown error: Element <img class="featured_collection__image" alt="Crushed Velvet Pajama Jogger" src="//cdn.shopify.com/s/files/1/0074/5124/6676/products/072803031203-45-0_270x400_crop_center.jpg?v=1565646227"> is not clickable at point (450, 478). Other element would receive the click: <div class="language-popup__cover" data-lang-popup-close="" style="opacity: 0.75; display: block;"></div>
  (Session info: chrome=76.0.3809.100)
  (Driver info: chromedriver=2.43.600229 (3fae4d0cda5334b4f533bede5a4787f7b832d052),platform=Mac OS X 10.13.6 x86_64) (WARNING: The server did not provide any stacktrace information)
Command duration or timeout: 0 milliseconds
Build info: version: '3.7.1', revision: '8a0099a', time: '2017-11-06T21:07:36.161Z'
System info: host: 'sumans-MacBook-Pro.local', ip: 'fe80:0:0:0:101b:184c:e876:9570%en0', os.name: 'Mac OS X', os.arch: 'x86_64', os.version: '10.13.6', java.version: '1.8.0_181'
Driver info: com.kms.katalon.selenium.driver.CChromeDriver
Capabilities {acceptInsecureCerts: false, acceptSslCerts: false, applicationCacheEnabled: false, browserConnectionEnabled: false, browserName: chrome, chrome: {chromedriverVersion: 2.43.600229 (3fae4d0cda5334..., userDataDir: /var/folders/1t/c55l8xzs6gq...}, cssSelectorsEnabled: true, databaseEnabled: false, goog:chromeOptions: {debuggerAddress: localhost:57462}, handlesAlerts: true, hasTouchScreen: false, javascriptEnabled: true, locationContextEnabled: true, mobileEmulationEnabled: false, nativeEvents: true, networkConnectionEnabled: false, pageLoadStrategy: normal, platform: MAC, platformName: MAC, rotatable: false, setWindowRect: true, takesHeapSnapshot: true, takesScreenshot: true, unexpectedAlertBehaviour: , unhandledPromptBehavior: , version: 76.0.3809.100, webStorageEnabled: true}
Session ID: 23d5be5474e48be924e0538f9d04b0b1)
	at com.kms.katalon.core.keyword.internal.KeywordMain.stepFailed(KeywordMain.groovy:36)
	at com.kms.katalon.core.webui.keyword.internal.WebUIKeywordMain.stepFailed(WebUIKeywordMain.groovy:65)
	at com.kms.katalon.core.webui.keyword.internal.WebUIKeywordMain.runKeyword(WebUIKeywordMain.groovy:27)
	at com.kms.katalon.core.webui.keyword.builtin.ClickKeyword.click(ClickKeyword.groovy:86)
	at com.kms.katalon.core.webui.keyword.builtin.ClickKeyword.execute(ClickKeyword.groovy:67)
	at com.kms.katalon.core.keyword.internal.KeywordExecutor.executeKeywordForPlatform(KeywordExecutor.groovy:53)
	at com.kms.katalon.core.webui.keyword.WebUiBuiltInKeywords.click(WebUiBuiltInKeywords.groovy:616)
	at com.kms.katalon.core.webui.keyword.WebUiBuiltInKeywords$click$1.call(Unknown Source)
	at Adding products - home page.run(Adding products - home page:24)
	at com.kms.katalon.core.main.ScriptEngine.run(ScriptEngine.java:194)
	at com.kms.katalon.core.main.ScriptEngine.runScriptAsRawText(ScriptEngine.java:119)
	at com.kms.katalon.core.main.TestCaseExecutor.runScript(TestCaseExecutor.java:328)
	at com.kms.katalon.core.main.TestCaseExecutor.doExecute(TestCaseExecutor.java:319)
	at com.kms.katalon.core.main.TestCaseExecutor.processExecutionPhase(TestCaseExecutor.java:298)
	at com.kms.katalon.core.main.TestCaseExecutor.accessMainPhase(TestCaseExecutor.java:290)
	at com.kms.katalon.core.main.TestCaseExecutor.execute(TestCaseExecutor.java:224)
	at com.kms.katalon.core.main.TestSuiteExecutor.accessTestCaseMainPhase(TestSuiteExecutor.java:129)
	at com.kms.katalon.core.main.TestSuiteExecutor.accessTestSuiteMainPhase(TestSuiteExecutor.java:112)
	at com.kms.katalon.core.main.TestSuiteExecutor.execute(TestSuiteExecutor.java:81)
	at com.kms.katalon.core.main.TestCaseMain.startTestSuite(TestCaseMain.java:149)
	at com.kms.katalon.core.main.TestCaseMain$startTestSuite$0.call(Unknown Source)
	at TempTestSuite1565707895630.run(TempTestSuite1565707895630.groovy:36)]]></system-err>
      </testcase>
      <testcase name="Test Cases/CRITICAL PATH/Price comparison - cart flyout" classname="Test Cases/CRITICAL PATH/Price comparison - cart flyout" status="FAILED">
         <failure type="FAILED" message="Test Cases/CRITICAL PATH/Price comparison - cart flyout FAILED.
Reason:
com.kms.katalon.core.exception.StepFailedException: Unable to click on object 'Object Repository/CR-DESKTOP/Collection page/product 3' (Root cause: org.openqa.selenium.WebDriverException: unknown error: Element &lt;img class=&quot;featured_collection__image&quot; alt=&quot;Mesh Perspex Sneaker&quot; src=&quot;//cdn.shopify.com/s/files/1/0074/5124/6676/products/077451487117-18-0_270x400_crop_center.jpg?v=1564178884&quot;> is not clickable at point (727, 478). Other element would receive the click: &lt;div class=&quot;language-popup__container&quot; style=&quot;display: block;&quot;>...&lt;/div>
  (Session info: chrome=76.0.3809.100)
  (Driver info: chromedriver=2.43.600229 (3fae4d0cda5334b4f533bede5a4787f7b832d052),platform=Mac OS X 10.13.6 x86_64) (WARNING: The server did not provide any stacktrace information)
Command duration or timeout: 0 milliseconds
Build info: version: '3.7.1', revision: '8a0099a', time: '2017-11-06T21:07:36.161Z'
System info: host: 'sumans-MacBook-Pro.local', ip: 'fe80:0:0:0:101b:184c:e876:9570%en0', os.name: 'Mac OS X', os.arch: 'x86_64', os.version: '10.13.6', java.version: '1.8.0_181'
Driver info: com.kms.katalon.selenium.driver.CChromeDriver
Capabilities {acceptInsecureCerts: false, acceptSslCerts: false, applicationCacheEnabled: false, browserConnectionEnabled: false, browserName: chrome, chrome: {chromedriverVersion: 2.43.600229 (3fae4d0cda5334..., userDataDir: /var/folders/1t/c55l8xzs6gq...}, cssSelectorsEnabled: true, databaseEnabled: false, goog:chromeOptions: {debuggerAddress: localhost:57513}, handlesAlerts: true, hasTouchScreen: false, javascriptEnabled: true, locationContextEnabled: true, mobileEmulationEnabled: false, nativeEvents: true, networkConnectionEnabled: false, pageLoadStrategy: normal, platform: MAC, platformName: MAC, rotatable: false, setWindowRect: true, takesHeapSnapshot: true, takesScreenshot: true, unexpectedAlertBehaviour: , unhandledPromptBehavior: , version: 76.0.3809.100, webStorageEnabled: true}
Session ID: ded732aa17525be46cd826f684b640bf)
	at com.kms.katalon.core.keyword.internal.KeywordMain.stepFailed(KeywordMain.groovy:36)
	at com.kms.katalon.core.webui.keyword.internal.WebUIKeywordMain.stepFailed(WebUIKeywordMain.groovy:65)
	at com.kms.katalon.core.webui.keyword.internal.WebUIKeywordMain.runKeyword(WebUIKeywordMain.groovy:27)
	at com.kms.katalon.core.webui.keyword.builtin.ClickKeyword.click(ClickKeyword.groovy:86)
	at com.kms.katalon.core.webui.keyword.builtin.ClickKeyword.execute(ClickKeyword.groovy:67)
	at com.kms.katalon.core.keyword.internal.KeywordExecutor.executeKeywordForPlatform(KeywordExecutor.groovy:53)
	at com.kms.katalon.core.webui.keyword.WebUiBuiltInKeywords.click(WebUiBuiltInKeywords.groovy:616)
	at com.kms.katalon.core.webui.keyword.WebUiBuiltInKeywords$click$1.call(Unknown Source)
	at Price comparison - cart flyout.run(Price comparison - cart flyout:28)
	at com.kms.katalon.core.main.ScriptEngine.run(ScriptEngine.java:194)
	at com.kms.katalon.core.main.ScriptEngine.runScriptAsRawText(ScriptEngine.java:119)
	at com.kms.katalon.core.main.TestCaseExecutor.runScript(TestCaseExecutor.java:328)
	at com.kms.katalon.core.main.TestCaseExecutor.doExecute(TestCaseExecutor.java:319)
	at com.kms.katalon.core.main.TestCaseExecutor.processExecutionPhase(TestCaseExecutor.java:298)
	at com.kms.katalon.core.main.TestCaseExecutor.accessMainPhase(TestCaseExecutor.java:290)
	at com.kms.katalon.core.main.TestCaseExecutor.execute(TestCaseExecutor.java:224)
	at com.kms.katalon.core.main.TestSuiteExecutor.accessTestCaseMainPhase(TestSuiteExecutor.java:129)
	at com.kms.katalon.core.main.TestSuiteExecutor.accessTestSuiteMainPhase(TestSuiteExecutor.java:112)
	at com.kms.katalon.core.main.TestSuiteExecutor.execute(TestSuiteExecutor.java:81)
	at com.kms.katalon.core.main.TestCaseMain.startTestSuite(TestCaseMain.java:149)
	at com.kms.katalon.core.main.TestCaseMain$startTestSuite$0.call(Unknown Source)
	at TempTestSuite1565707895630.run(TempTestSuite1565707895630.groovy:36)
"/>
         <system-out><![CDATA[2019-08-13 11:21:03 - [TEST_CASE][FAILED] - Test Cases/CRITICAL PATH/Price comparison - cart flyout: Test Cases/CRITICAL PATH/Price comparison - cart flyout FAILED.
Reason:
com.kms.katalon.core.exception.StepFailedException: Unable to click on object 'Object Repository/CR-DESKTOP/Collection page/product 3' (Root cause: org.openqa.selenium.WebDriverException: unknown error: Element <img class="featured_collection__image" alt="Mesh Perspex Sneaker" src="//cdn.shopify.com/s/files/1/0074/5124/6676/products/077451487117-18-0_270x400_crop_center.jpg?v=1564178884"> is not clickable at point (727, 478). Other element would receive the click: <div class="language-popup__container" style="display: block;">...</div>
  (Session info: chrome=76.0.3809.100)
  (Driver info: chromedriver=2.43.600229 (3fae4d0cda5334b4f533bede5a4787f7b832d052),platform=Mac OS X 10.13.6 x86_64) (WARNING: The server did not provide any stacktrace information)
Command duration or timeout: 0 milliseconds
Build info: version: '3.7.1', revision: '8a0099a', time: '2017-11-06T21:07:36.161Z'
System info: host: 'sumans-MacBook-Pro.local', ip: 'fe80:0:0:0:101b:184c:e876:9570%en0', os.name: 'Mac OS X', os.arch: 'x86_64', os.version: '10.13.6', java.version: '1.8.0_181'
Driver info: com.kms.katalon.selenium.driver.CChromeDriver
Capabilities {acceptInsecureCerts: false, acceptSslCerts: false, applicationCacheEnabled: false, browserConnectionEnabled: false, browserName: chrome, chrome: {chromedriverVersion: 2.43.600229 (3fae4d0cda5334..., userDataDir: /var/folders/1t/c55l8xzs6gq...}, cssSelectorsEnabled: true, databaseEnabled: false, goog:chromeOptions: {debuggerAddress: localhost:57513}, handlesAlerts: true, hasTouchScreen: false, javascriptEnabled: true, locationContextEnabled: true, mobileEmulationEnabled: false, nativeEvents: true, networkConnectionEnabled: false, pageLoadStrategy: normal, platform: MAC, platformName: MAC, rotatable: false, setWindowRect: true, takesHeapSnapshot: true, takesScreenshot: true, unexpectedAlertBehaviour: , unhandledPromptBehavior: , version: 76.0.3809.100, webStorageEnabled: true}
Session ID: ded732aa17525be46cd826f684b640bf)
	at com.kms.katalon.core.keyword.internal.KeywordMain.stepFailed(KeywordMain.groovy:36)
	at com.kms.katalon.core.webui.keyword.internal.WebUIKeywordMain.stepFailed(WebUIKeywordMain.groovy:65)
	at com.kms.katalon.core.webui.keyword.internal.WebUIKeywordMain.runKeyword(WebUIKeywordMain.groovy:27)
	at com.kms.katalon.core.webui.keyword.builtin.ClickKeyword.click(ClickKeyword.groovy:86)
	at com.kms.katalon.core.webui.keyword.builtin.ClickKeyword.execute(ClickKeyword.groovy:67)
	at com.kms.katalon.core.keyword.internal.KeywordExecutor.executeKeywordForPlatform(KeywordExecutor.groovy:53)
	at com.kms.katalon.core.webui.keyword.WebUiBuiltInKeywords.click(WebUiBuiltInKeywords.groovy:616)
	at com.kms.katalon.core.webui.keyword.WebUiBuiltInKeywords$click$1.call(Unknown Source)
	at Price comparison - cart flyout.run(Price comparison - cart flyout:28)
	at com.kms.katalon.core.main.ScriptEngine.run(ScriptEngine.java:194)
	at com.kms.katalon.core.main.ScriptEngine.runScriptAsRawText(ScriptEngine.java:119)
	at com.kms.katalon.core.main.TestCaseExecutor.runScript(TestCaseExecutor.java:328)
	at com.kms.katalon.core.main.TestCaseExecutor.doExecute(TestCaseExecutor.java:319)
	at com.kms.katalon.core.main.TestCaseExecutor.processExecutionPhase(TestCaseExecutor.java:298)
	at com.kms.katalon.core.main.TestCaseExecutor.accessMainPhase(TestCaseExecutor.java:290)
	at com.kms.katalon.core.main.TestCaseExecutor.execute(TestCaseExecutor.java:224)
	at com.kms.katalon.core.main.TestSuiteExecutor.accessTestCaseMainPhase(TestSuiteExecutor.java:129)
	at com.kms.katalon.core.main.TestSuiteExecutor.accessTestSuiteMainPhase(TestSuiteExecutor.java:112)
	at com.kms.katalon.core.main.TestSuiteExecutor.execute(TestSuiteExecutor.java:81)
	at com.kms.katalon.core.main.TestCaseMain.startTestSuite(TestCaseMain.java:149)
	at com.kms.katalon.core.main.TestCaseMain$startTestSuite$0.call(Unknown Source)
	at TempTestSuite1565707895630.run(TempTestSuite1565707895630.groovy:36)


2019-08-13 11:21:03 - [TEST_STEP][PASSED] - callTestCase(findTestCase("CALL-URL"), [:], STOP_ON_FAILURE): Call Test Case 'Test Cases/CALL-URL' successfully

2019-08-13 11:21:03 - [TEST_CASE][PASSED] - Test Cases/CALL-URL: Test Cases/CALL-URL

2019-08-13 11:21:03 - [TEST_STEP][PASSED] - openBrowser(""): Browser is opened with url: ''

2019-08-13 11:21:03 - [MESSAGE][WARNING] - A browser is already opened. Closing browser and opening a new one

2019-08-13 11:21:03 - [MESSAGE][INFO] - Starting 'Chrome' driver

2019-08-13 11:21:04 - [MESSAGE][PASSED] - Browser is opened with url: ''

2019-08-13 11:21:04 - [TEST_STEP][PASSED] - navigateToUrl("https://charlotterusse.com/"): Navigate to 'https://charlotterusse.com/' successfully

2019-08-13 11:21:06 - [MESSAGE][PASSED] - Navigate to 'https://charlotterusse.com/' successfully

2019-08-13 11:21:06 - [TEST_STEP][PASSED] - click(findTestObject("CR-DESKTOP/Window pop up/language- english")): Object: 'Object Repository/CR-DESKTOP/Window pop up/language- english' is clicked on

2019-08-13 11:21:06 - [MESSAGE][PASSED] - Object: 'Object Repository/CR-DESKTOP/Window pop up/language- english' is clicked on

2019-08-13 11:21:06 - [TEST_STEP][PASSED] - click(findTestObject("CR-DESKTOP/Window pop up/Pop up - close")): Object: 'Object Repository/CR-DESKTOP/Window pop up/Pop up - close' is clicked on

2019-08-13 11:21:06 - [MESSAGE][PASSED] - Object: 'Object Repository/CR-DESKTOP/Window pop up/Pop up - close' is clicked on

2019-08-13 11:21:06 - [TEST_STEP][PASSED] - maximizeWindow(): Current window maximized

2019-08-13 11:21:07 - [MESSAGE][PASSED] - Current window maximized

2019-08-13 11:21:07 - [MESSAGE][PASSED] - Call Test Case 'Test Cases/CALL-URL' successfully

2019-08-13 11:21:07 - [TEST_STEP][PASSED] - delay(2): Delayed 2 second(s)

2019-08-13 11:21:09 - [MESSAGE][PASSED] - Delayed 2 second(s)

2019-08-13 11:21:09 - [TEST_STEP][PASSED] - mouseOver(findTestObject("CR-DESKTOP/Mega menu/SHOES")): Object: 'Object Repository/CR-DESKTOP/Mega menu/SHOES' is hovered

2019-08-13 11:21:09 - [MESSAGE][PASSED] - Object: 'Object Repository/CR-DESKTOP/Mega menu/SHOES' is hovered

2019-08-13 11:21:09 - [TEST_STEP][PASSED] - delay(2): Delayed 2 second(s)

2019-08-13 11:21:11 - [MESSAGE][PASSED] - Delayed 2 second(s)

2019-08-13 11:21:11 - [TEST_STEP][PASSED] - click(findTestObject("CR-DESKTOP/Mega menu/shoes - sneakers")): Object: 'Object Repository/CR-DESKTOP/Mega menu/shoes - sneakers' is clicked on

2019-08-13 11:21:12 - [MESSAGE][PASSED] - Object: 'Object Repository/CR-DESKTOP/Mega menu/shoes - sneakers' is clicked on

2019-08-13 11:21:12 - [TEST_STEP][PASSED] - delay(2): Delayed 2 second(s)

2019-08-13 11:21:14 - [MESSAGE][PASSED] - Delayed 2 second(s)

2019-08-13 11:21:14 - [TEST_STEP][FAILED] - click(findTestObject("CR-DESKTOP/Collection page/product 3")): click(findTestObject("CR-DESKTOP/Collection page/product 3")) FAILED.
Reason:
com.kms.katalon.core.exception.StepFailedException: Unable to click on object 'Object Repository/CR-DESKTOP/Collection page/product 3' (Root cause: org.openqa.selenium.WebDriverException: unknown error: Element <img class="featured_collection__image" alt="Mesh Perspex Sneaker" src="//cdn.shopify.com/s/files/1/0074/5124/6676/products/077451487117-18-0_270x400_crop_center.jpg?v=1564178884"> is not clickable at point (727, 478). Other element would receive the click: <div class="language-popup__container" style="display: block;">...</div>
  (Session info: chrome=76.0.3809.100)
  (Driver info: chromedriver=2.43.600229 (3fae4d0cda5334b4f533bede5a4787f7b832d052),platform=Mac OS X 10.13.6 x86_64) (WARNING: The server did not provide any stacktrace information)
Command duration or timeout: 0 milliseconds
Build info: version: '3.7.1', revision: '8a0099a', time: '2017-11-06T21:07:36.161Z'
System info: host: 'sumans-MacBook-Pro.local', ip: 'fe80:0:0:0:101b:184c:e876:9570%en0', os.name: 'Mac OS X', os.arch: 'x86_64', os.version: '10.13.6', java.version: '1.8.0_181'
Driver info: com.kms.katalon.selenium.driver.CChromeDriver
Capabilities {acceptInsecureCerts: false, acceptSslCerts: false, applicationCacheEnabled: false, browserConnectionEnabled: false, browserName: chrome, chrome: {chromedriverVersion: 2.43.600229 (3fae4d0cda5334..., userDataDir: /var/folders/1t/c55l8xzs6gq...}, cssSelectorsEnabled: true, databaseEnabled: false, goog:chromeOptions: {debuggerAddress: localhost:57513}, handlesAlerts: true, hasTouchScreen: false, javascriptEnabled: true, locationContextEnabled: true, mobileEmulationEnabled: false, nativeEvents: true, networkConnectionEnabled: false, pageLoadStrategy: normal, platform: MAC, platformName: MAC, rotatable: false, setWindowRect: true, takesHeapSnapshot: true, takesScreenshot: true, unexpectedAlertBehaviour: , unhandledPromptBehavior: , version: 76.0.3809.100, webStorageEnabled: true}
Session ID: ded732aa17525be46cd826f684b640bf)
	at com.kms.katalon.core.keyword.internal.KeywordMain.stepFailed(KeywordMain.groovy:36)
	at com.kms.katalon.core.webui.keyword.internal.WebUIKeywordMain.stepFailed(WebUIKeywordMain.groovy:65)
	at com.kms.katalon.core.webui.keyword.internal.WebUIKeywordMain.runKeyword(WebUIKeywordMain.groovy:27)
	at com.kms.katalon.core.webui.keyword.builtin.ClickKeyword.click(ClickKeyword.groovy:86)
	at com.kms.katalon.core.webui.keyword.builtin.ClickKeyword.execute(ClickKeyword.groovy:67)
	at com.kms.katalon.core.keyword.internal.KeywordExecutor.executeKeywordForPlatform(KeywordExecutor.groovy:53)
	at com.kms.katalon.core.webui.keyword.WebUiBuiltInKeywords.click(WebUiBuiltInKeywords.groovy:616)
	at com.kms.katalon.core.webui.keyword.WebUiBuiltInKeywords$click$1.call(Unknown Source)
	at Price comparison - cart flyout.run(Price comparison - cart flyout:28)
	at com.kms.katalon.core.main.ScriptEngine.run(ScriptEngine.java:194)
	at com.kms.katalon.core.main.ScriptEngine.runScriptAsRawText(ScriptEngine.java:119)
	at com.kms.katalon.core.main.TestCaseExecutor.runScript(TestCaseExecutor.java:328)
	at com.kms.katalon.core.main.TestCaseExecutor.doExecute(TestCaseExecutor.java:319)
	at com.kms.katalon.core.main.TestCaseExecutor.processExecutionPhase(TestCaseExecutor.java:298)
	at com.kms.katalon.core.main.TestCaseExecutor.accessMainPhase(TestCaseExecutor.java:290)
	at com.kms.katalon.core.main.TestCaseExecutor.execute(TestCaseExecutor.java:224)
	at com.kms.katalon.core.main.TestSuiteExecutor.accessTestCaseMainPhase(TestSuiteExecutor.java:129)
	at com.kms.katalon.core.main.TestSuiteExecutor.accessTestSuiteMainPhase(TestSuiteExecutor.java:112)
	at com.kms.katalon.core.main.TestSuiteExecutor.execute(TestSuiteExecutor.java:81)
	at com.kms.katalon.core.main.TestCaseMain.startTestSuite(TestCaseMain.java:149)
	at com.kms.katalon.core.main.TestCaseMain$startTestSuite$0.call(Unknown Source)
	at TempTestSuite1565707895630.run(TempTestSuite1565707895630.groovy:36)


2019-08-13 11:21:15 - [MESSAGE][FAILED] - Unable to click on object 'Object Repository/CR-DESKTOP/Collection page/product 3' (Root cause: org.openqa.selenium.WebDriverException: unknown error: Element <img class="featured_collection__image" alt="Mesh Perspex Sneaker" src="//cdn.shopify.com/s/files/1/0074/5124/6676/products/077451487117-18-0_270x400_crop_center.jpg?v=1564178884"> is not clickable at point (727, 478). Other element would receive the click: <div class="language-popup__container" style="display: block;">...</div>
  (Session info: chrome=76.0.3809.100)
  (Driver info: chromedriver=2.43.600229 (3fae4d0cda5334b4f533bede5a4787f7b832d052),platform=Mac OS X 10.13.6 x86_64) (WARNING: The server did not provide any stacktrace information)
Command duration or timeout: 0 milliseconds
Build info: version: '3.7.1', revision: '8a0099a', time: '2017-11-06T21:07:36.161Z'
System info: host: 'sumans-MacBook-Pro.local', ip: 'fe80:0:0:0:101b:184c:e876:9570%en0', os.name: 'Mac OS X', os.arch: 'x86_64', os.version: '10.13.6', java.version: '1.8.0_181'
Driver info: com.kms.katalon.selenium.driver.CChromeDriver
Capabilities {acceptInsecureCerts: false, acceptSslCerts: false, applicationCacheEnabled: false, browserConnectionEnabled: false, browserName: chrome, chrome: {chromedriverVersion: 2.43.600229 (3fae4d0cda5334..., userDataDir: /var/folders/1t/c55l8xzs6gq...}, cssSelectorsEnabled: true, databaseEnabled: false, goog:chromeOptions: {debuggerAddress: localhost:57513}, handlesAlerts: true, hasTouchScreen: false, javascriptEnabled: true, locationContextEnabled: true, mobileEmulationEnabled: false, nativeEvents: true, networkConnectionEnabled: false, pageLoadStrategy: normal, platform: MAC, platformName: MAC, rotatable: false, setWindowRect: true, takesHeapSnapshot: true, takesScreenshot: true, unexpectedAlertBehaviour: , unhandledPromptBehavior: , version: 76.0.3809.100, webStorageEnabled: true}
Session ID: ded732aa17525be46cd826f684b640bf)
[[ATTACHMENT|/Users/sumankompelly/git/CR-Desktop/Reports/suite-chrome/20190813_105135/1565709675045.png]]

2019-08-13 11:21:15 - [MESSAGE][FAILED] - click(findTestObject("CR-DESKTOP/Collection page/product 3")) FAILED.
Reason:
com.kms.katalon.core.exception.StepFailedException: Unable to click on object 'Object Repository/CR-DESKTOP/Collection page/product 3' (Root cause: org.openqa.selenium.WebDriverException: unknown error: Element <img class="featured_collection__image" alt="Mesh Perspex Sneaker" src="//cdn.shopify.com/s/files/1/0074/5124/6676/products/077451487117-18-0_270x400_crop_center.jpg?v=1564178884"> is not clickable at point (727, 478). Other element would receive the click: <div class="language-popup__container" style="display: block;">...</div>
  (Session info: chrome=76.0.3809.100)
  (Driver info: chromedriver=2.43.600229 (3fae4d0cda5334b4f533bede5a4787f7b832d052),platform=Mac OS X 10.13.6 x86_64) (WARNING: The server did not provide any stacktrace information)
Command duration or timeout: 0 milliseconds
Build info: version: '3.7.1', revision: '8a0099a', time: '2017-11-06T21:07:36.161Z'
System info: host: 'sumans-MacBook-Pro.local', ip: 'fe80:0:0:0:101b:184c:e876:9570%en0', os.name: 'Mac OS X', os.arch: 'x86_64', os.version: '10.13.6', java.version: '1.8.0_181'
Driver info: com.kms.katalon.selenium.driver.CChromeDriver
Capabilities {acceptInsecureCerts: false, acceptSslCerts: false, applicationCacheEnabled: false, browserConnectionEnabled: false, browserName: chrome, chrome: {chromedriverVersion: 2.43.600229 (3fae4d0cda5334..., userDataDir: /var/folders/1t/c55l8xzs6gq...}, cssSelectorsEnabled: true, databaseEnabled: false, goog:chromeOptions: {debuggerAddress: localhost:57513}, handlesAlerts: true, hasTouchScreen: false, javascriptEnabled: true, locationContextEnabled: true, mobileEmulationEnabled: false, nativeEvents: true, networkConnectionEnabled: false, pageLoadStrategy: normal, platform: MAC, platformName: MAC, rotatable: false, setWindowRect: true, takesHeapSnapshot: true, takesScreenshot: true, unexpectedAlertBehaviour: , unhandledPromptBehavior: , version: 76.0.3809.100, webStorageEnabled: true}
Session ID: ded732aa17525be46cd826f684b640bf)
	at com.kms.katalon.core.keyword.internal.KeywordMain.stepFailed(KeywordMain.groovy:36)
	at com.kms.katalon.core.webui.keyword.internal.WebUIKeywordMain.stepFailed(WebUIKeywordMain.groovy:65)
	at com.kms.katalon.core.webui.keyword.internal.WebUIKeywordMain.runKeyword(WebUIKeywordMain.groovy:27)
	at com.kms.katalon.core.webui.keyword.builtin.ClickKeyword.click(ClickKeyword.groovy:86)
	at com.kms.katalon.core.webui.keyword.builtin.ClickKeyword.execute(ClickKeyword.groovy:67)
	at com.kms.katalon.core.keyword.internal.KeywordExecutor.executeKeywordForPlatform(KeywordExecutor.groovy:53)
	at com.kms.katalon.core.webui.keyword.WebUiBuiltInKeywords.click(WebUiBuiltInKeywords.groovy:616)
	at com.kms.katalon.core.webui.keyword.WebUiBuiltInKeywords$click$1.call(Unknown Source)
	at Price comparison - cart flyout.run(Price comparison - cart flyout:28)
	at com.kms.katalon.core.main.ScriptEngine.run(ScriptEngine.java:194)
	at com.kms.katalon.core.main.ScriptEngine.runScriptAsRawText(ScriptEngine.java:119)
	at com.kms.katalon.core.main.TestCaseExecutor.runScript(TestCaseExecutor.java:328)
	at com.kms.katalon.core.main.TestCaseExecutor.doExecute(TestCaseExecutor.java:319)
	at com.kms.katalon.core.main.TestCaseExecutor.processExecutionPhase(TestCaseExecutor.java:298)
	at com.kms.katalon.core.main.TestCaseExecutor.accessMainPhase(TestCaseExecutor.java:290)
	at com.kms.katalon.core.main.TestCaseExecutor.execute(TestCaseExecutor.java:224)
	at com.kms.katalon.core.main.TestSuiteExecutor.accessTestCaseMainPhase(TestSuiteExecutor.java:129)
	at com.kms.katalon.core.main.TestSuiteExecutor.accessTestSuiteMainPhase(TestSuiteExecutor.java:112)
	at com.kms.katalon.core.main.TestSuiteExecutor.execute(TestSuiteExecutor.java:81)
	at com.kms.katalon.core.main.TestCaseMain.startTestSuite(TestCaseMain.java:149)
	at com.kms.katalon.core.main.TestCaseMain$startTestSuite$0.call(Unknown Source)
	at TempTestSuite1565707895630.run(TempTestSuite1565707895630.groovy:36)]]></system-out>
         <system-err><![CDATA[2019-08-13 11:21:03 - [TEST_CASE][FAILED] - Test Cases/CRITICAL PATH/Price comparison - cart flyout: Test Cases/CRITICAL PATH/Price comparison - cart flyout FAILED.
Reason:
com.kms.katalon.core.exception.StepFailedException: Unable to click on object 'Object Repository/CR-DESKTOP/Collection page/product 3' (Root cause: org.openqa.selenium.WebDriverException: unknown error: Element <img class="featured_collection__image" alt="Mesh Perspex Sneaker" src="//cdn.shopify.com/s/files/1/0074/5124/6676/products/077451487117-18-0_270x400_crop_center.jpg?v=1564178884"> is not clickable at point (727, 478). Other element would receive the click: <div class="language-popup__container" style="display: block;">...</div>
  (Session info: chrome=76.0.3809.100)
  (Driver info: chromedriver=2.43.600229 (3fae4d0cda5334b4f533bede5a4787f7b832d052),platform=Mac OS X 10.13.6 x86_64) (WARNING: The server did not provide any stacktrace information)
Command duration or timeout: 0 milliseconds
Build info: version: '3.7.1', revision: '8a0099a', time: '2017-11-06T21:07:36.161Z'
System info: host: 'sumans-MacBook-Pro.local', ip: 'fe80:0:0:0:101b:184c:e876:9570%en0', os.name: 'Mac OS X', os.arch: 'x86_64', os.version: '10.13.6', java.version: '1.8.0_181'
Driver info: com.kms.katalon.selenium.driver.CChromeDriver
Capabilities {acceptInsecureCerts: false, acceptSslCerts: false, applicationCacheEnabled: false, browserConnectionEnabled: false, browserName: chrome, chrome: {chromedriverVersion: 2.43.600229 (3fae4d0cda5334..., userDataDir: /var/folders/1t/c55l8xzs6gq...}, cssSelectorsEnabled: true, databaseEnabled: false, goog:chromeOptions: {debuggerAddress: localhost:57513}, handlesAlerts: true, hasTouchScreen: false, javascriptEnabled: true, locationContextEnabled: true, mobileEmulationEnabled: false, nativeEvents: true, networkConnectionEnabled: false, pageLoadStrategy: normal, platform: MAC, platformName: MAC, rotatable: false, setWindowRect: true, takesHeapSnapshot: true, takesScreenshot: true, unexpectedAlertBehaviour: , unhandledPromptBehavior: , version: 76.0.3809.100, webStorageEnabled: true}
Session ID: ded732aa17525be46cd826f684b640bf)
	at com.kms.katalon.core.keyword.internal.KeywordMain.stepFailed(KeywordMain.groovy:36)
	at com.kms.katalon.core.webui.keyword.internal.WebUIKeywordMain.stepFailed(WebUIKeywordMain.groovy:65)
	at com.kms.katalon.core.webui.keyword.internal.WebUIKeywordMain.runKeyword(WebUIKeywordMain.groovy:27)
	at com.kms.katalon.core.webui.keyword.builtin.ClickKeyword.click(ClickKeyword.groovy:86)
	at com.kms.katalon.core.webui.keyword.builtin.ClickKeyword.execute(ClickKeyword.groovy:67)
	at com.kms.katalon.core.keyword.internal.KeywordExecutor.executeKeywordForPlatform(KeywordExecutor.groovy:53)
	at com.kms.katalon.core.webui.keyword.WebUiBuiltInKeywords.click(WebUiBuiltInKeywords.groovy:616)
	at com.kms.katalon.core.webui.keyword.WebUiBuiltInKeywords$click$1.call(Unknown Source)
	at Price comparison - cart flyout.run(Price comparison - cart flyout:28)
	at com.kms.katalon.core.main.ScriptEngine.run(ScriptEngine.java:194)
	at com.kms.katalon.core.main.ScriptEngine.runScriptAsRawText(ScriptEngine.java:119)
	at com.kms.katalon.core.main.TestCaseExecutor.runScript(TestCaseExecutor.java:328)
	at com.kms.katalon.core.main.TestCaseExecutor.doExecute(TestCaseExecutor.java:319)
	at com.kms.katalon.core.main.TestCaseExecutor.processExecutionPhase(TestCaseExecutor.java:298)
	at com.kms.katalon.core.main.TestCaseExecutor.accessMainPhase(TestCaseExecutor.java:290)
	at com.kms.katalon.core.main.TestCaseExecutor.execute(TestCaseExecutor.java:224)
	at com.kms.katalon.core.main.TestSuiteExecutor.accessTestCaseMainPhase(TestSuiteExecutor.java:129)
	at com.kms.katalon.core.main.TestSuiteExecutor.accessTestSuiteMainPhase(TestSuiteExecutor.java:112)
	at com.kms.katalon.core.main.TestSuiteExecutor.execute(TestSuiteExecutor.java:81)
	at com.kms.katalon.core.main.TestCaseMain.startTestSuite(TestCaseMain.java:149)
	at com.kms.katalon.core.main.TestCaseMain$startTestSuite$0.call(Unknown Source)
	at TempTestSuite1565707895630.run(TempTestSuite1565707895630.groovy:36)]]></system-err>
      </testcase>
      <testcase name="Test Cases/CRITICAL PATH/Different products" classname="Test Cases/CRITICAL PATH/Different products" status="FAILED">
         <failure type="FAILED" message="Test Cases/CRITICAL PATH/Different products FAILED.
Reason:
com.kms.katalon.core.exception.StepFailedException: Unable to click on object 'Object Repository/CR-DESKTOP/Collection page/product 3' (Root cause: org.openqa.selenium.WebDriverException: unknown error: Element &lt;img class=&quot;featured_collection__image&quot; alt=&quot;Mesh Perspex Sneaker&quot; src=&quot;//cdn.shopify.com/s/files/1/0074/5124/6676/products/077451487117-18-0_270x400_crop_center.jpg?v=1564178884&quot;> is not clickable at point (727, 478). Other element would receive the click: &lt;div class=&quot;language-popup__container&quot; style=&quot;display: block;&quot;>...&lt;/div>
  (Session info: chrome=76.0.3809.100)
  (Driver info: chromedriver=2.43.600229 (3fae4d0cda5334b4f533bede5a4787f7b832d052),platform=Mac OS X 10.13.6 x86_64) (WARNING: The server did not provide any stacktrace information)
Command duration or timeout: 0 milliseconds
Build info: version: '3.7.1', revision: '8a0099a', time: '2017-11-06T21:07:36.161Z'
System info: host: 'sumans-MacBook-Pro.local', ip: 'fe80:0:0:0:101b:184c:e876:9570%en0', os.name: 'Mac OS X', os.arch: 'x86_64', os.version: '10.13.6', java.version: '1.8.0_181'
Driver info: com.kms.katalon.selenium.driver.CChromeDriver
Capabilities {acceptInsecureCerts: false, acceptSslCerts: false, applicationCacheEnabled: false, browserConnectionEnabled: false, browserName: chrome, chrome: {chromedriverVersion: 2.43.600229 (3fae4d0cda5334..., userDataDir: /var/folders/1t/c55l8xzs6gq...}, cssSelectorsEnabled: true, databaseEnabled: false, goog:chromeOptions: {debuggerAddress: localhost:57566}, handlesAlerts: true, hasTouchScreen: false, javascriptEnabled: true, locationContextEnabled: true, mobileEmulationEnabled: false, nativeEvents: true, networkConnectionEnabled: false, pageLoadStrategy: normal, platform: MAC, platformName: MAC, rotatable: false, setWindowRect: true, takesHeapSnapshot: true, takesScreenshot: true, unexpectedAlertBehaviour: , unhandledPromptBehavior: , version: 76.0.3809.100, webStorageEnabled: true}
Session ID: fd468b01e52a2e20936941ed228f5e35)
	at com.kms.katalon.core.keyword.internal.KeywordMain.stepFailed(KeywordMain.groovy:36)
	at com.kms.katalon.core.webui.keyword.internal.WebUIKeywordMain.stepFailed(WebUIKeywordMain.groovy:65)
	at com.kms.katalon.core.webui.keyword.internal.WebUIKeywordMain.runKeyword(WebUIKeywordMain.groovy:27)
	at com.kms.katalon.core.webui.keyword.builtin.ClickKeyword.click(ClickKeyword.groovy:86)
	at com.kms.katalon.core.webui.keyword.builtin.ClickKeyword.execute(ClickKeyword.groovy:67)
	at com.kms.katalon.core.keyword.internal.KeywordExecutor.executeKeywordForPlatform(KeywordExecutor.groovy:53)
	at com.kms.katalon.core.webui.keyword.WebUiBuiltInKeywords.click(WebUiBuiltInKeywords.groovy:616)
	at com.kms.katalon.core.webui.keyword.WebUiBuiltInKeywords$click$1.call(Unknown Source)
	at Different products.run(Different products:28)
	at com.kms.katalon.core.main.ScriptEngine.run(ScriptEngine.java:194)
	at com.kms.katalon.core.main.ScriptEngine.runScriptAsRawText(ScriptEngine.java:119)
	at com.kms.katalon.core.main.TestCaseExecutor.runScript(TestCaseExecutor.java:328)
	at com.kms.katalon.core.main.TestCaseExecutor.doExecute(TestCaseExecutor.java:319)
	at com.kms.katalon.core.main.TestCaseExecutor.processExecutionPhase(TestCaseExecutor.java:298)
	at com.kms.katalon.core.main.TestCaseExecutor.accessMainPhase(TestCaseExecutor.java:290)
	at com.kms.katalon.core.main.TestCaseExecutor.execute(TestCaseExecutor.java:224)
	at com.kms.katalon.core.main.TestSuiteExecutor.accessTestCaseMainPhase(TestSuiteExecutor.java:129)
	at com.kms.katalon.core.main.TestSuiteExecutor.accessTestSuiteMainPhase(TestSuiteExecutor.java:112)
	at com.kms.katalon.core.main.TestSuiteExecutor.execute(TestSuiteExecutor.java:81)
	at com.kms.katalon.core.main.TestCaseMain.startTestSuite(TestCaseMain.java:149)
	at com.kms.katalon.core.main.TestCaseMain$startTestSuite$0.call(Unknown Source)
	at TempTestSuite1565707895630.run(TempTestSuite1565707895630.groovy:36)
"/>
         <system-out><![CDATA[2019-08-13 11:21:15 - [TEST_CASE][FAILED] - Test Cases/CRITICAL PATH/Different products: Test Cases/CRITICAL PATH/Different products FAILED.
Reason:
com.kms.katalon.core.exception.StepFailedException: Unable to click on object 'Object Repository/CR-DESKTOP/Collection page/product 3' (Root cause: org.openqa.selenium.WebDriverException: unknown error: Element <img class="featured_collection__image" alt="Mesh Perspex Sneaker" src="//cdn.shopify.com/s/files/1/0074/5124/6676/products/077451487117-18-0_270x400_crop_center.jpg?v=1564178884"> is not clickable at point (727, 478). Other element would receive the click: <div class="language-popup__container" style="display: block;">...</div>
  (Session info: chrome=76.0.3809.100)
  (Driver info: chromedriver=2.43.600229 (3fae4d0cda5334b4f533bede5a4787f7b832d052),platform=Mac OS X 10.13.6 x86_64) (WARNING: The server did not provide any stacktrace information)
Command duration or timeout: 0 milliseconds
Build info: version: '3.7.1', revision: '8a0099a', time: '2017-11-06T21:07:36.161Z'
System info: host: 'sumans-MacBook-Pro.local', ip: 'fe80:0:0:0:101b:184c:e876:9570%en0', os.name: 'Mac OS X', os.arch: 'x86_64', os.version: '10.13.6', java.version: '1.8.0_181'
Driver info: com.kms.katalon.selenium.driver.CChromeDriver
Capabilities {acceptInsecureCerts: false, acceptSslCerts: false, applicationCacheEnabled: false, browserConnectionEnabled: false, browserName: chrome, chrome: {chromedriverVersion: 2.43.600229 (3fae4d0cda5334..., userDataDir: /var/folders/1t/c55l8xzs6gq...}, cssSelectorsEnabled: true, databaseEnabled: false, goog:chromeOptions: {debuggerAddress: localhost:57566}, handlesAlerts: true, hasTouchScreen: false, javascriptEnabled: true, locationContextEnabled: true, mobileEmulationEnabled: false, nativeEvents: true, networkConnectionEnabled: false, pageLoadStrategy: normal, platform: MAC, platformName: MAC, rotatable: false, setWindowRect: true, takesHeapSnapshot: true, takesScreenshot: true, unexpectedAlertBehaviour: , unhandledPromptBehavior: , version: 76.0.3809.100, webStorageEnabled: true}
Session ID: fd468b01e52a2e20936941ed228f5e35)
	at com.kms.katalon.core.keyword.internal.KeywordMain.stepFailed(KeywordMain.groovy:36)
	at com.kms.katalon.core.webui.keyword.internal.WebUIKeywordMain.stepFailed(WebUIKeywordMain.groovy:65)
	at com.kms.katalon.core.webui.keyword.internal.WebUIKeywordMain.runKeyword(WebUIKeywordMain.groovy:27)
	at com.kms.katalon.core.webui.keyword.builtin.ClickKeyword.click(ClickKeyword.groovy:86)
	at com.kms.katalon.core.webui.keyword.builtin.ClickKeyword.execute(ClickKeyword.groovy:67)
	at com.kms.katalon.core.keyword.internal.KeywordExecutor.executeKeywordForPlatform(KeywordExecutor.groovy:53)
	at com.kms.katalon.core.webui.keyword.WebUiBuiltInKeywords.click(WebUiBuiltInKeywords.groovy:616)
	at com.kms.katalon.core.webui.keyword.WebUiBuiltInKeywords$click$1.call(Unknown Source)
	at Different products.run(Different products:28)
	at com.kms.katalon.core.main.ScriptEngine.run(ScriptEngine.java:194)
	at com.kms.katalon.core.main.ScriptEngine.runScriptAsRawText(ScriptEngine.java:119)
	at com.kms.katalon.core.main.TestCaseExecutor.runScript(TestCaseExecutor.java:328)
	at com.kms.katalon.core.main.TestCaseExecutor.doExecute(TestCaseExecutor.java:319)
	at com.kms.katalon.core.main.TestCaseExecutor.processExecutionPhase(TestCaseExecutor.java:298)
	at com.kms.katalon.core.main.TestCaseExecutor.accessMainPhase(TestCaseExecutor.java:290)
	at com.kms.katalon.core.main.TestCaseExecutor.execute(TestCaseExecutor.java:224)
	at com.kms.katalon.core.main.TestSuiteExecutor.accessTestCaseMainPhase(TestSuiteExecutor.java:129)
	at com.kms.katalon.core.main.TestSuiteExecutor.accessTestSuiteMainPhase(TestSuiteExecutor.java:112)
	at com.kms.katalon.core.main.TestSuiteExecutor.execute(TestSuiteExecutor.java:81)
	at com.kms.katalon.core.main.TestCaseMain.startTestSuite(TestCaseMain.java:149)
	at com.kms.katalon.core.main.TestCaseMain$startTestSuite$0.call(Unknown Source)
	at TempTestSuite1565707895630.run(TempTestSuite1565707895630.groovy:36)


2019-08-13 11:21:15 - [TEST_STEP][PASSED] - callTestCase(findTestCase("CALL-URL"), [:], STOP_ON_FAILURE): Call Test Case 'Test Cases/CALL-URL' successfully

2019-08-13 11:21:15 - [TEST_CASE][PASSED] - Test Cases/CALL-URL: Test Cases/CALL-URL

2019-08-13 11:21:15 - [TEST_STEP][PASSED] - openBrowser(""): Browser is opened with url: ''

2019-08-13 11:21:15 - [MESSAGE][WARNING] - A browser is already opened. Closing browser and opening a new one

2019-08-13 11:21:15 - [MESSAGE][INFO] - Starting 'Chrome' driver

2019-08-13 11:21:16 - [MESSAGE][PASSED] - Browser is opened with url: ''

2019-08-13 11:21:16 - [TEST_STEP][PASSED] - navigateToUrl("https://charlotterusse.com/"): Navigate to 'https://charlotterusse.com/' successfully

2019-08-13 11:21:19 - [MESSAGE][PASSED] - Navigate to 'https://charlotterusse.com/' successfully

2019-08-13 11:21:19 - [TEST_STEP][PASSED] - click(findTestObject("CR-DESKTOP/Window pop up/language- english")): Object: 'Object Repository/CR-DESKTOP/Window pop up/language- english' is clicked on

2019-08-13 11:21:19 - [MESSAGE][PASSED] - Object: 'Object Repository/CR-DESKTOP/Window pop up/language- english' is clicked on

2019-08-13 11:21:19 - [TEST_STEP][PASSED] - click(findTestObject("CR-DESKTOP/Window pop up/Pop up - close")): Object: 'Object Repository/CR-DESKTOP/Window pop up/Pop up - close' is clicked on

2019-08-13 11:21:19 - [MESSAGE][PASSED] - Object: 'Object Repository/CR-DESKTOP/Window pop up/Pop up - close' is clicked on

2019-08-13 11:21:19 - [TEST_STEP][PASSED] - maximizeWindow(): Current window maximized

2019-08-13 11:21:19 - [MESSAGE][PASSED] - Current window maximized

2019-08-13 11:21:19 - [MESSAGE][PASSED] - Call Test Case 'Test Cases/CALL-URL' successfully

2019-08-13 11:21:19 - [TEST_STEP][PASSED] - delay(2): Delayed 2 second(s)

2019-08-13 11:21:21 - [MESSAGE][PASSED] - Delayed 2 second(s)

2019-08-13 11:21:21 - [TEST_STEP][PASSED] - mouseOver(findTestObject("CR-DESKTOP/Mega menu/SHOES")): Object: 'Object Repository/CR-DESKTOP/Mega menu/SHOES' is hovered

2019-08-13 11:21:21 - [MESSAGE][PASSED] - Object: 'Object Repository/CR-DESKTOP/Mega menu/SHOES' is hovered

2019-08-13 11:21:21 - [TEST_STEP][PASSED] - delay(2): Delayed 2 second(s)

2019-08-13 11:21:23 - [MESSAGE][PASSED] - Delayed 2 second(s)

2019-08-13 11:21:23 - [TEST_STEP][PASSED] - click(findTestObject("CR-DESKTOP/Mega menu/shoes - sneakers")): Object: 'Object Repository/CR-DESKTOP/Mega menu/shoes - sneakers' is clicked on

2019-08-13 11:21:24 - [MESSAGE][PASSED] - Object: 'Object Repository/CR-DESKTOP/Mega menu/shoes - sneakers' is clicked on

2019-08-13 11:21:24 - [TEST_STEP][PASSED] - delay(2): Delayed 2 second(s)

2019-08-13 11:21:26 - [MESSAGE][PASSED] - Delayed 2 second(s)

2019-08-13 11:21:26 - [TEST_STEP][FAILED] - click(findTestObject("CR-DESKTOP/Collection page/product 3")): click(findTestObject("CR-DESKTOP/Collection page/product 3")) FAILED.
Reason:
com.kms.katalon.core.exception.StepFailedException: Unable to click on object 'Object Repository/CR-DESKTOP/Collection page/product 3' (Root cause: org.openqa.selenium.WebDriverException: unknown error: Element <img class="featured_collection__image" alt="Mesh Perspex Sneaker" src="//cdn.shopify.com/s/files/1/0074/5124/6676/products/077451487117-18-0_270x400_crop_center.jpg?v=1564178884"> is not clickable at point (727, 478). Other element would receive the click: <div class="language-popup__container" style="display: block;">...</div>
  (Session info: chrome=76.0.3809.100)
  (Driver info: chromedriver=2.43.600229 (3fae4d0cda5334b4f533bede5a4787f7b832d052),platform=Mac OS X 10.13.6 x86_64) (WARNING: The server did not provide any stacktrace information)
Command duration or timeout: 0 milliseconds
Build info: version: '3.7.1', revision: '8a0099a', time: '2017-11-06T21:07:36.161Z'
System info: host: 'sumans-MacBook-Pro.local', ip: 'fe80:0:0:0:101b:184c:e876:9570%en0', os.name: 'Mac OS X', os.arch: 'x86_64', os.version: '10.13.6', java.version: '1.8.0_181'
Driver info: com.kms.katalon.selenium.driver.CChromeDriver
Capabilities {acceptInsecureCerts: false, acceptSslCerts: false, applicationCacheEnabled: false, browserConnectionEnabled: false, browserName: chrome, chrome: {chromedriverVersion: 2.43.600229 (3fae4d0cda5334..., userDataDir: /var/folders/1t/c55l8xzs6gq...}, cssSelectorsEnabled: true, databaseEnabled: false, goog:chromeOptions: {debuggerAddress: localhost:57566}, handlesAlerts: true, hasTouchScreen: false, javascriptEnabled: true, locationContextEnabled: true, mobileEmulationEnabled: false, nativeEvents: true, networkConnectionEnabled: false, pageLoadStrategy: normal, platform: MAC, platformName: MAC, rotatable: false, setWindowRect: true, takesHeapSnapshot: true, takesScreenshot: true, unexpectedAlertBehaviour: , unhandledPromptBehavior: , version: 76.0.3809.100, webStorageEnabled: true}
Session ID: fd468b01e52a2e20936941ed228f5e35)
	at com.kms.katalon.core.keyword.internal.KeywordMain.stepFailed(KeywordMain.groovy:36)
	at com.kms.katalon.core.webui.keyword.internal.WebUIKeywordMain.stepFailed(WebUIKeywordMain.groovy:65)
	at com.kms.katalon.core.webui.keyword.internal.WebUIKeywordMain.runKeyword(WebUIKeywordMain.groovy:27)
	at com.kms.katalon.core.webui.keyword.builtin.ClickKeyword.click(ClickKeyword.groovy:86)
	at com.kms.katalon.core.webui.keyword.builtin.ClickKeyword.execute(ClickKeyword.groovy:67)
	at com.kms.katalon.core.keyword.internal.KeywordExecutor.executeKeywordForPlatform(KeywordExecutor.groovy:53)
	at com.kms.katalon.core.webui.keyword.WebUiBuiltInKeywords.click(WebUiBuiltInKeywords.groovy:616)
	at com.kms.katalon.core.webui.keyword.WebUiBuiltInKeywords$click$1.call(Unknown Source)
	at Different products.run(Different products:28)
	at com.kms.katalon.core.main.ScriptEngine.run(ScriptEngine.java:194)
	at com.kms.katalon.core.main.ScriptEngine.runScriptAsRawText(ScriptEngine.java:119)
	at com.kms.katalon.core.main.TestCaseExecutor.runScript(TestCaseExecutor.java:328)
	at com.kms.katalon.core.main.TestCaseExecutor.doExecute(TestCaseExecutor.java:319)
	at com.kms.katalon.core.main.TestCaseExecutor.processExecutionPhase(TestCaseExecutor.java:298)
	at com.kms.katalon.core.main.TestCaseExecutor.accessMainPhase(TestCaseExecutor.java:290)
	at com.kms.katalon.core.main.TestCaseExecutor.execute(TestCaseExecutor.java:224)
	at com.kms.katalon.core.main.TestSuiteExecutor.accessTestCaseMainPhase(TestSuiteExecutor.java:129)
	at com.kms.katalon.core.main.TestSuiteExecutor.accessTestSuiteMainPhase(TestSuiteExecutor.java:112)
	at com.kms.katalon.core.main.TestSuiteExecutor.execute(TestSuiteExecutor.java:81)
	at com.kms.katalon.core.main.TestCaseMain.startTestSuite(TestCaseMain.java:149)
	at com.kms.katalon.core.main.TestCaseMain$startTestSuite$0.call(Unknown Source)
	at TempTestSuite1565707895630.run(TempTestSuite1565707895630.groovy:36)


2019-08-13 11:21:26 - [MESSAGE][FAILED] - Unable to click on object 'Object Repository/CR-DESKTOP/Collection page/product 3' (Root cause: org.openqa.selenium.WebDriverException: unknown error: Element <img class="featured_collection__image" alt="Mesh Perspex Sneaker" src="//cdn.shopify.com/s/files/1/0074/5124/6676/products/077451487117-18-0_270x400_crop_center.jpg?v=1564178884"> is not clickable at point (727, 478). Other element would receive the click: <div class="language-popup__container" style="display: block;">...</div>
  (Session info: chrome=76.0.3809.100)
  (Driver info: chromedriver=2.43.600229 (3fae4d0cda5334b4f533bede5a4787f7b832d052),platform=Mac OS X 10.13.6 x86_64) (WARNING: The server did not provide any stacktrace information)
Command duration or timeout: 0 milliseconds
Build info: version: '3.7.1', revision: '8a0099a', time: '2017-11-06T21:07:36.161Z'
System info: host: 'sumans-MacBook-Pro.local', ip: 'fe80:0:0:0:101b:184c:e876:9570%en0', os.name: 'Mac OS X', os.arch: 'x86_64', os.version: '10.13.6', java.version: '1.8.0_181'
Driver info: com.kms.katalon.selenium.driver.CChromeDriver
Capabilities {acceptInsecureCerts: false, acceptSslCerts: false, applicationCacheEnabled: false, browserConnectionEnabled: false, browserName: chrome, chrome: {chromedriverVersion: 2.43.600229 (3fae4d0cda5334..., userDataDir: /var/folders/1t/c55l8xzs6gq...}, cssSelectorsEnabled: true, databaseEnabled: false, goog:chromeOptions: {debuggerAddress: localhost:57566}, handlesAlerts: true, hasTouchScreen: false, javascriptEnabled: true, locationContextEnabled: true, mobileEmulationEnabled: false, nativeEvents: true, networkConnectionEnabled: false, pageLoadStrategy: normal, platform: MAC, platformName: MAC, rotatable: false, setWindowRect: true, takesHeapSnapshot: true, takesScreenshot: true, unexpectedAlertBehaviour: , unhandledPromptBehavior: , version: 76.0.3809.100, webStorageEnabled: true}
Session ID: fd468b01e52a2e20936941ed228f5e35)
[[ATTACHMENT|/Users/sumankompelly/git/CR-Desktop/Reports/suite-chrome/20190813_105135/1565709686290.png]]

2019-08-13 11:21:26 - [MESSAGE][FAILED] - click(findTestObject("CR-DESKTOP/Collection page/product 3")) FAILED.
Reason:
com.kms.katalon.core.exception.StepFailedException: Unable to click on object 'Object Repository/CR-DESKTOP/Collection page/product 3' (Root cause: org.openqa.selenium.WebDriverException: unknown error: Element <img class="featured_collection__image" alt="Mesh Perspex Sneaker" src="//cdn.shopify.com/s/files/1/0074/5124/6676/products/077451487117-18-0_270x400_crop_center.jpg?v=1564178884"> is not clickable at point (727, 478). Other element would receive the click: <div class="language-popup__container" style="display: block;">...</div>
  (Session info: chrome=76.0.3809.100)
  (Driver info: chromedriver=2.43.600229 (3fae4d0cda5334b4f533bede5a4787f7b832d052),platform=Mac OS X 10.13.6 x86_64) (WARNING: The server did not provide any stacktrace information)
Command duration or timeout: 0 milliseconds
Build info: version: '3.7.1', revision: '8a0099a', time: '2017-11-06T21:07:36.161Z'
System info: host: 'sumans-MacBook-Pro.local', ip: 'fe80:0:0:0:101b:184c:e876:9570%en0', os.name: 'Mac OS X', os.arch: 'x86_64', os.version: '10.13.6', java.version: '1.8.0_181'
Driver info: com.kms.katalon.selenium.driver.CChromeDriver
Capabilities {acceptInsecureCerts: false, acceptSslCerts: false, applicationCacheEnabled: false, browserConnectionEnabled: false, browserName: chrome, chrome: {chromedriverVersion: 2.43.600229 (3fae4d0cda5334..., userDataDir: /var/folders/1t/c55l8xzs6gq...}, cssSelectorsEnabled: true, databaseEnabled: false, goog:chromeOptions: {debuggerAddress: localhost:57566}, handlesAlerts: true, hasTouchScreen: false, javascriptEnabled: true, locationContextEnabled: true, mobileEmulationEnabled: false, nativeEvents: true, networkConnectionEnabled: false, pageLoadStrategy: normal, platform: MAC, platformName: MAC, rotatable: false, setWindowRect: true, takesHeapSnapshot: true, takesScreenshot: true, unexpectedAlertBehaviour: , unhandledPromptBehavior: , version: 76.0.3809.100, webStorageEnabled: true}
Session ID: fd468b01e52a2e20936941ed228f5e35)
	at com.kms.katalon.core.keyword.internal.KeywordMain.stepFailed(KeywordMain.groovy:36)
	at com.kms.katalon.core.webui.keyword.internal.WebUIKeywordMain.stepFailed(WebUIKeywordMain.groovy:65)
	at com.kms.katalon.core.webui.keyword.internal.WebUIKeywordMain.runKeyword(WebUIKeywordMain.groovy:27)
	at com.kms.katalon.core.webui.keyword.builtin.ClickKeyword.click(ClickKeyword.groovy:86)
	at com.kms.katalon.core.webui.keyword.builtin.ClickKeyword.execute(ClickKeyword.groovy:67)
	at com.kms.katalon.core.keyword.internal.KeywordExecutor.executeKeywordForPlatform(KeywordExecutor.groovy:53)
	at com.kms.katalon.core.webui.keyword.WebUiBuiltInKeywords.click(WebUiBuiltInKeywords.groovy:616)
	at com.kms.katalon.core.webui.keyword.WebUiBuiltInKeywords$click$1.call(Unknown Source)
	at Different products.run(Different products:28)
	at com.kms.katalon.core.main.ScriptEngine.run(ScriptEngine.java:194)
	at com.kms.katalon.core.main.ScriptEngine.runScriptAsRawText(ScriptEngine.java:119)
	at com.kms.katalon.core.main.TestCaseExecutor.runScript(TestCaseExecutor.java:328)
	at com.kms.katalon.core.main.TestCaseExecutor.doExecute(TestCaseExecutor.java:319)
	at com.kms.katalon.core.main.TestCaseExecutor.processExecutionPhase(TestCaseExecutor.java:298)
	at com.kms.katalon.core.main.TestCaseExecutor.accessMainPhase(TestCaseExecutor.java:290)
	at com.kms.katalon.core.main.TestCaseExecutor.execute(TestCaseExecutor.java:224)
	at com.kms.katalon.core.main.TestSuiteExecutor.accessTestCaseMainPhase(TestSuiteExecutor.java:129)
	at com.kms.katalon.core.main.TestSuiteExecutor.accessTestSuiteMainPhase(TestSuiteExecutor.java:112)
	at com.kms.katalon.core.main.TestSuiteExecutor.execute(TestSuiteExecutor.java:81)
	at com.kms.katalon.core.main.TestCaseMain.startTestSuite(TestCaseMain.java:149)
	at com.kms.katalon.core.main.TestCaseMain$startTestSuite$0.call(Unknown Source)
	at TempTestSuite1565707895630.run(TempTestSuite1565707895630.groovy:36)]]></system-out>
         <system-err><![CDATA[2019-08-13 11:21:15 - [TEST_CASE][FAILED] - Test Cases/CRITICAL PATH/Different products: Test Cases/CRITICAL PATH/Different products FAILED.
Reason:
com.kms.katalon.core.exception.StepFailedException: Unable to click on object 'Object Repository/CR-DESKTOP/Collection page/product 3' (Root cause: org.openqa.selenium.WebDriverException: unknown error: Element <img class="featured_collection__image" alt="Mesh Perspex Sneaker" src="//cdn.shopify.com/s/files/1/0074/5124/6676/products/077451487117-18-0_270x400_crop_center.jpg?v=1564178884"> is not clickable at point (727, 478). Other element would receive the click: <div class="language-popup__container" style="display: block;">...</div>
  (Session info: chrome=76.0.3809.100)
  (Driver info: chromedriver=2.43.600229 (3fae4d0cda5334b4f533bede5a4787f7b832d052),platform=Mac OS X 10.13.6 x86_64) (WARNING: The server did not provide any stacktrace information)
Command duration or timeout: 0 milliseconds
Build info: version: '3.7.1', revision: '8a0099a', time: '2017-11-06T21:07:36.161Z'
System info: host: 'sumans-MacBook-Pro.local', ip: 'fe80:0:0:0:101b:184c:e876:9570%en0', os.name: 'Mac OS X', os.arch: 'x86_64', os.version: '10.13.6', java.version: '1.8.0_181'
Driver info: com.kms.katalon.selenium.driver.CChromeDriver
Capabilities {acceptInsecureCerts: false, acceptSslCerts: false, applicationCacheEnabled: false, browserConnectionEnabled: false, browserName: chrome, chrome: {chromedriverVersion: 2.43.600229 (3fae4d0cda5334..., userDataDir: /var/folders/1t/c55l8xzs6gq...}, cssSelectorsEnabled: true, databaseEnabled: false, goog:chromeOptions: {debuggerAddress: localhost:57566}, handlesAlerts: true, hasTouchScreen: false, javascriptEnabled: true, locationContextEnabled: true, mobileEmulationEnabled: false, nativeEvents: true, networkConnectionEnabled: false, pageLoadStrategy: normal, platform: MAC, platformName: MAC, rotatable: false, setWindowRect: true, takesHeapSnapshot: true, takesScreenshot: true, unexpectedAlertBehaviour: , unhandledPromptBehavior: , version: 76.0.3809.100, webStorageEnabled: true}
Session ID: fd468b01e52a2e20936941ed228f5e35)
	at com.kms.katalon.core.keyword.internal.KeywordMain.stepFailed(KeywordMain.groovy:36)
	at com.kms.katalon.core.webui.keyword.internal.WebUIKeywordMain.stepFailed(WebUIKeywordMain.groovy:65)
	at com.kms.katalon.core.webui.keyword.internal.WebUIKeywordMain.runKeyword(WebUIKeywordMain.groovy:27)
	at com.kms.katalon.core.webui.keyword.builtin.ClickKeyword.click(ClickKeyword.groovy:86)
	at com.kms.katalon.core.webui.keyword.builtin.ClickKeyword.execute(ClickKeyword.groovy:67)
	at com.kms.katalon.core.keyword.internal.KeywordExecutor.executeKeywordForPlatform(KeywordExecutor.groovy:53)
	at com.kms.katalon.core.webui.keyword.WebUiBuiltInKeywords.click(WebUiBuiltInKeywords.groovy:616)
	at com.kms.katalon.core.webui.keyword.WebUiBuiltInKeywords$click$1.call(Unknown Source)
	at Different products.run(Different products:28)
	at com.kms.katalon.core.main.ScriptEngine.run(ScriptEngine.java:194)
	at com.kms.katalon.core.main.ScriptEngine.runScriptAsRawText(ScriptEngine.java:119)
	at com.kms.katalon.core.main.TestCaseExecutor.runScript(TestCaseExecutor.java:328)
	at com.kms.katalon.core.main.TestCaseExecutor.doExecute(TestCaseExecutor.java:319)
	at com.kms.katalon.core.main.TestCaseExecutor.processExecutionPhase(TestCaseExecutor.java:298)
	at com.kms.katalon.core.main.TestCaseExecutor.accessMainPhase(TestCaseExecutor.java:290)
	at com.kms.katalon.core.main.TestCaseExecutor.execute(TestCaseExecutor.java:224)
	at com.kms.katalon.core.main.TestSuiteExecutor.accessTestCaseMainPhase(TestSuiteExecutor.java:129)
	at com.kms.katalon.core.main.TestSuiteExecutor.accessTestSuiteMainPhase(TestSuiteExecutor.java:112)
	at com.kms.katalon.core.main.TestSuiteExecutor.execute(TestSuiteExecutor.java:81)
	at com.kms.katalon.core.main.TestCaseMain.startTestSuite(TestCaseMain.java:149)
	at com.kms.katalon.core.main.TestCaseMain$startTestSuite$0.call(Unknown Source)
	at TempTestSuite1565707895630.run(TempTestSuite1565707895630.groovy:36)]]></system-err>
      </testcase>
      <system-out><![CDATA[2019-08-13 10:51:37 - [TEST_SUITE][FAILED] - suite-chrome: Test Cases/CRITICAL PATH - SPANISH/Increase quantity - cart page FAILED.
Reason:
com.kms.katalon.core.exception.StepFailedException: Unable to verify text 'payment' is present  (Root cause: com.kms.katalon.core.exception.StepFailedException: Text 'payment' is not present on page )
	at com.kms.katalon.core.keyword.internal.KeywordMain.stepFailed(KeywordMain.groovy:36)
	at com.kms.katalon.core.webui.keyword.internal.WebUIKeywordMain.stepFailed(WebUIKeywordMain.groovy:65)
	at com.kms.katalon.core.webui.keyword.internal.WebUIKeywordMain.runKeyword(WebUIKeywordMain.groovy:27)
	at com.kms.katalon.core.webui.keyword.builtin.VerifyTextPresentKeyword.verifyTextPresent(VerifyTextPresentKeyword.groovy:83)
	at com.kms.katalon.core.webui.keyword.builtin.VerifyTextPresentKeyword.execute(VerifyTextPresentKeyword.groovy:68)
	at com.kms.katalon.core.keyword.internal.KeywordExecutor.executeKeywordForPlatform(KeywordExecutor.groovy:53)
	at com.kms.katalon.core.webui.keyword.WebUiBuiltInKeywords.verifyTextPresent(WebUiBuiltInKeywords.groovy:1693)
	at com.kms.katalon.core.webui.keyword.WebUiBuiltInKeywords$verifyTextPresent$7.call(Unknown Source)
	at CALL- SHIPPING TO PAYMENT.run(CALL- SHIPPING TO PAYMENT:24)
	at com.kms.katalon.core.main.ScriptEngine.run(ScriptEngine.java:194)
	at com.kms.katalon.core.main.ScriptEngine.runScriptAsRawText(ScriptEngine.java:119)
	at com.kms.katalon.core.main.TestCaseExecutor.runScript(TestCaseExecutor.java:328)
	at com.kms.katalon.core.main.TestCaseExecutor.doExecute(TestCaseExecutor.java:319)
	at com.kms.katalon.core.main.TestCaseExecutor.processExecutionPhase(TestCaseExecutor.java:298)
	at com.kms.katalon.core.main.TestCaseExecutor.accessMainPhase(TestCaseExecutor.java:290)
	at com.kms.katalon.core.main.TestCaseExecutor.execute(TestCaseExecutor.java:224)
	at com.kms.katalon.core.main.TestCaseMain.runTestCase(TestCaseMain.java:106)
	at com.kms.katalon.core.keyword.builtin.CallTestCaseKeyword$_callTestCase_closure1.doCall(CallTestCaseKeyword.groovy:59)
	at com.kms.katalon.core.keyword.builtin.CallTestCaseKeyword$_callTestCase_closure1.call(CallTestCaseKeyword.groovy)
	at com.kms.katalon.core.keyword.internal.KeywordMain.runKeyword(KeywordMain.groovy:54)
	at com.kms.katalon.core.keyword.builtin.CallTestCaseKeyword.callTestCase(CallTestCaseKeyword.groovy:80)
	at com.kms.katalon.core.keyword.builtin.CallTestCaseKeyword.execute(CallTestCaseKeyword.groovy:44)
	at com.kms.katalon.core.keyword.internal.KeywordExecutor.executeKeywordForPlatform(KeywordExecutor.groovy:53)
	at com.kms.katalon.core.keyword.BuiltinKeywords.callTestCase(BuiltinKeywords.groovy:334)
	at Increase quantity - cart page.run(Increase quantity - cart page:139)
	at com.kms.katalon.core.main.ScriptEngine.run(ScriptEngine.java:194)
	at com.kms.katalon.core.main.ScriptEngine.runScriptAsRawText(ScriptEngine.java:119)
	at com.kms.katalon.core.main.TestCaseExecutor.runScript(TestCaseExecutor.java:328)
	at com.kms.katalon.core.main.TestCaseExecutor.doExecute(TestCaseExecutor.java:319)
	at com.kms.katalon.core.main.TestCaseExecutor.processExecutionPhase(TestCaseExecutor.java:298)
	at com.kms.katalon.core.main.TestCaseExecutor.accessMainPhase(TestCaseExecutor.java:290)
	at com.kms.katalon.core.main.TestCaseExecutor.execute(TestCaseExecutor.java:224)
	at com.kms.katalon.core.main.TestSuiteExecutor.accessTestCaseMainPhase(TestSuiteExecutor.java:129)
	at com.kms.katalon.core.main.TestSuiteExecutor.accessTestSuiteMainPhase(TestSuiteExecutor.java:112)
	at com.kms.katalon.core.main.TestSuiteExecutor.execute(TestSuiteExecutor.java:81)
	at com.kms.katalon.core.main.TestCaseMain.startTestSuite(TestCaseMain.java:149)
	at com.kms.katalon.core.main.TestCaseMain$startTestSuite$0.call(Unknown Source)
	at TempTestSuite1565707895630.run(TempTestSuite1565707895630.groovy:36)]]></system-out>
      <system-err><![CDATA[2019-08-13 10:51:37 - [TEST_SUITE][FAILED] - suite-chrome: Test Cases/CRITICAL PATH - SPANISH/Increase quantity - cart page FAILED.
Reason:
com.kms.katalon.core.exception.StepFailedException: Unable to verify text 'payment' is present  (Root cause: com.kms.katalon.core.exception.StepFailedException: Text 'payment' is not present on page )
	at com.kms.katalon.core.keyword.internal.KeywordMain.stepFailed(KeywordMain.groovy:36)
	at com.kms.katalon.core.webui.keyword.internal.WebUIKeywordMain.stepFailed(WebUIKeywordMain.groovy:65)
	at com.kms.katalon.core.webui.keyword.internal.WebUIKeywordMain.runKeyword(WebUIKeywordMain.groovy:27)
	at com.kms.katalon.core.webui.keyword.builtin.VerifyTextPresentKeyword.verifyTextPresent(VerifyTextPresentKeyword.groovy:83)
	at com.kms.katalon.core.webui.keyword.builtin.VerifyTextPresentKeyword.execute(VerifyTextPresentKeyword.groovy:68)
	at com.kms.katalon.core.keyword.internal.KeywordExecutor.executeKeywordForPlatform(KeywordExecutor.groovy:53)
	at com.kms.katalon.core.webui.keyword.WebUiBuiltInKeywords.verifyTextPresent(WebUiBuiltInKeywords.groovy:1693)
	at com.kms.katalon.core.webui.keyword.WebUiBuiltInKeywords$verifyTextPresent$7.call(Unknown Source)
	at CALL- SHIPPING TO PAYMENT.run(CALL- SHIPPING TO PAYMENT:24)
	at com.kms.katalon.core.main.ScriptEngine.run(ScriptEngine.java:194)
	at com.kms.katalon.core.main.ScriptEngine.runScriptAsRawText(ScriptEngine.java:119)
	at com.kms.katalon.core.main.TestCaseExecutor.runScript(TestCaseExecutor.java:328)
	at com.kms.katalon.core.main.TestCaseExecutor.doExecute(TestCaseExecutor.java:319)
	at com.kms.katalon.core.main.TestCaseExecutor.processExecutionPhase(TestCaseExecutor.java:298)
	at com.kms.katalon.core.main.TestCaseExecutor.accessMainPhase(TestCaseExecutor.java:290)
	at com.kms.katalon.core.main.TestCaseExecutor.execute(TestCaseExecutor.java:224)
	at com.kms.katalon.core.main.TestCaseMain.runTestCase(TestCaseMain.java:106)
	at com.kms.katalon.core.keyword.builtin.CallTestCaseKeyword$_callTestCase_closure1.doCall(CallTestCaseKeyword.groovy:59)
	at com.kms.katalon.core.keyword.builtin.CallTestCaseKeyword$_callTestCase_closure1.call(CallTestCaseKeyword.groovy)
	at com.kms.katalon.core.keyword.internal.KeywordMain.runKeyword(KeywordMain.groovy:54)
	at com.kms.katalon.core.keyword.builtin.CallTestCaseKeyword.callTestCase(CallTestCaseKeyword.groovy:80)
	at com.kms.katalon.core.keyword.builtin.CallTestCaseKeyword.execute(CallTestCaseKeyword.groovy:44)
	at com.kms.katalon.core.keyword.internal.KeywordExecutor.executeKeywordForPlatform(KeywordExecutor.groovy:53)
	at com.kms.katalon.core.keyword.BuiltinKeywords.callTestCase(BuiltinKeywords.groovy:334)
	at Increase quantity - cart page.run(Increase quantity - cart page:139)
	at com.kms.katalon.core.main.ScriptEngine.run(ScriptEngine.java:194)
	at com.kms.katalon.core.main.ScriptEngine.runScriptAsRawText(ScriptEngine.java:119)
	at com.kms.katalon.core.main.TestCaseExecutor.runScript(TestCaseExecutor.java:328)
	at com.kms.katalon.core.main.TestCaseExecutor.doExecute(TestCaseExecutor.java:319)
	at com.kms.katalon.core.main.TestCaseExecutor.processExecutionPhase(TestCaseExecutor.java:298)
	at com.kms.katalon.core.main.TestCaseExecutor.accessMainPhase(TestCaseExecutor.java:290)
	at com.kms.katalon.core.main.TestCaseExecutor.execute(TestCaseExecutor.java:224)
	at com.kms.katalon.core.main.TestSuiteExecutor.accessTestCaseMainPhase(TestSuiteExecutor.java:129)
	at com.kms.katalon.core.main.TestSuiteExecutor.accessTestSuiteMainPhase(TestSuiteExecutor.java:112)
	at com.kms.katalon.core.main.TestSuiteExecutor.execute(TestSuiteExecutor.java:81)
	at com.kms.katalon.core.main.TestCaseMain.startTestSuite(TestCaseMain.java:149)
	at com.kms.katalon.core.main.TestCaseMain$startTestSuite$0.call(Unknown Source)
	at TempTestSuite1565707895630.run(TempTestSuite1565707895630.groovy:36)]]></system-err>
   </testsuite>
</testsuites>
